RUN	simulations.RampUpLoadSimulation	rampuploadsimulation	1620643880911	 	3.5.1
USER	Ramp Up Get Users with CSV Feeder	START	1620643888837
USER	Ramp Up Get Users with CSV Feeder	START	1620643888921
USER	Ramp Up Get Users with CSV Feeder	START	1620643889020
USER	Ramp Up Get Users with CSV Feeder	START	1620643889127
USER	Ramp Up Get Users with CSV Feeder	START	1620643889229
USER	Ramp Up Get Users with CSV Feeder	START	1620643889330
USER	Ramp Up Get Users with CSV Feeder	START	1620643889431
USER	Ramp Up Get Users with CSV Feeder	START	1620643889532
USER	Ramp Up Get Users with CSV Feeder	START	1620643889634
USER	Ramp Up Get Users with CSV Feeder	START	1620643889735
USER	Ramp Up Get Users with CSV Feeder	START	1620643889835
USER	Ramp Up Get Users with CSV Feeder	START	1620643889921
REQUEST		Get one user	1620643889100	1620643889883	OK	 
REQUEST		Get one user	1620643889100	1620643889883	OK	 
REQUEST		Get one user	1620643889131	1620643889883	OK	 
REQUEST		Get one user	1620643889232	1620643889883	OK	 
REQUEST		Get one user	1620643889100	1620643889883	OK	 
REQUEST		Get one user	1620643889333	1620643889978	OK	 
USER	Ramp Up Get Users with CSV Feeder	START	1620643890020
REQUEST		Get one user	1620643889433	1620643890093	OK	 
USER	Ramp Up Get Users with CSV Feeder	START	1620643890122
REQUEST		Get one user	1620643889534	1620643890181	OK	 
USER	Ramp Up Get Users with CSV Feeder	START	1620643890222
REQUEST		Get one user	1620643889639	1620643890308	OK	 
USER	Ramp Up Get Users with CSV Feeder	START	1620643890323
REQUEST		Get one user	1620643889739	1620643890367	OK	 
USER	Ramp Up Get Users with CSV Feeder	START	1620643890423
REQUEST		Get one user	1620643889838	1620643890486	OK	 
USER	Ramp Up Get Users with CSV Feeder	START	1620643890523
REQUEST		Get one user	1620643889926	1620643890597	OK	 
USER	Ramp Up Get Users with CSV Feeder	START	1620643890622
REQUEST		Get one user	1620643890022	1620643890689	OK	 
USER	Ramp Up Get Users with CSV Feeder	START	1620643890719
REQUEST		Get one user	1620643890124	1620643890774	OK	 
USER	Ramp Up Get Users with CSV Feeder	START	1620643890823
REQUEST		Get one user	1620643890224	1620643890871	OK	 
USER	Ramp Up Get Users with CSV Feeder	START	1620643890920
REQUEST		Get one user	1620643890327	1620643890975	OK	 
USER	Ramp Up Get Users with CSV Feeder	START	1620643891020
REQUEST		Get one user	1620643890425	1620643891106	OK	 
USER	Ramp Up Get Users with CSV Feeder	START	1620643891117
REQUEST		Get one user	1620643890526	1620643891186	OK	 
USER	Ramp Up Get Users with CSV Feeder	START	1620643891220
REQUEST		Get one user	1620643890625	1620643891301	OK	 
USER	Ramp Up Get Users with CSV Feeder	START	1620643891320
USER	Ramp Up Get Users with CSV Feeder	START	1620643891421
REQUEST		Get one user	1620643890724	1620643891438	OK	 
USER	Ramp Up Get Users with CSV Feeder	START	1620643891522
REQUEST		Get one user	1620643890825	1620643891564	OK	 
USER	Ramp Up Get Users with CSV Feeder	START	1620643891623
REQUEST		Get one user Redirect 1	1620643889945	1620643891580	KO	jsonPath($.data.name).find.is(Ahalya Guneta), but actually found Anwesha Dwivedi
REQUEST		Get one user Redirect 1	1620643890095	1620643891467	KO	jsonPath($.data.name).find.is(Ahalya Guneta), but actually found Anwesha Dwivedi
REQUEST		Get one user Redirect 1	1620643889979	1620643891405	KO	jsonPath($.data.name).find.is(Ahalya Guneta), but actually found Anwesha Dwivedi
REQUEST		Get one user Redirect 1	1620643889945	1620643891528	KO	jsonPath($.data.name).find.is(Ahalya Guneta), but actually found Anwesha Dwivedi
REQUEST		Get one user Redirect 1	1620643889946	1620643891651	KO	jsonPath($.data.name).find.is(Ahalya Guneta), but actually found Anwesha Dwivedi
USER	Ramp Up Get Users with CSV Feeder	END	1620643891713
USER	Ramp Up Get Users with CSV Feeder	END	1620643891713
USER	Ramp Up Get Users with CSV Feeder	END	1620643891713
USER	Ramp Up Get Users with CSV Feeder	END	1620643891713
USER	Ramp Up Get Users with CSV Feeder	END	1620643891713
REQUEST		Get one user	1620643890922	1620643891719	OK	 
REQUEST		Get one user	1620643891023	1620643891719	OK	 
USER	Ramp Up Get Users with CSV Feeder	START	1620643891720
REQUEST		Get one user Redirect 1	1620643889944	1620643891717	KO	jsonPath($.data.name).find.is(Ahalya Guneta), but actually found Anwesha Dwivedi
USER	Ramp Up Get Users with CSV Feeder	END	1620643891723
REQUEST		Get one user	1620643891121	1620643891804	OK	 
REQUEST		Get one user Redirect 1	1620643889949	1620643891802	KO	jsonPath($.data.name).find.is(Ahalya Guneta), but actually found Anwesha Dwivedi
USER	Ramp Up Get Users with CSV Feeder	END	1620643891808
USER	Ramp Up Get Users with CSV Feeder	START	1620643891823
REQUEST		Get one user Redirect 1	1620643890183	1620643891844	KO	jsonPath($.data.name).find.is(Ahalya Guneta), but actually found Anwesha Dwivedi
USER	Ramp Up Get Users with CSV Feeder	END	1620643891849
REQUEST		Get one user	1620643891223	1620643891911	OK	 
USER	Ramp Up Get Users with CSV Feeder	START	1620643891918
REQUEST		Get one user Redirect 1	1620643890310	1620643891918	KO	jsonPath($.data.name).find.is(Ahalya Guneta), but actually found Anwesha Dwivedi
USER	Ramp Up Get Users with CSV Feeder	END	1620643891924
REQUEST		Get one user Redirect 1	1620643890370	1620643891980	KO	jsonPath($.data.name).find.is(Ahalya Guneta), but actually found Anwesha Dwivedi
USER	Ramp Up Get Users with CSV Feeder	END	1620643891986
USER	Ramp Up Get Users with CSV Feeder	START	1620643892019
REQUEST		Get one user	1620643891323	1620643892039	OK	 
REQUEST		Get one user Redirect 1	1620643890488	1620643892049	KO	jsonPath($.data.name).find.is(Ahalya Guneta), but actually found Anwesha Dwivedi
USER	Ramp Up Get Users with CSV Feeder	END	1620643892056
REQUEST		Get one user	1620643891423	1620643892058	OK	 
REQUEST		Get one user Redirect 1	1620643890598	1620643892112	KO	jsonPath($.data.name).find.is(Ahalya Guneta), but actually found Anwesha Dwivedi
USER	Ramp Up Get Users with CSV Feeder	START	1620643892116
USER	Ramp Up Get Users with CSV Feeder	END	1620643892118
REQUEST		Get one user Redirect 1	1620643890691	1620643892177	KO	jsonPath($.data.name).find.is(Ahalya Guneta), but actually found Anwesha Dwivedi
USER	Ramp Up Get Users with CSV Feeder	END	1620643892183
REQUEST		Get one user	1620643891524	1620643892184	OK	 
USER	Ramp Up Get Users with CSV Feeder	START	1620643892221
REQUEST		Get one user Redirect 1	1620643890775	1620643892268	KO	jsonPath($.data.name).find.is(Ahalya Guneta), but actually found Anwesha Dwivedi
USER	Ramp Up Get Users with CSV Feeder	END	1620643892274
REQUEST		Get one user	1620643891629	1620643892275	OK	 
USER	Ramp Up Get Users with CSV Feeder	START	1620643892322
REQUEST		Get one user Redirect 1	1620643890872	1620643892319	KO	jsonPath($.data.name).find.is(Ahalya Guneta), but actually found Anwesha Dwivedi
USER	Ramp Up Get Users with CSV Feeder	END	1620643892327
REQUEST		Get one user	1620643891723	1620643892380	OK	 
REQUEST		Get one user Redirect 1	1620643890976	1620643892395	KO	jsonPath($.data.name).find.is(Ahalya Guneta), but actually found Anwesha Dwivedi
USER	Ramp Up Get Users with CSV Feeder	END	1620643892404
USER	Ramp Up Get Users with CSV Feeder	START	1620643892421
REQUEST		Get one user Redirect 1	1620643891108	1620643892452	KO	jsonPath($.data.name).find.is(Ahalya Guneta), but actually found Anwesha Dwivedi
USER	Ramp Up Get Users with CSV Feeder	END	1620643892458
USER	Ramp Up Get Users with CSV Feeder	START	1620643892522
REQUEST		Get one user	1620643891825	1620643892529	OK	 
REQUEST		Get one user	1620643891920	1620643892571	OK	 
USER	Ramp Up Get Users with CSV Feeder	START	1620643892622
REQUEST		Get one user	1620643892021	1620643892658	OK	 
REQUEST		Get one user Redirect 1	1620643891303	1620643892671	KO	jsonPath($.data.name).find.is(Ahalya Guneta), but actually found Anwesha Dwivedi
USER	Ramp Up Get Users with CSV Feeder	END	1620643892676
USER	Ramp Up Get Users with CSV Feeder	START	1620643892721
REQUEST		Get one user Redirect 1	1620643891439	1620643892739	KO	jsonPath($.data.name).find.is(Ahalya Guneta), but actually found Anwesha Dwivedi
USER	Ramp Up Get Users with CSV Feeder	END	1620643892745
REQUEST		Get one user	1620643892119	1620643892764	OK	 
USER	Ramp Up Get Users with CSV Feeder	START	1620643892822
REQUEST		Get one user	1620643892223	1620643892859	OK	 
REQUEST		Get one user Redirect 1	1620643891565	1620643892908	KO	jsonPath($.data.name).find.is(Ahalya Guneta), but actually found Anwesha Dwivedi
USER	Ramp Up Get Users with CSV Feeder	END	1620643892912
USER	Ramp Up Get Users with CSV Feeder	START	1620643892919
REQUEST		Get one user	1620643892325	1620643892946	OK	 
USER	Ramp Up Get Users with CSV Feeder	START	1620643893017
REQUEST		Get one user	1620643892423	1620643893059	OK	 
REQUEST		Get one user Redirect 1	1620643891720	1620643893059	KO	jsonPath($.data.name).find.is(Ahalya Guneta), but actually found Anwesha Dwivedi
USER	Ramp Up Get Users with CSV Feeder	END	1620643893073
REQUEST		Get one user Redirect 1	1620643891720	1620643893105	KO	jsonPath($.data.name).find.is(Ahalya Guneta), but actually found Anwesha Dwivedi
USER	Ramp Up Get Users with CSV Feeder	END	1620643893110
USER	Ramp Up Get Users with CSV Feeder	START	1620643893118
REQUEST		Get one user	1620643892524	1620643893176	OK	 
REQUEST		Get one user Redirect 1	1620643891805	1620643893180	KO	jsonPath($.data.name).find.is(Ahalya Guneta), but actually found Anwesha Dwivedi
USER	Ramp Up Get Users with CSV Feeder	END	1620643893185
USER	Ramp Up Get Users with CSV Feeder	START	1620643893220
REQUEST		Get one user	1620643892624	1620643893276	OK	 
REQUEST		Get one user Redirect 1	1620643891913	1620643893276	KO	jsonPath($.data.name).find.is(Ahalya Guneta), but actually found Anwesha Dwivedi
USER	Ramp Up Get Users with CSV Feeder	END	1620643893282
USER	Ramp Up Get Users with CSV Feeder	START	1620643893319
REQUEST		Get one user Redirect 1	1620643892041	1620643893322	KO	jsonPath($.data.name).find.is(Ahalya Guneta), but actually found Anwesha Dwivedi
USER	Ramp Up Get Users with CSV Feeder	END	1620643893327
REQUEST		Get one user	1620643892723	1620643893370	OK	 
REQUEST		Get one user Redirect 1	1620643892059	1620643893394	KO	jsonPath($.data.name).find.is(Ahalya Guneta), but actually found Anwesha Dwivedi
USER	Ramp Up Get Users with CSV Feeder	END	1620643893402
USER	Ramp Up Get Users with CSV Feeder	START	1620643893420
REQUEST		Get one user	1620643892824	1620643893486	OK	 
REQUEST		Get one user Redirect 1	1620643891187	1620643893485	KO	jsonPath($.data.name).find.is(Ahalya Guneta), but actually found Anwesha Dwivedi
USER	Ramp Up Get Users with CSV Feeder	END	1620643893491
USER	Ramp Up Get Users with CSV Feeder	START	1620643893521
REQUEST		Get one user Redirect 1	1620643892186	1620643893523	KO	jsonPath($.data.name).find.is(Ahalya Guneta), but actually found Anwesha Dwivedi
USER	Ramp Up Get Users with CSV Feeder	END	1620643893530
REQUEST		Get one user	1620643892922	1620643893598	OK	 
REQUEST		Get one user Redirect 1	1620643892277	1620643893600	KO	jsonPath($.data.name).find.is(Ahalya Guneta), but actually found Anwesha Dwivedi
USER	Ramp Up Get Users with CSV Feeder	END	1620643893605
USER	Ramp Up Get Users with CSV Feeder	START	1620643893621
REQUEST		Get one user Redirect 1	1620643892382	1620643893701	KO	jsonPath($.data.name).find.is(Ahalya Guneta), but actually found Anwesha Dwivedi
REQUEST		Get one user	1620643893019	1620643893706	OK	 
USER	Ramp Up Get Users with CSV Feeder	END	1620643893707
USER	Ramp Up Get Users with CSV Feeder	START	1620643893717
REQUEST		Get one user	1620643893120	1620643893765	OK	 
USER	Ramp Up Get Users with CSV Feeder	START	1620643893820
REQUEST		Get one user	1620643893222	1620643893860	OK	 
REQUEST		Get one user Redirect 1	1620643892531	1620643893864	KO	jsonPath($.data.name).find.is(Ahalya Guneta), but actually found Anwesha Dwivedi
USER	Ramp Up Get Users with CSV Feeder	END	1620643893870
USER	Ramp Up Get Users with CSV Feeder	START	1620643893920
REQUEST		Get one user Redirect 1	1620643892572	1620643893917	KO	jsonPath($.data.name).find.is(Ahalya Guneta), but actually found Anwesha Dwivedi
USER	Ramp Up Get Users with CSV Feeder	END	1620643893923
REQUEST		Get one user	1620643893321	1620643893964	OK	 
REQUEST		Get one user Redirect 1	1620643892660	1620643893986	KO	jsonPath($.data.name).find.is(Ahalya Guneta), but actually found Anwesha Dwivedi
USER	Ramp Up Get Users with CSV Feeder	END	1620643893993
USER	Ramp Up Get Users with CSV Feeder	START	1620643894020
REQUEST		Get one user	1620643893423	1620643894058	OK	 
REQUEST		Get one user Redirect 1	1620643892765	1620643894058	KO	jsonPath($.data.name).find.is(Ahalya Guneta), but actually found Anwesha Dwivedi
USER	Ramp Up Get Users with CSV Feeder	END	1620643894064
USER	Ramp Up Get Users with CSV Feeder	START	1620643894120
REQUEST		Get one user	1620643893524	1620643894159	OK	 
REQUEST		Get one user Redirect 1	1620643892860	1620643894164	KO	jsonPath($.data.name).find.is(Ahalya Guneta), but actually found Anwesha Dwivedi
USER	Ramp Up Get Users with CSV Feeder	END	1620643894170
USER	Ramp Up Get Users with CSV Feeder	START	1620643894221
REQUEST		Get one user	1620643893623	1620643894244	OK	 
REQUEST		Get one user Redirect 1	1620643892947	1620643894268	KO	jsonPath($.data.name).find.is(Ahalya Guneta), but actually found Anwesha Dwivedi
USER	Ramp Up Get Users with CSV Feeder	END	1620643894275
USER	Ramp Up Get Users with CSV Feeder	START	1620643894320
REQUEST		Get one user	1620643893719	1620643894393	OK	 
REQUEST		Get one user Redirect 1	1620643893061	1620643894393	KO	jsonPath($.data.name).find.is(Ahalya Guneta), but actually found Anwesha Dwivedi
USER	Ramp Up Get Users with CSV Feeder	END	1620643894398
USER	Ramp Up Get Users with CSV Feeder	START	1620643894421
REQUEST		Get one user	1620643893822	1620643894461	OK	 
REQUEST		Get one user Redirect 1	1620643893178	1620643894516	KO	jsonPath($.data.name).find.is(Ahalya Guneta), but actually found Anwesha Dwivedi
USER	Ramp Up Get Users with CSV Feeder	START	1620643894520
USER	Ramp Up Get Users with CSV Feeder	END	1620643894521
REQUEST		Get one user	1620643893922	1620643894548	OK	 
REQUEST		Get one user Redirect 1	1620643893278	1620643894590	KO	jsonPath($.data.name).find.is(Ahalya Guneta), but actually found Anwesha Dwivedi
USER	Ramp Up Get Users with CSV Feeder	END	1620643894594
USER	Ramp Up Get Users with CSV Feeder	START	1620643894622
REQUEST		Get one user	1620643894022	1620643894705	OK	 
USER	Ramp Up Get Users with CSV Feeder	START	1620643894724
REQUEST		Get one user Redirect 1	1620643893372	1620643894732	KO	jsonPath($.data.name).find.is(Ahalya Guneta), but actually found Anwesha Dwivedi
USER	Ramp Up Get Users with CSV Feeder	END	1620643894737
REQUEST		Get one user	1620643894123	1620643894746	OK	 
REQUEST		Get one user Redirect 1	1620643893487	1620643894794	KO	jsonPath($.data.name).find.is(Ahalya Guneta), but actually found Anwesha Dwivedi
USER	Ramp Up Get Users with CSV Feeder	END	1620643894799
USER	Ramp Up Get Users with CSV Feeder	START	1620643894821
REQUEST		Get one user	1620643894223	1620643894873	OK	 
REQUEST		Get one user Redirect 1	1620643893600	1620643894902	KO	jsonPath($.data.name).find.is(Ahalya Guneta), but actually found Anwesha Dwivedi
USER	Ramp Up Get Users with CSV Feeder	END	1620643894908
USER	Ramp Up Get Users with CSV Feeder	START	1620643894918
REQUEST		Get one user	1620643894323	1620643894973	OK	 
USER	Ramp Up Get Users with CSV Feeder	START	1620643895017
REQUEST		Get one user Redirect 1	1620643893766	1620643895046	KO	jsonPath($.data.name).find.is(Ahalya Guneta), but actually found Anwesha Dwivedi
USER	Ramp Up Get Users with CSV Feeder	END	1620643895050
REQUEST		Get one user	1620643894423	1620643895057	OK	 
REQUEST		Get one user Redirect 1	1620643893708	1620643895113	KO	jsonPath($.data.name).find.is(Ahalya Guneta), but actually found Anwesha Dwivedi
USER	Ramp Up Get Users with CSV Feeder	END	1620643895117
USER	Ramp Up Get Users with CSV Feeder	START	1620643895120
REQUEST		Get one user Redirect 1	1620643893861	1620643895188	KO	jsonPath($.data.name).find.is(Ahalya Guneta), but actually found Anwesha Dwivedi
USER	Ramp Up Get Users with CSV Feeder	END	1620643895194
REQUEST		Get one user	1620643894522	1620643895200	OK	 
USER	Ramp Up Get Users with CSV Feeder	START	1620643895220
REQUEST		Get one user Redirect 1	1620643893965	1620643895265	KO	jsonPath($.data.name).find.is(Ahalya Guneta), but actually found Anwesha Dwivedi
USER	Ramp Up Get Users with CSV Feeder	END	1620643895269
REQUEST		Get one user	1620643894625	1620643895277	OK	 
USER	Ramp Up Get Users with CSV Feeder	START	1620643895319
REQUEST		Get one user	1620643894726	1620643895366	OK	 
REQUEST		Get one user Redirect 1	1620643894059	1620643895373	KO	jsonPath($.data.name).find.is(Ahalya Guneta), but actually found Anwesha Dwivedi
USER	Ramp Up Get Users with CSV Feeder	END	1620643895378
USER	Ramp Up Get Users with CSV Feeder	START	1620643895417
REQUEST		Get one user	1620643894823	1620643895471	OK	 
REQUEST		Get one user Redirect 1	1620643894160	1620643895471	KO	jsonPath($.data.name).find.is(Ahalya Guneta), but actually found Anwesha Dwivedi
USER	Ramp Up Get Users with CSV Feeder	END	1620643895476
USER	Ramp Up Get Users with CSV Feeder	START	1620643895522
REQUEST		Get one user	1620643894920	1620643895573	OK	 
USER	Ramp Up Get Users with CSV Feeder	START	1620643895620
REQUEST		Get one user	1620643895020	1620643895694	OK	 
REQUEST		Get one user Redirect 1	1620643894394	1620643895698	KO	jsonPath($.data.name).find.is(Ahalya Guneta), but actually found Anwesha Dwivedi
USER	Ramp Up Get Users with CSV Feeder	END	1620643895703
USER	Ramp Up Get Users with CSV Feeder	START	1620643895718
REQUEST		Get one user	1620643895122	1620643895739	OK	 
REQUEST		Get one user Redirect 1	1620643894463	1620643895765	KO	jsonPath($.data.name).find.is(Ahalya Guneta), but actually found Anwesha Dwivedi
USER	Ramp Up Get Users with CSV Feeder	END	1620643895769
USER	Ramp Up Get Users with CSV Feeder	START	1620643895821
REQUEST		Get one user Redirect 1	1620643894549	1620643895869	KO	jsonPath($.data.name).find.is(Ahalya Guneta), but actually found Anwesha Dwivedi
USER	Ramp Up Get Users with CSV Feeder	END	1620643895874
REQUEST		Get one user	1620643895222	1620643895886	OK	 
USER	Ramp Up Get Users with CSV Feeder	START	1620643895920
REQUEST		Get one user	1620643895322	1620643896010	OK	 
REQUEST		Get one user Redirect 1	1620643894706	1620643896015	KO	jsonPath($.data.name).find.is(Ahalya Guneta), but actually found Anwesha Dwivedi
USER	Ramp Up Get Users with CSV Feeder	END	1620643896020
USER	Ramp Up Get Users with CSV Feeder	START	1620643896020
REQUEST		Get one user	1620643895419	1620643896065	OK	 
REQUEST		Get one user Redirect 1	1620643894747	1620643896082	KO	jsonPath($.data.name).find.is(Ahalya Guneta), but actually found Anwesha Dwivedi
USER	Ramp Up Get Users with CSV Feeder	END	1620643896086
USER	Ramp Up Get Users with CSV Feeder	START	1620643896118
REQUEST		Get one user	1620643895523	1620643896146	OK	 
REQUEST		Get one user Redirect 1	1620643894874	1620643896185	KO	jsonPath($.data.name).find.is(Ahalya Guneta), but actually found Anwesha Dwivedi
USER	Ramp Up Get Users with CSV Feeder	END	1620643896190
USER	Ramp Up Get Users with CSV Feeder	START	1620643896220
REQUEST		Get one user	1620643895622	1620643896270	OK	 
REQUEST		Get one user Redirect 1	1620643894975	1620643896290	KO	jsonPath($.data.name).find.is(Ahalya Guneta), but actually found Anwesha Dwivedi
USER	Ramp Up Get Users with CSV Feeder	END	1620643896294
USER	Ramp Up Get Users with CSV Feeder	START	1620643896322
REQUEST		Get one user	1620643895719	1620643896363	OK	 
REQUEST		Get one user Redirect 1	1620643895059	1620643896363	KO	jsonPath($.data.name).find.is(Ahalya Guneta), but actually found Anwesha Dwivedi
USER	Ramp Up Get Users with CSV Feeder	END	1620643896367
USER	Ramp Up Get Users with CSV Feeder	START	1620643896420
REQUEST		Get one user	1620643895823	1620643896464	OK	 
REQUEST		Get one user Redirect 1	1620643895201	1620643896502	KO	jsonPath($.data.name).find.is(Ahalya Guneta), but actually found Anwesha Dwivedi
USER	Ramp Up Get Users with CSV Feeder	END	1620643896508
USER	Ramp Up Get Users with CSV Feeder	START	1620643896521
REQUEST		Get one user Redirect 1	1620643895278	1620643896575	KO	jsonPath($.data.name).find.is(Ahalya Guneta), but actually found Anwesha Dwivedi
USER	Ramp Up Get Users with CSV Feeder	END	1620643896578
REQUEST		Get one user	1620643895921	1620643896595	OK	 
USER	Ramp Up Get Users with CSV Feeder	START	1620643896621
REQUEST		Get one user	1620643896023	1620643896656	OK	 
REQUEST		Get one user Redirect 1	1620643895367	1620643896669	KO	jsonPath($.data.name).find.is(Ahalya Guneta), but actually found Anwesha Dwivedi
USER	Ramp Up Get Users with CSV Feeder	END	1620643896674
USER	Ramp Up Get Users with CSV Feeder	START	1620643896720
REQUEST		Get one user Redirect 1	1620643895472	1620643896736	KO	jsonPath($.data.name).find.is(Ahalya Guneta), but actually found Anwesha Dwivedi
USER	Ramp Up Get Users with CSV Feeder	END	1620643896741
REQUEST		Get one user	1620643896120	1620643896759	OK	 
USER	Ramp Up Get Users with CSV Feeder	START	1620643896822
REQUEST		Get one user Redirect 1	1620643895574	1620643896823	KO	jsonPath($.data.name).find.is(Ahalya Guneta), but actually found Anwesha Dwivedi
USER	Ramp Up Get Users with CSV Feeder	END	1620643896828
REQUEST		Get one user	1620643896222	1620643896864	OK	 
USER	Ramp Up Get Users with CSV Feeder	START	1620643896920
REQUEST		Get one user	1620643896324	1620643896971	OK	 
REQUEST		Get one user Redirect 1	1620643894246	1620643896970	KO	jsonPath($.data.name).find.is(Ahalya Guneta), but actually found Anwesha Dwivedi
USER	Ramp Up Get Users with CSV Feeder	END	1620643896976
USER	Ramp Up Get Users with CSV Feeder	START	1620643897019
REQUEST		Get one user Redirect 1	1620643895695	1620643897040	KO	jsonPath($.data.name).find.is(Ahalya Guneta), but actually found Anwesha Dwivedi
USER	Ramp Up Get Users with CSV Feeder	END	1620643897045
REQUEST		Get one user	1620643896421	1620643897064	OK	 
REQUEST		Get one user Redirect 1	1620643895740	1620643897097	KO	jsonPath($.data.name).find.is(Ahalya Guneta), but actually found Anwesha Dwivedi
USER	Ramp Up Get Users with CSV Feeder	END	1620643897103
USER	Ramp Up Get Users with CSV Feeder	START	1620643897119
REQUEST		Get one user	1620643896523	1620643897168	OK	 
REQUEST		Get one user Redirect 1	1620643895887	1620643897191	KO	jsonPath($.data.name).find.is(Ahalya Guneta), but actually found Anwesha Dwivedi
USER	Ramp Up Get Users with CSV Feeder	END	1620643897195
USER	Ramp Up Get Users with CSV Feeder	START	1620643897220
REQUEST		Get one user	1620643896622	1620643897259	OK	 
REQUEST		Get one user Redirect 1	1620643896011	1620643897284	KO	jsonPath($.data.name).find.is(Ahalya Guneta), but actually found Anwesha Dwivedi
USER	Ramp Up Get Users with CSV Feeder	END	1620643897289
USER	Ramp Up Get Users with CSV Feeder	START	1620643897315
REQUEST		Get one user Redirect 1	1620643896066	1620643897337	KO	jsonPath($.data.name).find.is(Ahalya Guneta), but actually found Anwesha Dwivedi
USER	Ramp Up Get Users with CSV Feeder	END	1620643897340
REQUEST		Get one user	1620643896721	1620643897359	OK	 
USER	Ramp Up Get Users with CSV Feeder	START	1620643897420
REQUEST		Get one user Redirect 1	1620643896147	1620643897420	KO	jsonPath($.data.name).find.is(Ahalya Guneta), but actually found Anwesha Dwivedi
USER	Ramp Up Get Users with CSV Feeder	END	1620643897425
REQUEST		Get one user	1620643896824	1620643897463	OK	 
USER	Ramp Up Get Users with CSV Feeder	START	1620643897520
REQUEST		Get one user Redirect 1	1620643896271	1620643897548	KO	jsonPath($.data.name).find.is(Ahalya Guneta), but actually found Anwesha Dwivedi
USER	Ramp Up Get Users with CSV Feeder	END	1620643897551
REQUEST		Get one user	1620643896922	1620643897563	OK	 
USER	Ramp Up Get Users with CSV Feeder	START	1620643897617
REQUEST		Get one user Redirect 1	1620643896365	1620643897639	KO	jsonPath($.data.name).find.is(Ahalya Guneta), but actually found Anwesha Dwivedi
USER	Ramp Up Get Users with CSV Feeder	END	1620643897645
REQUEST		Get one user	1620643897021	1620643897668	OK	 
REQUEST		Get one user Redirect 1	1620643896465	1620643897709	KO	jsonPath($.data.name).find.is(Ahalya Guneta), but actually found Anwesha Dwivedi
USER	Ramp Up Get Users with CSV Feeder	END	1620643897713
USER	Ramp Up Get Users with CSV Feeder	START	1620643897721
REQUEST		Get one user	1620643897120	1620643897768	OK	 
USER	Ramp Up Get Users with CSV Feeder	START	1620643897816
REQUEST		Get one user	1620643897221	1620643897853	OK	 
REQUEST		Get one user Redirect 1	1620643896596	1620643897888	KO	jsonPath($.data.name).find.is(Ahalya Guneta), but actually found Anwesha Dwivedi
USER	Ramp Up Get Users with CSV Feeder	END	1620643897892
USER	Ramp Up Get Users with CSV Feeder	START	1620643897920
REQUEST		Get one user Redirect 1	1620643896657	1620643897957	KO	jsonPath($.data.name).find.is(Ahalya Guneta), but actually found Anwesha Dwivedi
USER	Ramp Up Get Users with CSV Feeder	END	1620643897961
REQUEST		Get one user	1620643897317	1620643897987	OK	 
USER	Ramp Up Get Users with CSV Feeder	START	1620643898018
REQUEST		Get one user Redirect 1	1620643896760	1620643898022	KO	jsonPath($.data.name).find.is(Ahalya Guneta), but actually found Anwesha Dwivedi
USER	Ramp Up Get Users with CSV Feeder	END	1620643898025
REQUEST		Get one user	1620643897424	1620643898041	OK	 
USER	Ramp Up Get Users with CSV Feeder	START	1620643898118
REQUEST		Get one user Redirect 1	1620643896865	1620643898138	KO	jsonPath($.data.name).find.is(Ahalya Guneta), but actually found Anwesha Dwivedi
USER	Ramp Up Get Users with CSV Feeder	END	1620643898142
REQUEST		Get one user	1620643897522	1620643898162	OK	 
USER	Ramp Up Get Users with CSV Feeder	START	1620643898219
REQUEST		Get one user Redirect 1	1620643896972	1620643898256	KO	jsonPath($.data.name).find.is(Ahalya Guneta), but actually found Anwesha Dwivedi
USER	Ramp Up Get Users with CSV Feeder	END	1620643898259
REQUEST		Get one user	1620643897619	1620643898268	OK	 
USER	Ramp Up Get Users with CSV Feeder	START	1620643898316
REQUEST		Get one user Redirect 1	1620643897065	1620643898339	KO	jsonPath($.data.name).find.is(Ahalya Guneta), but actually found Anwesha Dwivedi
USER	Ramp Up Get Users with CSV Feeder	END	1620643898342
REQUEST		Get one user	1620643897723	1620643898364	OK	 
USER	Ramp Up Get Users with CSV Feeder	START	1620643898421
REQUEST		Get one user Redirect 1	1620643897169	1620643898448	KO	jsonPath($.data.name).find.is(Ahalya Guneta), but actually found Anwesha Dwivedi
REQUEST		Get one user	1620643897818	1620643898450	OK	 
USER	Ramp Up Get Users with CSV Feeder	END	1620643898452
USER	Ramp Up Get Users with CSV Feeder	START	1620643898517
REQUEST		Get one user Redirect 1	1620643897260	1620643898521	KO	jsonPath($.data.name).find.is(Ahalya Guneta), but actually found Anwesha Dwivedi
USER	Ramp Up Get Users with CSV Feeder	END	1620643898525
REQUEST		Get one user	1620643897922	1620643898569	OK	 
USER	Ramp Up Get Users with CSV Feeder	START	1620643898617
REQUEST		Get one user	1620643898020	1620643898639	OK	 
REQUEST		Get one user Redirect 1	1620643897359	1620643898639	KO	jsonPath($.data.name).find.is(Ahalya Guneta), but actually found Anwesha Dwivedi
USER	Ramp Up Get Users with CSV Feeder	END	1620643898644
REQUEST		Get one user Redirect 1	1620643897463	1620643898708	KO	jsonPath($.data.name).find.is(Ahalya Guneta), but actually found Anwesha Dwivedi
USER	Ramp Up Get Users with CSV Feeder	END	1620643898712
USER	Ramp Up Get Users with CSV Feeder	START	1620643898719
REQUEST		Get one user	1620643898121	1620643898757	OK	 
USER	Ramp Up Get Users with CSV Feeder	START	1620643898821
REQUEST		Get one user Redirect 1	1620643897565	1620643898841	KO	jsonPath($.data.name).find.is(Ahalya Guneta), but actually found Anwesha Dwivedi
USER	Ramp Up Get Users with CSV Feeder	END	1620643898846
REQUEST		Get one user	1620643898220	1620643898867	OK	 
REQUEST		Get one user Redirect 1	1620643897669	1620643898925	KO	jsonPath($.data.name).find.is(Ahalya Guneta), but actually found Anwesha Dwivedi
USER	Ramp Up Get Users with CSV Feeder	END	1620643898929
REQUEST		Get one user	1620643898318	1620643898973	OK	 
REQUEST		Get one user Redirect 1	1620643897769	1620643899061	KO	jsonPath($.data.name).find.is(Ahalya Guneta), but actually found Anwesha Dwivedi
REQUEST		Get one user	1620643898422	1620643899065	OK	 
USER	Ramp Up Get Users with CSV Feeder	END	1620643899065
REQUEST		Get one user	1620643898518	1620643899168	OK	 
REQUEST		Get one user Redirect 1	1620643897854	1620643899176	KO	jsonPath($.data.name).find.is(Ahalya Guneta), but actually found Anwesha Dwivedi
USER	Ramp Up Get Users with CSV Feeder	END	1620643899181
REQUEST		Get one user	1620643898618	1620643899269	OK	 
REQUEST		Get one user Redirect 1	1620643897988	1620643899311	KO	jsonPath($.data.name).find.is(Ahalya Guneta), but actually found Anwesha Dwivedi
USER	Ramp Up Get Users with CSV Feeder	END	1620643899315
REQUEST		Get one user Redirect 1	1620643898041	1620643899359	KO	jsonPath($.data.name).find.is(Ahalya Guneta), but actually found Anwesha Dwivedi
USER	Ramp Up Get Users with CSV Feeder	END	1620643899363
REQUEST		Get one user	1620643898722	1620643899367	OK	 
REQUEST		Get one user	1620643898824	1620643899454	OK	 
REQUEST		Get one user Redirect 1	1620643898163	1620643899483	KO	jsonPath($.data.name).find.is(Ahalya Guneta), but actually found Anwesha Dwivedi
USER	Ramp Up Get Users with CSV Feeder	END	1620643899487
REQUEST		Get one user Redirect 1	1620643898268	1620643899599	KO	jsonPath($.data.name).find.is(Ahalya Guneta), but actually found Anwesha Dwivedi
USER	Ramp Up Get Users with CSV Feeder	END	1620643899606
REQUEST		Get one user Redirect 1	1620643898365	1620643899669	KO	jsonPath($.data.name).find.is(Ahalya Guneta), but actually found Anwesha Dwivedi
USER	Ramp Up Get Users with CSV Feeder	END	1620643899674
REQUEST		Get one user Redirect 1	1620643898451	1620643899740	KO	jsonPath($.data.name).find.is(Ahalya Guneta), but actually found Anwesha Dwivedi
USER	Ramp Up Get Users with CSV Feeder	END	1620643899744
USER	Ramp Up Get Users with CSV Feeder	START	1620643899821
REQUEST		Get one user Redirect 1	1620643898570	1620643899908	KO	jsonPath($.data.name).find.is(Ahalya Guneta), but actually found Anwesha Dwivedi
USER	Ramp Up Get Users with CSV Feeder	END	1620643899913
REQUEST		Get one user Redirect 1	1620643898640	1620643899974	KO	jsonPath($.data.name).find.is(Ahalya Guneta), but actually found Anwesha Dwivedi
USER	Ramp Up Get Users with CSV Feeder	END	1620643899977
REQUEST		Get one user Redirect 1	1620643898758	1620643900093	KO	jsonPath($.data.name).find.is(Ahalya Guneta), but actually found Anwesha Dwivedi
USER	Ramp Up Get Users with CSV Feeder	END	1620643900096
REQUEST		Get one user Redirect 1	1620643898868	1620643900186	KO	jsonPath($.data.name).find.is(Ahalya Guneta), but actually found Anwesha Dwivedi
USER	Ramp Up Get Users with CSV Feeder	END	1620643900189
REQUEST		Get one user Redirect 1	1620643898974	1620643900293	KO	jsonPath($.data.name).find.is(Ahalya Guneta), but actually found Anwesha Dwivedi
USER	Ramp Up Get Users with CSV Feeder	END	1620643900296
REQUEST		Get one user Redirect 1	1620643899066	1620643900364	KO	jsonPath($.data.name).find.is(Ahalya Guneta), but actually found Anwesha Dwivedi
USER	Ramp Up Get Users with CSV Feeder	END	1620643900369
REQUEST		Get one user	1620643899823	1620643900446	OK	 
REQUEST		Get one user Redirect 1	1620643899170	1620643900454	KO	jsonPath($.data.name).find.is(Ahalya Guneta), but actually found Anwesha Dwivedi
USER	Ramp Up Get Users with CSV Feeder	END	1620643900457
REQUEST		Get one user Redirect 1	1620643899270	1620643900549	KO	jsonPath($.data.name).find.is(Ahalya Guneta), but actually found Anwesha Dwivedi
USER	Ramp Up Get Users with CSV Feeder	END	1620643900555
REQUEST		Get one user Redirect 1	1620643899368	1620643900671	KO	jsonPath($.data.name).find.is(Ahalya Guneta), but actually found Anwesha Dwivedi
USER	Ramp Up Get Users with CSV Feeder	END	1620643900674
REQUEST		Get one user Redirect 1	1620643899455	1620643900740	KO	jsonPath($.data.name).find.is(Ahalya Guneta), but actually found Anwesha Dwivedi
USER	Ramp Up Get Users with CSV Feeder	END	1620643900743
USER	Ramp Up Get Users with CSV Feeder	START	1620643900820
REQUEST		Get one user	1620643900821	1620643901492	OK	 
REQUEST		Get one user Redirect 1	1620643900447	1620643901813	KO	jsonPath($.data.name).find.is(Ahalya Guneta), but actually found Anwesha Dwivedi
USER	Ramp Up Get Users with CSV Feeder	END	1620643901816
USER	Ramp Up Get Users with CSV Feeder	START	1620643901820
USER	Ramp Up Get Users with CSV Feeder	START	1620643902318
REQUEST		Get one user	1620643901821	1620643902518	OK	 
USER	Ramp Up Get Users with CSV Feeder	START	1620643902819
REQUEST		Get one user Redirect 1	1620643901492	1620643902854	KO	jsonPath($.data.name).find.is(Ahalya Guneta), but actually found Anwesha Dwivedi
USER	Ramp Up Get Users with CSV Feeder	END	1620643902859
REQUEST		Get one user	1620643902320	1620643902933	OK	 
USER	Ramp Up Get Users with CSV Feeder	START	1620643903320
REQUEST		Get one user	1620643902820	1620643903466	OK	 
USER	Ramp Up Get Users with CSV Feeder	START	1620643903819
REQUEST		Get one user Redirect 1	1620643902519	1620643903838	KO	jsonPath($.data.name).find.is(Ahalya Guneta), but actually found Anwesha Dwivedi
USER	Ramp Up Get Users with CSV Feeder	END	1620643903842
REQUEST		Get one user	1620643903321	1620643903977	OK	 
REQUEST		Get one user Redirect 1	1620643902934	1620643904246	KO	jsonPath($.data.name).find.is(Ahalya Guneta), but actually found Anwesha Dwivedi
USER	Ramp Up Get Users with CSV Feeder	END	1620643904249
USER	Ramp Up Get Users with CSV Feeder	START	1620643904320
REQUEST		Get one user	1620643903820	1620643904469	OK	 
REQUEST		Get one user Redirect 1	1620643903467	1620643904783	KO	jsonPath($.data.name).find.is(Ahalya Guneta), but actually found Anwesha Dwivedi
USER	Ramp Up Get Users with CSV Feeder	END	1620643904787
USER	Ramp Up Get Users with CSV Feeder	START	1620643904820
REQUEST		Get one user	1620643904322	1620643904948	OK	 
REQUEST		Get one user Redirect 1	1620643903978	1620643905229	KO	jsonPath($.data.name).find.is(Ahalya Guneta), but actually found Anwesha Dwivedi
USER	Ramp Up Get Users with CSV Feeder	END	1620643905232
USER	Ramp Up Get Users with CSV Feeder	START	1620643905320
REQUEST		Get one user	1620643904821	1620643905466	OK	 
REQUEST		Get one user Redirect 1	1620643904470	1620643905792	KO	jsonPath($.data.name).find.is(Ahalya Guneta), but actually found Anwesha Dwivedi
USER	Ramp Up Get Users with CSV Feeder	END	1620643905795
USER	Ramp Up Get Users with CSV Feeder	START	1620643905822
REQUEST		Get one user	1620643905321	1620643905973	OK	 
USER	Ramp Up Get Users with CSV Feeder	START	1620643906153
REQUEST		Get one user Redirect 1	1620643904949	1620643906246	KO	jsonPath($.data.name).find.is(Ahalya Guneta), but actually found Anwesha Dwivedi
USER	Ramp Up Get Users with CSV Feeder	END	1620643906249
REQUEST		Get one user	1620643905823	1620643906474	OK	 
USER	Ramp Up Get Users with CSV Feeder	START	1620643906486
REQUEST		Get one user Redirect 1	1620643905467	1620643906787	KO	jsonPath($.data.name).find.is(Ahalya Guneta), but actually found Anwesha Dwivedi
USER	Ramp Up Get Users with CSV Feeder	END	1620643906791
REQUEST		Get one user	1620643906154	1620643906800	OK	 
USER	Ramp Up Get Users with CSV Feeder	START	1620643906821
REQUEST		Get one user	1620643906488	1620643907124	OK	 
USER	Ramp Up Get Users with CSV Feeder	START	1620643907152
REQUEST		Get one user Redirect 1	1620643905974	1620643907249	KO	jsonPath($.data.name).find.is(Ahalya Guneta), but actually found Anwesha Dwivedi
USER	Ramp Up Get Users with CSV Feeder	END	1620643907253
REQUEST		Get one user	1620643906822	1620643907455	OK	 
USER	Ramp Up Get Users with CSV Feeder	START	1620643907486
REQUEST		Get one user Redirect 1	1620643906475	1620643907795	KO	jsonPath($.data.name).find.is(Ahalya Guneta), but actually found Anwesha Dwivedi
USER	Ramp Up Get Users with CSV Feeder	END	1620643907798
REQUEST		Get one user	1620643907153	1620643907804	OK	 
USER	Ramp Up Get Users with CSV Feeder	START	1620643907821
REQUEST		Get one user Redirect 1	1620643906800	1620643908113	KO	jsonPath($.data.name).find.is(Ahalya Guneta), but actually found Anwesha Dwivedi
USER	Ramp Up Get Users with CSV Feeder	END	1620643908117
REQUEST		Get one user	1620643907487	1620643908132	OK	 
USER	Ramp Up Get Users with CSV Feeder	START	1620643908151
REQUEST		Get one user Redirect 1	1620643907124	1620643908438	KO	jsonPath($.data.name).find.is(Ahalya Guneta), but actually found Anwesha Dwivedi
USER	Ramp Up Get Users with CSV Feeder	END	1620643908442
REQUEST		Get one user	1620643907822	1620643908472	OK	 
USER	Ramp Up Get Users with CSV Feeder	START	1620643908487
REQUEST		Get one user Redirect 1	1620643907456	1620643908770	KO	jsonPath($.data.name).find.is(Ahalya Guneta), but actually found Anwesha Dwivedi
USER	Ramp Up Get Users with CSV Feeder	END	1620643908775
REQUEST		Get one user	1620643908152	1620643908793	OK	 
USER	Ramp Up Get Users with CSV Feeder	START	1620643908818
REQUEST		Get one user Redirect 1	1620643907805	1620643909100	KO	jsonPath($.data.name).find.is(Ahalya Guneta), but actually found Anwesha Dwivedi
USER	Ramp Up Get Users with CSV Feeder	END	1620643909106
REQUEST		Get one user	1620643908489	1620643909110	OK	 
USER	Ramp Up Get Users with CSV Feeder	START	1620643909151
REQUEST		Get one user Redirect 1	1620643908133	1620643909399	KO	jsonPath($.data.name).find.is(Ahalya Guneta), but actually found Anwesha Dwivedi
USER	Ramp Up Get Users with CSV Feeder	END	1620643909404
REQUEST		Get one user	1620643908820	1620643909467	OK	 
USER	Ramp Up Get Users with CSV Feeder	START	1620643909485
REQUEST		Get one user	1620643909153	1620643909789	OK	 
REQUEST		Get one user Redirect 1	1620643908472	1620643909789	KO	jsonPath($.data.name).find.is(Ahalya Guneta), but actually found Anwesha Dwivedi
USER	Ramp Up Get Users with CSV Feeder	END	1620643909793
USER	Ramp Up Get Users with CSV Feeder	START	1620643909820
USER	Ramp Up Get Users with CSV Feeder	START	1620643910152
REQUEST		Get one user	1620643909487	1620643910164	OK	 
REQUEST		Get one user Redirect 1	1620643908794	1620643910164	KO	jsonPath($.data.name).find.is(Ahalya Guneta), but actually found Anwesha Dwivedi
USER	Ramp Up Get Users with CSV Feeder	END	1620643910168
USER	Ramp Up Get Users with CSV Feeder	START	1620643910498
REQUEST		Get one user	1620643909821	1620643910507	OK	 
REQUEST		Get one user Redirect 1	1620643909111	1620643910507	KO	jsonPath($.data.name).find.is(Ahalya Guneta), but actually found Anwesha Dwivedi
USER	Ramp Up Get Users with CSV Feeder	END	1620643910511
USER	Ramp Up Get Users with CSV Feeder	START	1620643910820
REQUEST		Get one user	1620643910153	1620643910825	OK	 
REQUEST		Get one user Redirect 1	1620643909468	1620643910855	KO	jsonPath($.data.name).find.is(Ahalya Guneta), but actually found Anwesha Dwivedi
USER	Ramp Up Get Users with CSV Feeder	END	1620643910858
REQUEST		Get one user	1620643910499	1620643911134	OK	 
USER	Ramp Up Get Users with CSV Feeder	START	1620643911151
REQUEST		Get one user Redirect 1	1620643909789	1620643911162	KO	jsonPath($.data.name).find.is(Ahalya Guneta), but actually found Anwesha Dwivedi
USER	Ramp Up Get Users with CSV Feeder	END	1620643911165
REQUEST		Get one user	1620643910822	1620643911460	OK	 
USER	Ramp Up Get Users with CSV Feeder	START	1620643911486
REQUEST		Get one user Redirect 1	1620643910165	1620643911490	KO	jsonPath($.data.name).find.is(Ahalya Guneta), but actually found Anwesha Dwivedi
USER	Ramp Up Get Users with CSV Feeder	END	1620643911494
REQUEST		Get one user Redirect 1	1620643910507	1620643911760	KO	jsonPath($.data.name).find.is(Ahalya Guneta), but actually found Anwesha Dwivedi
USER	Ramp Up Get Users with CSV Feeder	END	1620643911763
REQUEST		Get one user	1620643911156	1620643911787	OK	 
USER	Ramp Up Get Users with CSV Feeder	START	1620643911820
USER	Ramp Up Get Users with CSV Feeder	START	1620643912070
REQUEST		Get one user	1620643911488	1620643912107	OK	 
REQUEST		Get one user Redirect 1	1620643910826	1620643912106	KO	jsonPath($.data.name).find.is(Ahalya Guneta), but actually found Anwesha Dwivedi
USER	Ramp Up Get Users with CSV Feeder	END	1620643912110
USER	Ramp Up Get Users with CSV Feeder	START	1620643912320
REQUEST		Get one user Redirect 1	1620643911134	1620643912429	KO	jsonPath($.data.name).find.is(Ahalya Guneta), but actually found Anwesha Dwivedi
USER	Ramp Up Get Users with CSV Feeder	END	1620643912433
REQUEST		Get one user	1620643911821	1620643912438	OK	 
USER	Ramp Up Get Users with CSV Feeder	START	1620643912571
REQUEST		Get one user	1620643912071	1620643912709	OK	 
REQUEST		Get one user Redirect 1	1620643911461	1620643912756	KO	jsonPath($.data.name).find.is(Ahalya Guneta), but actually found Anwesha Dwivedi
USER	Ramp Up Get Users with CSV Feeder	END	1620643912760
USER	Ramp Up Get Users with CSV Feeder	START	1620643912821
REQUEST		Get one user	1620643912321	1620643912959	OK	 
REQUEST		Get one user Redirect 1	1620643911788	1620643913056	KO	jsonPath($.data.name).find.is(Ahalya Guneta), but actually found Anwesha Dwivedi
USER	Ramp Up Get Users with CSV Feeder	END	1620643913061
USER	Ramp Up Get Users with CSV Feeder	START	1620643913070
REQUEST		Get one user	1620643912572	1620643913205	OK	 
USER	Ramp Up Get Users with CSV Feeder	START	1620643913317
REQUEST		Get one user Redirect 1	1620643912108	1620643913384	KO	jsonPath($.data.name).find.is(Ahalya Guneta), but actually found Anwesha Dwivedi
USER	Ramp Up Get Users with CSV Feeder	END	1620643913389
REQUEST		Get one user	1620643912822	1620643913441	OK	 
USER	Ramp Up Get Users with CSV Feeder	START	1620643913571
REQUEST		Get one user	1620643913071	1620643913705	OK	 
REQUEST		Get one user Redirect 1	1620643912439	1620643913729	KO	jsonPath($.data.name).find.is(Ahalya Guneta), but actually found Anwesha Dwivedi
USER	Ramp Up Get Users with CSV Feeder	END	1620643913733
USER	Ramp Up Get Users with CSV Feeder	START	1620643913821
REQUEST		Get one user	1620643913318	1620643913965	OK	 
REQUEST		Get one user Redirect 1	1620643912710	1620643914013	KO	jsonPath($.data.name).find.is(Ahalya Guneta), but actually found Anwesha Dwivedi
USER	Ramp Up Get Users with CSV Feeder	END	1620643914016
USER	Ramp Up Get Users with CSV Feeder	START	1620643914070
REQUEST		Get one user	1620643913572	1620643914198	OK	 
REQUEST		Get one user Redirect 1	1620643912960	1620643914240	KO	jsonPath($.data.name).find.is(Ahalya Guneta), but actually found Anwesha Dwivedi
USER	Ramp Up Get Users with CSV Feeder	END	1620643914245
USER	Ramp Up Get Users with CSV Feeder	START	1620643914320
REQUEST		Get one user	1620643913822	1620643914474	OK	 
REQUEST		Get one user Redirect 1	1620643913206	1620643914506	KO	jsonPath($.data.name).find.is(Ahalya Guneta), but actually found Anwesha Dwivedi
USER	Ramp Up Get Users with CSV Feeder	END	1620643914508
USER	Ramp Up Get Users with CSV Feeder	START	1620643914570
REQUEST		Get one user Redirect 1	1620643913442	1620643914694	KO	jsonPath($.data.name).find.is(Ahalya Guneta), but actually found Anwesha Dwivedi
USER	Ramp Up Get Users with CSV Feeder	END	1620643914698
REQUEST		Get one user	1620643914071	1620643914725	OK	 
USER	Ramp Up Get Users with CSV Feeder	START	1620643914820
REQUEST		Get one user	1620643914321	1620643914989	OK	 
REQUEST		Get one user Redirect 1	1620643913706	1620643915001	KO	jsonPath($.data.name).find.is(Ahalya Guneta), but actually found Anwesha Dwivedi
USER	Ramp Up Get Users with CSV Feeder	END	1620643915005
USER	Ramp Up Get Users with CSV Feeder	START	1620643915070
REQUEST		Get one user	1620643914571	1620643915211	OK	 
REQUEST		Get one user Redirect 1	1620643913966	1620643915228	KO	jsonPath($.data.name).find.is(Ahalya Guneta), but actually found Anwesha Dwivedi
USER	Ramp Up Get Users with CSV Feeder	END	1620643915231
USER	Ramp Up Get Users with CSV Feeder	START	1620643915320
REQUEST		Get one user	1620643914821	1620643915455	OK	 
REQUEST		Get one user Redirect 1	1620643914199	1620643915539	KO	jsonPath($.data.name).find.is(Ahalya Guneta), but actually found Anwesha Dwivedi
USER	Ramp Up Get Users with CSV Feeder	END	1620643915543
USER	Ramp Up Get Users with CSV Feeder	START	1620643915571
REQUEST		Get one user	1620643915071	1620643915702	OK	 
REQUEST		Get one user Redirect 1	1620643914474	1620643915771	KO	jsonPath($.data.name).find.is(Ahalya Guneta), but actually found Anwesha Dwivedi
USER	Ramp Up Get Users with CSV Feeder	END	1620643915774
USER	Ramp Up Get Users with CSV Feeder	START	1620643915821
REQUEST		Get one user	1620643915321	1620643915959	OK	 
REQUEST		Get one user Redirect 1	1620643914726	1620643916007	KO	jsonPath($.data.name).find.is(Ahalya Guneta), but actually found Anwesha Dwivedi
USER	Ramp Up Get Users with CSV Feeder	END	1620643916011
USER	Ramp Up Get Users with CSV Feeder	START	1620643916020
REQUEST		Get one user	1620643915572	1620643916188	OK	 
USER	Ramp Up Get Users with CSV Feeder	START	1620643916220
REQUEST		Get one user Redirect 1	1620643914990	1620643916265	KO	jsonPath($.data.name).find.is(Ahalya Guneta), but actually found Anwesha Dwivedi
USER	Ramp Up Get Users with CSV Feeder	END	1620643916270
USER	Ramp Up Get Users with CSV Feeder	START	1620643916421
REQUEST		Get one user	1620643915822	1620643916457	OK	 
REQUEST		Get one user Redirect 1	1620643915212	1620643916509	KO	jsonPath($.data.name).find.is(Ahalya Guneta), but actually found Anwesha Dwivedi
USER	Ramp Up Get Users with CSV Feeder	END	1620643916513
USER	Ramp Up Get Users with CSV Feeder	START	1620643916618
REQUEST		Get one user	1620643916021	1620643916639	OK	 
REQUEST		Get one user Redirect 1	1620643915456	1620643916738	KO	jsonPath($.data.name).find.is(Ahalya Guneta), but actually found Anwesha Dwivedi
USER	Ramp Up Get Users with CSV Feeder	END	1620643916741
USER	Ramp Up Get Users with CSV Feeder	START	1620643916821
REQUEST		Get one user	1620643916221	1620643916856	OK	 
REQUEST		Get one user Redirect 1	1620643915703	1620643916977	KO	jsonPath($.data.name).find.is(Ahalya Guneta), but actually found Anwesha Dwivedi
USER	Ramp Up Get Users with CSV Feeder	END	1620643916979
USER	Ramp Up Get Users with CSV Feeder	START	1620643917020
REQUEST		Get one user	1620643916422	1620643917049	OK	 
REQUEST		Get one user Redirect 1	1620643915960	1620643917203	KO	jsonPath($.data.name).find.is(Ahalya Guneta), but actually found Anwesha Dwivedi
USER	Ramp Up Get Users with CSV Feeder	END	1620643917207
USER	Ramp Up Get Users with CSV Feeder	START	1620643917220
REQUEST		Get one user	1620643916620	1620643917260	OK	 
USER	Ramp Up Get Users with CSV Feeder	START	1620643917420
REQUEST		Get one user	1620643916822	1620643917442	OK	 
REQUEST		Get one user Redirect 1	1620643916189	1620643917500	KO	jsonPath($.data.name).find.is(Ahalya Guneta), but actually found Anwesha Dwivedi
USER	Ramp Up Get Users with CSV Feeder	END	1620643917504
USER	Ramp Up Get Users with CSV Feeder	START	1620643917621
REQUEST		Get one user	1620643917023	1620643917660	OK	 
REQUEST		Get one user Redirect 1	1620643916458	1620643917727	KO	jsonPath($.data.name).find.is(Ahalya Guneta), but actually found Anwesha Dwivedi
USER	Ramp Up Get Users with CSV Feeder	END	1620643917730
USER	Ramp Up Get Users with CSV Feeder	START	1620643917821
REQUEST		Get one user	1620643917221	1620643917857	OK	 
REQUEST		Get one user Redirect 1	1620643916640	1620643917911	KO	jsonPath($.data.name).find.is(Ahalya Guneta), but actually found Anwesha Dwivedi
USER	Ramp Up Get Users with CSV Feeder	END	1620643917914
USER	Ramp Up Get Users with CSV Feeder	START	1620643918019
REQUEST		Get one user	1620643917421	1620643918057	OK	 
REQUEST		Get one user Redirect 1	1620643916857	1620643918126	KO	jsonPath($.data.name).find.is(Ahalya Guneta), but actually found Anwesha Dwivedi
USER	Ramp Up Get Users with CSV Feeder	END	1620643918128
USER	Ramp Up Get Users with CSV Feeder	START	1620643918219
REQUEST		Get one user	1620643917622	1620643918263	OK	 
REQUEST		Get one user Redirect 1	1620643917050	1620643918316	KO	jsonPath($.data.name).find.is(Ahalya Guneta), but actually found Anwesha Dwivedi
USER	Ramp Up Get Users with CSV Feeder	END	1620643918319
USER	Ramp Up Get Users with CSV Feeder	START	1620643918420
REQUEST		Get one user	1620643917823	1620643918460	OK	 
REQUEST		Get one user Redirect 1	1620643917261	1620643918545	KO	jsonPath($.data.name).find.is(Ahalya Guneta), but actually found Anwesha Dwivedi
USER	Ramp Up Get Users with CSV Feeder	END	1620643918547
USER	Ramp Up Get Users with CSV Feeder	START	1620643918621
REQUEST		Get one user	1620643918021	1620643918672	OK	 
REQUEST		Get one user Redirect 1	1620643917442	1620643918683	KO	jsonPath($.data.name).find.is(Ahalya Guneta), but actually found Anwesha Dwivedi
USER	Ramp Up Get Users with CSV Feeder	END	1620643918687
REQUEST		Get one user	1620643918220	1620643918858	OK	 
REQUEST		Get one user Redirect 1	1620643917661	1620643918907	KO	jsonPath($.data.name).find.is(Ahalya Guneta), but actually found Anwesha Dwivedi
USER	Ramp Up Get Users with CSV Feeder	END	1620643918909
REQUEST		Get one user	1620643918421	1620643919045	OK	 
REQUEST		Get one user Redirect 1	1620643917857	1620643919132	KO	jsonPath($.data.name).find.is(Ahalya Guneta), but actually found Anwesha Dwivedi
USER	Ramp Up Get Users with CSV Feeder	END	1620643919134
REQUEST		Get one user	1620643918622	1620643919257	OK	 
REQUEST		Get one user Redirect 1	1620643918058	1620643919333	KO	jsonPath($.data.name).find.is(Ahalya Guneta), but actually found Anwesha Dwivedi
USER	Ramp Up Get Users with CSV Feeder	END	1620643919337
REQUEST		Get one user Redirect 1	1620643918264	1620643919568	KO	jsonPath($.data.name).find.is(Ahalya Guneta), but actually found Anwesha Dwivedi
USER	Ramp Up Get Users with CSV Feeder	END	1620643919571
REQUEST		Get one user Redirect 1	1620643918461	1620643919732	KO	jsonPath($.data.name).find.is(Ahalya Guneta), but actually found Anwesha Dwivedi
USER	Ramp Up Get Users with CSV Feeder	END	1620643919735
REQUEST		Get one user Redirect 1	1620643918673	1620643919966	KO	jsonPath($.data.name).find.is(Ahalya Guneta), but actually found Anwesha Dwivedi
USER	Ramp Up Get Users with CSV Feeder	END	1620643919969
REQUEST		Get one user Redirect 1	1620643918859	1620643920128	KO	jsonPath($.data.name).find.is(Ahalya Guneta), but actually found Anwesha Dwivedi
USER	Ramp Up Get Users with CSV Feeder	END	1620643920130
REQUEST		Get one user Redirect 1	1620643919046	1620643920297	KO	jsonPath($.data.name).find.is(Ahalya Guneta), but actually found Anwesha Dwivedi
USER	Ramp Up Get Users with CSV Feeder	END	1620643920300
REQUEST		Get one user Redirect 1	1620643919258	1620643920575	KO	jsonPath($.data.name).find.is(Ahalya Guneta), but actually found Anwesha Dwivedi
USER	Ramp Up Get Users with CSV Feeder	END	1620643920578
