RUN	simulations.RampUpLoadSimulation	rampuploadsimulation	1620318732271	 	3.5.1
USER	Ramp Up Get Users with CSV Feeder	START	1620318738663
USER	Ramp Up Get Users with CSV Feeder	START	1620318738758
USER	Ramp Up Get Users with CSV Feeder	START	1620318738858
REQUEST		Get one user	1620318738760	1620318738924	OK	 
REQUEST		Get one user	1620318738726	1620318738912	OK	 
USER	Ramp Up Get Users with CSV Feeder	START	1620318738961
REQUEST		Get one user	1620318738859	1620318739034	OK	 
USER	Ramp Up Get Users with CSV Feeder	START	1620318739061
REQUEST		Get one user	1620318738963	1620318739145	OK	 
USER	Ramp Up Get Users with CSV Feeder	START	1620318739159
REQUEST		Get one user	1620318739062	1620318739232	OK	 
USER	Ramp Up Get Users with CSV Feeder	START	1620318739263
REQUEST		Get one user	1620318739160	1620318739334	OK	 
REQUEST		Get one user Redirect 1	1620318738926	1620318739296	OK	 
REQUEST		Get one user Redirect 1	1620318738926	1620318739355	OK	 
USER	Ramp Up Get Users with CSV Feeder	START	1620318739362
USER	Ramp Up Get Users with CSV Feeder	END	1620318739364
USER	Ramp Up Get Users with CSV Feeder	END	1620318739364
REQUEST		Get one user Redirect 1	1620318739035	1620318739411	OK	 
USER	Ramp Up Get Users with CSV Feeder	END	1620318739413
REQUEST		Get one user	1620318739264	1620318739426	OK	 
USER	Ramp Up Get Users with CSV Feeder	START	1620318739461
REQUEST		Get one user	1620318739363	1620318739528	OK	 
REQUEST		Get one user Redirect 1	1620318739146	1620318739533	OK	 
USER	Ramp Up Get Users with CSV Feeder	END	1620318739535
USER	Ramp Up Get Users with CSV Feeder	START	1620318739565
REQUEST		Get one user Redirect 1	1620318739232	1620318739596	OK	 
USER	Ramp Up Get Users with CSV Feeder	END	1620318739598
REQUEST		Get one user	1620318739462	1620318739629	OK	 
USER	Ramp Up Get Users with CSV Feeder	START	1620318739664
REQUEST		Get one user Redirect 1	1620318739335	1620318739688	OK	 
USER	Ramp Up Get Users with CSV Feeder	END	1620318739691
REQUEST		Get one user	1620318739566	1620318739744	OK	 
USER	Ramp Up Get Users with CSV Feeder	START	1620318739757
REQUEST		Get one user	1620318739666	1620318739847	OK	 
USER	Ramp Up Get Users with CSV Feeder	START	1620318739857
REQUEST		Get one user Redirect 1	1620318739529	1620318739866	OK	 
USER	Ramp Up Get Users with CSV Feeder	END	1620318739868
REQUEST		Get one user	1620318739759	1620318739929	OK	 
USER	Ramp Up Get Users with CSV Feeder	START	1620318739959
REQUEST		Get one user Redirect 1	1620318739630	1620318739978	OK	 
USER	Ramp Up Get Users with CSV Feeder	END	1620318739980
REQUEST		Get one user	1620318739859	1620318740027	OK	 
USER	Ramp Up Get Users with CSV Feeder	START	1620318740059
REQUEST		Get one user Redirect 1	1620318739427	1620318740067	OK	 
USER	Ramp Up Get Users with CSV Feeder	END	1620318740069
REQUEST		Get one user	1620318739960	1620318740139	OK	 
USER	Ramp Up Get Users with CSV Feeder	START	1620318740158
REQUEST		Get one user Redirect 1	1620318739744	1620318740159	OK	 
USER	Ramp Up Get Users with CSV Feeder	END	1620318740160
REQUEST		Get one user Redirect 1	1620318739848	1620318740204	OK	 
USER	Ramp Up Get Users with CSV Feeder	END	1620318740206
REQUEST		Get one user	1620318740060	1620318740236	OK	 
USER	Ramp Up Get Users with CSV Feeder	START	1620318740259
REQUEST		Get one user Redirect 1	1620318739929	1620318740300	OK	 
USER	Ramp Up Get Users with CSV Feeder	END	1620318740302
REQUEST		Get one user	1620318740159	1620318740327	OK	 
USER	Ramp Up Get Users with CSV Feeder	START	1620318740358
REQUEST		Get one user Redirect 1	1620318740028	1620318740389	OK	 
USER	Ramp Up Get Users with CSV Feeder	END	1620318740391
REQUEST		Get one user	1620318740260	1620318740425	OK	 
USER	Ramp Up Get Users with CSV Feeder	START	1620318740459
REQUEST		Get one user Redirect 1	1620318740140	1620318740484	OK	 
USER	Ramp Up Get Users with CSV Feeder	END	1620318740485
USER	Ramp Up Get Users with CSV Feeder	START	1620318740558
REQUEST		Get one user	1620318740359	1620318740564	OK	 
REQUEST		Get one user Redirect 1	1620318740237	1620318740583	OK	 
USER	Ramp Up Get Users with CSV Feeder	END	1620318740584
REQUEST		Get one user	1620318740460	1620318740656	OK	 
USER	Ramp Up Get Users with CSV Feeder	START	1620318740657
REQUEST		Get one user Redirect 1	1620318740328	1620318740691	OK	 
USER	Ramp Up Get Users with CSV Feeder	END	1620318740693
REQUEST		Get one user	1620318740559	1620318740729	OK	 
USER	Ramp Up Get Users with CSV Feeder	START	1620318740757
REQUEST		Get one user Redirect 1	1620318740426	1620318740778	OK	 
USER	Ramp Up Get Users with CSV Feeder	END	1620318740780
REQUEST		Get one user	1620318740658	1620318740838	OK	 
USER	Ramp Up Get Users with CSV Feeder	START	1620318740857
REQUEST		Get one user	1620318740758	1620318740932	OK	 
REQUEST		Get one user Redirect 1	1620318740564	1620318740947	OK	 
USER	Ramp Up Get Users with CSV Feeder	END	1620318740949
USER	Ramp Up Get Users with CSV Feeder	START	1620318740958
REQUEST		Get one user Redirect 1	1620318740656	1620318741026	OK	 
USER	Ramp Up Get Users with CSV Feeder	END	1620318741028
REQUEST		Get one user	1620318740858	1620318741031	OK	 
USER	Ramp Up Get Users with CSV Feeder	START	1620318741058
REQUEST		Get one user Redirect 1	1620318740730	1620318741092	OK	 
USER	Ramp Up Get Users with CSV Feeder	END	1620318741094
REQUEST		Get one user	1620318740959	1620318741125	OK	 
USER	Ramp Up Get Users with CSV Feeder	START	1620318741157
REQUEST		Get one user Redirect 1	1620318740839	1620318741210	OK	 
USER	Ramp Up Get Users with CSV Feeder	END	1620318741212
REQUEST		Get one user	1620318741059	1620318741233	OK	 
USER	Ramp Up Get Users with CSV Feeder	START	1620318741257
REQUEST		Get one user Redirect 1	1620318740932	1620318741273	OK	 
USER	Ramp Up Get Users with CSV Feeder	END	1620318741275
REQUEST		Get one user	1620318741158	1620318741324	OK	 
USER	Ramp Up Get Users with CSV Feeder	START	1620318741359
REQUEST		Get one user Redirect 1	1620318741031	1620318741373	OK	 
USER	Ramp Up Get Users with CSV Feeder	END	1620318741375
REQUEST		Get one user	1620318741259	1620318741442	OK	 
USER	Ramp Up Get Users with CSV Feeder	START	1620318741459
REQUEST		Get one user Redirect 1	1620318741126	1620318741498	OK	 
USER	Ramp Up Get Users with CSV Feeder	END	1620318741499
REQUEST		Get one user	1620318741360	1620318741543	OK	 
USER	Ramp Up Get Users with CSV Feeder	START	1620318741557
REQUEST		Get one user Redirect 1	1620318741234	1620318741588	OK	 
USER	Ramp Up Get Users with CSV Feeder	END	1620318741590
REQUEST		Get one user	1620318741460	1620318741630	OK	 
USER	Ramp Up Get Users with CSV Feeder	START	1620318741657
REQUEST		Get one user Redirect 1	1620318741325	1620318741691	OK	 
USER	Ramp Up Get Users with CSV Feeder	END	1620318741693
REQUEST		Get one user	1620318741558	1620318741728	OK	 
USER	Ramp Up Get Users with CSV Feeder	START	1620318741758
REQUEST		Get one user Redirect 1	1620318741443	1620318741808	OK	 
USER	Ramp Up Get Users with CSV Feeder	END	1620318741809
REQUEST		Get one user	1620318741658	1620318741832	OK	 
USER	Ramp Up Get Users with CSV Feeder	START	1620318741858
REQUEST		Get one user Redirect 1	1620318741543	1620318741884	OK	 
USER	Ramp Up Get Users with CSV Feeder	END	1620318741886
REQUEST		Get one user	1620318741759	1620318741924	OK	 
USER	Ramp Up Get Users with CSV Feeder	START	1620318741957
REQUEST		Get one user Redirect 1	1620318741631	1620318741997	OK	 
USER	Ramp Up Get Users with CSV Feeder	END	1620318741999
REQUEST		Get one user	1620318741859	1620318742029	OK	 
USER	Ramp Up Get Users with CSV Feeder	START	1620318742058
REQUEST		Get one user Redirect 1	1620318741728	1620318742092	OK	 
USER	Ramp Up Get Users with CSV Feeder	END	1620318742094
REQUEST		Get one user	1620318741958	1620318742129	OK	 
USER	Ramp Up Get Users with CSV Feeder	START	1620318742159
REQUEST		Get one user Redirect 1	1620318741833	1620318742191	OK	 
USER	Ramp Up Get Users with CSV Feeder	END	1620318742193
REQUEST		Get one user	1620318742059	1620318742227	OK	 
USER	Ramp Up Get Users with CSV Feeder	START	1620318742258
REQUEST		Get one user Redirect 1	1620318741925	1620318742276	OK	 
USER	Ramp Up Get Users with CSV Feeder	END	1620318742278
REQUEST		Get one user	1620318742159	1620318742317	OK	 
USER	Ramp Up Get Users with CSV Feeder	START	1620318742359
REQUEST		Get one user Redirect 1	1620318742030	1620318742376	OK	 
USER	Ramp Up Get Users with CSV Feeder	END	1620318742377
REQUEST		Get one user	1620318742259	1620318742424	OK	 
USER	Ramp Up Get Users with CSV Feeder	START	1620318742457
REQUEST		Get one user Redirect 1	1620318742129	1620318742470	OK	 
USER	Ramp Up Get Users with CSV Feeder	END	1620318742472
REQUEST		Get one user	1620318742360	1620318742537	OK	 
REQUEST		Get one user Redirect 1	1620318742228	1620318742558	OK	 
USER	Ramp Up Get Users with CSV Feeder	END	1620318742559
USER	Ramp Up Get Users with CSV Feeder	START	1620318742560
REQUEST		Get one user	1620318742458	1620318742627	OK	 
USER	Ramp Up Get Users with CSV Feeder	START	1620318742659
REQUEST		Get one user Redirect 1	1620318742317	1620318742663	OK	 
USER	Ramp Up Get Users with CSV Feeder	END	1620318742664
REQUEST		Get one user	1620318742561	1620318742724	OK	 
USER	Ramp Up Get Users with CSV Feeder	START	1620318742757
REQUEST		Get one user Redirect 1	1620318742425	1620318742773	OK	 
USER	Ramp Up Get Users with CSV Feeder	END	1620318742775
REQUEST		Get one user	1620318742659	1620318742834	OK	 
USER	Ramp Up Get Users with CSV Feeder	START	1620318742858
REQUEST		Get one user Redirect 1	1620318742537	1620318742894	OK	 
USER	Ramp Up Get Users with CSV Feeder	END	1620318742895
REQUEST		Get one user	1620318742758	1620318742928	OK	 
USER	Ramp Up Get Users with CSV Feeder	START	1620318742957
REQUEST		Get one user Redirect 1	1620318742628	1620318742982	OK	 
USER	Ramp Up Get Users with CSV Feeder	END	1620318742984
REQUEST		Get one user	1620318742859	1620318743021	OK	 
USER	Ramp Up Get Users with CSV Feeder	START	1620318743058
REQUEST		Get one user Redirect 1	1620318742725	1620318743072	OK	 
USER	Ramp Up Get Users with CSV Feeder	END	1620318743074
REQUEST		Get one user	1620318742958	1620318743125	OK	 
USER	Ramp Up Get Users with CSV Feeder	START	1620318743158
REQUEST		Get one user Redirect 1	1620318742835	1620318743219	OK	 
USER	Ramp Up Get Users with CSV Feeder	END	1620318743221
REQUEST		Get one user	1620318743059	1620318743227	OK	 
USER	Ramp Up Get Users with CSV Feeder	START	1620318743258
REQUEST		Get one user Redirect 1	1620318742929	1620318743284	OK	 
USER	Ramp Up Get Users with CSV Feeder	END	1620318743285
REQUEST		Get one user	1620318743159	1620318743328	OK	 
USER	Ramp Up Get Users with CSV Feeder	START	1620318743357
REQUEST		Get one user Redirect 1	1620318743022	1620318743375	OK	 
USER	Ramp Up Get Users with CSV Feeder	END	1620318743377
REQUEST		Get one user	1620318743259	1620318743430	OK	 
USER	Ramp Up Get Users with CSV Feeder	START	1620318743457
REQUEST		Get one user Redirect 1	1620318743125	1620318743478	OK	 
USER	Ramp Up Get Users with CSV Feeder	END	1620318743480
REQUEST		Get one user	1620318743358	1620318743533	OK	 
USER	Ramp Up Get Users with CSV Feeder	START	1620318743559
REQUEST		Get one user Redirect 1	1620318743227	1620318743563	OK	 
USER	Ramp Up Get Users with CSV Feeder	END	1620318743565
REQUEST		Get one user	1620318743458	1620318743625	OK	 
USER	Ramp Up Get Users with CSV Feeder	START	1620318743658
REQUEST		Get one user Redirect 1	1620318743328	1620318743682	OK	 
USER	Ramp Up Get Users with CSV Feeder	END	1620318743683
REQUEST		Get one user	1620318743560	1620318743717	OK	 
USER	Ramp Up Get Users with CSV Feeder	START	1620318743757
REQUEST		Get one user Redirect 1	1620318743430	1620318743785	OK	 
USER	Ramp Up Get Users with CSV Feeder	END	1620318743787
REQUEST		Get one user	1620318743658	1620318743833	OK	 
USER	Ramp Up Get Users with CSV Feeder	START	1620318743857
REQUEST		Get one user Redirect 1	1620318743533	1620318743878	OK	 
USER	Ramp Up Get Users with CSV Feeder	END	1620318743880
REQUEST		Get one user	1620318743758	1620318743925	OK	 
USER	Ramp Up Get Users with CSV Feeder	START	1620318743958
REQUEST		Get one user Redirect 1	1620318743625	1620318743980	OK	 
USER	Ramp Up Get Users with CSV Feeder	END	1620318743981
REQUEST		Get one user	1620318743858	1620318744044	OK	 
USER	Ramp Up Get Users with CSV Feeder	START	1620318744058
REQUEST		Get one user Redirect 1	1620318743718	1620318744079	OK	 
USER	Ramp Up Get Users with CSV Feeder	END	1620318744081
REQUEST		Get one user	1620318743959	1620318744126	OK	 
USER	Ramp Up Get Users with CSV Feeder	START	1620318744157
REQUEST		Get one user Redirect 1	1620318743834	1620318744200	OK	 
USER	Ramp Up Get Users with CSV Feeder	END	1620318744202
REQUEST		Get one user	1620318744058	1620318744232	OK	 
USER	Ramp Up Get Users with CSV Feeder	START	1620318744258
REQUEST		Get one user Redirect 1	1620318743925	1620318744279	OK	 
USER	Ramp Up Get Users with CSV Feeder	END	1620318744280
REQUEST		Get one user	1620318744158	1620318744335	OK	 
USER	Ramp Up Get Users with CSV Feeder	START	1620318744359
REQUEST		Get one user Redirect 1	1620318744045	1620318744410	OK	 
USER	Ramp Up Get Users with CSV Feeder	END	1620318744411
REQUEST		Get one user	1620318744259	1620318744439	OK	 
USER	Ramp Up Get Users with CSV Feeder	START	1620318744458
REQUEST		Get one user Redirect 1	1620318744127	1620318744478	OK	 
USER	Ramp Up Get Users with CSV Feeder	END	1620318744480
REQUEST		Get one user	1620318744359	1620318744538	OK	 
USER	Ramp Up Get Users with CSV Feeder	START	1620318744560
REQUEST		Get one user Redirect 1	1620318744233	1620318744583	OK	 
USER	Ramp Up Get Users with CSV Feeder	END	1620318744584
REQUEST		Get one user	1620318744459	1620318744625	OK	 
USER	Ramp Up Get Users with CSV Feeder	START	1620318744658
REQUEST		Get one user Redirect 1	1620318744335	1620318744684	OK	 
USER	Ramp Up Get Users with CSV Feeder	END	1620318744686
REQUEST		Get one user	1620318744560	1620318744729	OK	 
USER	Ramp Up Get Users with CSV Feeder	START	1620318744757
REQUEST		Get one user Redirect 1	1620318744439	1620318744795	OK	 
USER	Ramp Up Get Users with CSV Feeder	END	1620318744796
REQUEST		Get one user	1620318744659	1620318744851	OK	 
USER	Ramp Up Get Users with CSV Feeder	START	1620318744858
REQUEST		Get one user Redirect 1	1620318744539	1620318744881	OK	 
USER	Ramp Up Get Users with CSV Feeder	END	1620318744882
REQUEST		Get one user	1620318744758	1620318744939	OK	 
USER	Ramp Up Get Users with CSV Feeder	START	1620318744957
REQUEST		Get one user Redirect 1	1620318744625	1620318744967	OK	 
USER	Ramp Up Get Users with CSV Feeder	END	1620318744968
REQUEST		Get one user	1620318744858	1620318745034	OK	 
USER	Ramp Up Get Users with CSV Feeder	START	1620318745057
REQUEST		Get one user Redirect 1	1620318744729	1620318745063	OK	 
USER	Ramp Up Get Users with CSV Feeder	END	1620318745064
REQUEST		Get one user	1620318744958	1620318745127	OK	 
USER	Ramp Up Get Users with CSV Feeder	START	1620318745158
REQUEST		Get one user	1620318745058	1620318745225	OK	 
REQUEST		Get one user Redirect 1	1620318744851	1620318745226	OK	 
USER	Ramp Up Get Users with CSV Feeder	END	1620318745227
USER	Ramp Up Get Users with CSV Feeder	START	1620318745259
REQUEST		Get one user Redirect 1	1620318744940	1620318745303	OK	 
USER	Ramp Up Get Users with CSV Feeder	END	1620318745306
REQUEST		Get one user	1620318745159	1620318745322	OK	 
USER	Ramp Up Get Users with CSV Feeder	START	1620318745358
REQUEST		Get one user Redirect 1	1620318745035	1620318745396	OK	 
USER	Ramp Up Get Users with CSV Feeder	END	1620318745398
REQUEST		Get one user	1620318745260	1620318745436	OK	 
USER	Ramp Up Get Users with CSV Feeder	START	1620318745460
REQUEST		Get one user Redirect 1	1620318745128	1620318745478	OK	 
USER	Ramp Up Get Users with CSV Feeder	END	1620318745480
REQUEST		Get one user	1620318745359	1620318745529	OK	 
USER	Ramp Up Get Users with CSV Feeder	START	1620318745557
REQUEST		Get one user Redirect 1	1620318745226	1620318745574	OK	 
USER	Ramp Up Get Users with CSV Feeder	END	1620318745576
REQUEST		Get one user	1620318745461	1620318745629	OK	 
USER	Ramp Up Get Users with CSV Feeder	START	1620318745659
REQUEST		Get one user Redirect 1	1620318745323	1620318745676	OK	 
USER	Ramp Up Get Users with CSV Feeder	END	1620318745678
REQUEST		Get one user	1620318745558	1620318745719	OK	 
USER	Ramp Up Get Users with CSV Feeder	START	1620318745758
REQUEST		Get one user Redirect 1	1620318745437	1620318745785	OK	 
USER	Ramp Up Get Users with CSV Feeder	END	1620318745787
REQUEST		Get one user	1620318745660	1620318745833	OK	 
USER	Ramp Up Get Users with CSV Feeder	START	1620318745858
REQUEST		Get one user Redirect 1	1620318745530	1620318745876	OK	 
USER	Ramp Up Get Users with CSV Feeder	END	1620318745877
REQUEST		Get one user	1620318745759	1620318745928	OK	 
USER	Ramp Up Get Users with CSV Feeder	START	1620318745958
REQUEST		Get one user Redirect 1	1620318745629	1620318745990	OK	 
USER	Ramp Up Get Users with CSV Feeder	END	1620318745992
REQUEST		Get one user	1620318745858	1620318746055	OK	 
USER	Ramp Up Get Users with CSV Feeder	START	1620318746057
REQUEST		Get one user Redirect 1	1620318745719	1620318746058	OK	 
USER	Ramp Up Get Users with CSV Feeder	END	1620318746059
REQUEST		Get one user	1620318745958	1620318746130	OK	 
USER	Ramp Up Get Users with CSV Feeder	START	1620318746158
REQUEST		Get one user Redirect 1	1620318745834	1620318746203	OK	 
USER	Ramp Up Get Users with CSV Feeder	END	1620318746204
REQUEST		Get one user	1620318746057	1620318746235	OK	 
USER	Ramp Up Get Users with CSV Feeder	START	1620318746258
REQUEST		Get one user Redirect 1	1620318745928	1620318746280	OK	 
USER	Ramp Up Get Users with CSV Feeder	END	1620318746281
REQUEST		Get one user	1620318746159	1620318746333	OK	 
USER	Ramp Up Get Users with CSV Feeder	START	1620318746358
REQUEST		Get one user Redirect 1	1620318746055	1620318746417	OK	 
USER	Ramp Up Get Users with CSV Feeder	END	1620318746418
REQUEST		Get one user	1620318746259	1620318746432	OK	 
USER	Ramp Up Get Users with CSV Feeder	START	1620318746458
REQUEST		Get one user Redirect 1	1620318746130	1620318746485	OK	 
USER	Ramp Up Get Users with CSV Feeder	END	1620318746486
REQUEST		Get one user	1620318746359	1620318746529	OK	 
USER	Ramp Up Get Users with CSV Feeder	START	1620318746558
REQUEST		Get one user Redirect 1	1620318746235	1620318746568	OK	 
USER	Ramp Up Get Users with CSV Feeder	END	1620318746569
REQUEST		Get one user	1620318746458	1620318746645	OK	 
USER	Ramp Up Get Users with CSV Feeder	START	1620318746658
REQUEST		Get one user Redirect 1	1620318746333	1620318746682	OK	 
USER	Ramp Up Get Users with CSV Feeder	END	1620318746683
REQUEST		Get one user	1620318746559	1620318746736	OK	 
USER	Ramp Up Get Users with CSV Feeder	START	1620318746759
REQUEST		Get one user Redirect 1	1620318746433	1620318746775	OK	 
USER	Ramp Up Get Users with CSV Feeder	END	1620318746776
REQUEST		Get one user	1620318746659	1620318746824	OK	 
USER	Ramp Up Get Users with CSV Feeder	START	1620318746857
REQUEST		Get one user Redirect 1	1620318746529	1620318746876	OK	 
USER	Ramp Up Get Users with CSV Feeder	END	1620318746878
REQUEST		Get one user	1620318746759	1620318746927	OK	 
USER	Ramp Up Get Users with CSV Feeder	START	1620318746957
REQUEST		Get one user Redirect 1	1620318746646	1620318746988	OK	 
USER	Ramp Up Get Users with CSV Feeder	END	1620318746989
REQUEST		Get one user	1620318746858	1620318747037	OK	 
USER	Ramp Up Get Users with CSV Feeder	START	1620318747058
REQUEST		Get one user Redirect 1	1620318746736	1620318747066	OK	 
USER	Ramp Up Get Users with CSV Feeder	END	1620318747068
REQUEST		Get one user	1620318746958	1620318747122	OK	 
USER	Ramp Up Get Users with CSV Feeder	START	1620318747158
REQUEST		Get one user Redirect 1	1620318746825	1620318747180	OK	 
USER	Ramp Up Get Users with CSV Feeder	END	1620318747181
REQUEST		Get one user	1620318747059	1620318747233	OK	 
USER	Ramp Up Get Users with CSV Feeder	START	1620318747256
REQUEST		Get one user Redirect 1	1620318746927	1620318747282	OK	 
USER	Ramp Up Get Users with CSV Feeder	END	1620318747284
REQUEST		Get one user	1620318747158	1620318747326	OK	 
USER	Ramp Up Get Users with CSV Feeder	START	1620318747357
REQUEST		Get one user Redirect 1	1620318747037	1620318747378	OK	 
USER	Ramp Up Get Users with CSV Feeder	END	1620318747379
REQUEST		Get one user	1620318747257	1620318747432	OK	 
REQUEST		Get one user Redirect 1	1620318747122	1620318747448	OK	 
USER	Ramp Up Get Users with CSV Feeder	END	1620318747449
USER	Ramp Up Get Users with CSV Feeder	START	1620318747459
REQUEST		Get one user	1620318747358	1620318747537	OK	 
USER	Ramp Up Get Users with CSV Feeder	START	1620318747558
REQUEST		Get one user Redirect 1	1620318747234	1620318747580	OK	 
USER	Ramp Up Get Users with CSV Feeder	END	1620318747581
REQUEST		Get one user	1620318747459	1620318747633	OK	 
REQUEST		Get one user Redirect 1	1620318747326	1620318747648	OK	 
USER	Ramp Up Get Users with CSV Feeder	END	1620318747650
USER	Ramp Up Get Users with CSV Feeder	START	1620318747657
REQUEST		Get one user	1620318747559	1620318747735	OK	 
USER	Ramp Up Get Users with CSV Feeder	START	1620318747757
REQUEST		Get one user Redirect 1	1620318747432	1620318747792	OK	 
USER	Ramp Up Get Users with CSV Feeder	END	1620318747793
REQUEST		Get one user	1620318747658	1620318747827	OK	 
USER	Ramp Up Get Users with CSV Feeder	START	1620318747858
REQUEST		Get one user Redirect 1	1620318747538	1620318747898	OK	 
USER	Ramp Up Get Users with CSV Feeder	END	1620318747900
REQUEST		Get one user	1620318747758	1620318747923	OK	 
USER	Ramp Up Get Users with CSV Feeder	START	1620318747957
REQUEST		Get one user Redirect 1	1620318747633	1620318747983	OK	 
USER	Ramp Up Get Users with CSV Feeder	END	1620318747984
USER	Ramp Up Get Users with CSV Feeder	START	1620318748058
REQUEST		Get one user	1620318747859	1620318748058	OK	 
REQUEST		Get one user Redirect 1	1620318747736	1620318748074	OK	 
USER	Ramp Up Get Users with CSV Feeder	END	1620318748075
REQUEST		Get one user	1620318747958	1620318748141	OK	 
USER	Ramp Up Get Users with CSV Feeder	START	1620318748157
REQUEST		Get one user Redirect 1	1620318747827	1620318748178	OK	 
USER	Ramp Up Get Users with CSV Feeder	END	1620318748179
REQUEST		Get one user	1620318748059	1620318748232	OK	 
USER	Ramp Up Get Users with CSV Feeder	START	1620318748257
REQUEST		Get one user Redirect 1	1620318747924	1620318748258	OK	 
USER	Ramp Up Get Users with CSV Feeder	END	1620318748260
REQUEST		Get one user	1620318748158	1620318748325	OK	 
USER	Ramp Up Get Users with CSV Feeder	START	1620318748357
REQUEST		Get one user Redirect 1	1620318748059	1620318748400	OK	 
USER	Ramp Up Get Users with CSV Feeder	END	1620318748402
REQUEST		Get one user	1620318748258	1620318748430	OK	 
USER	Ramp Up Get Users with CSV Feeder	START	1620318748458
REQUEST		Get one user Redirect 1	1620318748141	1620318748480	OK	 
USER	Ramp Up Get Users with CSV Feeder	END	1620318748482
REQUEST		Get one user	1620318748358	1620318748530	OK	 
USER	Ramp Up Get Users with CSV Feeder	START	1620318748557
REQUEST		Get one user Redirect 1	1620318748233	1620318748579	OK	 
USER	Ramp Up Get Users with CSV Feeder	END	1620318748580
REQUEST		Get one user	1620318748458	1620318748639	OK	 
USER	Ramp Up Get Users with CSV Feeder	START	1620318748657
REQUEST		Get one user Redirect 1	1620318748326	1620318748674	OK	 
USER	Ramp Up Get Users with CSV Feeder	END	1620318748675
REQUEST		Get one user	1620318748558	1620318748741	OK	 
REQUEST		Get one user Redirect 1	1620318748431	1620318748767	OK	 
USER	Ramp Up Get Users with CSV Feeder	END	1620318748768
REQUEST		Get one user	1620318748658	1620318748831	OK	 
REQUEST		Get one user Redirect 1	1620318748530	1620318748878	OK	 
USER	Ramp Up Get Users with CSV Feeder	END	1620318748879
REQUEST		Get one user Redirect 1	1620318748742	1620318749078	OK	 
USER	Ramp Up Get Users with CSV Feeder	END	1620318749079
REQUEST		Get one user Redirect 1	1620318748639	1620318749183	OK	 
USER	Ramp Up Get Users with CSV Feeder	END	1620318749184
REQUEST		Get one user Redirect 1	1620318748832	1620318749235	OK	 
USER	Ramp Up Get Users with CSV Feeder	END	1620318749236
USER	Ramp Up Get Users with CSV Feeder	START	1620318749657
REQUEST		Get one user	1620318749658	1620318749829	OK	 
REQUEST		Get one user Redirect 1	1620318749829	1620318750158	OK	 
USER	Ramp Up Get Users with CSV Feeder	END	1620318750159
USER	Ramp Up Get Users with CSV Feeder	START	1620318750657
REQUEST		Get one user	1620318750658	1620318750838	OK	 
REQUEST		Get one user Redirect 1	1620318750839	1620318751189	OK	 
USER	Ramp Up Get Users with CSV Feeder	END	1620318751191
USER	Ramp Up Get Users with CSV Feeder	START	1620318751657
REQUEST		Get one user	1620318751658	1620318751832	OK	 
USER	Ramp Up Get Users with CSV Feeder	START	1620318752157
REQUEST		Get one user Redirect 1	1620318751832	1620318752201	OK	 
USER	Ramp Up Get Users with CSV Feeder	END	1620318752202
REQUEST		Get one user	1620318752157	1620318752339	OK	 
USER	Ramp Up Get Users with CSV Feeder	START	1620318752657
REQUEST		Get one user Redirect 1	1620318752339	1620318752703	OK	 
USER	Ramp Up Get Users with CSV Feeder	END	1620318752704
REQUEST		Get one user	1620318752658	1620318752820	OK	 
USER	Ramp Up Get Users with CSV Feeder	START	1620318753159
REQUEST		Get one user Redirect 1	1620318752820	1620318753178	OK	 
USER	Ramp Up Get Users with CSV Feeder	END	1620318753179
REQUEST		Get one user	1620318753160	1620318753323	OK	 
USER	Ramp Up Get Users with CSV Feeder	START	1620318753658
REQUEST		Get one user Redirect 1	1620318753324	1620318753689	OK	 
USER	Ramp Up Get Users with CSV Feeder	END	1620318753690
REQUEST		Get one user	1620318753659	1620318753835	OK	 
USER	Ramp Up Get Users with CSV Feeder	START	1620318754159
REQUEST		Get one user Redirect 1	1620318753835	1620318754196	OK	 
USER	Ramp Up Get Users with CSV Feeder	END	1620318754198
REQUEST		Get one user	1620318754159	1620318754341	OK	 
USER	Ramp Up Get Users with CSV Feeder	START	1620318754658
REQUEST		Get one user Redirect 1	1620318754341	1620318754717	OK	 
USER	Ramp Up Get Users with CSV Feeder	END	1620318754719
REQUEST		Get one user	1620318754658	1620318754825	OK	 
USER	Ramp Up Get Users with CSV Feeder	START	1620318755157
REQUEST		Get one user Redirect 1	1620318754825	1620318755200	OK	 
USER	Ramp Up Get Users with CSV Feeder	END	1620318755201
REQUEST		Get one user	1620318755158	1620318755332	OK	 
USER	Ramp Up Get Users with CSV Feeder	START	1620318755657
REQUEST		Get one user Redirect 1	1620318755332	1620318755683	OK	 
USER	Ramp Up Get Users with CSV Feeder	END	1620318755684
REQUEST		Get one user	1620318755658	1620318755832	OK	 
USER	Ramp Up Get Users with CSV Feeder	START	1620318755990
REQUEST		Get one user	1620318755991	1620318756164	OK	 
REQUEST		Get one user Redirect 1	1620318755833	1620318756186	OK	 
USER	Ramp Up Get Users with CSV Feeder	END	1620318756187
USER	Ramp Up Get Users with CSV Feeder	START	1620318756324
REQUEST		Get one user	1620318756325	1620318756505	OK	 
REQUEST		Get one user Redirect 1	1620318756165	1620318756523	OK	 
USER	Ramp Up Get Users with CSV Feeder	END	1620318756524
USER	Ramp Up Get Users with CSV Feeder	START	1620318756657
REQUEST		Get one user	1620318756658	1620318756832	OK	 
REQUEST		Get one user Redirect 1	1620318756505	1620318756851	OK	 
USER	Ramp Up Get Users with CSV Feeder	END	1620318756852
USER	Ramp Up Get Users with CSV Feeder	START	1620318756990
REQUEST		Get one user	1620318756991	1620318757159	OK	 
REQUEST		Get one user Redirect 1	1620318756832	1620318757182	OK	 
USER	Ramp Up Get Users with CSV Feeder	END	1620318757183
USER	Ramp Up Get Users with CSV Feeder	START	1620318757324
REQUEST		Get one user	1620318757325	1620318757493	OK	 
REQUEST		Get one user Redirect 1	1620318757160	1620318757536	OK	 
USER	Ramp Up Get Users with CSV Feeder	END	1620318757537
USER	Ramp Up Get Users with CSV Feeder	START	1620318757658
REQUEST		Get one user	1620318757659	1620318757820	OK	 
REQUEST		Get one user Redirect 1	1620318757493	1620318757835	OK	 
USER	Ramp Up Get Users with CSV Feeder	END	1620318757837
USER	Ramp Up Get Users with CSV Feeder	START	1620318757991
REQUEST		Get one user	1620318757992	1620318758170	OK	 
REQUEST		Get one user Redirect 1	1620318757821	1620318758182	OK	 
USER	Ramp Up Get Users with CSV Feeder	END	1620318758184
USER	Ramp Up Get Users with CSV Feeder	START	1620318758323
REQUEST		Get one user	1620318758324	1620318758498	OK	 
REQUEST		Get one user Redirect 1	1620318758170	1620318758518	OK	 
USER	Ramp Up Get Users with CSV Feeder	END	1620318758519
USER	Ramp Up Get Users with CSV Feeder	START	1620318758658
REQUEST		Get one user	1620318758658	1620318758839	OK	 
REQUEST		Get one user Redirect 1	1620318758498	1620318758846	OK	 
USER	Ramp Up Get Users with CSV Feeder	END	1620318758847
USER	Ramp Up Get Users with CSV Feeder	START	1620318758988
REQUEST		Get one user	1620318758988	1620318759157	OK	 
REQUEST		Get one user Redirect 1	1620318758840	1620318759200	OK	 
USER	Ramp Up Get Users with CSV Feeder	END	1620318759201
USER	Ramp Up Get Users with CSV Feeder	START	1620318759324
REQUEST		Get one user	1620318759325	1620318759495	OK	 
REQUEST		Get one user Redirect 1	1620318759158	1620318759528	OK	 
USER	Ramp Up Get Users with CSV Feeder	END	1620318759530
USER	Ramp Up Get Users with CSV Feeder	START	1620318759658
REQUEST		Get one user	1620318759659	1620318759831	OK	 
REQUEST		Get one user Redirect 1	1620318759495	1620318759835	OK	 
USER	Ramp Up Get Users with CSV Feeder	END	1620318759837
USER	Ramp Up Get Users with CSV Feeder	START	1620318759991
REQUEST		Get one user	1620318759992	1620318760162	OK	 
REQUEST		Get one user Redirect 1	1620318759832	1620318760208	OK	 
USER	Ramp Up Get Users with CSV Feeder	END	1620318760209
USER	Ramp Up Get Users with CSV Feeder	START	1620318760326
REQUEST		Get one user	1620318760327	1620318760494	OK	 
REQUEST		Get one user Redirect 1	1620318760163	1620318760531	OK	 
USER	Ramp Up Get Users with CSV Feeder	END	1620318760532
USER	Ramp Up Get Users with CSV Feeder	START	1620318760657
REQUEST		Get one user Redirect 1	1620318760494	1620318760822	OK	 
USER	Ramp Up Get Users with CSV Feeder	END	1620318760824
REQUEST		Get one user	1620318760657	1620318760825	OK	 
USER	Ramp Up Get Users with CSV Feeder	START	1620318760991
REQUEST		Get one user	1620318760993	1620318761160	OK	 
REQUEST		Get one user Redirect 1	1620318760825	1620318761167	OK	 
USER	Ramp Up Get Users with CSV Feeder	END	1620318761169
USER	Ramp Up Get Users with CSV Feeder	START	1620318761323
REQUEST		Get one user	1620318761325	1620318761496	OK	 
REQUEST		Get one user Redirect 1	1620318761161	1620318761527	OK	 
USER	Ramp Up Get Users with CSV Feeder	END	1620318761528
USER	Ramp Up Get Users with CSV Feeder	START	1620318761659
REQUEST		Get one user	1620318761660	1620318761829	OK	 
REQUEST		Get one user Redirect 1	1620318761497	1620318761862	OK	 
USER	Ramp Up Get Users with CSV Feeder	END	1620318761864
USER	Ramp Up Get Users with CSV Feeder	START	1620318761907
REQUEST		Get one user	1620318761908	1620318762073	OK	 
USER	Ramp Up Get Users with CSV Feeder	START	1620318762158
REQUEST		Get one user Redirect 1	1620318761830	1620318762180	OK	 
USER	Ramp Up Get Users with CSV Feeder	END	1620318762181
REQUEST		Get one user	1620318762158	1620318762333	OK	 
USER	Ramp Up Get Users with CSV Feeder	START	1620318762408
REQUEST		Get one user Redirect 1	1620318762074	1620318762450	OK	 
USER	Ramp Up Get Users with CSV Feeder	END	1620318762451
REQUEST		Get one user	1620318762408	1620318762579	OK	 
USER	Ramp Up Get Users with CSV Feeder	START	1620318762657
REQUEST		Get one user Redirect 1	1620318762334	1620318762703	OK	 
USER	Ramp Up Get Users with CSV Feeder	END	1620318762705
REQUEST		Get one user	1620318762658	1620318762833	OK	 
USER	Ramp Up Get Users with CSV Feeder	START	1620318762908
REQUEST		Get one user Redirect 1	1620318762579	1620318762909	OK	 
USER	Ramp Up Get Users with CSV Feeder	END	1620318762910
REQUEST		Get one user	1620318762908	1620318763081	OK	 
USER	Ramp Up Get Users with CSV Feeder	START	1620318763157
REQUEST		Get one user Redirect 1	1620318762833	1620318763187	OK	 
USER	Ramp Up Get Users with CSV Feeder	END	1620318763188
REQUEST		Get one user	1620318763158	1620318763325	OK	 
USER	Ramp Up Get Users with CSV Feeder	START	1620318763407
REQUEST		Get one user Redirect 1	1620318763081	1620318763457	OK	 
USER	Ramp Up Get Users with CSV Feeder	END	1620318763458
REQUEST		Get one user	1620318763408	1620318763587	OK	 
USER	Ramp Up Get Users with CSV Feeder	START	1620318763658
REQUEST		Get one user Redirect 1	1620318763325	1620318763678	OK	 
USER	Ramp Up Get Users with CSV Feeder	END	1620318763679
REQUEST		Get one user	1620318763659	1620318763828	OK	 
USER	Ramp Up Get Users with CSV Feeder	START	1620318763908
REQUEST		Get one user Redirect 1	1620318763588	1620318763941	OK	 
USER	Ramp Up Get Users with CSV Feeder	END	1620318763942
REQUEST		Get one user	1620318763908	1620318764075	OK	 
USER	Ramp Up Get Users with CSV Feeder	START	1620318764156
REQUEST		Get one user Redirect 1	1620318763829	1620318764188	OK	 
USER	Ramp Up Get Users with CSV Feeder	END	1620318764189
REQUEST		Get one user	1620318764157	1620318764335	OK	 
USER	Ramp Up Get Users with CSV Feeder	START	1620318764407
REQUEST		Get one user Redirect 1	1620318764075	1620318764422	OK	 
USER	Ramp Up Get Users with CSV Feeder	END	1620318764423
REQUEST		Get one user	1620318764407	1620318764583	OK	 
USER	Ramp Up Get Users with CSV Feeder	START	1620318764659
REQUEST		Get one user Redirect 1	1620318764336	1620318764689	OK	 
USER	Ramp Up Get Users with CSV Feeder	END	1620318764691
REQUEST		Get one user	1620318764659	1620318764825	OK	 
USER	Ramp Up Get Users with CSV Feeder	START	1620318764908
REQUEST		Get one user Redirect 1	1620318764583	1620318764931	OK	 
USER	Ramp Up Get Users with CSV Feeder	END	1620318764932
REQUEST		Get one user	1620318764908	1620318765075	OK	 
USER	Ramp Up Get Users with CSV Feeder	START	1620318765158
REQUEST		Get one user Redirect 1	1620318764826	1620318765169	OK	 
USER	Ramp Up Get Users with CSV Feeder	END	1620318765170
REQUEST		Get one user	1620318765158	1620318765330	OK	 
USER	Ramp Up Get Users with CSV Feeder	START	1620318765407
REQUEST		Get one user Redirect 1	1620318765075	1620318765418	OK	 
USER	Ramp Up Get Users with CSV Feeder	END	1620318765420
REQUEST		Get one user	1620318765408	1620318765576	OK	 
USER	Ramp Up Get Users with CSV Feeder	START	1620318765659
REQUEST		Get one user Redirect 1	1620318765331	1620318765705	OK	 
USER	Ramp Up Get Users with CSV Feeder	END	1620318765707
REQUEST		Get one user	1620318765659	1620318765842	OK	 
USER	Ramp Up Get Users with CSV Feeder	START	1620318765858
REQUEST		Get one user Redirect 1	1620318765576	1620318765948	OK	 
USER	Ramp Up Get Users with CSV Feeder	END	1620318765949
REQUEST		Get one user	1620318765858	1620318766031	OK	 
USER	Ramp Up Get Users with CSV Feeder	START	1620318766055
REQUEST		Get one user Redirect 1	1620318765843	1620318766194	OK	 
USER	Ramp Up Get Users with CSV Feeder	END	1620318766197
REQUEST		Get one user	1620318766056	1620318766229	OK	 
USER	Ramp Up Get Users with CSV Feeder	START	1620318766257
REQUEST		Get one user Redirect 1	1620318766031	1620318766407	OK	 
USER	Ramp Up Get Users with CSV Feeder	END	1620318766409
REQUEST		Get one user	1620318766257	1620318766434	OK	 
USER	Ramp Up Get Users with CSV Feeder	START	1620318766460
REQUEST		Get one user Redirect 1	1620318766229	1620318766577	OK	 
USER	Ramp Up Get Users with CSV Feeder	END	1620318766578
REQUEST		Get one user	1620318766460	1620318766625	OK	 
USER	Ramp Up Get Users with CSV Feeder	START	1620318766659
REQUEST		Get one user Redirect 1	1620318766434	1620318766789	OK	 
USER	Ramp Up Get Users with CSV Feeder	END	1620318766790
REQUEST		Get one user	1620318766659	1620318766831	OK	 
USER	Ramp Up Get Users with CSV Feeder	START	1620318766857
REQUEST		Get one user Redirect 1	1620318766625	1620318766966	OK	 
USER	Ramp Up Get Users with CSV Feeder	END	1620318766968
REQUEST		Get one user	1620318766858	1620318767039	OK	 
USER	Ramp Up Get Users with CSV Feeder	START	1620318767057
REQUEST		Get one user Redirect 1	1620318766831	1620318767174	OK	 
USER	Ramp Up Get Users with CSV Feeder	END	1620318767176
REQUEST		Get one user	1620318767058	1620318767224	OK	 
USER	Ramp Up Get Users with CSV Feeder	START	1620318767257
REQUEST		Get one user Redirect 1	1620318767040	1620318767422	OK	 
USER	Ramp Up Get Users with CSV Feeder	END	1620318767423
REQUEST		Get one user	1620318767257	1620318767426	OK	 
USER	Ramp Up Get Users with CSV Feeder	START	1620318767458
REQUEST		Get one user Redirect 1	1620318767224	1620318767565	OK	 
USER	Ramp Up Get Users with CSV Feeder	END	1620318767566
REQUEST		Get one user	1620318767458	1620318767621	OK	 
USER	Ramp Up Get Users with CSV Feeder	START	1620318767657
REQUEST		Get one user Redirect 1	1620318767427	1620318767774	OK	 
USER	Ramp Up Get Users with CSV Feeder	END	1620318767775
REQUEST		Get one user	1620318767657	1620318767821	OK	 
USER	Ramp Up Get Users with CSV Feeder	START	1620318767858
REQUEST		Get one user Redirect 1	1620318767622	1620318767960	OK	 
USER	Ramp Up Get Users with CSV Feeder	END	1620318767961
REQUEST		Get one user	1620318767859	1620318768028	OK	 
USER	Ramp Up Get Users with CSV Feeder	START	1620318768054
REQUEST		Get one user Redirect 1	1620318767822	1620318768188	OK	 
USER	Ramp Up Get Users with CSV Feeder	END	1620318768190
REQUEST		Get one user	1620318768054	1620318768226	OK	 
USER	Ramp Up Get Users with CSV Feeder	START	1620318768258
REQUEST		Get one user Redirect 1	1620318768028	1620318768410	OK	 
USER	Ramp Up Get Users with CSV Feeder	END	1620318768411
REQUEST		Get one user	1620318768258	1620318768427	OK	 
USER	Ramp Up Get Users with CSV Feeder	START	1620318768460
REQUEST		Get one user Redirect 1	1620318768227	1620318768575	OK	 
USER	Ramp Up Get Users with CSV Feeder	END	1620318768576
REQUEST		Get one user	1620318768460	1620318768630	OK	 
REQUEST		Get one user Redirect 1	1620318768427	1620318768782	OK	 
USER	Ramp Up Get Users with CSV Feeder	END	1620318768783
REQUEST		Get one user Redirect 1	1620318768630	1620318768973	OK	 
USER	Ramp Up Get Users with CSV Feeder	END	1620318768975
