RUN	simulations.RampUpLoadSimulation	rampuploadsimulation	1620644122029	 	3.5.1
USER	Ramp Up Get Users with CSV Feeder	START	1620644128619
USER	Ramp Up Get Users with CSV Feeder	START	1620644128715
USER	Ramp Up Get Users with CSV Feeder	START	1620644128815
REQUEST		Get one user	1620644128694	1620644128873	OK	 
REQUEST		Get one user	1620644128716	1620644128900	OK	 
USER	Ramp Up Get Users with CSV Feeder	START	1620644128914
REQUEST		Get one user	1620644128817	1620644128988	OK	 
USER	Ramp Up Get Users with CSV Feeder	START	1620644129015
REQUEST		Get one user	1620644128916	1620644129087	OK	 
USER	Ramp Up Get Users with CSV Feeder	START	1620644129114
REQUEST		Get one user	1620644129017	1620644129193	OK	 
USER	Ramp Up Get Users with CSV Feeder	START	1620644129218
REQUEST		Get one user	1620644129116	1620644129295	OK	 
REQUEST		Get one user Redirect 1	1620644128901	1620644129310	OK	 
REQUEST		Get one user Redirect 1	1620644128891	1620644129241	OK	 
USER	Ramp Up Get Users with CSV Feeder	START	1620644129319
USER	Ramp Up Get Users with CSV Feeder	END	1620644129322
USER	Ramp Up Get Users with CSV Feeder	END	1620644129322
REQUEST		Get one user Redirect 1	1620644128989	1620644129361	OK	 
USER	Ramp Up Get Users with CSV Feeder	END	1620644129367
REQUEST		Get one user	1620644129219	1620644129401	OK	 
USER	Ramp Up Get Users with CSV Feeder	START	1620644129419
REQUEST		Get one user Redirect 1	1620644129087	1620644129429	OK	 
USER	Ramp Up Get Users with CSV Feeder	END	1620644129431
REQUEST		Get one user	1620644129320	1620644129496	OK	 
USER	Ramp Up Get Users with CSV Feeder	START	1620644129518
REQUEST		Get one user Redirect 1	1620644129194	1620644129532	OK	 
USER	Ramp Up Get Users with CSV Feeder	END	1620644129538
REQUEST		Get one user	1620644129420	1620644129595	OK	 
USER	Ramp Up Get Users with CSV Feeder	START	1620644129619
REQUEST		Get one user Redirect 1	1620644129296	1620644129648	OK	 
USER	Ramp Up Get Users with CSV Feeder	END	1620644129651
REQUEST		Get one user	1620644129519	1620644129686	OK	 
USER	Ramp Up Get Users with CSV Feeder	START	1620644129709
REQUEST		Get one user Redirect 1	1620644129402	1620644129765	OK	 
USER	Ramp Up Get Users with CSV Feeder	END	1620644129770
REQUEST		Get one user	1620644129621	1620644129788	OK	 
USER	Ramp Up Get Users with CSV Feeder	START	1620644129815
REQUEST		Get one user Redirect 1	1620644129497	1620644129847	OK	 
USER	Ramp Up Get Users with CSV Feeder	END	1620644129849
REQUEST		Get one user	1620644129711	1620644129890	OK	 
USER	Ramp Up Get Users with CSV Feeder	START	1620644129914
REQUEST		Get one user Redirect 1	1620644129596	1620644129952	OK	 
USER	Ramp Up Get Users with CSV Feeder	END	1620644129954
REQUEST		Get one user	1620644129816	1620644130005	OK	 
USER	Ramp Up Get Users with CSV Feeder	START	1620644130017
REQUEST		Get one user Redirect 1	1620644129687	1620644130057	OK	 
USER	Ramp Up Get Users with CSV Feeder	END	1620644130058
USER	Ramp Up Get Users with CSV Feeder	START	1620644130116
REQUEST		Get one user	1620644129916	1620644130140	OK	 
REQUEST		Get one user	1620644130020	1620644130213	OK	 
USER	Ramp Up Get Users with CSV Feeder	START	1620644130218
REQUEST		Get one user Redirect 1	1620644129789	1620644130239	OK	 
USER	Ramp Up Get Users with CSV Feeder	END	1620644130241
REQUEST		Get one user	1620644130117	1620644130308	OK	 
USER	Ramp Up Get Users with CSV Feeder	START	1620644130316
REQUEST		Get one user Redirect 1	1620644129891	1620644130339	OK	 
USER	Ramp Up Get Users with CSV Feeder	END	1620644130341
REQUEST		Get one user	1620644130222	1620644130391	OK	 
USER	Ramp Up Get Users with CSV Feeder	START	1620644130418
REQUEST		Get one user Redirect 1	1620644130006	1620644130421	OK	 
USER	Ramp Up Get Users with CSV Feeder	END	1620644130423
REQUEST		Get one user	1620644130317	1620644130486	OK	 
USER	Ramp Up Get Users with CSV Feeder	START	1620644130516
REQUEST		Get one user Redirect 1	1620644130140	1620644130539	OK	 
USER	Ramp Up Get Users with CSV Feeder	END	1620644130540
REQUEST		Get one user	1620644130420	1620644130595	OK	 
REQUEST		Get one user Redirect 1	1620644130214	1620644130614	OK	 
USER	Ramp Up Get Users with CSV Feeder	START	1620644130615
USER	Ramp Up Get Users with CSV Feeder	END	1620644130616
REQUEST		Get one user Redirect 1	1620644130309	1620644130671	OK	 
USER	Ramp Up Get Users with CSV Feeder	END	1620644130673
REQUEST		Get one user	1620644130517	1620644130701	OK	 
USER	Ramp Up Get Users with CSV Feeder	START	1620644130713
REQUEST		Get one user Redirect 1	1620644130391	1620644130752	OK	 
USER	Ramp Up Get Users with CSV Feeder	END	1620644130754
REQUEST		Get one user	1620644130616	1620644130799	OK	 
USER	Ramp Up Get Users with CSV Feeder	START	1620644130812
REQUEST		Get one user Redirect 1	1620644130487	1620644130847	OK	 
USER	Ramp Up Get Users with CSV Feeder	END	1620644130849
REQUEST		Get one user	1620644130714	1620644130886	OK	 
USER	Ramp Up Get Users with CSV Feeder	START	1620644130910
REQUEST		Get one user Redirect 1	1620644130595	1620644130963	OK	 
USER	Ramp Up Get Users with CSV Feeder	END	1620644130965
REQUEST		Get one user	1620644130815	1620644130996	OK	 
USER	Ramp Up Get Users with CSV Feeder	START	1620644131012
REQUEST		Get one user Redirect 1	1620644130702	1620644131056	OK	 
USER	Ramp Up Get Users with CSV Feeder	END	1620644131058
REQUEST		Get one user	1620644130911	1620644131083	OK	 
USER	Ramp Up Get Users with CSV Feeder	START	1620644131112
REQUEST		Get one user Redirect 1	1620644130799	1620644131174	OK	 
USER	Ramp Up Get Users with CSV Feeder	END	1620644131176
REQUEST		Get one user	1620644131013	1620644131184	OK	 
USER	Ramp Up Get Users with CSV Feeder	START	1620644131212
REQUEST		Get one user Redirect 1	1620644130888	1620644131250	OK	 
USER	Ramp Up Get Users with CSV Feeder	END	1620644131254
REQUEST		Get one user	1620644131114	1620644131294	OK	 
USER	Ramp Up Get Users with CSV Feeder	START	1620644131311
REQUEST		Get one user Redirect 1	1620644130996	1620644131347	OK	 
USER	Ramp Up Get Users with CSV Feeder	END	1620644131349
REQUEST		Get one user	1620644131213	1620644131383	OK	 
USER	Ramp Up Get Users with CSV Feeder	START	1620644131414
REQUEST		Get one user Redirect 1	1620644131083	1620644131442	OK	 
USER	Ramp Up Get Users with CSV Feeder	END	1620644131445
REQUEST		Get one user	1620644131312	1620644131474	OK	 
USER	Ramp Up Get Users with CSV Feeder	START	1620644131511
REQUEST		Get one user Redirect 1	1620644131184	1620644131549	OK	 
USER	Ramp Up Get Users with CSV Feeder	END	1620644131551
REQUEST		Get one user	1620644131415	1620644131589	OK	 
USER	Ramp Up Get Users with CSV Feeder	START	1620644131614
REQUEST		Get one user Redirect 1	1620644131295	1620644131647	OK	 
USER	Ramp Up Get Users with CSV Feeder	END	1620644131650
REQUEST		Get one user	1620644131512	1620644131690	OK	 
USER	Ramp Up Get Users with CSV Feeder	START	1620644131711
REQUEST		Get one user Redirect 1	1620644131384	1620644131748	OK	 
USER	Ramp Up Get Users with CSV Feeder	END	1620644131750
REQUEST		Get one user	1620644131615	1620644131791	OK	 
USER	Ramp Up Get Users with CSV Feeder	START	1620644131814
REQUEST		Get one user Redirect 1	1620644131475	1620644131828	OK	 
USER	Ramp Up Get Users with CSV Feeder	END	1620644131829
REQUEST		Get one user	1620644131712	1620644131881	OK	 
USER	Ramp Up Get Users with CSV Feeder	START	1620644131914
REQUEST		Get one user Redirect 1	1620644131589	1620644131946	OK	 
USER	Ramp Up Get Users with CSV Feeder	END	1620644131947
REQUEST		Get one user	1620644131815	1620644131987	OK	 
USER	Ramp Up Get Users with CSV Feeder	START	1620644132014
REQUEST		Get one user Redirect 1	1620644131690	1620644132056	OK	 
USER	Ramp Up Get Users with CSV Feeder	END	1620644132058
REQUEST		Get one user	1620644131915	1620644132092	OK	 
USER	Ramp Up Get Users with CSV Feeder	START	1620644132114
REQUEST		Get one user Redirect 1	1620644131792	1620644132182	OK	 
USER	Ramp Up Get Users with CSV Feeder	END	1620644132184
REQUEST		Get one user	1620644132015	1620644132189	OK	 
USER	Ramp Up Get Users with CSV Feeder	START	1620644132212
REQUEST		Get one user Redirect 1	1620644131883	1620644132267	OK	 
USER	Ramp Up Get Users with CSV Feeder	END	1620644132269
REQUEST		Get one user	1620644132115	1620644132281	OK	 
USER	Ramp Up Get Users with CSV Feeder	START	1620644132314
REQUEST		Get one user Redirect 1	1620644131987	1620644132349	OK	 
USER	Ramp Up Get Users with CSV Feeder	END	1620644132351
REQUEST		Get one user	1620644132214	1620644132387	OK	 
USER	Ramp Up Get Users with CSV Feeder	START	1620644132415
REQUEST		Get one user Redirect 1	1620644132093	1620644132440	OK	 
USER	Ramp Up Get Users with CSV Feeder	END	1620644132442
REQUEST		Get one user	1620644132316	1620644132493	OK	 
USER	Ramp Up Get Users with CSV Feeder	START	1620644132515
REQUEST		Get one user Redirect 1	1620644132190	1620644132572	OK	 
USER	Ramp Up Get Users with CSV Feeder	END	1620644132574
REQUEST		Get one user	1620644132416	1620644132593	OK	 
USER	Ramp Up Get Users with CSV Feeder	START	1620644132614
REQUEST		Get one user Redirect 1	1620644132281	1620644132654	OK	 
USER	Ramp Up Get Users with CSV Feeder	END	1620644132656
REQUEST		Get one user	1620644132516	1620644132710	OK	 
USER	Ramp Up Get Users with CSV Feeder	START	1620644132713
REQUEST		Get one user Redirect 1	1620644132387	1620644132748	OK	 
USER	Ramp Up Get Users with CSV Feeder	END	1620644132750
REQUEST		Get one user	1620644132614	1620644132794	OK	 
USER	Ramp Up Get Users with CSV Feeder	START	1620644132812
REQUEST		Get one user Redirect 1	1620644132494	1620644132847	OK	 
USER	Ramp Up Get Users with CSV Feeder	END	1620644132849
REQUEST		Get one user	1620644132714	1620644132888	OK	 
USER	Ramp Up Get Users with CSV Feeder	START	1620644132914
REQUEST		Get one user	1620644132813	1620644132990	OK	 
REQUEST		Get one user Redirect 1	1620644132594	1620644132998	OK	 
USER	Ramp Up Get Users with CSV Feeder	END	1620644133000
USER	Ramp Up Get Users with CSV Feeder	START	1620644133014
REQUEST		Get one user Redirect 1	1620644132711	1620644133105	OK	 
USER	Ramp Up Get Users with CSV Feeder	END	1620644133107
USER	Ramp Up Get Users with CSV Feeder	START	1620644133114
REQUEST		Get one user	1620644132916	1620644133123	OK	 
REQUEST		Get one user	1620644133015	1620644133206	OK	 
USER	Ramp Up Get Users with CSV Feeder	START	1620644133214
REQUEST		Get one user Redirect 1	1620644132794	1620644133239	OK	 
USER	Ramp Up Get Users with CSV Feeder	END	1620644133241
REQUEST		Get one user	1620644133115	1620644133308	OK	 
USER	Ramp Up Get Users with CSV Feeder	START	1620644133314
REQUEST		Get one user Redirect 1	1620644132888	1620644133319	OK	 
USER	Ramp Up Get Users with CSV Feeder	END	1620644133320
USER	Ramp Up Get Users with CSV Feeder	START	1620644133414
REQUEST		Get one user	1620644133215	1620644133423	OK	 
REQUEST		Get one user Redirect 1	1620644132991	1620644133423	OK	 
USER	Ramp Up Get Users with CSV Feeder	END	1620644133426
REQUEST		Get one user	1620644133315	1620644133508	OK	 
REQUEST		Get one user Redirect 1	1620644133123	1620644133508	OK	 
USER	Ramp Up Get Users with CSV Feeder	END	1620644133510
USER	Ramp Up Get Users with CSV Feeder	START	1620644133512
REQUEST		Get one user	1620644133416	1620644133585	OK	 
REQUEST		Get one user Redirect 1	1620644133207	1620644133596	OK	 
USER	Ramp Up Get Users with CSV Feeder	END	1620644133597
USER	Ramp Up Get Users with CSV Feeder	START	1620644133614
REQUEST		Get one user Redirect 1	1620644133309	1620644133676	OK	 
USER	Ramp Up Get Users with CSV Feeder	END	1620644133677
REQUEST		Get one user	1620644133513	1620644133689	OK	 
USER	Ramp Up Get Users with CSV Feeder	START	1620644133712
REQUEST		Get one user	1620644133616	1620644133787	OK	 
REQUEST		Get one user Redirect 1	1620644133425	1620644133797	OK	 
USER	Ramp Up Get Users with CSV Feeder	END	1620644133800
USER	Ramp Up Get Users with CSV Feeder	START	1620644133815
REQUEST		Get one user Redirect 1	1620644133509	1620644133855	OK	 
USER	Ramp Up Get Users with CSV Feeder	END	1620644133856
REQUEST		Get one user	1620644133713	1620644133891	OK	 
USER	Ramp Up Get Users with CSV Feeder	START	1620644133915
REQUEST		Get one user Redirect 1	1620644133586	1620644133950	OK	 
USER	Ramp Up Get Users with CSV Feeder	END	1620644133952
REQUEST		Get one user	1620644133816	1620644134008	OK	 
USER	Ramp Up Get Users with CSV Feeder	START	1620644134014
REQUEST		Get one user Redirect 1	1620644133692	1620644134052	OK	 
USER	Ramp Up Get Users with CSV Feeder	END	1620644134054
REQUEST		Get one user	1620644133916	1620644134088	OK	 
USER	Ramp Up Get Users with CSV Feeder	START	1620644134114
REQUEST		Get one user Redirect 1	1620644133788	1620644134150	OK	 
USER	Ramp Up Get Users with CSV Feeder	END	1620644134152
REQUEST		Get one user	1620644134015	1620644134195	OK	 
USER	Ramp Up Get Users with CSV Feeder	START	1620644134214
REQUEST		Get one user Redirect 1	1620644133892	1620644134236	OK	 
USER	Ramp Up Get Users with CSV Feeder	END	1620644134237
REQUEST		Get one user	1620644134115	1620644134296	OK	 
USER	Ramp Up Get Users with CSV Feeder	START	1620644134314
REQUEST		Get one user Redirect 1	1620644134010	1620644134383	OK	 
USER	Ramp Up Get Users with CSV Feeder	END	1620644134385
REQUEST		Get one user	1620644134215	1620644134388	OK	 
USER	Ramp Up Get Users with CSV Feeder	START	1620644134414
REQUEST		Get one user Redirect 1	1620644134088	1620644134451	OK	 
USER	Ramp Up Get Users with CSV Feeder	END	1620644134452
REQUEST		Get one user	1620644134315	1620644134490	OK	 
USER	Ramp Up Get Users with CSV Feeder	START	1620644134515
REQUEST		Get one user Redirect 1	1620644134196	1620644134542	OK	 
USER	Ramp Up Get Users with CSV Feeder	END	1620644134544
REQUEST		Get one user	1620644134415	1620644134588	OK	 
USER	Ramp Up Get Users with CSV Feeder	START	1620644134614
REQUEST		Get one user Redirect 1	1620644134297	1620644134652	OK	 
USER	Ramp Up Get Users with CSV Feeder	END	1620644134654
REQUEST		Get one user	1620644134515	1620644134690	OK	 
USER	Ramp Up Get Users with CSV Feeder	START	1620644134713
REQUEST		Get one user Redirect 1	1620644134389	1620644134752	OK	 
USER	Ramp Up Get Users with CSV Feeder	END	1620644134753
REQUEST		Get one user	1620644134616	1620644134793	OK	 
USER	Ramp Up Get Users with CSV Feeder	START	1620644134814
REQUEST		Get one user Redirect 1	1620644134490	1620644134827	OK	 
USER	Ramp Up Get Users with CSV Feeder	END	1620644134829
REQUEST		Get one user	1620644134713	1620644134889	OK	 
USER	Ramp Up Get Users with CSV Feeder	START	1620644134914
REQUEST		Get one user Redirect 1	1620644134588	1620644134929	OK	 
USER	Ramp Up Get Users with CSV Feeder	END	1620644134931
REQUEST		Get one user	1620644134815	1620644134997	OK	 
USER	Ramp Up Get Users with CSV Feeder	START	1620644135014
REQUEST		Get one user Redirect 1	1620644134690	1620644135039	OK	 
USER	Ramp Up Get Users with CSV Feeder	END	1620644135040
REQUEST		Get one user	1620644134916	1620644135082	OK	 
USER	Ramp Up Get Users with CSV Feeder	START	1620644135114
REQUEST		Get one user Redirect 1	1620644134794	1620644135162	OK	 
USER	Ramp Up Get Users with CSV Feeder	END	1620644135164
REQUEST		Get one user	1620644135015	1620644135184	OK	 
USER	Ramp Up Get Users with CSV Feeder	START	1620644135214
REQUEST		Get one user Redirect 1	1620644134890	1620644135253	OK	 
USER	Ramp Up Get Users with CSV Feeder	END	1620644135255
REQUEST		Get one user	1620644135115	1620644135283	OK	 
USER	Ramp Up Get Users with CSV Feeder	START	1620644135314
REQUEST		Get one user Redirect 1	1620644134998	1620644135357	OK	 
USER	Ramp Up Get Users with CSV Feeder	END	1620644135359
REQUEST		Get one user	1620644135215	1620644135375	OK	 
USER	Ramp Up Get Users with CSV Feeder	START	1620644135415
REQUEST		Get one user Redirect 1	1620644135083	1620644135440	OK	 
USER	Ramp Up Get Users with CSV Feeder	END	1620644135442
REQUEST		Get one user	1620644135315	1620644135486	OK	 
USER	Ramp Up Get Users with CSV Feeder	START	1620644135514
REQUEST		Get one user Redirect 1	1620644135185	1620644135526	OK	 
USER	Ramp Up Get Users with CSV Feeder	END	1620644135528
REQUEST		Get one user	1620644135417	1620644135590	OK	 
USER	Ramp Up Get Users with CSV Feeder	START	1620644135614
REQUEST		Get one user Redirect 1	1620644135284	1620644135621	OK	 
USER	Ramp Up Get Users with CSV Feeder	END	1620644135624
REQUEST		Get one user	1620644135515	1620644135682	OK	 
USER	Ramp Up Get Users with CSV Feeder	START	1620644135714
REQUEST		Get one user Redirect 1	1620644135375	1620644135742	OK	 
USER	Ramp Up Get Users with CSV Feeder	END	1620644135744
REQUEST		Get one user	1620644135615	1620644135789	OK	 
USER	Ramp Up Get Users with CSV Feeder	START	1620644135813
REQUEST		Get one user Redirect 1	1620644135487	1620644135839	OK	 
USER	Ramp Up Get Users with CSV Feeder	END	1620644135841
REQUEST		Get one user	1620644135717	1620644135890	OK	 
USER	Ramp Up Get Users with CSV Feeder	START	1620644135912
REQUEST		Get one user Redirect 1	1620644135590	1620644135933	OK	 
USER	Ramp Up Get Users with CSV Feeder	END	1620644135935
REQUEST		Get one user	1620644135814	1620644135987	OK	 
USER	Ramp Up Get Users with CSV Feeder	START	1620644136014
REQUEST		Get one user Redirect 1	1620644135683	1620644136029	OK	 
USER	Ramp Up Get Users with CSV Feeder	END	1620644136031
REQUEST		Get one user	1620644135913	1620644136083	OK	 
USER	Ramp Up Get Users with CSV Feeder	START	1620644136114
REQUEST		Get one user Redirect 1	1620644135789	1620644136166	OK	 
USER	Ramp Up Get Users with CSV Feeder	END	1620644136168
REQUEST		Get one user	1620644136015	1620644136185	OK	 
USER	Ramp Up Get Users with CSV Feeder	START	1620644136214
REQUEST		Get one user Redirect 1	1620644135890	1620644136281	OK	 
USER	Ramp Up Get Users with CSV Feeder	END	1620644136284
REQUEST		Get one user	1620644136115	1620644136289	OK	 
USER	Ramp Up Get Users with CSV Feeder	START	1620644136315
REQUEST		Get one user Redirect 1	1620644135987	1620644136366	OK	 
USER	Ramp Up Get Users with CSV Feeder	END	1620644136368
REQUEST		Get one user	1620644136215	1620644136414	OK	 
USER	Ramp Up Get Users with CSV Feeder	START	1620644136414
REQUEST		Get one user Redirect 1	1620644136084	1620644136442	OK	 
USER	Ramp Up Get Users with CSV Feeder	END	1620644136444
REQUEST		Get one user	1620644136316	1620644136494	OK	 
USER	Ramp Up Get Users with CSV Feeder	START	1620644136514
REQUEST		Get one user Redirect 1	1620644136186	1620644136523	OK	 
USER	Ramp Up Get Users with CSV Feeder	END	1620644136525
REQUEST		Get one user	1620644136415	1620644136590	OK	 
USER	Ramp Up Get Users with CSV Feeder	START	1620644136614
REQUEST		Get one user Redirect 1	1620644136290	1620644136652	OK	 
USER	Ramp Up Get Users with CSV Feeder	END	1620644136653
USER	Ramp Up Get Users with CSV Feeder	START	1620644136709
REQUEST		Get one user	1620644136516	1620644136731	OK	 
REQUEST		Get one user	1620644136615	1620644136798	OK	 
USER	Ramp Up Get Users with CSV Feeder	START	1620644136812
REQUEST		Get one user Redirect 1	1620644136414	1620644136812	OK	 
USER	Ramp Up Get Users with CSV Feeder	END	1620644136814
REQUEST		Get one user Redirect 1	1620644136495	1620644136849	OK	 
USER	Ramp Up Get Users with CSV Feeder	END	1620644136851
REQUEST		Get one user	1620644136711	1620644136889	OK	 
USER	Ramp Up Get Users with CSV Feeder	START	1620644136912
REQUEST		Get one user Redirect 1	1620644136591	1620644136939	OK	 
USER	Ramp Up Get Users with CSV Feeder	END	1620644136941
REQUEST		Get one user	1620644136813	1620644136990	OK	 
USER	Ramp Up Get Users with CSV Feeder	START	1620644137013
REQUEST		Get one user	1620644136913	1620644137080	OK	 
REQUEST		Get one user Redirect 1	1620644136732	1620644137092	OK	 
USER	Ramp Up Get Users with CSV Feeder	END	1620644137094
USER	Ramp Up Get Users with CSV Feeder	START	1620644137112
REQUEST		Get one user Redirect 1	1620644136798	1620644137180	OK	 
USER	Ramp Up Get Users with CSV Feeder	END	1620644137182
REQUEST		Get one user	1620644137014	1620644137186	OK	 
USER	Ramp Up Get Users with CSV Feeder	START	1620644137213
REQUEST		Get one user Redirect 1	1620644136890	1620644137271	OK	 
USER	Ramp Up Get Users with CSV Feeder	END	1620644137273
REQUEST		Get one user	1620644137113	1620644137286	OK	 
USER	Ramp Up Get Users with CSV Feeder	START	1620644137313
REQUEST		Get one user Redirect 1	1620644136990	1620644137364	OK	 
USER	Ramp Up Get Users with CSV Feeder	END	1620644137369
REQUEST		Get one user	1620644137214	1620644137390	OK	 
USER	Ramp Up Get Users with CSV Feeder	START	1620644137412
REQUEST		Get one user Redirect 1	1620644137081	1620644137433	OK	 
USER	Ramp Up Get Users with CSV Feeder	END	1620644137435
REQUEST		Get one user	1620644137314	1620644137483	OK	 
USER	Ramp Up Get Users with CSV Feeder	START	1620644137510
REQUEST		Get one user Redirect 1	1620644137188	1620644137564	OK	 
USER	Ramp Up Get Users with CSV Feeder	END	1620644137566
REQUEST		Get one user	1620644137413	1620644137606	OK	 
USER	Ramp Up Get Users with CSV Feeder	START	1620644137613
REQUEST		Get one user Redirect 1	1620644137286	1620644137655	OK	 
USER	Ramp Up Get Users with CSV Feeder	END	1620644137657
REQUEST		Get one user	1620644137511	1620644137695	OK	 
USER	Ramp Up Get Users with CSV Feeder	START	1620644137714
REQUEST		Get one user Redirect 1	1620644137391	1620644137739	OK	 
USER	Ramp Up Get Users with CSV Feeder	END	1620644137741
REQUEST		Get one user	1620644137615	1620644137794	OK	 
USER	Ramp Up Get Users with CSV Feeder	START	1620644137814
REQUEST		Get one user Redirect 1	1620644137483	1620644137832	OK	 
USER	Ramp Up Get Users with CSV Feeder	END	1620644137834
REQUEST		Get one user	1620644137715	1620644137888	OK	 
USER	Ramp Up Get Users with CSV Feeder	START	1620644137911
REQUEST		Get one user Redirect 1	1620644137607	1620644137953	OK	 
USER	Ramp Up Get Users with CSV Feeder	END	1620644137955
REQUEST		Get one user	1620644137815	1620644137980	OK	 
USER	Ramp Up Get Users with CSV Feeder	START	1620644138010
REQUEST		Get one user	1620644137912	1620644138083	OK	 
USER	Ramp Up Get Users with CSV Feeder	START	1620644138114
REQUEST		Get one user Redirect 1	1620644137795	1620644138166	OK	 
USER	Ramp Up Get Users with CSV Feeder	END	1620644138169
REQUEST		Get one user Redirect 1	1620644137695	1620644138172	OK	 
USER	Ramp Up Get Users with CSV Feeder	END	1620644138173
REQUEST		Get one user	1620644138011	1620644138184	OK	 
USER	Ramp Up Get Users with CSV Feeder	START	1620644138215
REQUEST		Get one user Redirect 1	1620644137889	1620644138267	OK	 
USER	Ramp Up Get Users with CSV Feeder	END	1620644138269
REQUEST		Get one user	1620644138115	1620644138291	OK	 
USER	Ramp Up Get Users with CSV Feeder	START	1620644138314
REQUEST		Get one user Redirect 1	1620644137980	1620644138347	OK	 
USER	Ramp Up Get Users with CSV Feeder	END	1620644138348
REQUEST		Get one user	1620644138216	1620644138393	OK	 
USER	Ramp Up Get Users with CSV Feeder	START	1620644138414
REQUEST		Get one user Redirect 1	1620644138084	1620644138425	OK	 
USER	Ramp Up Get Users with CSV Feeder	END	1620644138427
REQUEST		Get one user	1620644138315	1620644138481	OK	 
USER	Ramp Up Get Users with CSV Feeder	START	1620644138515
REQUEST		Get one user Redirect 1	1620644138185	1620644138570	OK	 
USER	Ramp Up Get Users with CSV Feeder	END	1620644138572
REQUEST		Get one user	1620644138415	1620644138581	OK	 
USER	Ramp Up Get Users with CSV Feeder	START	1620644138615
REQUEST		Get one user	1620644138516	1620644138678	OK	 
REQUEST		Get one user	1620644138616	1620644138786	OK	 
REQUEST		Get one user Redirect 1	1620644138481	1620644139503	OK	 
USER	Ramp Up Get Users with CSV Feeder	END	1620644139504
REQUEST		Get one user Redirect 1	1620644138393	1620644139507	OK	 
REQUEST		Get one user Redirect 1	1620644138582	1620644139508	OK	 
REQUEST		Get one user Redirect 1	1620644138679	1620644139508	OK	 
USER	Ramp Up Get Users with CSV Feeder	END	1620644139509
USER	Ramp Up Get Users with CSV Feeder	END	1620644139510
USER	Ramp Up Get Users with CSV Feeder	END	1620644139510
REQUEST		Get one user Redirect 1	1620644138291	1620644139509	OK	 
USER	Ramp Up Get Users with CSV Feeder	END	1620644139511
REQUEST		Get one user Redirect 1	1620644138787	1620644139538	OK	 
USER	Ramp Up Get Users with CSV Feeder	END	1620644139540
USER	Ramp Up Get Users with CSV Feeder	START	1620644139614
REQUEST		Get one user	1620644139615	1620644139790	OK	 
REQUEST		Get one user Redirect 1	1620644139791	1620644140297	OK	 
USER	Ramp Up Get Users with CSV Feeder	END	1620644140299
USER	Ramp Up Get Users with CSV Feeder	START	1620644140614
REQUEST		Get one user	1620644140616	1620644140783	OK	 
REQUEST		Get one user Redirect 1	1620644140783	1620644141149	OK	 
USER	Ramp Up Get Users with CSV Feeder	END	1620644141152
USER	Ramp Up Get Users with CSV Feeder	START	1620644141614
USER	Ramp Up Get Users with CSV Feeder	START	1620644142112
REQUEST		Get one user	1620644141615	1620644142118	OK	 
REQUEST		Get one user	1620644142113	1620644142287	OK	 
USER	Ramp Up Get Users with CSV Feeder	START	1620644142613
REQUEST		Get one user	1620644142614	1620644142780	OK	 
REQUEST		Get one user Redirect 1	1620644142118	1620644142897	OK	 
USER	Ramp Up Get Users with CSV Feeder	END	1620644142899
REQUEST		Get one user Redirect 1	1620644142287	1620644142899	OK	 
USER	Ramp Up Get Users with CSV Feeder	END	1620644142900
USER	Ramp Up Get Users with CSV Feeder	START	1620644143112
REQUEST		Get one user	1620644143113	1620644143291	OK	 
REQUEST		Get one user Redirect 1	1620644142781	1620644143329	OK	 
USER	Ramp Up Get Users with CSV Feeder	END	1620644143330
USER	Ramp Up Get Users with CSV Feeder	START	1620644143613
REQUEST		Get one user	1620644143614	1620644143785	OK	 
REQUEST		Get one user Redirect 1	1620644143292	1620644143897	OK	 
USER	Ramp Up Get Users with CSV Feeder	END	1620644143898
USER	Ramp Up Get Users with CSV Feeder	START	1620644144111
REQUEST		Get one user Redirect 1	1620644143786	1620644144135	OK	 
USER	Ramp Up Get Users with CSV Feeder	END	1620644144136
REQUEST		Get one user	1620644144112	1620644144290	OK	 
USER	Ramp Up Get Users with CSV Feeder	START	1620644144614
REQUEST		Get one user Redirect 1	1620644144290	1620644144708	OK	 
USER	Ramp Up Get Users with CSV Feeder	END	1620644144709
REQUEST		Get one user	1620644144615	1620644144829	OK	 
USER	Ramp Up Get Users with CSV Feeder	START	1620644145113
REQUEST		Get one user Redirect 1	1620644144830	1620644145186	OK	 
USER	Ramp Up Get Users with CSV Feeder	END	1620644145187
REQUEST		Get one user	1620644145114	1620644145288	OK	 
USER	Ramp Up Get Users with CSV Feeder	START	1620644145614
REQUEST		Get one user Redirect 1	1620644145288	1620644145653	OK	 
USER	Ramp Up Get Users with CSV Feeder	END	1620644145655
REQUEST		Get one user	1620644145615	1620644145788	OK	 
USER	Ramp Up Get Users with CSV Feeder	START	1620644145947
REQUEST		Get one user	1620644145948	1620644146128	OK	 
REQUEST		Get one user Redirect 1	1620644145789	1620644146135	OK	 
USER	Ramp Up Get Users with CSV Feeder	END	1620644146137
USER	Ramp Up Get Users with CSV Feeder	START	1620644146279
REQUEST		Get one user	1620644146280	1620644146474	OK	 
REQUEST		Get one user Redirect 1	1620644146128	1620644146538	OK	 
USER	Ramp Up Get Users with CSV Feeder	END	1620644146540
USER	Ramp Up Get Users with CSV Feeder	START	1620644146614
REQUEST		Get one user	1620644146615	1620644146791	OK	 
REQUEST		Get one user Redirect 1	1620644146474	1620644146848	OK	 
USER	Ramp Up Get Users with CSV Feeder	END	1620644146849
USER	Ramp Up Get Users with CSV Feeder	START	1620644146945
REQUEST		Get one user	1620644146946	1620644147118	OK	 
REQUEST		Get one user Redirect 1	1620644146791	1620644147140	OK	 
USER	Ramp Up Get Users with CSV Feeder	END	1620644147143
USER	Ramp Up Get Users with CSV Feeder	START	1620644147278
REQUEST		Get one user	1620644147279	1620644147456	OK	 
REQUEST		Get one user Redirect 1	1620644147118	1620644147523	OK	 
USER	Ramp Up Get Users with CSV Feeder	END	1620644147525
USER	Ramp Up Get Users with CSV Feeder	START	1620644147614
REQUEST		Get one user	1620644147615	1620644147789	OK	 
REQUEST		Get one user Redirect 1	1620644147456	1620644147807	OK	 
USER	Ramp Up Get Users with CSV Feeder	END	1620644147808
USER	Ramp Up Get Users with CSV Feeder	START	1620644147947
REQUEST		Get one user	1620644147948	1620644148119	OK	 
REQUEST		Get one user Redirect 1	1620644147790	1620644148146	OK	 
USER	Ramp Up Get Users with CSV Feeder	END	1620644148147
USER	Ramp Up Get Users with CSV Feeder	START	1620644148279
REQUEST		Get one user	1620644148280	1620644148450	OK	 
REQUEST		Get one user Redirect 1	1620644148120	1620644148498	OK	 
USER	Ramp Up Get Users with CSV Feeder	END	1620644148501
USER	Ramp Up Get Users with CSV Feeder	START	1620644148614
REQUEST		Get one user	1620644148615	1620644148788	OK	 
REQUEST		Get one user Redirect 1	1620644148451	1620644148815	OK	 
USER	Ramp Up Get Users with CSV Feeder	END	1620644148817
USER	Ramp Up Get Users with CSV Feeder	START	1620644148946
REQUEST		Get one user	1620644148947	1620644149131	OK	 
REQUEST		Get one user Redirect 1	1620644148788	1620644149141	OK	 
USER	Ramp Up Get Users with CSV Feeder	END	1620644149142
USER	Ramp Up Get Users with CSV Feeder	START	1620644149277
REQUEST		Get one user	1620644149278	1620644149456	OK	 
REQUEST		Get one user Redirect 1	1620644149132	1620644149494	OK	 
USER	Ramp Up Get Users with CSV Feeder	END	1620644149498
USER	Ramp Up Get Users with CSV Feeder	START	1620644149614
REQUEST		Get one user	1620644149615	1620644149795	OK	 
REQUEST		Get one user Redirect 1	1620644149457	1620644149839	OK	 
USER	Ramp Up Get Users with CSV Feeder	END	1620644149841
USER	Ramp Up Get Users with CSV Feeder	START	1620644149945
REQUEST		Get one user	1620644149946	1620644150114	OK	 
REQUEST		Get one user Redirect 1	1620644149796	1620644150132	OK	 
USER	Ramp Up Get Users with CSV Feeder	END	1620644150133
USER	Ramp Up Get Users with CSV Feeder	START	1620644150284
REQUEST		Get one user	1620644150284	1620644150463	OK	 
REQUEST		Get one user Redirect 1	1620644150115	1620644150488	OK	 
USER	Ramp Up Get Users with CSV Feeder	END	1620644150489
USER	Ramp Up Get Users with CSV Feeder	START	1620644150614
REQUEST		Get one user	1620644150615	1620644150780	OK	 
REQUEST		Get one user Redirect 1	1620644150464	1620644150835	OK	 
USER	Ramp Up Get Users with CSV Feeder	END	1620644150837
USER	Ramp Up Get Users with CSV Feeder	START	1620644150946
REQUEST		Get one user	1620644150947	1620644151139	OK	 
REQUEST		Get one user Redirect 1	1620644150780	1620644151142	OK	 
USER	Ramp Up Get Users with CSV Feeder	END	1620644151144
USER	Ramp Up Get Users with CSV Feeder	START	1620644151279
REQUEST		Get one user	1620644151280	1620644151452	OK	 
REQUEST		Get one user Redirect 1	1620644151140	1620644151512	OK	 
USER	Ramp Up Get Users with CSV Feeder	END	1620644151515
USER	Ramp Up Get Users with CSV Feeder	START	1620644151611
REQUEST		Get one user	1620644151612	1620644151783	OK	 
REQUEST		Get one user Redirect 1	1620644151453	1620644151796	OK	 
USER	Ramp Up Get Users with CSV Feeder	END	1620644151797
USER	Ramp Up Get Users with CSV Feeder	START	1620644151863
REQUEST		Get one user	1620644151863	1620644152030	OK	 
USER	Ramp Up Get Users with CSV Feeder	START	1620644152114
REQUEST		Get one user Redirect 1	1620644151784	1620644152146	OK	 
USER	Ramp Up Get Users with CSV Feeder	END	1620644152147
REQUEST		Get one user	1620644152115	1620644152286	OK	 
USER	Ramp Up Get Users with CSV Feeder	START	1620644152363
REQUEST		Get one user Redirect 1	1620644152030	1620644152405	OK	 
USER	Ramp Up Get Users with CSV Feeder	END	1620644152407
REQUEST		Get one user	1620644152363	1620644152540	OK	 
USER	Ramp Up Get Users with CSV Feeder	START	1620644152614
REQUEST		Get one user Redirect 1	1620644152286	1620644152646	OK	 
USER	Ramp Up Get Users with CSV Feeder	END	1620644152649
REQUEST		Get one user	1620644152615	1620644152781	OK	 
USER	Ramp Up Get Users with CSV Feeder	START	1620644152864
REQUEST		Get one user Redirect 1	1620644152540	1620644152896	OK	 
USER	Ramp Up Get Users with CSV Feeder	END	1620644152901
REQUEST		Get one user	1620644152865	1620644153036	OK	 
USER	Ramp Up Get Users with CSV Feeder	START	1620644153114
REQUEST		Get one user Redirect 1	1620644152782	1620644153127	OK	 
USER	Ramp Up Get Users with CSV Feeder	END	1620644153129
REQUEST		Get one user	1620644153114	1620644153287	OK	 
USER	Ramp Up Get Users with CSV Feeder	START	1620644153364
REQUEST		Get one user Redirect 1	1620644153036	1620644153408	OK	 
USER	Ramp Up Get Users with CSV Feeder	END	1620644153412
REQUEST		Get one user	1620644153364	1620644153528	OK	 
USER	Ramp Up Get Users with CSV Feeder	START	1620644153614
REQUEST		Get one user Redirect 1	1620644153288	1620644153643	OK	 
USER	Ramp Up Get Users with CSV Feeder	END	1620644153647
REQUEST		Get one user	1620644153614	1620644153789	OK	 
USER	Ramp Up Get Users with CSV Feeder	START	1620644153864
REQUEST		Get one user Redirect 1	1620644153529	1620644153879	OK	 
USER	Ramp Up Get Users with CSV Feeder	END	1620644153881
REQUEST		Get one user	1620644153864	1620644154024	OK	 
USER	Ramp Up Get Users with CSV Feeder	START	1620644154114
REQUEST		Get one user Redirect 1	1620644153789	1620644154140	OK	 
USER	Ramp Up Get Users with CSV Feeder	END	1620644154142
REQUEST		Get one user	1620644154114	1620644154320	OK	 
USER	Ramp Up Get Users with CSV Feeder	START	1620644154364
REQUEST		Get one user Redirect 1	1620644154025	1620644154427	OK	 
USER	Ramp Up Get Users with CSV Feeder	END	1620644154428
REQUEST		Get one user	1620644154365	1620644154539	OK	 
USER	Ramp Up Get Users with CSV Feeder	START	1620644154615
REQUEST		Get one user Redirect 1	1620644154321	1620644154680	OK	 
USER	Ramp Up Get Users with CSV Feeder	END	1620644154681
REQUEST		Get one user	1620644154617	1620644154789	OK	 
USER	Ramp Up Get Users with CSV Feeder	START	1620644154862
REQUEST		Get one user Redirect 1	1620644154539	1620644154886	OK	 
USER	Ramp Up Get Users with CSV Feeder	END	1620644154887
REQUEST		Get one user	1620644154864	1620644155040	OK	 
USER	Ramp Up Get Users with CSV Feeder	START	1620644155112
REQUEST		Get one user Redirect 1	1620644154789	1620644155129	OK	 
USER	Ramp Up Get Users with CSV Feeder	END	1620644155131
REQUEST		Get one user	1620644155113	1620644155291	OK	 
USER	Ramp Up Get Users with CSV Feeder	START	1620644155364
REQUEST		Get one user Redirect 1	1620644155041	1620644155416	OK	 
USER	Ramp Up Get Users with CSV Feeder	END	1620644155418
REQUEST		Get one user	1620644155365	1620644155539	OK	 
USER	Ramp Up Get Users with CSV Feeder	START	1620644155614
REQUEST		Get one user Redirect 1	1620644155291	1620644155639	OK	 
USER	Ramp Up Get Users with CSV Feeder	END	1620644155640
REQUEST		Get one user	1620644155615	1620644155805	OK	 
USER	Ramp Up Get Users with CSV Feeder	START	1620644155814
REQUEST		Get one user Redirect 1	1620644155539	1620644155892	OK	 
USER	Ramp Up Get Users with CSV Feeder	END	1620644155893
REQUEST		Get one user	1620644155814	1620644155984	OK	 
USER	Ramp Up Get Users with CSV Feeder	START	1620644156013
REQUEST		Get one user Redirect 1	1620644155805	1620644156152	OK	 
USER	Ramp Up Get Users with CSV Feeder	END	1620644156154
REQUEST		Get one user	1620644156014	1620644156182	OK	 
USER	Ramp Up Get Users with CSV Feeder	START	1620644156214
REQUEST		Get one user Redirect 1	1620644155985	1620644156354	OK	 
USER	Ramp Up Get Users with CSV Feeder	END	1620644156355
REQUEST		Get one user	1620644156215	1620644156392	OK	 
USER	Ramp Up Get Users with CSV Feeder	START	1620644156414
REQUEST		Get one user Redirect 1	1620644156182	1620644156519	OK	 
USER	Ramp Up Get Users with CSV Feeder	END	1620644156522
REQUEST		Get one user	1620644156415	1620644156587	OK	 
USER	Ramp Up Get Users with CSV Feeder	START	1620644156614
REQUEST		Get one user Redirect 1	1620644156393	1620644156727	OK	 
USER	Ramp Up Get Users with CSV Feeder	END	1620644156729
REQUEST		Get one user	1620644156615	1620644156795	OK	 
USER	Ramp Up Get Users with CSV Feeder	START	1620644156812
REQUEST		Get one user Redirect 1	1620644156588	1620644156945	OK	 
USER	Ramp Up Get Users with CSV Feeder	END	1620644156947
REQUEST		Get one user	1620644156813	1620644156984	OK	 
USER	Ramp Up Get Users with CSV Feeder	START	1620644157014
REQUEST		Get one user Redirect 1	1620644156796	1620644157151	OK	 
USER	Ramp Up Get Users with CSV Feeder	END	1620644157153
REQUEST		Get one user	1620644157014	1620644157185	OK	 
USER	Ramp Up Get Users with CSV Feeder	START	1620644157214
REQUEST		Get one user Redirect 1	1620644156984	1620644157349	OK	 
USER	Ramp Up Get Users with CSV Feeder	END	1620644157351
REQUEST		Get one user	1620644157215	1620644157393	OK	 
USER	Ramp Up Get Users with CSV Feeder	START	1620644157414
REQUEST		Get one user Redirect 1	1620644157185	1620644157548	OK	 
USER	Ramp Up Get Users with CSV Feeder	END	1620644157550
USER	Ramp Up Get Users with CSV Feeder	START	1620644157614
REQUEST		Get one user	1620644157415	1620644157633	OK	 
USER	Ramp Up Get Users with CSV Feeder	START	1620644157812
REQUEST		Get one user	1620644157615	1620644157811	OK	 
REQUEST		Get one user Redirect 1	1620644157394	1620644157829	OK	 
USER	Ramp Up Get Users with CSV Feeder	END	1620644157832
REQUEST		Get one user	1620644157812	1620644157985	OK	 
REQUEST		Get one user Redirect 1	1620644157634	1620644157999	OK	 
USER	Ramp Up Get Users with CSV Feeder	END	1620644158001
USER	Ramp Up Get Users with CSV Feeder	START	1620644158012
REQUEST		Get one user Redirect 1	1620644157812	1620644158176	OK	 
USER	Ramp Up Get Users with CSV Feeder	END	1620644158177
REQUEST		Get one user	1620644158012	1620644158185	OK	 
USER	Ramp Up Get Users with CSV Feeder	START	1620644158214
REQUEST		Get one user Redirect 1	1620644157985	1620644158357	OK	 
USER	Ramp Up Get Users with CSV Feeder	END	1620644158359
REQUEST		Get one user	1620644158215	1620644158390	OK	 
USER	Ramp Up Get Users with CSV Feeder	START	1620644158414
REQUEST		Get one user Redirect 1	1620644158185	1620644158555	OK	 
USER	Ramp Up Get Users with CSV Feeder	END	1620644158556
REQUEST		Get one user	1620644158415	1620644158586	OK	 
REQUEST		Get one user Redirect 1	1620644158391	1620644158786	OK	 
USER	Ramp Up Get Users with CSV Feeder	END	1620644158788
REQUEST		Get one user Redirect 1	1620644158587	1620644158946	OK	 
USER	Ramp Up Get Users with CSV Feeder	END	1620644158948
