RUN	simulations.FixedLoadDurationSimulation	fixedloaddurationsimulation	1620645671286	 	3.5.1
USER	Fixed Load Duration	START	1620645677724
USER	Fixed Load Duration	START	1620645677724
USER	Fixed Load Duration	START	1620645677724
USER	Fixed Load Duration	START	1620645677724
USER	Fixed Load Duration	START	1620645677724
USER	Fixed Load Duration	START	1620645677724
USER	Fixed Load Duration	START	1620645677724
USER	Fixed Load Duration	START	1620645677724
USER	Fixed Load Duration	START	1620645677724
USER	Fixed Load Duration	START	1620645677724
USER	Fixed Load Duration	START	1620645677724
REQUEST		Get all Users	1620645677823	1620645677919	OK	 
REQUEST		Get all Users Redirect 1	1620645677930	1620645678048	OK	 
REQUEST		Get all Users Redirect 1	1620645678076	1620645678112	OK	 
REQUEST		Get all Users	1620645677823	1620645678131	OK	 
REQUEST		Get all Users	1620645677825	1620645678132	OK	 
REQUEST		Get all Users	1620645677823	1620645678133	OK	 
REQUEST		Get all Users	1620645677824	1620645678166	OK	 
REQUEST		Get all Users	1620645677824	1620645678172	OK	 
REQUEST		Get all Users	1620645677824	1620645678185	OK	 
REQUEST		Get all Users	1620645677824	1620645678192	OK	 
REQUEST		Get all Users	1620645677825	1620645678195	OK	 
REQUEST		Get all Users	1620645677825	1620645678201	OK	 
REQUEST		Get all Users	1620645677823	1620645678215	OK	 
USER	Fixed Load Duration	START	1620645678215
REQUEST		Get all Users	1620645678216	1620645678518	OK	 
REQUEST		Get all Users Redirect 1	1620645678133	1620645678562	OK	 
REQUEST		Get all Users Redirect 1	1620645678132	1620645678563	OK	 
REQUEST		Get all Users Redirect 1	1620645678166	1620645678631	OK	 
REQUEST		Get all Users Redirect 1	1620645678173	1620645678640	OK	 
REQUEST		Get all Users Redirect 1	1620645678133	1620645678662	OK	 
REQUEST		Get all Users Redirect 1	1620645678193	1620645678666	OK	 
REQUEST		Get all Users Redirect 1	1620645678185	1620645678685	OK	 
REQUEST		Get all Users Redirect 1	1620645678216	1620645678690	OK	 
REQUEST		Get all Users Redirect 1	1620645678201	1620645678692	OK	 
USER	Fixed Load Duration	START	1620645678714
REQUEST		Get all Users Redirect 1	1620645678196	1620645678731	OK	 
REQUEST		Get all Users Redirect 1	1620645678633	1620645678796	OK	 
REQUEST		Get all Users Redirect 1	1620645678641	1620645678799	OK	 
REQUEST		Get all Users Redirect 1	1620645678519	1620645678956	OK	 
REQUEST		Get all Users	1620645678715	1620645679081	OK	 
REQUEST		Get all Users Redirect 1	1620645678957	1620645679111	OK	 
USER	Fixed Load Duration	START	1620645679216
REQUEST		Get all Users Redirect 1	1620645679082	1620645679528	OK	 
REQUEST		Get all Users	1620645679217	1620645679543	OK	 
USER	Fixed Load Duration	START	1620645679713
REQUEST		Get all Users Redirect 1	1620645679543	1620645679991	OK	 
REQUEST		Get all Users	1620645679714	1620645680002	OK	 
REQUEST		Get all Users Redirect 1	1620645680003	1620645680130	OK	 
REQUEST		Get Single Users	1620645680117	1620645680155	OK	 
REQUEST		Get all Users Redirect 1	1620645680132	1620645680177	OK	 
REQUEST		Get Single Users Redirect 1	1620645680156	1620645680197	OK	 
REQUEST		Get Single Users	1620645680570	1620645680714	OK	 
USER	Fixed Load Duration	START	1620645680714
REQUEST		Get Single Users	1620645680570	1620645680720	OK	 
REQUEST		Get Single Users	1620645680669	1620645680811	OK	 
REQUEST		Get Single Users	1620645680673	1620645680841	OK	 
REQUEST		Get Single Users	1620645680697	1620645680861	OK	 
REQUEST		Get Single Users	1620645680691	1620645680862	OK	 
REQUEST		Get Single Users Redirect 1	1620645680715	1620645680863	OK	 
REQUEST		Get Single Users	1620645680697	1620645680867	OK	 
REQUEST		Get Single Users Redirect 1	1620645680721	1620645680873	OK	 
REQUEST		Get Single Users	1620645680738	1620645680896	OK	 
REQUEST		Get Single Users	1620645680801	1620645680957	OK	 
REQUEST		Get Single Users	1620645680806	1620645680977	OK	 
REQUEST		Get Single Users Redirect 1	1620645680812	1620645680989	OK	 
REQUEST		Get Single Users Redirect 1	1620645680841	1620645681023	OK	 
REQUEST		Get Single Users Redirect 1	1620645680861	1620645681032	OK	 
REQUEST		Get Single Users Redirect 1	1620645680862	1620645681044	OK	 
REQUEST		Get all Users	1620645680715	1620645681046	OK	 
REQUEST		Get Single Users Redirect 1	1620645680868	1620645681054	OK	 
REQUEST		Get Single Users Redirect 1	1620645680897	1620645681066	OK	 
REQUEST		Get Single Users Redirect 1	1620645680958	1620645681117	OK	 
REQUEST		Get Single Users Redirect 1	1620645680978	1620645681139	OK	 
USER	Fixed Load Duration	START	1620645681214
REQUEST		Get Single Users	1620645681115	1620645681260	OK	 
REQUEST		Get Single Users Redirect 1	1620645681260	1620645681404	OK	 
REQUEST		Get all Users	1620645681214	1620645681496	OK	 
REQUEST		Get all Users Redirect 1	1620645681046	1620645681529	OK	 
REQUEST		Get all Users Redirect 1	1620645681497	1620645681649	OK	 
REQUEST		Get all Users Redirect 1	1620645681530	1620645681700	OK	 
REQUEST		Get Single Users	1620645681535	1620645681715	OK	 
USER	Fixed Load Duration	START	1620645681714
REQUEST		Get Single Users Redirect 1	1620645681715	1620645681865	OK	 
REQUEST		Get all Users	1620645681715	1620645682046	OK	 
REQUEST		Get all Users Redirect 1	1620645682047	1620645682156	OK	 
REQUEST		Get Single Users	1620645681998	1620645682159	OK	 
REQUEST		Get all Users Redirect 1	1620645682157	1620645682194	OK	 
USER	Fixed Load Duration	START	1620645682216
REQUEST		Add New User	1620645682207	1620645682270	OK	 
REQUEST		Add New User Redirect 1	1620645682270	1620645682309	OK	 
REQUEST		Get Single Users Redirect 1	1620645682159	1620645682316	OK	 
REQUEST		Get Single Users	1620645682184	1620645682328	OK	 
REQUEST		Get Single Users Redirect 1	1620645682329	1620645682373	OK	 
REQUEST		Get all Users	1620645682217	1620645682517	OK	 
REQUEST		Add New User Redirect 1	1620645682310	1620645682688	OK	 
USER	Fixed Load Duration	START	1620645682715
REQUEST		Get all Users Redirect 1	1620645682517	1620645682941	OK	 
REQUEST		Get all Users	1620645682716	1620645683005	OK	 
REQUEST		Add New User	1620645682869	1620645683026	OK	 
REQUEST		Add New User	1620645682879	1620645683029	OK	 
REQUEST		Get all Users Redirect 1	1620645682942	1620645683086	OK	 
REQUEST		Add New User	1620645682997	1620645683139	OK	 
REQUEST		Add New User Redirect 1	1620645683030	1620645683174	OK	 
REQUEST		Add New User Redirect 1	1620645683027	1620645683178	OK	 
REQUEST		Add New User	1620645683029	1620645683195	OK	 
REQUEST		Add New User	1620645683036	1620645683196	OK	 
REQUEST		Add New User	1620645683050	1620645683216	OK	 
REQUEST		Add New User	1620645683057	1620645683227	OK	 
REQUEST		Add New User	1620645683069	1620645683231	OK	 
REQUEST		Add New User	1620645683124	1620645683281	OK	 
REQUEST		Add New User	1620645683142	1620645683304	OK	 
REQUEST		Add New User Redirect 1	1620645683140	1620645683317	OK	 
REQUEST		Add New User Redirect 1	1620645683196	1620645683370	OK	 
REQUEST		Add New User Redirect 1	1620645683196	1620645683371	OK	 
REQUEST		Add New User Redirect 1	1620645683228	1620645683393	OK	 
REQUEST		Add New User Redirect 1	1620645683216	1620645683393	OK	 
REQUEST		Add New User Redirect 1	1620645683231	1620645683397	OK	 
REQUEST		Get all Users Redirect 1	1620645683005	1620645683433	OK	 
REQUEST		Add New User Redirect 1	1620645683175	1620645683437	OK	 
REQUEST		Add New User Redirect 1	1620645683282	1620645683438	OK	 
REQUEST		Add New User Redirect 1	1620645683179	1620645683444	OK	 
REQUEST		Add New User Redirect 1	1620645683305	1620645683464	OK	 
REQUEST		Add New User	1620645683410	1620645683554	OK	 
REQUEST		Add New User Redirect 1	1620645683555	1620645683701	OK	 
USER	Fixed Load Duration	START	1620645683713
REQUEST		Get Single Users	1620645683652	1620645683792	OK	 
REQUEST		Get Single Users Redirect 1	1620645683793	1620645683832	OK	 
REQUEST		Get all Users	1620645683714	1620645683833	OK	 
REQUEST		Get Single Users	1620645683703	1620645683875	OK	 
REQUEST		Add New User Redirect 1	1620645683702	1620645683931	OK	 
REQUEST		Get all Users Redirect 1	1620645683833	1620645683978	OK	 
REQUEST		Get all Users Redirect 1	1620645683979	1620645684024	OK	 
REQUEST		Get Single Users Redirect 1	1620645683875	1620645684047	OK	 
REQUEST		Add New User	1620645683872	1620645684058	OK	 
REQUEST		Add New User Redirect 1	1620645683318	1620645684074	OK	 
REQUEST		Add New User Redirect 1	1620645683398	1620645684118	OK	 
REQUEST		Add New User Redirect 1	1620645683439	1620645684138	OK	 
REQUEST		Add New User Redirect 1	1620645683465	1620645684156	OK	 
REQUEST		Add New User Redirect 1	1620645683371	1620645684161	OK	 
REQUEST		Add New User Redirect 1	1620645683393	1620645684181	OK	 
REQUEST		Add New User Redirect 1	1620645684058	1620645684207	OK	 
USER	Fixed Load Duration	START	1620645684215
REQUEST		Add New User Redirect 1	1620645683372	1620645684262	OK	 
REQUEST		Add New User Redirect 1	1620645683393	1620645684302	OK	 
REQUEST		Get Single Users	1620645684197	1620645684363	OK	 
REQUEST		Get Single Users Redirect 1	1620645684364	1620645684400	OK	 
REQUEST		Add New User Redirect 1	1620645684208	1620645684438	OK	 
REQUEST		Add New User	1620645684319	1620645684477	OK	 
REQUEST		Add New User	1620645684377	1620645684521	OK	 
REQUEST		Get all Users	1620645684216	1620645684541	OK	 
REQUEST		Add New User Redirect 1	1620645684522	1620645684560	OK	 
REQUEST		Add New User Redirect 1	1620645684477	1620645684670	OK	 
USER	Fixed Load Duration	START	1620645684714
REQUEST		Add New User Redirect 1	1620645684561	1620645684870	OK	 
REQUEST		Get all Users Redirect 1	1620645684541	1620645685028	OK	 
REQUEST		Get all Users	1620645684714	1620645685036	OK	 
USER	Fixed Load Duration	START	1620645685214
REQUEST		Get Single Users	1620645685092	1620645685246	OK	 
REQUEST		Add New User Redirect 1	1620645684671	1620645685384	OK	 
REQUEST		Get Single Users Redirect 1	1620645685246	1620645685432	OK	 
REQUEST		Get all Users	1620645685214	1620645685547	OK	 
REQUEST		Get all Users Redirect 1	1620645685037	1620645685549	OK	 
REQUEST		Get Single Users	1620645685439	1620645685592	OK	 
REQUEST		Get all Users Redirect 1	1620645685548	1620645685654	OK	 
USER	Fixed Load Duration	START	1620645685716
REQUEST		Get Single Users Redirect 1	1620645685593	1620645685737	OK	 
REQUEST		Add New User	1620645685839	1620645685988	OK	 
REQUEST		Get all Users	1620645685716	1620645686020	OK	 
REQUEST		Add New User Redirect 1	1620645685988	1620645686026	OK	 
REQUEST		Get Single Users	1620645686027	1620645686063	OK	 
REQUEST		Get Single Users Redirect 1	1620645686064	1620645686104	OK	 
REQUEST		Add New User	1620645686051	1620645686224	OK	 
REQUEST		Add New User Redirect 1	1620645686026	1620645686348	OK	 
REQUEST		Add New User Redirect 1	1620645686225	1620645686421	OK	 
REQUEST		Get all Users Redirect 1	1620645686021	1620645686479	OK	 
REQUEST		Add New User	1620645686408	1620645686581	OK	 
REQUEST		Add New User Redirect 1	1620645686582	1620645686625	OK	 
REQUEST		Get all Users Redirect 1	1620645686480	1620645686640	OK	 
USER	Fixed Load Duration	START	1620645686712
REQUEST		Get all Users	1620645686712	1620645686790	OK	 
REQUEST		Add New User Redirect 1	1620645686626	1620645686925	OK	 
REQUEST		Add New User Redirect 1	1620645686699	1620645687007	OK	 
REQUEST		Add New User Redirect 1	1620645686422	1620645687139	OK	 
REQUEST		Get Single Users	1620645687034	1620645687204	OK	 
USER	Fixed Load Duration	START	1620645687214
REQUEST		Get all Users Redirect 1	1620645686791	1620645687223	OK	 
REQUEST		Get all Users	1620645687215	1620645687299	OK	 
REQUEST		Add New User Redirect 1	1620645687008	1620645687322	OK	 
REQUEST		Get Single Users Redirect 1	1620645687204	1620645687363	OK	 
REQUEST		Add New User	1620645687437	1620645687586	OK	 
REQUEST		Add New User Redirect 1	1620645687441	1620645687655	OK	 
REQUEST		Add New User Redirect 1	1620645687454	1620645687670	OK	 
REQUEST		Get Single Users	1620645687552	1620645687708	OK	 
USER	Fixed Load Duration	START	1620645687714
REQUEST		Add New User Redirect 1	1620645687587	1620645687734	OK	 
REQUEST		Get all Users Redirect 1	1620645687299	1620645687735	OK	 
REQUEST		Get Single Users	1620645687660	1620645687801	OK	 
REQUEST		Add New User Redirect 1	1620645687655	1620645687835	OK	 
REQUEST		Get Single Users Redirect 1	1620645687802	1620645687840	OK	 
REQUEST		Add New User Redirect 1	1620645687670	1620645687855	OK	 
REQUEST		Get Single Users Redirect 1	1620645687708	1620645687865	OK	 
REQUEST		Get all Users Redirect 1	1620645687736	1620645687881	OK	 
REQUEST		Add New User	1620645687741	1620645687882	OK	 
REQUEST		Add New User Redirect 1	1620645687735	1620645687934	OK	 
REQUEST		Get all Users	1620645687714	1620645688001	OK	 
REQUEST		Add New User Redirect 1	1620645687882	1620645688026	OK	 
REQUEST		Add New User Redirect 1	1620645687942	1620645688117	OK	 
REQUEST		Add New User	1620645688110	1620645688147	OK	 
REQUEST		Add New User Redirect 1	1620645688148	1620645688194	OK	 
USER	Fixed Load Duration	START	1620645688212
REQUEST		Add New User Redirect 1	1620645688026	1620645688246	OK	 
REQUEST		Add New User Redirect 1	1620645688118	1620645688321	OK	 
REQUEST		Get all Users Redirect 1	1620645688001	1620645688441	OK	 
REQUEST		Add New User Redirect 1	1620645688195	1620645688511	OK	 
REQUEST		Get all Users	1620645688213	1620645688528	OK	 
REQUEST		Get all Users Redirect 1	1620645688442	1620645688615	OK	 
REQUEST		Add New User Redirect 1	1620645688450	1620645688679	OK	 
USER	Fixed Load Duration	START	1620645688714
REQUEST		Add New User Redirect 1	1620645688087	1620645688771	OK	 
REQUEST		Get Single Users	1620645688643	1620645688797	OK	 
REQUEST		Add New User Redirect 1	1620645688150	1620645688829	OK	 
REQUEST		Add New User Redirect 1	1620645688163	1620645688840	OK	 
REQUEST		Add New User Redirect 1	1620645688124	1620645688854	OK	 
REQUEST		Add New User Redirect 1	1620645688680	1620645688868	OK	 
REQUEST		Add New User Redirect 1	1620645688169	1620645688892	OK	 
REQUEST		Add New User Redirect 1	1620645688190	1620645688898	OK	 
REQUEST		Add New User Redirect 1	1620645688274	1620645688957	OK	 
REQUEST		Get Single Users Redirect 1	1620645688797	1620645688961	OK	 
REQUEST		Get all Users Redirect 1	1620645688528	1620645689020	OK	 
REQUEST		Get all Users	1620645688715	1620645689025	OK	 
REQUEST		Add New User Redirect 1	1620645688315	1620645689038	OK	 
REQUEST		Add New User Redirect 1	1620645688881	1620645689188	OK	 
REQUEST		Get Single Users	1620645689229	1620645689271	OK	 
REQUEST		Get Single Users Redirect 1	1620645689271	1620645689413	OK	 
REQUEST		Add New User Redirect 1	1620645688771	1620645689473	OK	 
REQUEST		Add New User Redirect 1	1620645688830	1620645689493	OK	 
REQUEST		Add New User Redirect 1	1620645689188	1620645689494	OK	 
REQUEST		Get all Users Redirect 1	1620645689026	1620645689508	OK	 
REQUEST		Add New User Redirect 1	1620645688840	1620645689513	OK	 
REQUEST		Add New User	1620645689368	1620645689531	OK	 
REQUEST		Add New User Redirect 1	1620645688855	1620645689577	OK	 
REQUEST		Add New User Redirect 1	1620645688893	1620645689589	OK	 
REQUEST		Add New User Redirect 1	1620645688899	1620645689600	OK	 
REQUEST		Add New User Redirect 1	1620645688958	1620645689629	OK	 
REQUEST		Add New User Redirect 1	1620645689532	1620645689697	OK	 
REQUEST		Add New User Redirect 1	1620645689039	1620645689707	OK	 
USER	Fixed Load Duration	START	1620645689712
REQUEST		Add New User Redirect 1	1620645689393	1620645689827	OK	 
REQUEST		Get Single Users	1620645689885	1620645689925	OK	 
REQUEST		Add New User	1620645689846	1620645689986	OK	 
REQUEST		Add New User Redirect 1	1620645689987	1620645690026	OK	 
REQUEST		Add New User	1620645689868	1620645690026	OK	 
REQUEST		Get all Users	1620645689712	1620645690030	OK	 
REQUEST		Get Single Users Redirect 1	1620645689925	1620645690085	OK	 
REQUEST		Add New User Redirect 1	1620645690027	1620645690193	OK	 
USER	Fixed Load Duration	START	1620645690216
REQUEST		Add New User Redirect 1	1620645690027	1620645690339	OK	 
REQUEST		Add New User Redirect 1	1620645689698	1620645690414	OK	 
REQUEST		Get all Users Redirect 1	1620645690030	1620645690503	OK	 
REQUEST		Add New User Redirect 1	1620645689828	1620645690521	OK	 
REQUEST		Get all Users	1620645690217	1620645690522	OK	 
REQUEST		Add New User Redirect 1	1620645690358	1620645690663	OK	 
USER	Fixed Load Duration	START	1620645690715
REQUEST		Get Single Users	1620645690617	1620645690757	OK	 
REQUEST		Add New User Redirect 1	1620645690193	1620645690890	OK	 
REQUEST		Get Single Users Redirect 1	1620645690758	1620645690907	OK	 
REQUEST		Add New User Redirect 1	1620645690663	1620645690971	OK	 
REQUEST		Get all Users	1620645690715	1620645690996	OK	 
REQUEST		Get all Users Redirect 1	1620645690522	1620645691001	OK	 
REQUEST		Add New User	1620645690968	1620645691122	OK	 
REQUEST		Get Single Users	1620645691028	1620645691185	OK	 
USER	Fixed Load Duration	START	1620645691215
REQUEST		Add New User Redirect 1	1620645690937	1620645691244	OK	 
REQUEST		Add New User Redirect 1	1620645691123	1620645691293	OK	 
REQUEST		Get Single Users Redirect 1	1620645691185	1620645691344	OK	 
REQUEST		Get all Users Redirect 1	1620645690996	1620645691446	OK	 
REQUEST		Add New User	1620645691419	1620645691453	OK	 
REQUEST		Get all Users	1620645691215	1620645691517	OK	 
REQUEST		Add New User Redirect 1	1620645691245	1620645691563	OK	 
REQUEST		Add New User Redirect 1	1620645691454	1620645691603	OK	 
REQUEST		Get all Users Redirect 1	1620645691518	1620645691626	OK	 
REQUEST		Add New User Redirect 1	1620645691334	1620645691637	OK	 
REQUEST		Get Single Users	1620645691512	1620645691677	OK	 
USER	Fixed Load Duration	START	1620645691714
REQUEST		Add New User Redirect 1	1620645691150	1620645691832	OK	 
REQUEST		Add New User Redirect 1	1620645691603	1620645691837	OK	 
REQUEST		Get Single Users Redirect 1	1620645691678	1620645691841	OK	 
REQUEST		Add New User Redirect 1	1620645691638	1620645691950	OK	 
REQUEST		Add New User Redirect 1	1620645691294	1620645691978	OK	 
REQUEST		Get all Users	1620645691715	1620645692038	OK	 
REQUEST		Add New User Redirect 1	1620645691848	1620645692062	OK	 
REQUEST		Add New User Redirect 1	1620645691866	1620645692084	OK	 
REQUEST		Add New User	1620645692090	1620645692123	OK	 
REQUEST		Add New User Redirect 1	1620645691947	1620645692149	OK	 
REQUEST		Add New User Redirect 1	1620645692063	1620645692240	OK	 
REQUEST		Add New User Redirect 1	1620645692124	1620645692280	OK	 
REQUEST		Add New User Redirect 1	1620645692085	1620645692300	OK	 
REQUEST		Add New User Redirect 1	1620645692150	1620645692332	OK	 
REQUEST		Add New User Redirect 1	1620645692259	1620645692473	OK	 
REQUEST		Add New User Redirect 1	1620645691833	1620645692497	OK	 
REQUEST		Add New User Redirect 1	1620645692280	1620645692501	OK	 
REQUEST		Add New User Redirect 1	1620645692333	1620645692514	OK	 
REQUEST		Get all Users Redirect 1	1620645692038	1620645692554	OK	 
REQUEST		Add New User Redirect 1	1620645692474	1620645692656	OK	 
REQUEST		Get Single Users	1620645692510	1620645692671	OK	 
USER	Fixed Load Duration	START	1620645692714
REQUEST		Get all Users Redirect 1	1620645692555	1620645692724	OK	 
REQUEST		Add New User Redirect 1	1620645692515	1620645692725	OK	 
REQUEST		Get Single Users Redirect 1	1620645692672	1620645692832	OK	 
REQUEST		Add New User Redirect 1	1620645692524	1620645692893	OK	 
REQUEST		Add New User	1620645692910	1620645693053	OK	 
REQUEST		Get all Users	1620645692715	1620645693062	OK	 
REQUEST		Add New User Redirect 1	1620645692879	1620645693093	OK	 
REQUEST		Get Single Users	1620645693004	1620645693161	OK	 
REQUEST		Add New User Redirect 1	1620645692893	1620645693205	OK	 
REQUEST		Add New User Redirect 1	1620645693054	1620645693210	OK	 
USER	Fixed Load Duration	START	1620645693211
REQUEST		Add New User Redirect 1	1620645693093	1620645693278	OK	 
REQUEST		Get all Users	1620645693211	1620645693320	OK	 
REQUEST		Get Single Users Redirect 1	1620645693161	1620645693320	OK	 
REQUEST		Add New User Redirect 1	1620645693211	1620645693442	OK	 
REQUEST		Add New User	1620645693351	1620645693508	OK	 
REQUEST		Get Single Users	1620645693452	1620645693596	OK	 
REQUEST		Get all Users Redirect 1	1620645693063	1620645693636	OK	 
REQUEST		Add New User Redirect 1	1620645693509	1620645693663	OK	 
USER	Fixed Load Duration	START	1620645693714
REQUEST		Get Single Users Redirect 1	1620645693596	1620645693742	OK	 
REQUEST		Add New User Redirect 1	1620645693508	1620645693742	OK	 
REQUEST		Get all Users Redirect 1	1620645693320	1620645693757	OK	 
REQUEST		Get Single Users	1620645693631	1620645693785	OK	 
REQUEST		Get Single Users Redirect 1	1620645693786	1620645693828	OK	 
REQUEST		Get all Users Redirect 1	1620645693757	1620645693903	OK	 
REQUEST		Add New User Redirect 1	1620645693743	1620645693920	OK	 
REQUEST		Add New User Redirect 1	1620645693508	1620645693937	OK	 
REQUEST		Add New User Redirect 1	1620645693524	1620645693956	OK	 
REQUEST		Add New User	1620645693848	1620645694013	OK	 
REQUEST		Add New User Redirect 1	1620645693609	1620645694037	OK	 
REQUEST		Get all Users	1620645693715	1620645694077	OK	 
REQUEST		Add New User Redirect 1	1620645693598	1620645694146	OK	 
REQUEST		Add New User Redirect 1	1620645693484	1620645694176	OK	 
REQUEST		Add New User Redirect 1	1620645694014	1620645694184	OK	 
USER	Fixed Load Duration	START	1620645694211
REQUEST		Add New User Redirect 1	1620645693589	1620645694314	OK	 
REQUEST		Add New User Redirect 1	1620645693664	1620645694353	OK	 
REQUEST		Add New User Redirect 1	1620645693636	1620645694358	OK	 
REQUEST		Add New User Redirect 1	1620645693718	1620645694418	OK	 
REQUEST		Get all Users	1620645694212	1620645694543	OK	 
REQUEST		Add New User Redirect 1	1620645694147	1620645694572	OK	 
REQUEST		Get all Users Redirect 1	1620645694078	1620645694581	OK	 
REQUEST		Add New User Redirect 1	1620645693938	1620645694600	OK	 
REQUEST		Add New User Redirect 1	1620645694185	1620645694634	OK	 
REQUEST		Add New User Redirect 1	1620645693957	1620645694646	OK	 
REQUEST		Add New User Redirect 1	1620645694350	1620645694660	OK	 
USER	Fixed Load Duration	START	1620645694714
REQUEST		Add New User Redirect 1	1620645694037	1620645694723	OK	 
REQUEST		Add New User Redirect 1	1620645694314	1620645694762	OK	 
REQUEST		Add New User Redirect 1	1620645694176	1620645694847	OK	 
REQUEST		Get Single Users	1620645694727	1620645694879	OK	 
REQUEST		Add New User Redirect 1	1620645694418	1620645694932	OK	 
REQUEST		Add New User Redirect 1	1620645694661	1620645694967	OK	 
REQUEST		Add New User	1620645694838	1620645694999	OK	 
REQUEST		Add New User Redirect 1	1620645694359	1620645695013	OK	 
REQUEST		Get all Users	1620645694714	1620645695046	OK	 
REQUEST		Get Single Users Redirect 1	1620645694879	1620645695053	OK	 
REQUEST		Get all Users Redirect 1	1620645694543	1620645695054	OK	 
REQUEST		Add New User Redirect 1	1620645694420	1620645695080	OK	 
REQUEST		Add New User Redirect 1	1620645694999	1620645695164	OK	 
REQUEST		Add New User Redirect 1	1620645694530	1620645695192	OK	 
REQUEST		Get all Users Redirect 1	1620645695054	1620645695221	OK	 
REQUEST		Add New User Redirect 1	1620645694977	1620645695329	OK	 
REQUEST		Add New User	1620645695324	1620645695478	OK	 
REQUEST		Get all Users Redirect 1	1620645695046	1620645695536	OK	 
REQUEST		Add New User Redirect 1	1620645694895	1620645695585	OK	 
REQUEST		Add New User Redirect 1	1620645695193	1620645695629	OK	 
REQUEST		Add New User Redirect 1	1620645695479	1620645695637	OK	 
REQUEST		Add New User Redirect 1	1620645695330	1620645695640	OK	 
USER	Fixed Load Duration	START	1620645695713
REQUEST		Add New User Redirect 1	1620645695080	1620645695774	OK	 
REQUEST		Get Single Users	1620645695640	1620645695818	OK	 
REQUEST		Add New User Redirect 1	1620645695575	1620645695876	OK	 
REQUEST		Add New User Redirect 1	1620645695164	1620645695880	OK	 
REQUEST		Add New User	1620645695749	1620645695893	OK	 
REQUEST		Get Single Users	1620645695905	1620645695943	OK	 
REQUEST		Add New User	1620645695834	1620645695983	OK	 
REQUEST		Get all Users	1620645695714	1620645696008	OK	 
REQUEST		Get Single Users Redirect 1	1620645695818	1620645696009	OK	 
REQUEST		Add New User Redirect 1	1620645695847	1620645696019	OK	 
REQUEST		Add New User Redirect 1	1620645695984	1620645696031	OK	 
REQUEST		Add New User Redirect 1	1620645695893	1620645696062	OK	 
REQUEST		Get Single Users Redirect 1	1620645695944	1620645696093	OK	 
REQUEST		Get all Users Redirect 1	1620645696008	1620645696144	OK	 
REQUEST		Add New User Redirect 1	1620645695877	1620645696178	OK	 
REQUEST		Add New User Redirect 1	1620645696020	1620645696210	OK	 
USER	Fixed Load Duration	START	1620645696211
REQUEST		Add New User Redirect 1	1620645695586	1620645696253	OK	 
REQUEST		Add New User Redirect 1	1620645695959	1620645696262	OK	 
REQUEST		Get all Users	1620645696211	1620645696282	OK	 
REQUEST		Add New User Redirect 1	1620645696062	1620645696283	OK	 
REQUEST		Add New User Redirect 1	1620645695637	1620645696330	OK	 
REQUEST		Add New User Redirect 1	1620645696032	1620645696353	OK	 
REQUEST		Add New User Redirect 1	1620645696251	1620645696466	OK	 
REQUEST		Add New User Redirect 1	1620645696310	1620645696526	OK	 
REQUEST		Add New User Redirect 1	1620645696343	1620645696542	OK	 
REQUEST		Add New User Redirect 1	1620645696262	1620645696569	OK	 
REQUEST		Add New User Redirect 1	1620645695990	1620645696668	OK	 
REQUEST		Add New User Redirect 1	1620645696467	1620645696703	OK	 
REQUEST		Add New User Redirect 1	1620645696509	1620645696703	OK	 
USER	Fixed Load Duration	START	1620645696712
REQUEST		Add New User Redirect 1	1620645696542	1620645696725	OK	 
REQUEST		Get all Users Redirect 1	1620645696283	1620645696730	OK	 
REQUEST		Add New User Redirect 1	1620645696527	1620645696743	OK	 
REQUEST		Get Single Users	1620645696583	1620645696765	OK	 
REQUEST		Get all Users	1620645696713	1620645696821	OK	 
REQUEST		Get all Users Redirect 1	1620645696731	1620645696878	OK	 
REQUEST		Add New User Redirect 1	1620645696704	1620645696886	OK	 
REQUEST		Add New User Redirect 1	1620645696661	1620645696888	OK	 
REQUEST		Get Single Users Redirect 1	1620645696765	1620645696932	OK	 
REQUEST		Add New User Redirect 1	1620645696504	1620645696935	OK	 
REQUEST		Add New User Redirect 1	1620645696733	1620645696961	OK	 
REQUEST		Add New User Redirect 1	1620645696889	1620645697069	OK	 
REQUEST		Add New User Redirect 1	1620645696961	1620645697136	OK	 
USER	Fixed Load Duration	START	1620645697212
REQUEST		Add New User	1620645697060	1620645697216	OK	 
REQUEST		Get all Users Redirect 1	1620645696821	1620645697267	OK	 
REQUEST		Add New User Redirect 1	1620645696668	1620645697360	OK	 
REQUEST		Get Single Users	1620645697224	1620645697387	OK	 
REQUEST		Add New User Redirect 1	1620645697216	1620645697398	OK	 
REQUEST		Add New User Redirect 1	1620645697288	1620645697476	OK	 
REQUEST		Get all Users	1620645697213	1620645697490	OK	 
REQUEST		Add New User Redirect 1	1620645697213	1620645697519	OK	 
REQUEST		Get Single Users Redirect 1	1620645697387	1620645697559	OK	 
REQUEST		Add New User Redirect 1	1620645696935	1620645697598	OK	 
REQUEST		Add New User Redirect 1	1620645697454	1620645697666	OK	 
REQUEST		Add New User Redirect 1	1620645697477	1620645697696	OK	 
REQUEST		Get Single Users	1620645697541	1620645697705	OK	 
USER	Fixed Load Duration	START	1620645697712
REQUEST		Add New User Redirect 1	1620645697520	1620645697832	OK	 
REQUEST		Add New User Redirect 1	1620645697667	1620645697872	OK	 
REQUEST		Get Single Users Redirect 1	1620645697705	1620645697889	OK	 
REQUEST		Get all Users Redirect 1	1620645697490	1620645697928	OK	 
REQUEST		Get all Users	1620645697712	1620645697998	OK	 
REQUEST		Get all Users Redirect 1	1620645697929	1620645698083	OK	 
REQUEST		Add New User Redirect 1	1620645697926	1620645698109	OK	 
REQUEST		Add New User Redirect 1	1620645697399	1620645698124	OK	 
REQUEST		Add New User	1620645698099	1620645698133	OK	 
REQUEST		Add New User	1620645698014	1620645698187	OK	 
REQUEST		Add New User Redirect 1	1620645698133	1620645698282	OK	 
REQUEST		Add New User Redirect 1	1620645698109	1620645698286	OK	 
REQUEST		Get Single Users	1620645698150	1620645698298	OK	 
REQUEST		Get Single Users Redirect 1	1620645698298	1620645698341	OK	 
REQUEST		Add New User Redirect 1	1620645698188	1620645698367	OK	 
REQUEST		Get all Users Redirect 1	1620645697999	1620645698429	OK	 
REQUEST		Add New User Redirect 1	1620645698282	1620645698511	OK	 
USER	Fixed Load Duration	START	1620645698716
REQUEST		Get all Users	1620645698716	1620645698792	OK	 
REQUEST		Add New User Redirect 1	1620645698368	1620645698803	OK	 
REQUEST		Get Single Users	1620645698883	1620645698917	OK	 
REQUEST		Add New User Redirect 1	1620645698578	1620645699003	OK	 
REQUEST		Add New User Redirect 1	1620645698362	1620645699031	OK	 
REQUEST		Get Single Users Redirect 1	1620645698917	1620645699062	OK	 
REQUEST		Add New User Redirect 1	1620645698657	1620645699077	OK	 
REQUEST		Add New User	1620645698936	1620645699121	OK	 
REQUEST		Get all Users Redirect 1	1620645698792	1620645699211	OK	 
USER	Fixed Load Duration	START	1620645699215
REQUEST		Add New User Redirect 1	1620645698605	1620645699276	OK	 
REQUEST		Add New User Redirect 1	1620645698976	1620645699277	OK	 
REQUEST		Add New User Redirect 1	1620645698857	1620645699290	OK	 
REQUEST		Add New User Redirect 1	1620645699122	1620645699292	OK	 
REQUEST		Add New User Redirect 1	1620645698646	1620645699313	OK	 
REQUEST		Get Single Users	1620645699273	1620645699316	OK	 
REQUEST		Add New User Redirect 1	1620645699024	1620645699451	OK	 
REQUEST		Add New User Redirect 1	1620645699003	1620645699454	OK	 
REQUEST		Get Single Users Redirect 1	1620645699316	1620645699461	OK	 
REQUEST		Add New User Redirect 1	1620645698774	1620645699474	OK	 
REQUEST		Add New User Redirect 1	1620645698733	1620645699474	OK	 
REQUEST		Add New User Redirect 1	1620645699078	1620645699508	OK	 
REQUEST		Get all Users	1620645699215	1620645699548	OK	 
REQUEST		Add New User Redirect 1	1620645699277	1620645699582	OK	 
REQUEST		Add New User Redirect 1	1620645698943	1620645699635	OK	 
USER	Fixed Load Duration	START	1620645699714
REQUEST		Add New User Redirect 1	1620645699031	1620645699718	OK	 
REQUEST		Add New User Redirect 1	1620645699290	1620645699720	OK	 
REQUEST		Add New User	1620645699564	1620645699722	OK	 
REQUEST		Add New User Redirect 1	1620645699650	1620645699827	OK	 
REQUEST		Add New User Redirect 1	1620645699722	1620645699891	OK	 
REQUEST		Add New User Redirect 1	1620645699475	1620645699900	OK	 
REQUEST		Add New User Redirect 1	1620645699475	1620645699900	OK	 
REQUEST		Add New User Redirect 1	1620645699276	1620645699961	OK	 
REQUEST		Add New User Redirect 1	1620645699314	1620645699982	OK	 
REQUEST		Get all Users	1620645699715	1620645699997	OK	 
REQUEST		Add New User Redirect 1	1620645699293	1620645700011	OK	 
REQUEST		Add New User Redirect 1	1620645699827	1620645700012	OK	 
REQUEST		Get all Users Redirect 1	1620645699548	1620645700030	OK	 
REQUEST		Add New User	1620645699894	1620645700067	OK	 
REQUEST		Add New User Redirect 1	1620645699636	1620645700079	OK	 
REQUEST		Add New User Redirect 1	1620645699639	1620645700087	OK	 
REQUEST		Add New User Redirect 1	1620645699452	1620645700168	OK	 
REQUEST		Get all Users Redirect 1	1620645700031	1620645700198	OK	 
USER	Fixed Load Duration	START	1620645700215
REQUEST		Get Single Users	1620645700086	1620645700226	OK	 
REQUEST		Add New User Redirect 1	1620645700067	1620645700232	OK	 
REQUEST		Add New User Redirect 1	1620645700189	1620645700356	OK	 
REQUEST		Get Single Users Redirect 1	1620645700226	1620645700374	OK	 
REQUEST		Add New User Redirect 1	1620645700219	1620645700398	OK	 
REQUEST		Add New User Redirect 1	1620645699783	1620645700472	OK	 
REQUEST		Add New User	1620645700346	1620645700490	OK	 
REQUEST		Add New User Redirect 1	1620645700491	1620645700533	OK	 
REQUEST		Get all Users Redirect 1	1620645699997	1620645700534	OK	 
REQUEST		Get all Users	1620645700215	1620645700545	OK	 
REQUEST		Add New User Redirect 1	1620645700295	1620645700561	OK	 
REQUEST		Add New User Redirect 1	1620645699889	1620645700568	OK	 
REQUEST		Get Single Users	1620645700433	1620645700579	OK	 
REQUEST		Add New User Redirect 1	1620645700399	1620645700605	OK	 
REQUEST		Add New User Redirect 1	1620645699892	1620645700605	OK	 
REQUEST		Add New User Redirect 1	1620645700357	1620645700660	OK	 
REQUEST		Add New User Redirect 1	1620645700362	1620645700674	OK	 
REQUEST		Add New User Redirect 1	1620645700261	1620645700680	OK	 
USER	Fixed Load Duration	START	1620645700716
REQUEST		Get Single Users Redirect 1	1620645700579	1620645700725	OK	 
REQUEST		Add New User Redirect 1	1620645700561	1620645700738	OK	 
REQUEST		Add New User Redirect 1	1620645700339	1620645700769	OK	 
REQUEST		Add New User Redirect 1	1620645700087	1620645700773	OK	 
REQUEST		Get all Users	1620645700717	1620645700784	OK	 
REQUEST		Add New User Redirect 1	1620645700534	1620645700839	OK	 
REQUEST		Add New User Redirect 1	1620645700579	1620645700893	OK	 
REQUEST		Add New User Redirect 1	1620645700232	1620645700898	OK	 
REQUEST		Add New User Redirect 1	1620645700736	1620645700909	OK	 
REQUEST		Add New User Redirect 1	1620645700713	1620645700942	OK	 
REQUEST		Add New User Redirect 1	1620645700753	1620645700968	OK	 
REQUEST		Add New User Redirect 1	1620645700674	1620645700983	OK	 
REQUEST		Add New User Redirect 1	1620645700569	1620645701014	OK	 
REQUEST		Get all Users Redirect 1	1620645700545	1620645701020	OK	 
REQUEST		Add New User	1620645701067	1620645701108	OK	 
REQUEST		Add New User Redirect 1	1620645700909	1620645701116	OK	 
REQUEST		Add New User Redirect 1	1620645700892	1620645701117	OK	 
REQUEST		Add New User Redirect 1	1620645700968	1620645701147	OK	 
REQUEST		Add New User Redirect 1	1620645700942	1620645701154	OK	 
REQUEST		Add New User Redirect 1	1620645700472	1620645701155	OK	 
REQUEST		Add New User Redirect 1	1620645700893	1620645701208	OK	 
REQUEST		Get Single Users	1620645701217	1620645701254	OK	 
REQUEST		Add New User Redirect 1	1620645701108	1620645701257	OK	 
REQUEST		Add New User Redirect 1	1620645701078	1620645701292	OK	 
REQUEST		Add New User Redirect 1	1620645701117	1620645701299	OK	 
REQUEST		Get all Users Redirect 1	1620645700784	1620645701314	OK	 
REQUEST		Add New User Redirect 1	1620645701142	1620645701360	OK	 
REQUEST		Add New User Redirect 1	1620645700680	1620645701361	OK	 
REQUEST		Get Single Users Redirect 1	1620645701254	1620645701396	OK	 
REQUEST		Add New User Redirect 1	1620645701257	1620645701437	OK	 
REQUEST		Add New User Redirect 1	1620645700770	1620645701457	OK	 
REQUEST		Add New User Redirect 1	1620645701292	1620645701474	OK	 
REQUEST		Add New User	1620645701465	1620645701499	OK	 
REQUEST		Add New User Redirect 1	1620645701361	1620645701537	OK	 
REQUEST		Add New User Redirect 1	1620645701499	1620645701643	OK	 
USER	Fixed Load Duration	START	1620645701715
REQUEST		Add New User Redirect 1	1620645701644	1620645701840	OK	 
REQUEST		Add New User Redirect 1	1620645701707	1620645701889	OK	 
REQUEST		Add New User Redirect 1	1620645701838	1620645702020	OK	 
REQUEST		Add New User Redirect 1	1620645701369	1620645702047	OK	 
REQUEST		Get all Users	1620645701715	1620645702064	OK	 
REQUEST		Add New User Redirect 1	1620645701890	1620645702077	OK	 
REQUEST		Add New User Redirect 1	1620645701879	1620645702079	OK	 
REQUEST		Get all Users Redirect 1	1620645702065	1620645702181	OK	 
USER	Fixed Load Duration	START	1620645702213
REQUEST		Add New User Redirect 1	1620645701607	1620645702265	OK	 
REQUEST		Add New User Redirect 1	1620645702079	1620645702287	OK	 
REQUEST		Add New User Redirect 1	1620645702021	1620645702325	OK	 
REQUEST		Get Single Users	1620645702202	1620645702371	OK	 
REQUEST		Add New User Redirect 1	1620645702296	1620645702463	OK	 
REQUEST		Get all Users	1620645702214	1620645702497	OK	 
REQUEST		Add New User	1620645702381	1620645702520	OK	 
REQUEST		Get Single Users Redirect 1	1620645702371	1620645702547	OK	 
REQUEST		Get all Users Redirect 1	1620645702498	1620645702595	OK	 
REQUEST		Get all Users Redirect 1	1620645702596	1620645702634	OK	 
REQUEST		Add New User Redirect 1	1620645702520	1620645702667	OK	 
REQUEST		Get Single Users	1620645702540	1620645702683	OK	 
REQUEST		Add New User Redirect 1	1620645702266	1620645702685	OK	 
USER	Fixed Load Duration	START	1620645702711
REQUEST		Add New User Redirect 1	1620645702048	1620645702743	OK	 
REQUEST		Add New User Redirect 1	1620645702518	1620645702749	OK	 
REQUEST		Add New User Redirect 1	1620645702464	1620645702773	OK	 
REQUEST		Add New User Redirect 1	1620645702132	1620645702832	OK	 
REQUEST		Add New User Redirect 1	1620645702668	1620645702849	OK	 
REQUEST		Get Single Users Redirect 1	1620645702683	1620645702879	OK	 
REQUEST		Add New User	1620645702730	1620645702879	OK	 
REQUEST		Add New User Redirect 1	1620645702749	1620645702928	OK	 
REQUEST		Add New User Redirect 1	1620645702879	1620645703029	OK	 
REQUEST		Get all Users	1620645702712	1620645703050	OK	 
REQUEST		Get Single Users	1620645703025	1620645703186	OK	 
REQUEST		Add New User Redirect 1	1620645703030	1620645703203	OK	 
USER	Fixed Load Duration	START	1620645703211
REQUEST		Add New User Redirect 1	1620645702833	1620645703264	OK	 
REQUEST		Get all Users	1620645703211	1620645703293	OK	 
REQUEST		Get Single Users Redirect 1	1620645703186	1620645703355	OK	 
REQUEST		Get Single Users	1620645703319	1620645703357	OK	 
REQUEST		Add New User	1620645703400	1620645703440	OK	 
REQUEST		Add New User Redirect 1	1620645702809	1620645703478	OK	 
REQUEST		Get all Users Redirect 1	1620645703050	1620645703535	OK	 
REQUEST		Get Single Users Redirect 1	1620645703357	1620645703541	OK	 
REQUEST		Add New User Redirect 1	1620645703440	1620645703589	OK	 
USER	Fixed Load Duration	START	1620645703714
REQUEST		Add New User Redirect 1	1620645703589	1620645703762	OK	 
REQUEST		Get all Users Redirect 1	1620645703293	1620645703834	OK	 
REQUEST		Add New User Redirect 1	1620645703478	1620645703907	OK	 
REQUEST		Add New User Redirect 1	1620645703594	1620645703941	OK	 
REQUEST		Add New User Redirect 1	1620645703519	1620645703945	OK	 
REQUEST		Get all Users	1620645703714	1620645704063	OK	 
REQUEST		Add New User Redirect 1	1620645703725	1620645704135	OK	 
REQUEST		Add New User Redirect 1	1620645703465	1620645704143	OK	 
REQUEST		Add New User Redirect 1	1620645703941	1620645704247	OK	 
REQUEST		Add New User Redirect 1	1620645704021	1620645704355	OK	 
REQUEST		Add New User Redirect 1	1620645703946	1620645704380	OK	 
REQUEST		Get Single Users	1620645704183	1620645704396	OK	 
REQUEST		Add New User Redirect 1	1620645703968	1620645704399	OK	 
REQUEST		Add New User Redirect 1	1620645703725	1620645704436	OK	 
REQUEST		Get Single Users Redirect 1	1620645704396	1620645704438	OK	 
REQUEST		Get all Users Redirect 1	1620645704064	1620645704534	OK	 
REQUEST		Add New User Redirect 1	1620645704355	1620645704553	OK	 
REQUEST		Add New User Redirect 1	1620645704143	1620645704567	OK	 
REQUEST		Add New User Redirect 1	1620645703904	1620645704579	OK	 
REQUEST		Add New User Redirect 1	1620645704178	1620645704591	OK	 
REQUEST		Add New User Redirect 1	1620645703904	1620645704643	OK	 
REQUEST		Add New User Redirect 1	1620645703992	1620645704654	OK	 
REQUEST		Add New User Redirect 1	1620645704020	1620645704690	OK	 
USER	Fixed Load Duration	START	1620645704713
REQUEST		Add New User	1620645704551	1620645704723	OK	 
REQUEST		Add New User Redirect 1	1620645704086	1620645704758	OK	 
REQUEST		Get Single Users	1620645704636	1620645704779	OK	 
REQUEST		Add New User Redirect 1	1620645704135	1620645704817	OK	 
REQUEST		Add New User Redirect 1	1620645704614	1620645704819	OK	 
REQUEST		Get Single Users Redirect 1	1620645704779	1620645704820	OK	 
REQUEST		Add New User Redirect 1	1620645704436	1620645704864	OK	 
REQUEST		Add New User Redirect 1	1620645704723	1620645704882	OK	 
REQUEST		Add New User Redirect 1	1620645704748	1620645704932	OK	 
REQUEST		Add New User Redirect 1	1620645704669	1620645705014	OK	 
REQUEST		Add New User Redirect 1	1620645704819	1620645705020	OK	 
REQUEST		Add New User Redirect 1	1620645704592	1620645705022	OK	 
REQUEST		Add New User	1620645704884	1620645705022	OK	 
REQUEST		Get all Users	1620645704713	1620645705039	OK	 
REQUEST		Add New User Redirect 1	1620645704400	1620645705057	OK	 
REQUEST		Add New User Redirect 1	1620645704654	1620645705086	OK	 
REQUEST		Add New User Redirect 1	1620645704932	1620645705126	OK	 
REQUEST		Add New User Redirect 1	1620645704844	1620645705147	OK	 
REQUEST		Add New User Redirect 1	1620645705022	1620645705198	OK	 
REQUEST		Add New User Redirect 1	1620645704783	1620645705199	OK	 
USER	Fixed Load Duration	START	1620645705212
REQUEST		Add New User Redirect 1	1620645704579	1620645705244	OK	 
REQUEST		Add New User Redirect 1	1620645705124	1620645705295	OK	 
REQUEST		Add New User Redirect 1	1620645704614	1620645705302	OK	 
REQUEST		Add New User Redirect 1	1620645705015	1620645705312	OK	 
REQUEST		Add New User Redirect 1	1620645704990	1620645705320	OK	 
REQUEST		Add New User Redirect 1	1620645705157	1620645705337	OK	 
REQUEST		Add New User Redirect 1	1620645705162	1620645705350	OK	 
REQUEST		Add New User Redirect 1	1620645704643	1620645705366	OK	 
REQUEST		Add New User Redirect 1	1620645704690	1620645705395	OK	 
REQUEST		Add New User Redirect 1	1620645705148	1620645705454	OK	 
REQUEST		Add New User Redirect 1	1620645705295	1620645705466	OK	 
REQUEST		Add New User Redirect 1	1620645704758	1620645705469	OK	 
REQUEST		Add New User Redirect 1	1620645705320	1620645705490	OK	 
REQUEST		Add New User	1620645705361	1620645705519	OK	 
REQUEST		Get all Users Redirect 1	1620645705039	1620645705520	OK	 
REQUEST		Add New User Redirect 1	1620645705307	1620645705525	OK	 
REQUEST		Get all Users	1620645705212	1620645705526	OK	 
REQUEST		Add New User Redirect 1	1620645705214	1620645705529	OK	 
REQUEST		Add New User Redirect 1	1620645705350	1620645705530	OK	 
REQUEST		Add New User Redirect 1	1620645704883	1620645705551	OK	 
REQUEST		Add New User Redirect 1	1620645705337	1620645705569	OK	 
REQUEST		Add New User	1620645705547	1620645705584	OK	 
REQUEST		Add New User Redirect 1	1620645705163	1620645705590	OK	 
REQUEST		Add New User Redirect 1	1620645704903	1620645705591	OK	 
REQUEST		Add New User Redirect 1	1620645705199	1620645705608	OK	 
REQUEST		Add New User Redirect 1	1620645705448	1620645705673	OK	 
REQUEST		Get all Users Redirect 1	1620645705521	1620645705682	OK	 
REQUEST		Add New User Redirect 1	1620645705520	1620645705688	OK	 
REQUEST		Get Single Users	1620645705538	1620645705698	OK	 
REQUEST		Add New User Redirect 1	1620645705529	1620645705706	OK	 
REQUEST		Add New User Redirect 1	1620645705481	1620645705707	OK	 
REQUEST		Add New User Redirect 1	1620645705525	1620645705710	OK	 
REQUEST		Add New User Redirect 1	1620645705024	1620645705712	OK	 
USER	Fixed Load Duration	START	1620645705715
REQUEST		Add New User Redirect 1	1620645705547	1620645705725	OK	 
REQUEST		Add New User Redirect 1	1620645705584	1620645705759	OK	 
REQUEST		Add New User Redirect 1	1620645705364	1620645705787	OK	 
REQUEST		Add New User Redirect 1	1620645705198	1620645705866	OK	 
REQUEST		Get Single Users	1620645705838	1620645705872	OK	 
REQUEST		Get Single Users Redirect 1	1620645705698	1620645705876	OK	 
REQUEST		Add New User Redirect 1	1620645705674	1620645705884	OK	 
REQUEST		Add New User Redirect 1	1620645705707	1620645705887	OK	 
REQUEST		Add New User Redirect 1	1620645705726	1620645705901	OK	 
REQUEST		Add New User Redirect 1	1620645705302	1620645706018	OK	 
REQUEST		Get all Users Redirect 1	1620645705526	1620645706023	OK	 
REQUEST		Add New User Redirect 1	1620645705591	1620645706038	OK	 
REQUEST		Add New User Redirect 1	1620645705851	1620645706041	OK	 
REQUEST		Get all Users	1620645705715	1620645706048	OK	 
REQUEST		Get Single Users Redirect 1	1620645705872	1620645706071	OK	 
REQUEST		Add New User Redirect 1	1620645705468	1620645706143	OK	 
REQUEST		Add New User Redirect 1	1620645705788	1620645706213	OK	 
USER	Fixed Load Duration	START	1620645706216
REQUEST		Add New User Redirect 1	1620645706041	1620645706226	OK	 
REQUEST		Add New User Redirect 1	1620645706084	1620645706262	OK	 
REQUEST		Add New User Redirect 1	1620645705591	1620645706279	OK	 
REQUEST		Add New User Redirect 1	1620645705688	1620645706370	OK	 
REQUEST		Add New User Redirect 1	1620645705712	1620645706410	OK	 
REQUEST		Add New User Redirect 1	1620645705759	1620645706414	OK	 
REQUEST		Add New User Redirect 1	1620645706263	1620645706457	OK	 
REQUEST		Add New User Redirect 1	1620645706297	1620645706499	OK	 
REQUEST		Get all Users	1620645706216	1620645706529	OK	 
REQUEST		Get all Users Redirect 1	1620645706048	1620645706540	OK	 
REQUEST		Add New User Redirect 1	1620645706144	1620645706593	OK	 
REQUEST		Add New User	1620645706442	1620645706616	OK	 
REQUEST		Add New User Redirect 1	1620645706336	1620645706638	OK	 
REQUEST		Add New User Redirect 1	1620645706616	1620645706657	OK	 
REQUEST		Add New User Redirect 1	1620645706499	1620645706681	OK	 
REQUEST		Get Single Users	1620645706539	1620645706700	OK	 
USER	Fixed Load Duration	START	1620645706715
REQUEST		Get Single Users Redirect 1	1620645706700	1620645706862	OK	 
REQUEST		Add New User Redirect 1	1620645706639	1620645706953	OK	 
REQUEST		Get all Users Redirect 1	1620645706530	1620645706968	OK	 
REQUEST		Add New User	1620645706825	1620645706968	OK	 
REQUEST		Add New User Redirect 1	1620645706657	1620645706972	OK	 
REQUEST		Get all Users	1620645706715	1620645707006	OK	 
REQUEST		Add New User Redirect 1	1620645706969	1620645707007	OK	 
REQUEST		Add New User Redirect 1	1620645706855	1620645707042	OK	 
REQUEST		Add New User Redirect 1	1620645706779	1620645707081	OK	 
REQUEST		Add New User Redirect 1	1620645706694	1620645707115	OK	 
REQUEST		Get all Users Redirect 1	1620645706968	1620645707115	OK	 
REQUEST		Add New User Redirect 1	1620645706936	1620645707126	OK	 
REQUEST		Add New User Redirect 1	1620645707008	1620645707188	OK	 
REQUEST		Add New User Redirect 1	1620645707043	1620645707232	OK	 
REQUEST		Add New User Redirect 1	1620645707127	1620645707331	OK	 
REQUEST		Add New User Redirect 1	1620645707082	1620645707384	OK	 
REQUEST		Add New User Redirect 1	1620645707208	1620645707425	OK	 
REQUEST		Get all Users Redirect 1	1620645707007	1620645707434	OK	 
REQUEST		Add New User Redirect 1	1620645706756	1620645707458	OK	 
REQUEST		Add New User Redirect 1	1620645707425	1620645707601	OK	 
REQUEST		Add New User Redirect 1	1620645707116	1620645707805	OK	 
REQUEST		Get Single Users	1620645707684	1620645707842	OK	 
REQUEST		Add New User Redirect 1	1620645707459	1620645707901	OK	 
REQUEST		Add New User Redirect 1	1620645707274	1620645707964	OK	 
REQUEST		Get Single Users Redirect 1	1620645707843	1620645708003	OK	 
REQUEST		Add New User Redirect 1	1620645707773	1620645708008	OK	 
REQUEST		Add New User	1620645707882	1620645708040	OK	 
REQUEST		Add New User	1620645708077	1620645708130	OK	 
REQUEST		Get Single Users	1620645708027	1620645708190	OK	 
REQUEST		Add New User Redirect 1	1620645708040	1620645708222	OK	 
REQUEST		Add New User Redirect 1	1620645708008	1620645708236	OK	 
REQUEST		Add New User Redirect 1	1620645708130	1620645708334	OK	 
REQUEST		Get Single Users Redirect 1	1620645708190	1620645708373	OK	 
REQUEST		Add New User Redirect 1	1620645707964	1620645708439	OK	 
REQUEST		Add New User Redirect 1	1620645708258	1620645708457	OK	 
REQUEST		Add New User Redirect 1	1620645707918	1620645708587	OK	 
REQUEST		Add New User Redirect 1	1620645708457	1620645708635	OK	 
REQUEST		Get Single Users	1620645708543	1620645708703	OK	 
REQUEST		Add New User Redirect 1	1620645708385	1620645708800	OK	 
REQUEST		Add New User Redirect 1	1620645708564	1620645708870	OK	 
REQUEST		Get Single Users Redirect 1	1620645708703	1620645708870	OK	 
REQUEST		Add New User Redirect 1	1620645708223	1620645708972	OK	 
REQUEST		Add New User Redirect 1	1620645708334	1620645709015	OK	 
REQUEST		Add New User Redirect 1	1620645708578	1620645709032	OK	 
REQUEST		Add New User	1620645708867	1620645709033	OK	 
REQUEST		Add New User Redirect 1	1620645708870	1620645709174	OK	 
REQUEST		Add New User Redirect 1	1620645709033	1620645709193	OK	 
REQUEST		Add New User Redirect 1	1620645709027	1620645709203	OK	 
REQUEST		Add New User Redirect 1	1620645708801	1620645709222	OK	 
REQUEST		Get Single Users	1620645709118	1620645709266	OK	 
REQUEST		Add New User Redirect 1	1620645708588	1620645709295	OK	 
REQUEST		Add New User Redirect 1	1620645708871	1620645709302	OK	 
REQUEST		Add New User Redirect 1	1620645709133	1620645709363	OK	 
REQUEST		Add New User Redirect 1	1620645709203	1620645709380	OK	 
REQUEST		Get Single Users Redirect 1	1620645709266	1620645709413	OK	 
REQUEST		Add New User Redirect 1	1620645709033	1620645709447	OK	 
REQUEST		Add New User Redirect 1	1620645709065	1620645709482	OK	 
REQUEST		Add New User Redirect 1	1620645709321	1620645709492	OK	 
REQUEST		Add New User Redirect 1	1620645708823	1620645709503	OK	 
REQUEST		Add New User Redirect 1	1620645709097	1620645709518	OK	 
REQUEST		Add New User Redirect 1	1620645709364	1620645709546	OK	 
REQUEST		Get Single Users	1620645709438	1620645709588	OK	 
REQUEST		Add New User Redirect 1	1620645709473	1620645709646	OK	 
REQUEST		Add New User Redirect 1	1620645709541	1620645709724	OK	 
REQUEST		Get Single Users Redirect 1	1620645709588	1620645709730	OK	 
REQUEST		Add New User Redirect 1	1620645709302	1620645709732	OK	 
REQUEST		Add New User Redirect 1	1620645709032	1620645709744	OK	 
REQUEST		Add New User Redirect 1	1620645709464	1620645709767	OK	 
REQUEST		Add New User Redirect 1	1620645709492	1620645709792	OK	 
REQUEST		Add New User Redirect 1	1620645709492	1620645709795	OK	 
REQUEST		Add New User Redirect 1	1620645709646	1620645709815	OK	 
REQUEST		Add New User Redirect 1	1620645709577	1620645709841	OK	 
REQUEST		Add New User Redirect 1	1620645709193	1620645709867	OK	 
REQUEST		Add New User Redirect 1	1620645709715	1620645709895	OK	 
REQUEST		Add New User Redirect 1	1620645709725	1620645709911	OK	 
REQUEST		Add New User Redirect 1	1620645709483	1620645709918	OK	 
REQUEST		Add New User Redirect 1	1620645709718	1620645709921	OK	 
REQUEST		Add New User Redirect 1	1620645709518	1620645709941	OK	 
REQUEST		Add New User Redirect 1	1620645709476	1620645709967	OK	 
REQUEST		Add New User Redirect 1	1620645709795	1620645709968	OK	 
REQUEST		Add New User Redirect 1	1620645709256	1620645709982	OK	 
REQUEST		Add New User Redirect 1	1620645709841	1620645710023	OK	 
REQUEST		Add New User Redirect 1	1620645709374	1620645710045	OK	 
REQUEST		Add New User Redirect 1	1620645709768	1620645710071	OK	 
REQUEST		Add New User Redirect 1	1620645709894	1620645710075	OK	 
REQUEST		Add New User Redirect 1	1620645709892	1620645710080	OK	 
REQUEST		Add New User Redirect 1	1620645709911	1620645710089	OK	 
REQUEST		Add New User Redirect 1	1620645709921	1620645710107	OK	 
REQUEST		Add New User Redirect 1	1620645709404	1620645710136	OK	 
REQUEST		Add New User Redirect 1	1620645709504	1620645710154	OK	 
REQUEST		Add New User	1620645710005	1620645710173	OK	 
REQUEST		Add New User Redirect 1	1620645709895	1620645710197	OK	 
REQUEST		Add New User Redirect 1	1620645709559	1620645710221	OK	 
REQUEST		Add New User Redirect 1	1620645710075	1620645710262	OK	 
REQUEST		Add New User Redirect 1	1620645710090	1620645710263	OK	 
REQUEST		Add New User Redirect 1	1620645710080	1620645710270	OK	 
REQUEST		Add New User Redirect 1	1620645709616	1620645710303	OK	 
REQUEST		Add New User Redirect 1	1620645710173	1620645710345	OK	 
REQUEST		Add New User Redirect 1	1620645710233	1620645710417	OK	 
REQUEST		Add New User Redirect 1	1620645709968	1620645710420	OK	 
REQUEST		Add New User Redirect 1	1620645709983	1620645710422	OK	 
REQUEST		Add New User Redirect 1	1620645709744	1620645710435	OK	 
REQUEST		Add New User Redirect 1	1620645710024	1620645710453	OK	 
REQUEST		Add New User Redirect 1	1620645710043	1620645710466	OK	 
REQUEST		Add New User Redirect 1	1620645710045	1620645710490	OK	 
REQUEST		Add New User	1620645710378	1620645710543	OK	 
REQUEST		Add New User Redirect 1	1620645709874	1620645710554	OK	 
REQUEST		Add New User Redirect 1	1620645710417	1620645710638	OK	 
REQUEST		Add New User Redirect 1	1620645710224	1620645710655	OK	 
REQUEST		Add New User Redirect 1	1620645710465	1620645710675	OK	 
REQUEST		Add New User Redirect 1	1620645710543	1620645710710	OK	 
REQUEST		Add New User Redirect 1	1620645710303	1620645710728	OK	 
REQUEST		Add New User Redirect 1	1620645710289	1620645710734	OK	 
REQUEST		Add New User Redirect 1	1620645710346	1620645710760	OK	 
REQUEST		Add New User Redirect 1	1620645710136	1620645710836	OK	 
REQUEST		Add New User Redirect 1	1620645710419	1620645710856	OK	 
REQUEST		Add New User Redirect 1	1620645710454	1620645710881	OK	 
REQUEST		Add New User Redirect 1	1620645710691	1620645710893	OK	 
REQUEST		Add New User Redirect 1	1620645710675	1620645710902	OK	 
REQUEST		Add New User Redirect 1	1620645710221	1620645710911	OK	 
REQUEST		Add New User Redirect 1	1620645710601	1620645711024	OK	 
REQUEST		Add New User	1620645710871	1620645711036	OK	 
REQUEST		Add New User Redirect 1	1620645710380	1620645711044	OK	 
REQUEST		Add New User Redirect 1	1620645710894	1620645711067	OK	 
REQUEST		Add New User Redirect 1	1620645710466	1620645711155	OK	 
REQUEST		Add New User Redirect 1	1620645710419	1620645711155	OK	 
REQUEST		Add New User Redirect 1	1620645711036	1620645711212	OK	 
REQUEST		Add New User Redirect 1	1620645710554	1620645711234	OK	 
REQUEST		Add New User Redirect 1	1620645710960	1620645711261	OK	 
REQUEST		Add New User Redirect 1	1620645710983	1620645711285	OK	 
REQUEST		Add New User Redirect 1	1620645710857	1620645711324	OK	 
REQUEST		Add New User Redirect 1	1620645710656	1620645711328	OK	 
REQUEST		Add New User Redirect 1	1620645710711	1620645711394	OK	 
REQUEST		Add New User Redirect 1	1620645711198	1620645711406	OK	 
REQUEST		Add New User Redirect 1	1620645710734	1620645711414	OK	 
REQUEST		Add New User Redirect 1	1620645711241	1620645711438	OK	 
REQUEST		Add New User Redirect 1	1620645711024	1620645711461	OK	 
REQUEST		Add New User Redirect 1	1620645711285	1620645711467	OK	 
REQUEST		Add New User Redirect 1	1620645711335	1620645711510	OK	 
REQUEST		Add New User Redirect 1	1620645711261	1620645711567	OK	 
REQUEST		Add New User	1620645711417	1620645711569	OK	 
REQUEST		Add New User Redirect 1	1620645711156	1620645711572	OK	 
REQUEST		Add New User Redirect 1	1620645711406	1620645711573	OK	 
REQUEST		Add New User Redirect 1	1620645711438	1620645711674	OK	 
REQUEST		Add New User Redirect 1	1620645711393	1620645711706	OK	 
REQUEST		Add New User Redirect 1	1620645711045	1620645711714	OK	 
REQUEST		Add New User Redirect 1	1620645711510	1620645711715	OK	 
REQUEST		Add New User Redirect 1	1620645711570	1620645711725	OK	 
REQUEST		Add New User Redirect 1	1620645711608	1620645711783	OK	 
REQUEST		Add New User	1620645711733	1620645711876	OK	 
REQUEST		Add New User Redirect 1	1620645711212	1620645711880	OK	 
REQUEST		Add New User Redirect 1	1620645711725	1620645711950	OK	 
REQUEST		Add New User Redirect 1	1620645711784	1620645711957	OK	 
REQUEST		Add New User Redirect 1	1620645711707	1620645712006	OK	 
REQUEST		Add New User Redirect 1	1620645711876	1620645712023	OK	 
REQUEST		Add New User Redirect 1	1620645711812	1620645712231	OK	 
REQUEST		Add New User Redirect 1	1620645712023	1620645712233	OK	 
REQUEST		Add New User Redirect 1	1620645711912	1620645712342	OK	 
REQUEST		Add New User Redirect 1	1620645712246	1620645712443	OK	 
REQUEST		Add New User Redirect 1	1620645712444	1620645712646	OK	 
REQUEST		Add New User Redirect 1	1620645712232	1620645712661	OK	 
REQUEST		Add New User Redirect 1	1620645712644	1620645712821	OK	 
REQUEST		Add New User Redirect 1	1620645712447	1620645712878	OK	 
REQUEST		Add New User Redirect 1	1620645712822	1620645713002	OK	 
REQUEST		Add New User Redirect 1	1620645712342	1620645713044	OK	 
REQUEST		Add New User Redirect 1	1620645713183	1620645713498	OK	 
REQUEST		Add New User Redirect 1	1620645712879	1620645713591	OK	 
REQUEST		Add New User Redirect 1	1620645713385	1620645713595	OK	 
REQUEST		Add New User Redirect 1	1620645712979	1620645713650	OK	 
REQUEST		Add New User Redirect 1	1620645713499	1620645713671	OK	 
REQUEST		Add New User Redirect 1	1620645713303	1620645713726	OK	 
REQUEST		Add New User Redirect 1	1620645713025	1620645713728	OK	 
REQUEST		Add New User Redirect 1	1620645713556	1620645713730	OK	 
REQUEST		Add New User Redirect 1	1620645713595	1620645713768	OK	 
REQUEST		Add New User Redirect 1	1620645713228	1620645713774	OK	 
REQUEST		Add New User Redirect 1	1620645713730	1620645713906	OK	 
REQUEST		Add New User Redirect 1	1620645713820	1620645714004	OK	 
REQUEST		Add New User Redirect 1	1620645713919	1620645714101	OK	 
REQUEST		Add New User Redirect 1	1620645713800	1620645714108	OK	 
REQUEST		Add New User Redirect 1	1620645713454	1620645714152	OK	 
REQUEST		Add New User Redirect 1	1620645713727	1620645714160	OK	 
REQUEST		Add New User Redirect 1	1620645713974	1620645714163	OK	 
REQUEST		Add New User Redirect 1	1620645713739	1620645714176	OK	 
REQUEST		Add New User Redirect 1	1620645714005	1620645714191	OK	 
REQUEST		Add New User Redirect 1	1620645713774	1620645714193	OK	 
REQUEST		Add New User Redirect 1	1620645714034	1620645714256	OK	 
REQUEST		Add New User Redirect 1	1620645714081	1620645714256	OK	 
REQUEST		Add New User Redirect 1	1620645714101	1620645714283	OK	 
REQUEST		Add New User Redirect 1	1620645714120	1620645714303	OK	 
REQUEST		Add New User Redirect 1	1620645713650	1620645714324	OK	 
REQUEST		Add New User Redirect 1	1620645713929	1620645714347	OK	 
REQUEST		Add New User Redirect 1	1620645714203	1620645714382	OK	 
REQUEST		Add New User Redirect 1	1620645713951	1620645714398	OK	 
REQUEST		Add New User Redirect 1	1620645713728	1620645714410	OK	 
REQUEST		Add New User Redirect 1	1620645714108	1620645714414	OK	 
REQUEST		Add New User Redirect 1	1620645714274	1620645714447	OK	 
REQUEST		Add New User Redirect 1	1620645714256	1620645714447	OK	 
REQUEST		Add New User Redirect 1	1620645714267	1620645714461	OK	 
REQUEST		Add New User Redirect 1	1620645714164	1620645714466	OK	 
REQUEST		Add New User Redirect 1	1620645714303	1620645714482	OK	 
REQUEST		Add New User Redirect 1	1620645714280	1620645714505	OK	 
REQUEST		Add New User Redirect 1	1620645714256	1620645714561	OK	 
REQUEST		Add New User Redirect 1	1620645713874	1620645714563	OK	 
REQUEST		Add New User Redirect 1	1620645714382	1620645714565	OK	 
REQUEST		Add New User Redirect 1	1620645714153	1620645714566	OK	 
REQUEST		Add New User Redirect 1	1620645714163	1620645714575	OK	 
REQUEST		Add New User Redirect 1	1620645714447	1620645714630	OK	 
REQUEST		Add New User Redirect 1	1620645714461	1620645714644	OK	 
REQUEST		Add New User Redirect 1	1620645714506	1620645714727	OK	 
REQUEST		Add New User Redirect 1	1620645714348	1620645714800	OK	 
REQUEST		Add New User Redirect 1	1620645714398	1620645714825	OK	 
REQUEST		Add New User Redirect 1	1620645714644	1620645714827	OK	 
REQUEST		Add New User Redirect 1	1620645714430	1620645714854	OK	 
REQUEST		Add New User Redirect 1	1620645714176	1620645714869	OK	 
REQUEST		Add New User Redirect 1	1620645714430	1620645714872	OK	 
REQUEST		Add New User Redirect 1	1620645714563	1620645714995	OK	 
REQUEST		Add New User Redirect 1	1620645714575	1620645715007	OK	 
REQUEST		Add New User Redirect 1	1620645714827	1620645715029	OK	 
REQUEST		Add New User Redirect 1	1620645714441	1620645715135	OK	 
REQUEST		Add New User Redirect 1	1620645714910	1620645715136	OK	 
REQUEST		Add New User Redirect 1	1620645714741	1620645715155	OK	 
REQUEST		Add New User Redirect 1	1620645714767	1620645715175	OK	 
REQUEST		Add New User Redirect 1	1620645714500	1620645715216	OK	 
REQUEST		Add New User Redirect 1	1620645715076	1620645715250	OK	 
REQUEST		Add New User Redirect 1	1620645714854	1620645715285	OK	 
REQUEST		Add New User Redirect 1	1620645714847	1620645715313	OK	 
REQUEST		Add New User Redirect 1	1620645715136	1620645715319	OK	 
REQUEST		Add New User Redirect 1	1620645714891	1620645715357	OK	 
REQUEST		Add New User Redirect 1	1620645715250	1620645715455	OK	 
REQUEST		Add New User Redirect 1	1620645714872	1620645715548	OK	 
REQUEST		Add New User Redirect 1	1620645715135	1620645715549	OK	 
REQUEST		Add New User Redirect 1	1620645714919	1620645715581	OK	 
REQUEST		Add New User Redirect 1	1620645715155	1620645715604	OK	 
REQUEST		Add New User Redirect 1	1620645715216	1620645715643	OK	 
REQUEST		Add New User Redirect 1	1620645715580	1620645715757	OK	 
REQUEST		Add New User Redirect 1	1620645715339	1620645715760	OK	 
REQUEST		Add New User Redirect 1	1620645715335	1620645715761	OK	 
REQUEST		Add New User Redirect 1	1620645715474	1620645715791	OK	 
REQUEST		Add New User Redirect 1	1620645715175	1620645715831	OK	 
REQUEST		Add New User Redirect 1	1620645715402	1620645715832	OK	 
REQUEST		Add New User Redirect 1	1620645715164	1620645715835	OK	 
REQUEST		Add New User Redirect 1	1620645715422	1620645715865	OK	 
REQUEST		Add New User Redirect 1	1620645715683	1620645715866	OK	 
REQUEST		Add New User Redirect 1	1620645715242	1620645715885	OK	 
REQUEST		Add New User Redirect 1	1620645715575	1620645715900	OK	 
REQUEST		Add New User Redirect 1	1620645715724	1620645715932	OK	 
REQUEST		Add New User Redirect 1	1620645715757	1620645715935	OK	 
REQUEST		Add New User Redirect 1	1620645715581	1620645715998	OK	 
REQUEST		Add New User Redirect 1	1620645715314	1620645716031	OK	 
REQUEST		Add New User Redirect 1	1620645715867	1620645716047	OK	 
REQUEST		Add New User Redirect 1	1620645715791	1620645716107	OK	 
REQUEST		Add New User Redirect 1	1620645715932	1620645716109	OK	 
REQUEST		Add New User Redirect 1	1620645715724	1620645716137	OK	 
REQUEST		Add New User Redirect 1	1620645715963	1620645716156	OK	 
REQUEST		Add New User Redirect 1	1620645715357	1620645716156	OK	 
REQUEST		Add New User Redirect 1	1620645715761	1620645716178	OK	 
REQUEST		Add New User Redirect 1	1620645715468	1620645716179	OK	 
REQUEST		Add New User Redirect 1	1620645715962	1620645716180	OK	 
REQUEST		Add New User Redirect 1	1620645715761	1620645716195	OK	 
REQUEST		Add New User Redirect 1	1620645715900	1620645716200	OK	 
REQUEST		Add New User Redirect 1	1620645716015	1620645716200	OK	 
REQUEST		Add New User Redirect 1	1620645715578	1620645716245	OK	 
REQUEST		Add New User Redirect 1	1620645715832	1620645716264	OK	 
REQUEST		Add New User Redirect 1	1620645715836	1620645716270	OK	 
REQUEST		Add New User Redirect 1	1620645715865	1620645716281	OK	 
REQUEST		Add New User Redirect 1	1620645715890	1620645716304	OK	 
REQUEST		Add New User Redirect 1	1620645716156	1620645716331	OK	 
REQUEST		Add New User Redirect 1	1620645716180	1620645716400	OK	 
REQUEST		Add New User Redirect 1	1620645716243	1620645716415	OK	 
REQUEST		Add New User Redirect 1	1620645716201	1620645716507	OK	 
REQUEST		Add New User Redirect 1	1620645715885	1620645716553	OK	 
REQUEST		Add New User Redirect 1	1620645716137	1620645716567	OK	 
REQUEST		Add New User Redirect 1	1620645716179	1620645716605	OK	 
REQUEST		Add New User Redirect 1	1620645716416	1620645716623	OK	 
REQUEST		Add New User Redirect 1	1620645716305	1620645716742	OK	 
REQUEST		Add New User Redirect 1	1620645716656	1620645716850	OK	 
REQUEST		Add New User Redirect 1	1620645716245	1620645716945	OK	 
REQUEST		Add New User Redirect 1	1620645716850	1620645717022	OK	 
REQUEST		Add New User Redirect 1	1620645716670	1620645717088	OK	 
REQUEST		Add New User Redirect 1	1620645717006	1620645717187	OK	 
REQUEST		Add New User Redirect 1	1620645717188	1620645717492	OK	 
REQUEST		Add New User Redirect 1	1620645717088	1620645717500	OK	 
REQUEST		Add New User Redirect 1	1620645717054	1620645717822	OK	 
REQUEST		Add New User Redirect 1	1620645717678	1620645717861	OK	 
REQUEST		Add New User Redirect 1	1620645717776	1620645717967	OK	 
REQUEST		Add New User Redirect 1	1620645717600	1620645718043	OK	 
REQUEST		Add New User Redirect 1	1620645717861	1620645718044	OK	 
REQUEST		Add New User Redirect 1	1620645717917	1620645718106	OK	 
REQUEST		Add New User Redirect 1	1620645717967	1620645718157	OK	 
REQUEST		Add New User Redirect 1	1620645718106	1620645718282	OK	 
REQUEST		Add New User Redirect 1	1620645718202	1620645718383	OK	 
REQUEST		Add New User Redirect 1	1620645718290	1620645718477	OK	 
REQUEST		Add New User Redirect 1	1620645717822	1620645718488	OK	 
REQUEST		Add New User Redirect 1	1620645718043	1620645718504	OK	 
REQUEST		Add New User Redirect 1	1620645718383	1620645718563	OK	 
REQUEST		Add New User Redirect 1	1620645718168	1620645718624	OK	 
REQUEST		Add New User Redirect 1	1620645718202	1620645718643	OK	 
REQUEST		Add New User Redirect 1	1620645718452	1620645718648	OK	 
REQUEST		Add New User Redirect 1	1620645718476	1620645718657	OK	 
REQUEST		Add New User Redirect 1	1620645718477	1620645718667	OK	 
REQUEST		Add New User Redirect 1	1620645718490	1620645718698	OK	 
REQUEST		Add New User Redirect 1	1620645718425	1620645718739	OK	 
REQUEST		Add New User Redirect 1	1620645718568	1620645718747	OK	 
REQUEST		Add New User Redirect 1	1620645718575	1620645718776	OK	 
REQUEST		Add New User Redirect 1	1620645718333	1620645718777	OK	 
REQUEST		Add New User Redirect 1	1620645718635	1620645718862	OK	 
REQUEST		Add New User Redirect 1	1620645718655	1620645718865	OK	 
REQUEST		Add New User Redirect 1	1620645718648	1620645718999	OK	 
REQUEST		Add New User Redirect 1	1620645718698	1620645719014	OK	 
REQUEST		Add New User Redirect 1	1620645718737	1620645719014	OK	 
REQUEST		Add New User Redirect 1	1620645718575	1620645719068	OK	 
REQUEST		Add New User Redirect 1	1620645718657	1620645719068	OK	 
REQUEST		Add New User Redirect 1	1620645718739	1620645719184	OK	 
REQUEST		Add New User Redirect 1	1620645718625	1620645719188	OK	 
REQUEST		Add New User Redirect 1	1620645718862	1620645719194	OK	 
REQUEST		Add New User Redirect 1	1620645718747	1620645719194	OK	 
REQUEST		Add New User Redirect 1	1620645718866	1620645719200	OK	 
REQUEST		Add New User Redirect 1	1620645718776	1620645719205	OK	 
REQUEST		Add New User Redirect 1	1620645718643	1620645719212	OK	 
REQUEST		Add New User Redirect 1	1620645718419	1620645719230	OK	 
REQUEST		Add New User Redirect 1	1620645719035	1620645719320	OK	 
REQUEST		Add New User Redirect 1	1620645719014	1620645719320	OK	 
REQUEST		Add New User Redirect 1	1620645718804	1620645719320	OK	 
REQUEST		Add New User Redirect 1	1620645718836	1620645719324	OK	 
REQUEST		Add New User Redirect 1	1620645718877	1620645719338	OK	 
REQUEST		Add New User Redirect 1	1620645719000	1620645719444	OK	 
REQUEST		Add New User Redirect 1	1620645718777	1620645719460	OK	 
REQUEST		Add New User Redirect 1	1620645719320	1620645719505	OK	 
REQUEST		Add New User Redirect 1	1620645719330	1620645719510	OK	 
REQUEST		Add New User Redirect 1	1620645719462	1620645719648	OK	 
REQUEST		Add New User Redirect 1	1620645719510	1620645719690	OK	 
REQUEST		Add New User Redirect 1	1620645719016	1620645719702	OK	 
REQUEST		Add New User Redirect 1	1620645719068	1620645719739	OK	 
REQUEST		Add New User Redirect 1	1620645719292	1620645719744	OK	 
REQUEST		Add New User Redirect 1	1620645719324	1620645719745	OK	 
REQUEST		Add New User Redirect 1	1620645719338	1620645719765	OK	 
REQUEST		Add New User Redirect 1	1620645719648	1620645719842	OK	 
REQUEST		Add New User Redirect 1	1620645719444	1620645719864	OK	 
REQUEST		Add New User Redirect 1	1620645719230	1620645719911	OK	 
REQUEST		Add New User Redirect 1	1620645719320	1620645720022	OK	 
REQUEST		Add New User Redirect 1	1620645719557	1620645720029	OK	 
REQUEST		Add New User Redirect 1	1620645719613	1620645720031	OK	 
REQUEST		Add New User Redirect 1	1620645719654	1620645720090	OK	 
REQUEST		Add New User Redirect 1	1620645719702	1620645720112	OK	 
REQUEST		Add New User Redirect 1	1620645719744	1620645720189	OK	 
REQUEST		Add New User Redirect 1	1620645719937	1620645720238	OK	 
REQUEST		Add New User Redirect 1	1620645720057	1620645720252	OK	 
REQUEST		Add New User Redirect 1	1620645719841	1620645720274	OK	 
REQUEST		Add New User Redirect 1	1620645719557	1620645720274	OK	 
REQUEST		Add New User Redirect 1	1620645720118	1620645720314	OK	 
REQUEST		Add New User Redirect 1	1620645720112	1620645720425	OK	 
REQUEST		Add New User Redirect 1	1620645720252	1620645720444	OK	 
REQUEST		Add New User Redirect 1	1620645720029	1620645720463	OK	 
REQUEST		Add New User Redirect 1	1620645720037	1620645720469	OK	 
REQUEST		Add New User Redirect 1	1620645720031	1620645720471	OK	 
REQUEST		Add New User Redirect 1	1620645720206	1620645720504	OK	 
REQUEST		Add New User Redirect 1	1620645720338	1620645720511	OK	 
REQUEST		Add New User Redirect 1	1620645720315	1620645720516	OK	 
REQUEST		Add New User Redirect 1	1620645720091	1620645720519	OK	 
REQUEST		Add New User Redirect 1	1620645720238	1620645720552	OK	 
REQUEST		Add New User Redirect 1	1620645720165	1620645720595	OK	 
REQUEST		Add New User Redirect 1	1620645720403	1620645720633	OK	 
REQUEST		Add New User Redirect 1	1620645720207	1620645720643	OK	 
REQUEST		Add New User Redirect 1	1620645720512	1620645720684	OK	 
REQUEST		Add New User Redirect 1	1620645720003	1620645720687	OK	 
REQUEST		Add New User Redirect 1	1620645720275	1620645720701	OK	 
REQUEST		Add New User Redirect 1	1620645720515	1620645720705	OK	 
REQUEST		Add New User Redirect 1	1620645720275	1620645720705	OK	 
REQUEST		Add New User Redirect 1	1620645720274	1620645720706	OK	 
REQUEST		Add New User Redirect 1	1620645720286	1620645720716	OK	 
REQUEST		Add New User Redirect 1	1620645720425	1620645720732	OK	 
REQUEST		Add New User Redirect 1	1620645720270	1620645720735	OK	 
REQUEST		Add New User Redirect 1	1620645720505	1620645720811	OK	 
REQUEST		Add New User Redirect 1	1620645720629	1620645720812	OK	 
REQUEST		Add New User Redirect 1	1620645720188	1620645720841	OK	 
REQUEST		Add New User Redirect 1	1620645720634	1620645720854	OK	 
REQUEST		Add New User Redirect 1	1620645720705	1620645720879	OK	 
REQUEST		Add New User Redirect 1	1620645720564	1620645721000	OK	 
REQUEST		Add New User Redirect 1	1620645720577	1620645721001	OK	 
REQUEST		Add New User Redirect 1	1620645720812	1620645721014	OK	 
REQUEST		Add New User Redirect 1	1620645720595	1620645721020	OK	 
REQUEST		Add New User Redirect 1	1620645720643	1620645721073	OK	 
REQUEST		Add New User Redirect 1	1620645720614	1620645721074	OK	 
REQUEST		Add New User Redirect 1	1620645720705	1620645721134	OK	 
REQUEST		Add New User Redirect 1	1620645720716	1620645721138	OK	 
REQUEST		Add New User Redirect 1	1620645720735	1620645721162	OK	 
REQUEST		Add New User Redirect 1	1620645720469	1620645721188	OK	 
REQUEST		Add New User Redirect 1	1620645721033	1620645721236	OK	 
REQUEST		Add New User Redirect 1	1620645720841	1620645721265	OK	 
REQUEST		Add New User Redirect 1	1620645720687	1620645721359	OK	 
REQUEST		Add New User Redirect 1	1620645721236	1620645721408	OK	 
REQUEST		Add New User Redirect 1	1620645721001	1620645721412	OK	 
REQUEST		Add New User Redirect 1	1620645720749	1620645721462	OK	 
REQUEST		Add New User Redirect 1	1620645721074	1620645721485	OK	 
REQUEST		Add New User Redirect 1	1620645721502	1620645721673	OK	 
REQUEST		Add New User Redirect 1	1620645721001	1620645721678	OK	 
REQUEST		Add New User Redirect 1	1620645720955	1620645721733	OK	 
REQUEST		Add New User Redirect 1	1620645721462	1620645721874	OK	 
REQUEST		Add New User Redirect 1	1620645721505	1620645721919	OK	 
REQUEST		Add New User Redirect 1	1620645721673	1620645721992	OK	 
REQUEST		Add New User Redirect 1	1620645721734	1620645722173	OK	 
REQUEST		Add New User Redirect 1	1620645722052	1620645722242	OK	 
REQUEST		Add New User Redirect 1	1620645721919	1620645722343	OK	 
REQUEST		Add New User Redirect 1	1620645722167	1620645722344	OK	 
REQUEST		Add New User Redirect 1	1620645722242	1620645722420	OK	 
REQUEST		Add New User Redirect 1	1620645722291	1620645722481	OK	 
REQUEST		Add New User Redirect 1	1620645722345	1620645722517	OK	 
REQUEST		Add New User Redirect 1	1620645722481	1620645722664	OK	 
REQUEST		Add New User Redirect 1	1620645722574	1620645722744	OK	 
REQUEST		Add New User Redirect 1	1620645722674	1620645722900	OK	 
REQUEST		Add New User Redirect 1	1620645722744	1620645722919	OK	 
REQUEST		Add New User Redirect 1	1620645722493	1620645722933	OK	 
REQUEST		Add New User Redirect 1	1620645722510	1620645722998	OK	 
REQUEST		Add New User Redirect 1	1620645722900	1620645723082	OK	 
REQUEST		Add New User Redirect 1	1620645723004	1620645723185	OK	 
REQUEST		Add New User Redirect 1	1620645723022	1620645723204	OK	 
REQUEST		Add New User Redirect 1	1620645723074	1620645723252	OK	 
REQUEST		Add New User Redirect 1	1620645723186	1620645723368	OK	 
REQUEST		Add New User Redirect 1	1620645723195	1620645723368	OK	 
REQUEST		Add New User Redirect 1	1620645723201	1620645723379	OK	 
REQUEST		Add New User Redirect 1	1620645723204	1620645723380	OK	 
REQUEST		Add New User Redirect 1	1620645723215	1620645723387	OK	 
REQUEST		Add New User Redirect 1	1620645723205	1620645723396	OK	 
REQUEST		Add New User Redirect 1	1620645722998	1620645723425	OK	 
REQUEST		Add New User Redirect 1	1620645723327	1620645723504	OK	 
REQUEST		Add New User Redirect 1	1620645723205	1620645723516	OK	 
REQUEST		Add New User Redirect 1	1620645723379	1620645723553	OK	 
REQUEST		Add New User Redirect 1	1620645723380	1620645723558	OK	 
REQUEST		Add New User Redirect 1	1620645723252	1620645723558	OK	 
REQUEST		Add New User Redirect 1	1620645723195	1620645723613	OK	 
REQUEST		Add New User Redirect 1	1620645723220	1620645723630	OK	 
REQUEST		Add New User Redirect 1	1620645722934	1620645723648	OK	 
REQUEST		Add New User Redirect 1	1620645723368	1620645723671	OK	 
REQUEST		Add New User Redirect 1	1620645723505	1620645723682	OK	 
REQUEST		Add New User Redirect 1	1620645723514	1620645723697	OK	 
REQUEST		Add New User Redirect 1	1620645723387	1620645723701	OK	 
REQUEST		Add New User Redirect 1	1620645723516	1620645723817	OK	 
REQUEST		Add New User Redirect 1	1620645723693	1620645723875	OK	 
REQUEST		Add New User Redirect 1	1620645723698	1620645723884	OK	 
REQUEST		Add New User Redirect 1	1620645723851	1620645724029	OK	 
REQUEST		Add New User Redirect 1	1620645723613	1620645724041	OK	 
REQUEST		Add New User Redirect 1	1620645723875	1620645724059	OK	 
REQUEST		Add New User Redirect 1	1620645723631	1620645724084	OK	 
REQUEST		Add New User Redirect 1	1620645723469	1620645724173	OK	 
REQUEST		Add New User Redirect 1	1620645723748	1620645724175	OK	 
REQUEST		Add New User Redirect 1	1620645724029	1620645724206	OK	 
REQUEST		Add New User Redirect 1	1620645723921	1620645724352	OK	 
REQUEST		Add New User Redirect 1	1620645723752	1620645724438	OK	 
REQUEST		Add New User Redirect 1	1620645724028	1620645724445	OK	 
REQUEST		Add New User Redirect 1	1620645723769	1620645724459	OK	 
REQUEST		Add New User Redirect 1	1620645723869	1620645724528	OK	 
REQUEST		Add New User Redirect 1	1620645724175	1620645724597	OK	 
REQUEST		Add New User Redirect 1	1620645724173	1620645724598	OK	 
REQUEST		Add New User Redirect 1	1620645724451	1620645724636	OK	 
REQUEST		Add New User Redirect 1	1620645724198	1620645724645	OK	 
REQUEST		Add New User Redirect 1	1620645724523	1620645724733	OK	 
REQUEST		Add New User Redirect 1	1620645724560	1620645724744	OK	 
REQUEST		Add New User Redirect 1	1620645724122	1620645724793	OK	 
REQUEST		Add New User Redirect 1	1620645724636	1620645724820	OK	 
REQUEST		Add New User Redirect 1	1620645724446	1620645724867	OK	 
REQUEST		Add New User Redirect 1	1620645724693	1620645724870	OK	 
REQUEST		Add New User Redirect 1	1620645724474	1620645724891	OK	 
REQUEST		Add New User Redirect 1	1620645724475	1620645724929	OK	 
REQUEST		Add New User Redirect 1	1620645724741	1620645724933	OK	 
REQUEST		Add New User Redirect 1	1620645724744	1620645724934	OK	 
REQUEST		Add New User Redirect 1	1620645724733	1620645724934	OK	 
REQUEST		Add New User Redirect 1	1620645724529	1620645724939	OK	 
REQUEST		Add New User Redirect 1	1620645724352	1620645725030	OK	 
REQUEST		Add New User Redirect 1	1620645724870	1620645725053	OK	 
REQUEST		Add New User Redirect 1	1620645724889	1620645725061	OK	 
REQUEST		Add New User Redirect 1	1620645724864	1620645725081	OK	 
REQUEST		Add New User Redirect 1	1620645724646	1620645725084	OK	 
REQUEST		Add New User Redirect 1	1620645724818	1620645725133	OK	 
REQUEST		Add New User Redirect 1	1620645724438	1620645725135	OK	 
REQUEST		Add New User Redirect 1	1620645724710	1620645725136	OK	 
REQUEST		Add New User Redirect 1	1620645724460	1620645725137	OK	 
REQUEST		Add New User Redirect 1	1620645724716	1620645725157	OK	 
REQUEST		Add New User Redirect 1	1620645724525	1620645725201	OK	 
REQUEST		Add New User Redirect 1	1620645724793	1620645725211	OK	 
REQUEST		Add New User Redirect 1	1620645725024	1620645725236	OK	 
REQUEST		Add New User Redirect 1	1620645725061	1620645725238	OK	 
REQUEST		Add New User Redirect 1	1620645724933	1620645725240	OK	 
REQUEST		Add New User Redirect 1	1620645725081	1620645725269	OK	 
REQUEST		Add New User Redirect 1	1620645724891	1620645725322	OK	 
REQUEST		Add New User Redirect 1	1620645725236	1620645725412	OK	 
REQUEST		Add New User Redirect 1	1620645725134	1620645725431	OK	 
REQUEST		Add New User Redirect 1	1620645725145	1620645725558	OK	 
REQUEST		Add New User Redirect 1	1620645725157	1620645725569	OK	 
REQUEST		Add New User Redirect 1	1620645725136	1620645725576	OK	 
REQUEST		Add New User Redirect 1	1620645725144	1620645725579	OK	 
REQUEST		Add New User Redirect 1	1620645725168	1620645725595	OK	 
REQUEST		Add New User Redirect 1	1620645725412	1620645725616	OK	 
REQUEST		Add New User Redirect 1	1620645725201	1620645725621	OK	 
REQUEST		Add New User Redirect 1	1620645724930	1620645725648	OK	 
REQUEST		Add New User Redirect 1	1620645725272	1620645725714	OK	 
REQUEST		Add New User Redirect 1	1620645725024	1620645725764	OK	 
REQUEST		Add New User Redirect 1	1620645725617	1620645725791	OK	 
REQUEST		Add New User Redirect 1	1620645725083	1620645725799	OK	 
REQUEST		Add New User Redirect 1	1620645725366	1620645725802	OK	 
REQUEST		Add New User Redirect 1	1620645725419	1620645725828	OK	 
REQUEST		Add New User Redirect 1	1620645725192	1620645725923	OK	 
REQUEST		Add New User Redirect 1	1620645725558	1620645725986	OK	 
REQUEST		Add New User Redirect 1	1620645725579	1620645726009	OK	 
REQUEST		Add New User Redirect 1	1620645725595	1620645726049	OK	 
REQUEST		Add New User Redirect 1	1620645725688	1620645726094	OK	 
REQUEST		Add New User Redirect 1	1620645725714	1620645726159	OK	 
REQUEST		Add New User Redirect 1	1620645725494	1620645726173	OK	 
REQUEST		Add New User Redirect 1	1620645725765	1620645726203	OK	 
REQUEST		Add New User Redirect 1	1620645725799	1620645726214	OK	 
REQUEST		Add New User Redirect 1	1620645725802	1620645726219	OK	 
REQUEST		Add New User Redirect 1	1620645725828	1620645726267	OK	 
REQUEST		Add New User Redirect 1	1620645725998	1620645726301	OK	 
REQUEST		Add New User Redirect 1	1620645726095	1620645726502	OK	 
REQUEST		Add New User Redirect 1	1620645725883	1620645726558	OK	 
REQUEST		Add New User Redirect 1	1620645726301	1620645726606	OK	 
REQUEST		Add New User Redirect 1	1620645726431	1620645726607	OK	 
REQUEST		Add New User Redirect 1	1620645725924	1620645726607	OK	 
REQUEST		Add New User Redirect 1	1620645726179	1620645726616	OK	 
REQUEST		Add New User Redirect 1	1620645726527	1620645726699	OK	 
REQUEST		Add New User Redirect 1	1620645726350	1620645726786	OK	 
REQUEST		Add New User Redirect 1	1620645726174	1620645726845	OK	 
REQUEST		Add New User Redirect 1	1620645726673	1620645726857	OK	 
REQUEST		Add New User Redirect 1	1620645726699	1620645726882	OK	 
REQUEST		Add New User Redirect 1	1620645726607	1620645726919	OK	 
REQUEST		Add New User Redirect 1	1620645726558	1620645727033	OK	 
REQUEST		Add New User Redirect 1	1620645726858	1620645727041	OK	 
REQUEST		Add New User Redirect 1	1620645726616	1620645727068	OK	 
REQUEST		Add New User Redirect 1	1620645726928	1620645727104	OK	 
REQUEST		Add New User Redirect 1	1620645726787	1620645727214	OK	 
REQUEST		Add New User Redirect 1	1620645727104	1620645727273	OK	 
REQUEST		Add New User Redirect 1	1620645727090	1620645727278	OK	 
REQUEST		Add New User Redirect 1	1620645727278	1620645727463	OK	 
REQUEST		Add New User Redirect 1	1620645727379	1620645727585	OK	 
REQUEST		Add New User Redirect 1	1620645727403	1620645727586	OK	 
REQUEST		Add New User Redirect 1	1620645727568	1620645727743	OK	 
REQUEST		Add New User Redirect 1	1620645727560	1620645727743	OK	 
REQUEST		Add New User Redirect 1	1620645727568	1620645727750	OK	 
REQUEST		Add New User Redirect 1	1620645727586	1620645727767	OK	 
REQUEST		Add New User Redirect 1	1620645727585	1620645727798	OK	 
REQUEST		Add New User Redirect 1	1620645727433	1620645727851	OK	 
REQUEST		Add New User Redirect 1	1620645727677	1620645727857	OK	 
REQUEST		Add New User Redirect 1	1620645727704	1620645727877	OK	 
REQUEST		Add New User Redirect 1	1620645727694	1620645727879	OK	 
REQUEST		Add New User Redirect 1	1620645727743	1620645727921	OK	 
REQUEST		Add New User Redirect 1	1620645727750	1620645727931	OK	 
REQUEST		Add New User Redirect 1	1620645727858	1620645728028	OK	 
REQUEST		Add New User Redirect 1	1620645727743	1620645728046	OK	 
REQUEST		Add New User Redirect 1	1620645727877	1620645728057	OK	 
REQUEST		Add New User Redirect 1	1620645727880	1620645728058	OK	 
REQUEST		Add New User Redirect 1	1620645727896	1620645728081	OK	 
REQUEST		Add New User Redirect 1	1620645727654	1620645728098	OK	 
REQUEST		Add New User Redirect 1	1620645727820	1620645728158	OK	 
REQUEST		Add New User Redirect 1	1620645728065	1620645728247	OK	 
REQUEST		Add New User Redirect 1	1620645728081	1620645728262	OK	 
REQUEST		Add New User Redirect 1	1620645727851	1620645728297	OK	 
REQUEST		Add New User Redirect 1	1620645728215	1620645728388	OK	 
REQUEST		Add New User Redirect 1	1620645728247	1620645728428	OK	 
REQUEST		Add New User Redirect 1	1620645728159	1620645728473	OK	 
REQUEST		Add New User Redirect 1	1620645728049	1620645728478	OK	 
REQUEST		Add New User Redirect 1	1620645728098	1620645728514	OK	 
REQUEST		Add New User Redirect 1	1620645728389	1620645728568	OK	 
REQUEST		Add New User Redirect 1	1620645728090	1620645728592	OK	 
REQUEST		Add New User Redirect 1	1620645728826	1620645729015	OK	 
REQUEST		Add New User Redirect 1	1620645728592	1620645729019	OK	 
REQUEST		Add New User Redirect 1	1620645728605	1620645729045	OK	 
REQUEST		Add New User Redirect 1	1620645728605	1620645729064	OK	 
REQUEST		Add New User Redirect 1	1620645728941	1620645729147	OK	 
REQUEST		Add New User Redirect 1	1620645728941	1620645729153	OK	 
REQUEST		Add New User Redirect 1	1620645728478	1620645729189	OK	 
REQUEST		Add New User Redirect 1	1620645729015	1620645729211	OK	 
REQUEST		Add New User Redirect 1	1620645729064	1620645729240	OK	 
REQUEST		Add New User Redirect 1	1620645729148	1620645729320	OK	 
REQUEST		Add New User Redirect 1	1620645729153	1620645729332	OK	 
REQUEST		Add New User Redirect 1	1620645728874	1620645729341	OK	 
REQUEST		Add New User Redirect 1	1620645729240	1620645729419	OK	 
REQUEST		Add New User Redirect 1	1620645729244	1620645729424	OK	 
REQUEST		Add New User Redirect 1	1620645729280	1620645729462	OK	 
REQUEST		Add New User Redirect 1	1620645729033	1620645729485	OK	 
REQUEST		Add New User Redirect 1	1620645729065	1620645729500	OK	 
REQUEST		Add New User Redirect 1	1620645729093	1620645729530	OK	 
REQUEST		Add New User Redirect 1	1620645729244	1620645729551	OK	 
REQUEST		Add New User Redirect 1	1620645729144	1620645729562	OK	 
REQUEST		Add New User Redirect 1	1620645729144	1620645729583	OK	 
REQUEST		Add New User Redirect 1	1620645729424	1620645729593	OK	 
REQUEST		Add New User Redirect 1	1620645729418	1620645729624	OK	 
REQUEST		Add New User Redirect 1	1620645729221	1620645729639	OK	 
REQUEST		Add New User Redirect 1	1620645729462	1620645729658	OK	 
REQUEST		Add New User Redirect 1	1620645728950	1620645729659	OK	 
REQUEST		Add New User Redirect 1	1620645729045	1620645729746	OK	 
REQUEST		Add New User Redirect 1	1620645729440	1620645729756	OK	 
REQUEST		Add New User Redirect 1	1620645729341	1620645729762	OK	 
REQUEST		Add New User Redirect 1	1620645729333	1620645729774	OK	 
REQUEST		Add New User Redirect 1	1620645729625	1620645729797	OK	 
REQUEST		Add New User Redirect 1	1620645729552	1620645729859	OK	 
REQUEST		Add New User Redirect 1	1620645729797	1620645729979	OK	 
REQUEST		Add New User Redirect 1	1620645729562	1620645729989	OK	 
REQUEST		Add New User Redirect 1	1620645729575	1620645730007	OK	 
REQUEST		Add New User Redirect 1	1620645729584	1620645730012	OK	 
REQUEST		Add New User Redirect 1	1620645729585	1620645730016	OK	 
REQUEST		Add New User Redirect 1	1620645729756	1620645730057	OK	 
REQUEST		Add New User Redirect 1	1620645729624	1620645730065	OK	 
REQUEST		Add New User Redirect 1	1620645729657	1620645730074	OK	 
REQUEST		Add New User Redirect 1	1620645729640	1620645730081	OK	 
REQUEST		Add New User Redirect 1	1620645729659	1620645730147	OK	 
REQUEST		Add New User Redirect 1	1620645729979	1620645730153	OK	 
REQUEST		Add New User Redirect 1	1620645729486	1620645730158	OK	 
REQUEST		Add New User Redirect 1	1620645729531	1620645730249	OK	 
REQUEST		Add New User Redirect 1	1620645729991	1620645730409	OK	 
REQUEST		Add New User Redirect 1	1620645730007	1620645730441	OK	 
REQUEST		Add New User Redirect 1	1620645729774	1620645730480	OK	 
REQUEST		Add New User Redirect 1	1620645730058	1620645730492	OK	 
REQUEST		Add New User Redirect 1	1620645730074	1620645730494	OK	 
REQUEST		Add New User Redirect 1	1620645730065	1620645730535	OK	 
REQUEST		Add New User Redirect 1	1620645730167	1620645730579	OK	 
REQUEST		Add New User Redirect 1	1620645730217	1620645730635	OK	 
REQUEST		Add New User Redirect 1	1620645730212	1620645730650	OK	 
REQUEST		Add New User Redirect 1	1620645730012	1620645730714	OK	 
REQUEST		Add New User Redirect 1	1620645730016	1620645730716	OK	 
REQUEST		Add New User Redirect 1	1620645730277	1620645730719	OK	 
REQUEST		Add New User Redirect 1	1620645730409	1620645730826	OK	 
REQUEST		Add New User Redirect 1	1620645730614	1620645730915	OK	 
REQUEST		Add New User Redirect 1	1620645730492	1620645730920	OK	 
REQUEST		Add New User Redirect 1	1620645730510	1620645730952	OK	 
REQUEST		Add New User Redirect 1	1620645730228	1620645730970	OK	 
REQUEST		Add New User Redirect 1	1620645730579	1620645730998	OK	 
REQUEST		Add New User Redirect 1	1620645730614	1620645731058	OK	 
REQUEST		Add New User Redirect 1	1620645730635	1620645731061	OK	 
REQUEST		Add New User Redirect 1	1620645730887	1620645731066	OK	 
REQUEST		Add New User Redirect 1	1620645730650	1620645731078	OK	 
REQUEST		Add New User Redirect 1	1620645730915	1620645731102	OK	 
REQUEST		Add New User Redirect 1	1620645730930	1620645731107	OK	 
REQUEST		Add New User Redirect 1	1620645730715	1620645731146	OK	 
REQUEST		Add New User Redirect 1	1620645730720	1620645731154	OK	 
REQUEST		Add New User Redirect 1	1620645731048	1620645731227	OK	 
REQUEST		Add New User Redirect 1	1620645731066	1620645731244	OK	 
REQUEST		Add New User Redirect 1	1620645731107	1620645731279	OK	 
REQUEST		Add New User Redirect 1	1620645730952	1620645731403	OK	 
REQUEST		Add New User Redirect 1	1620645731227	1620645731409	OK	 
REQUEST		Add New User Redirect 1	1620645731283	1620645731459	OK	 
REQUEST		Add New User Redirect 1	1620645731036	1620645731477	OK	 
REQUEST		Add New User Redirect 1	1620645731058	1620645731480	OK	 
REQUEST		Add New User Redirect 1	1620645731074	1620645731504	OK	 
REQUEST		Add New User Redirect 1	1620645730856	1620645731572	OK	 
REQUEST		Add New User Redirect 1	1620645731459	1620645731629	OK	 
REQUEST		Add New User Redirect 1	1620645731222	1620645731641	OK	 
REQUEST		Add New User Redirect 1	1620645731467	1620645731646	OK	 
REQUEST		Add New User Redirect 1	1620645730970	1620645731687	OK	 
REQUEST		Add New User Redirect 1	1620645731646	1620645731825	OK	 
REQUEST		Add New User Redirect 1	1620645731477	1620645731887	OK	 
REQUEST		Add New User Redirect 1	1620645731504	1620645731949	OK	 
REQUEST		Add New User Redirect 1	1620645731776	1620645731958	OK	 
REQUEST		Add New User Redirect 1	1620645731809	1620645731994	OK	 
REQUEST		Add New User Redirect 1	1620645731928	1620645732106	OK	 
REQUEST		Add New User Redirect 1	1620645731937	1620645732116	OK	 
REQUEST		Add New User Redirect 1	1620645731958	1620645732138	OK	 
REQUEST		Add New User Redirect 1	1620645731994	1620645732181	OK	 
REQUEST		Add New User Redirect 1	1620645732054	1620645732245	OK	 
REQUEST		Add New User Redirect 1	1620645732065	1620645732252	OK	 
REQUEST		Add New User Redirect 1	1620645731573	1620645732261	OK	 
REQUEST		Add New User Redirect 1	1620645732106	1620645732280	OK	 
REQUEST		Add New User Redirect 1	1620645732116	1620645732295	OK	 
REQUEST		Add New User Redirect 1	1620645731642	1620645732311	OK	 
REQUEST		Add New User Redirect 1	1620645732036	1620645732338	OK	 
REQUEST		Add New User Redirect 1	1620645732064	1620645732384	OK	 
REQUEST		Add New User Redirect 1	1620645732245	1620645732430	OK	 
REQUEST		Add New User Redirect 1	1620645732253	1620645732436	OK	 
REQUEST		Add New User Redirect 1	1620645732268	1620645732465	OK	 
REQUEST		Add New User Redirect 1	1620645732384	1620645732566	OK	 
REQUEST		Add New User Redirect 1	1620645732436	1620645732616	OK	 
REQUEST		Add New User Redirect 1	1620645732465	1620645732651	OK	 
REQUEST		Add New User Redirect 1	1620645732338	1620645732653	OK	 
REQUEST		Add New User Redirect 1	1620645732483	1620645732682	OK	 
