RUN	simulations.FixedLoadDurationSimulation	fixedloaddurationsimulation	1620645835097	 	3.5.1
USER	Fixed Load Duration	START	1620645841547
USER	Fixed Load Duration	START	1620645841547
USER	Fixed Load Duration	START	1620645841547
USER	Fixed Load Duration	START	1620645841548
USER	Fixed Load Duration	START	1620645841547
USER	Fixed Load Duration	START	1620645841547
USER	Fixed Load Duration	START	1620645841547
USER	Fixed Load Duration	START	1620645841547
USER	Fixed Load Duration	START	1620645841547
USER	Fixed Load Duration	START	1620645841547
USER	Fixed Load Duration	START	1620645841547
REQUEST		Get all Users	1620645841675	1620645841945	OK	 
REQUEST		Get all Users	1620645841674	1620645842001	OK	 
REQUEST		Get all Users	1620645841674	1620645842009	OK	 
REQUEST		Get all Users	1620645841674	1620645842037	OK	 
USER	Fixed Load Duration	START	1620645842040
REQUEST		Get all Users	1620645841676	1620645842139	OK	 
REQUEST		Get all Users	1620645841675	1620645842140	OK	 
REQUEST		Get all Users	1620645841674	1620645842141	OK	 
REQUEST		Get all Users	1620645841674	1620645842193	OK	 
REQUEST		Get all Users	1620645841675	1620645842201	OK	 
REQUEST		Get all Users	1620645841674	1620645842201	OK	 
REQUEST		Get all Users	1620645841675	1620645842255	OK	 
REQUEST		Get all Users	1620645842041	1620645842522	OK	 
USER	Fixed Load Duration	START	1620645842543
REQUEST		Get all Users Redirect 1	1620645842194	1620645842578	OK	 
REQUEST		Get all Users Redirect 1	1620645842140	1620645842566	OK	 
REQUEST		Get all Users Redirect 1	1620645842599	1620645842636	OK	 
REQUEST		Get all Users Redirect 1	1620645842002	1620645842651	OK	 
REQUEST		Get all Users Redirect 1	1620645841959	1620645842654	OK	 
REQUEST		Get all Users Redirect 1	1620645842599	1620645842654	OK	 
REQUEST		Get all Users Redirect 1	1620645842256	1620645842735	OK	 
REQUEST		Get all Users Redirect 1	1620645842038	1620645842764	OK	 
REQUEST		Get all Users Redirect 1	1620645842523	1620645842777	OK	 
REQUEST		Get all Users Redirect 1	1620645842141	1620645842809	OK	 
REQUEST		Get all Users Redirect 1	1620645842142	1620645842811	OK	 
REQUEST		Get all Users	1620645842543	1620645842847	OK	 
REQUEST		Get all Users Redirect 1	1620645842010	1620645842871	OK	 
REQUEST		Get all Users Redirect 1	1620645842765	1620645842910	OK	 
REQUEST		Get all Users Redirect 1	1620645842811	1620645842961	OK	 
REQUEST		Get all Users Redirect 1	1620645842202	1620645843030	OK	 
USER	Fixed Load Duration	START	1620645843042
REQUEST		Get all Users Redirect 1	1620645842202	1620645843075	OK	 
REQUEST		Get all Users Redirect 1	1620645843032	1620645843181	OK	 
REQUEST		Get all Users Redirect 1	1620645843077	1620645843231	OK	 
REQUEST		Get all Users	1620645843042	1620645843321	OK	 
REQUEST		Get all Users Redirect 1	1620645842847	1620645843390	OK	 
USER	Fixed Load Duration	START	1620645843542
REQUEST		Get all Users Redirect 1	1620645843391	1620645843545	OK	 
REQUEST		Get all Users	1620645843543	1620645843832	OK	 
REQUEST		Get all Users Redirect 1	1620645843321	1620645843946	OK	 
REQUEST		Get all Users Redirect 1	1620645843833	1620645844055	OK	 
REQUEST		Get all Users Redirect 1	1620645844056	1620645844098	OK	 
USER	Fixed Load Duration	START	1620645844543
REQUEST		Get Single Users	1620645844643	1620645844788	OK	 
REQUEST		Get Single Users	1620645844660	1620645844799	OK	 
REQUEST		Get Single Users	1620645844660	1620645844802	OK	 
REQUEST		Get Single Users	1620645844659	1620645844806	OK	 
REQUEST		Get all Users	1620645844543	1620645844823	OK	 
REQUEST		Get Single Users Redirect 1	1620645844789	1620645844824	OK	 
REQUEST		Get Single Users Redirect 1	1620645844800	1620645844855	OK	 
REQUEST		Get Single Users	1620645844741	1620645844898	OK	 
REQUEST		Get Single Users	1620645844784	1620645844926	OK	 
REQUEST		Get Single Users Redirect 1	1620645844898	1620645844937	OK	 
REQUEST		Get Single Users Redirect 1	1620645844803	1620645844950	OK	 
REQUEST		Get Single Users Redirect 1	1620645844807	1620645844958	OK	 
REQUEST		Get Single Users	1620645844818	1620645844963	OK	 
REQUEST		Get Single Users Redirect 1	1620645844927	1620645844964	OK	 
USER	Fixed Load Duration	START	1620645845041
REQUEST		Get Single Users	1620645844875	1620645845050	OK	 
REQUEST		Get Single Users	1620645844917	1620645845059	OK	 
REQUEST		Get Single Users Redirect 1	1620645844964	1620645845105	OK	 
REQUEST		Get Single Users	1620645844966	1620645845111	OK	 
REQUEST		Get Single Users Redirect 1	1620645845060	1620645845204	OK	 
REQUEST		Get Single Users Redirect 1	1620645845051	1620645845244	OK	 
REQUEST		Get Single Users Redirect 1	1620645845112	1620645845262	OK	 
REQUEST		Get all Users	1620645845041	1620645845302	OK	 
REQUEST		Get Single Users	1620645845188	1620645845329	OK	 
REQUEST		Get all Users Redirect 1	1620645844824	1620645845378	OK	 
REQUEST		Get Single Users	1620645845234	1620645845411	OK	 
REQUEST		Get Single Users Redirect 1	1620645845330	1620645845477	OK	 
REQUEST		Get all Users Redirect 1	1620645845379	1620645845533	OK	 
USER	Fixed Load Duration	START	1620645845541
REQUEST		Get Single Users Redirect 1	1620645845412	1620645845560	OK	 
REQUEST		Get Single Users	1620645845552	1620645845771	OK	 
REQUEST		Get all Users	1620645845541	1620645845793	OK	 
REQUEST		Get all Users Redirect 1	1620645845303	1620645845840	OK	 
REQUEST		Get Single Users Redirect 1	1620645845771	1620645845923	OK	 
REQUEST		Get all Users Redirect 1	1620645845841	1620645845987	OK	 
USER	Fixed Load Duration	START	1620645846041
REQUEST		Get Single Users	1620645845953	1620645846097	OK	 
REQUEST		Get Single Users	1620645846104	1620645846248	OK	 
REQUEST		Get Single Users Redirect 1	1620645846097	1620645846275	OK	 
REQUEST		Get Single Users Redirect 1	1620645846249	1620645846293	OK	 
REQUEST		Get all Users Redirect 1	1620645845794	1620645846327	OK	 
REQUEST		Get all Users	1620645846041	1620645846329	OK	 
REQUEST		Get all Users Redirect 1	1620645846329	1620645846476	OK	 
USER	Fixed Load Duration	START	1620645846541
REQUEST		Get all Users	1620645846542	1620645846829	OK	 
REQUEST		Get all Users Redirect 1	1620645846329	1620645846871	OK	 
REQUEST		Add New User	1620645846863	1620645847008	OK	 
REQUEST		Add New User	1620645846831	1620645847012	OK	 
REQUEST		Get all Users Redirect 1	1620645846872	1620645847023	OK	 
REQUEST		Add New User Redirect 1	1620645847013	1620645847050	OK	 
REQUEST		Add New User Redirect 1	1620645847009	1620645847055	OK	 
REQUEST		Add New User	1620645846941	1620645847087	OK	 
REQUEST		Add New User	1620645846954	1620645847095	OK	 
REQUEST		Add New User	1620645846964	1620645847102	OK	 
REQUEST		Add New User	1620645846969	1620645847110	OK	 
REQUEST		Add New User Redirect 1	1620645847088	1620645847125	OK	 
REQUEST		Add New User Redirect 1	1620645847111	1620645847154	OK	 
REQUEST		Add New User Redirect 1	1620645847096	1620645847245	OK	 
REQUEST		Add New User	1620645847108	1620645847248	OK	 
REQUEST		Add New User Redirect 1	1620645847103	1620645847249	OK	 
REQUEST		Add New User	1620645847207	1620645847349	OK	 
REQUEST		Add New User Redirect 1	1620645847056	1620645847384	OK	 
REQUEST		Add New User	1620645847249	1620645847387	OK	 
REQUEST		Add New User Redirect 1	1620645847248	1620645847396	OK	 
REQUEST		Add New User Redirect 1	1620645847051	1620645847397	OK	 
REQUEST		Get all Users Redirect 1	1620645846829	1620645847410	OK	 
REQUEST		Add New User	1620645847268	1620645847411	OK	 
REQUEST		Add New User Redirect 1	1620645847126	1620645847433	OK	 
REQUEST		Add New User Redirect 1	1620645847155	1620645847458	OK	 
REQUEST		Add New User Redirect 1	1620645847246	1620645847463	OK	 
REQUEST		Add New User Redirect 1	1620645847250	1620645847480	OK	 
REQUEST		Add New User Redirect 1	1620645847349	1620645847491	OK	 
USER	Fixed Load Duration	START	1620645847540
REQUEST		Add New User Redirect 1	1620645847411	1620645847559	OK	 
REQUEST		Add New User Redirect 1	1620645847387	1620645847566	OK	 
REQUEST		Add New User Redirect 1	1620645847397	1620645847609	OK	 
REQUEST		Add New User	1620645847484	1620645847644	OK	 
REQUEST		Get Single Users	1620645847537	1620645847678	OK	 
REQUEST		Add New User	1620645847567	1620645847707	OK	 
REQUEST		Add New User Redirect 1	1620645847492	1620645847723	OK	 
REQUEST		Get all Users	1620645847541	1620645847791	OK	 
REQUEST		Add New User Redirect 1	1620645847645	1620645847791	OK	 
REQUEST		Add New User Redirect 1	1620645847560	1620645847799	OK	 
REQUEST		Get Single Users Redirect 1	1620645847678	1620645847824	OK	 
REQUEST		Add New User Redirect 1	1620645847708	1620645847859	OK	 
REQUEST		Add New User Redirect 1	1620645847792	1620645848013	OK	 
USER	Fixed Load Duration	START	1620645848042
REQUEST		Add New User	1620645847930	1620645848074	OK	 
REQUEST		Add New User Redirect 1	1620645847859	1620645848082	OK	 
REQUEST		Get Single Users	1620645847991	1620645848139	OK	 
REQUEST		Add New User Redirect 1	1620645848074	1620645848229	OK	 
REQUEST		Add New User Redirect 1	1620645847566	1620645848282	OK	 
REQUEST		Get Single Users Redirect 1	1620645848139	1620645848292	OK	 
REQUEST		Get all Users	1620645848042	1620645848299	OK	 
REQUEST		Get all Users Redirect 1	1620645847792	1620645848317	OK	 
REQUEST		Add New User	1620645848282	1620645848422	OK	 
REQUEST		Add New User	1620645848300	1620645848443	OK	 
REQUEST		Get all Users Redirect 1	1620645848318	1620645848459	OK	 
REQUEST		Add New User Redirect 1	1620645848230	1620645848464	OK	 
REQUEST		Add New User Redirect 1	1620645848444	1620645848511	OK	 
USER	Fixed Load Duration	START	1620645848541
REQUEST		Add New User Redirect 1	1620645848422	1620645848603	OK	 
REQUEST		Get Single Users	1620645848482	1620645848623	OK	 
REQUEST		Get Single Users Redirect 1	1620645848624	1620645848766	OK	 
REQUEST		Get all Users	1620645848541	1620645848787	OK	 
REQUEST		Add New User Redirect 1	1620645848512	1620645848858	OK	 
REQUEST		Get all Users Redirect 1	1620645848299	1620645848931	OK	 
REQUEST		Get all Users Redirect 1	1620645848788	1620645848996	OK	 
REQUEST		Get all Users Redirect 1	1620645848997	1620645849036	OK	 
USER	Fixed Load Duration	START	1620645849038
REQUEST		Get Single Users	1620645849027	1620645849169	OK	 
REQUEST		Add New User Redirect 1	1620645848604	1620645849274	OK	 
REQUEST		Get all Users	1620645849039	1620645849285	OK	 
REQUEST		Get Single Users Redirect 1	1620645849170	1620645849311	OK	 
USER	Fixed Load Duration	START	1620645849541
REQUEST		Get Single Users	1620645849414	1620645849570	OK	 
REQUEST		Get Single Users Redirect 1	1620645849570	1620645849721	OK	 
REQUEST		Get all Users	1620645849541	1620645849792	OK	 
REQUEST		Get all Users Redirect 1	1620645849285	1620645849820	OK	 
REQUEST		Get all Users Redirect 1	1620645849821	1620645849965	OK	 
REQUEST		Add New User	1620645849828	1620645849975	OK	 
REQUEST		Add New User Redirect 1	1620645849976	1620645850121	OK	 
REQUEST		Add New User Redirect 1	1620645850122	1620645850336	OK	 
REQUEST		Get all Users Redirect 1	1620645849792	1620645850348	OK	 
REQUEST		Add New User	1620645850296	1620645850451	OK	 
USER	Fixed Load Duration	START	1620645850540
REQUEST		Get Single Users	1620645850464	1620645850606	OK	 
REQUEST		Add New User Redirect 1	1620645850451	1620645850606	OK	 
REQUEST		Get Single Users Redirect 1	1620645850606	1620645850754	OK	 
REQUEST		Get all Users	1620645850540	1620645850780	OK	 
REQUEST		Add New User Redirect 1	1620645850607	1620645850789	OK	 
REQUEST		Add New User	1620645850773	1620645850918	OK	 
USER	Fixed Load Duration	START	1620645851041
REQUEST		Add New User Redirect 1	1620645850919	1620645851061	OK	 
REQUEST		Get Single Users	1620645850934	1620645851081	OK	 
REQUEST		Get Single Users	1620645851041	1620645851183	OK	 
REQUEST		Get Single Users Redirect 1	1620645851184	1620645851222	OK	 
REQUEST		Get Single Users Redirect 1	1620645851081	1620645851254	OK	 
REQUEST		Add New User Redirect 1	1620645851062	1620645851288	OK	 
REQUEST		Get all Users	1620645851041	1620645851290	OK	 
REQUEST		Get all Users Redirect 1	1620645850780	1620645851317	OK	 
REQUEST		Get all Users Redirect 1	1620645851318	1620645851511	OK	 
REQUEST		Add New User	1620645851317	1620645851513	OK	 
USER	Fixed Load Duration	START	1620645851541
REQUEST		Add New User Redirect 1	1620645851514	1620645851661	OK	 
REQUEST		Add New User Redirect 1	1620645851474	1620645851684	OK	 
REQUEST		Add New User Redirect 1	1620645851491	1620645851698	OK	 
REQUEST		Add New User Redirect 1	1620645851408	1620645851709	OK	 
REQUEST		Add New User Redirect 1	1620645851396	1620645851721	OK	 
REQUEST		Add New User Redirect 1	1620645851440	1620645851742	OK	 
REQUEST		Add New User Redirect 1	1620645851470	1620645851773	OK	 
REQUEST		Get all Users	1620645851541	1620645851789	OK	 
REQUEST		Add New User Redirect 1	1620645851619	1620645851835	OK	 
REQUEST		Get all Users Redirect 1	1620645851290	1620645851836	OK	 
REQUEST		Add New User	1620645851722	1620645851863	OK	 
REQUEST		Add New User Redirect 1	1620645851662	1620645851884	OK	 
REQUEST		Add New User Redirect 1	1620645851685	1620645851899	OK	 
REQUEST		Add New User Redirect 1	1620645851699	1620645851904	OK	 
REQUEST		Add New User Redirect 1	1620645851734	1620645851958	OK	 
REQUEST		Add New User Redirect 1	1620645851808	1620645852009	OK	 
REQUEST		Add New User Redirect 1	1620645851863	1620645852016	OK	 
REQUEST		Add New User Redirect 1	1620645851722	1620645852023	OK	 
REQUEST		Add New User Redirect 1	1620645851710	1620645852040	OK	 
USER	Fixed Load Duration	START	1620645852040
REQUEST		Add New User Redirect 1	1620645851742	1620645852048	OK	 
REQUEST		Add New User Redirect 1	1620645851835	1620645852050	OK	 
REQUEST		Add New User Redirect 1	1620645851774	1620645852096	OK	 
REQUEST		Get Single Users	1620645851972	1620645852117	OK	 
REQUEST		Add New User Redirect 1	1620645851959	1620645852179	OK	 
REQUEST		Add New User Redirect 1	1620645852010	1620645852211	OK	 
REQUEST		Add New User Redirect 1	1620645852023	1620645852212	OK	 
REQUEST		Add New User Redirect 1	1620645852017	1620645852234	OK	 
REQUEST		Get Single Users Redirect 1	1620645852117	1620645852286	OK	 
REQUEST		Get all Users	1620645852041	1620645852291	OK	 
REQUEST		Add New User Redirect 1	1620645852092	1620645852305	OK	 
REQUEST		Get all Users Redirect 1	1620645851789	1620645852335	OK	 
REQUEST		Add New User Redirect 1	1620645852212	1620645852429	OK	 
REQUEST		Get Single Users	1620645852355	1620645852495	OK	 
REQUEST		Add New User Redirect 1	1620645852306	1620645852515	OK	 
USER	Fixed Load Duration	START	1620645852542
REQUEST		Get Single Users Redirect 1	1620645852495	1620645852649	OK	 
REQUEST		Add New User Redirect 1	1620645852474	1620645852689	OK	 
REQUEST		Get all Users	1620645852542	1620645852786	OK	 
REQUEST		Get all Users Redirect 1	1620645852292	1620645852837	OK	 
REQUEST		Add New User	1620645852760	1620645852900	OK	 
REQUEST		Add New User Redirect 1	1620645852690	1620645852912	OK	 
REQUEST		Add New User Redirect 1	1620645852292	1620645852975	OK	 
REQUEST		Add New User Redirect 1	1620645852900	1620645853048	OK	 
REQUEST		Add New User Redirect 1	1620645852868	1620645853178	OK	 
REQUEST		Add New User Redirect 1	1620645853048	1620645853251	OK	 
REQUEST		Get all Users Redirect 1	1620645852786	1620645853340	OK	 
REQUEST		Add New User	1620645853229	1620645853371	OK	 
REQUEST		Add New User	1620645853260	1620645853404	OK	 
REQUEST		Add New User Redirect 1	1620645853371	1620645853408	OK	 
REQUEST		Add New User Redirect 1	1620645852976	1620645853422	OK	 
REQUEST		Add New User Redirect 1	1620645853179	1620645853514	OK	 
USER	Fixed Load Duration	START	1620645853540
REQUEST		Add New User Redirect 1	1620645853404	1620645853583	OK	 
REQUEST		Get Single Users	1620645853517	1620645853666	OK	 
REQUEST		Add New User Redirect 1	1620645853408	1620645853737	OK	 
REQUEST		Get all Users	1620645853540	1620645853800	OK	 
REQUEST		Get Single Users Redirect 1	1620645853667	1620645853839	OK	 
REQUEST		Add New User Redirect 1	1620645853286	1620645853948	OK	 
REQUEST		Get Single Users	1620645853842	1620645853985	OK	 
USER	Fixed Load Duration	START	1620645854040
REQUEST		Get Single Users Redirect 1	1620645853985	1620645854135	OK	 
REQUEST		Add New User Redirect 1	1620645853583	1620645854239	OK	 
REQUEST		Get all Users	1620645854041	1620645854292	OK	 
REQUEST		Get all Users Redirect 1	1620645853801	1620645854320	OK	 
REQUEST		Add New User	1620645854292	1620645854433	OK	 
REQUEST		Get all Users Redirect 1	1620645854320	1620645854464	OK	 
REQUEST		Get Single Users	1620645854340	1620645854480	OK	 
REQUEST		Get all Users Redirect 1	1620645854293	1620645854526	OK	 
USER	Fixed Load Duration	START	1620645854541
REQUEST		Add New User Redirect 1	1620645854347	1620645854564	OK	 
REQUEST		Get all Users Redirect 1	1620645854527	1620645854578	OK	 
REQUEST		Add New User Redirect 1	1620645854433	1620645854586	OK	 
REQUEST		Get Single Users Redirect 1	1620645854481	1620645854625	OK	 
REQUEST		Add New User Redirect 1	1620645853948	1620645854626	OK	 
REQUEST		Add New User Redirect 1	1620645854587	1620645854764	OK	 
REQUEST		Add New User Redirect 1	1620645854565	1620645854787	OK	 
REQUEST		Get all Users	1620645854541	1620645854789	OK	 
REQUEST		Add New User	1620645854655	1620645854804	OK	 
REQUEST		Add New User Redirect 1	1620645854805	1620645854960	OK	 
REQUEST		Add New User Redirect 1	1620645854797	1620645854976	OK	 
REQUEST		Get Single Users	1620645854841	1620645854985	OK	 
USER	Fixed Load Duration	START	1620645855041
REQUEST		Get Single Users Redirect 1	1620645854986	1620645855132	OK	 
REQUEST		Add New User Redirect 1	1620645854961	1620645855177	OK	 
REQUEST		Add New User Redirect 1	1620645854977	1620645855197	OK	 
REQUEST		Get all Users	1620645855041	1620645855285	OK	 
REQUEST		Get all Users Redirect 1	1620645854789	1620645855327	OK	 
REQUEST		Get Single Users	1620645855346	1620645855488	OK	 
REQUEST		Add New User Redirect 1	1620645855295	1620645855500	OK	 
USER	Fixed Load Duration	START	1620645855542
REQUEST		Get Single Users Redirect 1	1620645855489	1620645855634	OK	 
REQUEST		Add New User Redirect 1	1620645855501	1620645855676	OK	 
REQUEST		Get all Users	1620645855542	1620645855788	OK	 
REQUEST		Get all Users Redirect 1	1620645855286	1620645855843	OK	 
REQUEST		Add New User	1620645855846	1620645855999	OK	 
REQUEST		Get all Users Redirect 1	1620645855844	1620645856002	OK	 
REQUEST		Add New User Redirect 1	1620645855914	1620645856110	OK	 
REQUEST		Add New User Redirect 1	1620645855896	1620645856118	OK	 
REQUEST		Add New User Redirect 1	1620645855910	1620645856135	OK	 
REQUEST		Add New User Redirect 1	1620645856000	1620645856144	OK	 
REQUEST		Add New User Redirect 1	1620645856062	1620645856238	OK	 
REQUEST		Add New User Redirect 1	1620645856100	1620645856274	OK	 
REQUEST		Add New User	1620645856140	1620645856285	OK	 
REQUEST		Add New User Redirect 1	1620645856111	1620645856307	OK	 
REQUEST		Add New User Redirect 1	1620645856136	1620645856316	OK	 
REQUEST		Get all Users Redirect 1	1620645855788	1620645856335	OK	 
REQUEST		Add New User Redirect 1	1620645856036	1620645856346	OK	 
REQUEST		Add New User Redirect 1	1620645856051	1620645856350	OK	 
REQUEST		Add New User Redirect 1	1620645856144	1620645856351	OK	 
REQUEST		Add New User Redirect 1	1620645856119	1620645856355	OK	 
REQUEST		Add New User Redirect 1	1620645856190	1620645856405	OK	 
REQUEST		Add New User Redirect 1	1620645856052	1620645856413	OK	 
REQUEST		Add New User Redirect 1	1620645856221	1620645856425	OK	 
REQUEST		Add New User Redirect 1	1620645856285	1620645856431	OK	 
REQUEST		Add New User Redirect 1	1620645856245	1620645856438	OK	 
REQUEST		Add New User Redirect 1	1620645856239	1620645856451	OK	 
REQUEST		Get all Users Redirect 1	1620645856336	1620645856488	OK	 
USER	Fixed Load Duration	START	1620645856541
REQUEST		Add New User Redirect 1	1620645856275	1620645856580	OK	 
REQUEST		Add New User Redirect 1	1620645856426	1620645856600	OK	 
REQUEST		Get Single Users	1620645856467	1620645856610	OK	 
REQUEST		Add New User Redirect 1	1620645856405	1620645856633	OK	 
REQUEST		Add New User Redirect 1	1620645856347	1620645856649	OK	 
REQUEST		Add New User Redirect 1	1620645856437	1620645856650	OK	 
REQUEST		Add New User Redirect 1	1620645856431	1620645856653	OK	 
REQUEST		Add New User Redirect 1	1620645856350	1620645856658	OK	 
REQUEST		Add New User Redirect 1	1620645856439	1620645856675	OK	 
REQUEST		Add New User Redirect 1	1620645856413	1620645856714	OK	 
REQUEST		Get Single Users	1620645856583	1620645856724	OK	 
REQUEST		Add New User Redirect 1	1620645856526	1620645856729	OK	 
REQUEST		Get Single Users Redirect 1	1620645856610	1620645856758	OK	 
REQUEST		Get Single Users Redirect 1	1620645856725	1620645856760	OK	 
REQUEST		Add New User	1620645856628	1620645856773	OK	 
REQUEST		Get all Users	1620645856541	1620645856785	OK	 
REQUEST		Add New User Redirect 1	1620645856650	1620645856865	OK	 
REQUEST		Add New User Redirect 1	1620645856774	1620645856917	OK	 
REQUEST		Add New User Redirect 1	1620645856730	1620645856939	OK	 
USER	Fixed Load Duration	START	1620645857041
REQUEST		Add New User Redirect 1	1620645856918	1620645857119	OK	 
REQUEST		Add New User Redirect 1	1620645856918	1620645857143	OK	 
REQUEST		Add New User	1620645857139	1620645857279	OK	 
REQUEST		Get all Users	1620645857041	1620645857289	OK	 
REQUEST		Get all Users Redirect 1	1620645856785	1620645857319	OK	 
REQUEST		Add New User Redirect 1	1620645857144	1620645857367	OK	 
REQUEST		Add New User Redirect 1	1620645857280	1620645857431	OK	 
REQUEST		Add New User Redirect 1	1620645857262	1620645857431	OK	 
REQUEST		Get all Users Redirect 1	1620645857319	1620645857463	OK	 
REQUEST		Get Single Users	1620645857333	1620645857480	OK	 
USER	Fixed Load Duration	START	1620645857541
REQUEST		Add New User Redirect 1	1620645857431	1620645857618	OK	 
REQUEST		Add New User Redirect 1	1620645857432	1620645857618	OK	 
REQUEST		Get Single Users Redirect 1	1620645857480	1620645857625	OK	 
REQUEST		Add New User	1620645857640	1620645857784	OK	 
REQUEST		Get all Users	1620645857541	1620645857787	OK	 
REQUEST		Add New User Redirect 1	1620645857525	1620645857830	OK	 
REQUEST		Get all Users Redirect 1	1620645857289	1620645857866	OK	 
REQUEST		Add New User Redirect 1	1620645857434	1620645857882	OK	 
REQUEST		Add New User Redirect 1	1620645857742	1620645857911	OK	 
REQUEST		Add New User Redirect 1	1620645857785	1620645857934	OK	 
USER	Fixed Load Duration	START	1620645858042
REQUEST		Add New User Redirect 1	1620645857831	1620645858134	OK	 
REQUEST		Add New User Redirect 1	1620645857935	1620645858141	OK	 
REQUEST		Get Single Users	1620645858007	1620645858146	OK	 
REQUEST		Add New User Redirect 1	1620645857912	1620645858210	OK	 
REQUEST		Get all Users	1620645858042	1620645858283	OK	 
REQUEST		Get Single Users Redirect 1	1620645858147	1620645858297	OK	 
REQUEST		Get all Users Redirect 1	1620645857788	1620645858318	OK	 
REQUEST		Add New User Redirect 1	1620645857882	1620645858320	OK	 
USER	Fixed Load Duration	START	1620645858541
REQUEST		Get Single Users	1620645858492	1620645858634	OK	 
REQUEST		Get all Users	1620645858541	1620645858785	OK	 
REQUEST		Get Single Users Redirect 1	1620645858635	1620645858794	OK	 
REQUEST		Get all Users Redirect 1	1620645858283	1620645858827	OK	 
REQUEST		Add New User Redirect 1	1620645858250	1620645858900	OK	 
REQUEST		Add New User	1620645858764	1620645858911	OK	 
REQUEST		Add New User	1620645858765	1620645858916	OK	 
REQUEST		Add New User Redirect 1	1620645858916	1620645858959	OK	 
REQUEST		Add New User Redirect 1	1620645858774	1620645858966	OK	 
REQUEST		Add New User Redirect 1	1620645858794	1620645858991	OK	 
REQUEST		Get all Users Redirect 1	1620645858785	1620645859006	OK	 
REQUEST		Add New User Redirect 1	1620645858912	1620645859059	OK	 
REQUEST		Add New User Redirect 1	1620645858967	1620645859159	OK	 
REQUEST		Add New User Redirect 1	1620645858991	1620645859210	OK	 
REQUEST		Add New User Redirect 1	1620645858959	1620645859262	OK	 
REQUEST		Add New User Redirect 1	1620645859060	1620645859285	OK	 
REQUEST		Add New User Redirect 1	1620645858634	1620645859304	OK	 
REQUEST		Add New User Redirect 1	1620645859189	1620645859376	OK	 
REQUEST		Add New User Redirect 1	1620645859209	1620645859396	OK	 
USER	Fixed Load Duration	START	1620645859541
REQUEST		Add New User Redirect 1	1620645858900	1620645859601	OK	 
REQUEST		Add New User Redirect 1	1620645859376	1620645859610	OK	 
REQUEST		Get Single Users	1620645859467	1620645859611	OK	 
REQUEST		Add New User Redirect 1	1620645859397	1620645859613	OK	 
REQUEST		Add New User Redirect 1	1620645859304	1620645859715	OK	 
REQUEST		Get Single Users Redirect 1	1620645859612	1620645859761	OK	 
REQUEST		Add New User	1620645859626	1620645859768	OK	 
REQUEST		Get all Users	1620645859541	1620645859799	OK	 
REQUEST		Add New User Redirect 1	1620645859684	1620645859863	OK	 
REQUEST		Add New User Redirect 1	1620645859768	1620645859911	OK	 
REQUEST		Get Single Users	1620645859872	1620645860016	OK	 
USER	Fixed Load Duration	START	1620645860041
REQUEST		Add New User Redirect 1	1620645859864	1620645860071	OK	 
REQUEST		Add New User Redirect 1	1620645859912	1620645860094	OK	 
REQUEST		Get Single Users Redirect 1	1620645860016	1620645860160	OK	 
REQUEST		Get all Users	1620645860041	1620645860296	OK	 
REQUEST		Get all Users Redirect 1	1620645859800	1620645860348	OK	 
REQUEST		Add New User	1620645860303	1620645860447	OK	 
REQUEST		Get Single Users	1620645860324	1620645860474	OK	 
REQUEST		Add New User Redirect 1	1620645860315	1620645860485	OK	 
REQUEST		Get all Users Redirect 1	1620645860349	1620645860493	OK	 
REQUEST		Add New User Redirect 1	1620645860326	1620645860530	OK	 
REQUEST		Add New User Redirect 1	1620645860363	1620645860540	OK	 
USER	Fixed Load Duration	START	1620645860541
REQUEST		Add New User Redirect 1	1620645860365	1620645860580	OK	 
REQUEST		Add New User Redirect 1	1620645860448	1620645860604	OK	 
REQUEST		Get Single Users Redirect 1	1620645860474	1620645860618	OK	 
REQUEST		Add New User Redirect 1	1620645860461	1620645860682	OK	 
REQUEST		Add New User Redirect 1	1620645860486	1620645860689	OK	 
REQUEST		Add New User Redirect 1	1620645860530	1620645860744	OK	 
REQUEST		Add New User Redirect 1	1620645860540	1620645860753	OK	 
REQUEST		Add New User Redirect 1	1620645860580	1620645860762	OK	 
REQUEST		Add New User Redirect 1	1620645860591	1620645860763	OK	 
REQUEST		Add New User Redirect 1	1620645860607	1620645860780	OK	 
REQUEST		Get all Users	1620645860541	1620645860793	OK	 
REQUEST		Add New User Redirect 1	1620645860605	1620645860801	OK	 
REQUEST		Add New User Redirect 1	1620645860640	1620645860821	OK	 
REQUEST		Add New User Redirect 1	1620645860663	1620645860832	OK	 
REQUEST		Add New User Redirect 1	1620645860663	1620645860836	OK	 
REQUEST		Get all Users Redirect 1	1620645860297	1620645860841	OK	 
REQUEST		Add New User Redirect 1	1620645860683	1620645860870	OK	 
REQUEST		Add New User Redirect 1	1620645860685	1620645860905	OK	 
REQUEST		Add New User	1620645860800	1620645860942	OK	 
REQUEST		Add New User Redirect 1	1620645860657	1620645860968	OK	 
REQUEST		Get Single Users	1620645860833	1620645860977	OK	 
REQUEST		Get all Users Redirect 1	1620645860842	1620645860994	OK	 
REQUEST		Add New User Redirect 1	1620645860781	1620645860994	OK	 
REQUEST		Add New User Redirect 1	1620645860832	1620645861003	OK	 
REQUEST		Add New User Redirect 1	1620645860822	1620645861018	OK	 
REQUEST		Add New User Redirect 1	1620645860836	1620645861041	OK	 
REQUEST		Add New User Redirect 1	1620645860724	1620645861041	OK	 
USER	Fixed Load Duration	START	1620645861041
REQUEST		Add New User Redirect 1	1620645860764	1620645861082	OK	 
REQUEST		Add New User Redirect 1	1620645860874	1620645861105	OK	 
REQUEST		Add New User Redirect 1	1620645860943	1620645861106	OK	 
REQUEST		Add New User Redirect 1	1620645860906	1620645861106	OK	 
REQUEST		Get Single Users Redirect 1	1620645860977	1620645861128	OK	 
REQUEST		Get Single Users	1620645861012	1620645861155	OK	 
REQUEST		Add New User Redirect 1	1620645860951	1620645861164	OK	 
REQUEST		Get Single Users Redirect 1	1620645861155	1620645861194	OK	 
REQUEST		Add New User Redirect 1	1620645861106	1620645861285	OK	 
REQUEST		Add New User Redirect 1	1620645860969	1620645861292	OK	 
REQUEST		Get all Users	1620645861041	1620645861293	OK	 
REQUEST		Add New User Redirect 1	1620645861105	1620645861322	OK	 
REQUEST		Add New User Redirect 1	1620645861122	1620645861326	OK	 
REQUEST		Get all Users Redirect 1	1620645860794	1620645861341	OK	 
REQUEST		Add New User Redirect 1	1620645861164	1620645861343	OK	 
REQUEST		Add New User Redirect 1	1620645861041	1620645861364	OK	 
REQUEST		Add New User Redirect 1	1620645861327	1620645861507	OK	 
USER	Fixed Load Duration	START	1620645861541
REQUEST		Add New User Redirect 1	1620645861374	1620645861564	OK	 
REQUEST		Add New User Redirect 1	1620645861565	1620645861754	OK	 
REQUEST		Get all Users	1620645861541	1620645861785	OK	 
REQUEST		Add New User Redirect 1	1620645861626	1620645861798	OK	 
REQUEST		Add New User Redirect 1	1620645861623	1620645861801	OK	 
REQUEST		Get all Users Redirect 1	1620645861293	1620645861863	OK	 
REQUEST		Add New User	1620645861763	1620645861903	OK	 
REQUEST		Add New User Redirect 1	1620645861802	1620645861979	OK	 
REQUEST		Add New User Redirect 1	1620645861798	1620645862005	OK	 
REQUEST		Get all Users Redirect 1	1620645861863	1620645862009	OK	 
REQUEST		Add New User Redirect 1	1620645861903	1620645862047	OK	 
REQUEST		Add New User Redirect 1	1620645862048	1620645862238	OK	 
REQUEST		Add New User	1620645862165	1620645862305	OK	 
REQUEST		Add New User Redirect 1	1620645862144	1620645862316	OK	 
REQUEST		Get all Users Redirect 1	1620645861785	1620645862334	OK	 
REQUEST		Add New User Redirect 1	1620645862150	1620645862358	OK	 
REQUEST		Add New User Redirect 1	1620645862305	1620645862451	OK	 
REQUEST		Get all Users Redirect 1	1620645862334	1620645862479	OK	 
REQUEST		Add New User Redirect 1	1620645862218	1620645862532	OK	 
USER	Fixed Load Duration	START	1620645862541
REQUEST		Add New User Redirect 1	1620645862358	1620645862566	OK	 
REQUEST		Add New User Redirect 1	1620645862452	1620645862634	OK	 
REQUEST		Add New User Redirect 1	1620645862317	1620645862634	OK	 
REQUEST		Get Single Users	1620645862499	1620645862640	OK	 
REQUEST		Add New User	1620645862625	1620645862766	OK	 
REQUEST		Add New User Redirect 1	1620645862329	1620645862771	OK	 
REQUEST		Get Single Users Redirect 1	1620645862640	1620645862782	OK	 
REQUEST		Get all Users	1620645862541	1620645862791	OK	 
REQUEST		Add New User Redirect 1	1620645862532	1620645862837	OK	 
REQUEST		Add New User Redirect 1	1620645862766	1620645862908	OK	 
USER	Fixed Load Duration	START	1620645863042
REQUEST		Add New User Redirect 1	1620645862909	1620645863115	OK	 
REQUEST		Get Single Users	1620645862999	1620645863144	OK	 
REQUEST		Add New User	1620645863133	1620645863274	OK	 
REQUEST		Get all Users	1620645863042	1620645863290	OK	 
REQUEST		Get Single Users Redirect 1	1620645863145	1620645863298	OK	 
REQUEST		Add New User	1620645863201	1620645863339	OK	 
REQUEST		Get all Users Redirect 1	1620645862792	1620645863350	OK	 
REQUEST		Add New User Redirect 1	1620645863165	1620645863353	OK	 
REQUEST		Add New User Redirect 1	1620645863340	1620645863377	OK	 
REQUEST		Add New User Redirect 1	1620645863274	1620645863422	OK	 
REQUEST		Add New User Redirect 1	1620645863217	1620645863435	OK	 
REQUEST		Add New User Redirect 1	1620645862771	1620645863458	OK	 
REQUEST		Add New User Redirect 1	1620645863292	1620645863463	OK	 
REQUEST		Get Single Users	1620645863346	1620645863487	OK	 
REQUEST		Get all Users Redirect 1	1620645863291	1620645863517	OK	 
USER	Fixed Load Duration	START	1620645863542
REQUEST		Add New User Redirect 1	1620645863353	1620645863580	OK	 
REQUEST		Add New User Redirect 1	1620645863273	1620645863585	OK	 
REQUEST		Add New User Redirect 1	1620645863422	1620645863600	OK	 
REQUEST		Add New User Redirect 1	1620645863463	1620645863638	OK	 
REQUEST		Get Single Users Redirect 1	1620645863488	1620645863640	OK	 
REQUEST		Add New User Redirect 1	1620645863436	1620645863663	OK	 
REQUEST		Add New User Redirect 1	1620645863378	1620645863696	OK	 
REQUEST		Get all Users	1620645863542	1620645863808	OK	 
REQUEST		Add New User Redirect 1	1620645863617	1620645863817	OK	 
REQUEST		Add New User Redirect 1	1620645863623	1620645863819	OK	 
REQUEST		Add New User Redirect 1	1620645863585	1620645863886	OK	 
REQUEST		Add New User Redirect 1	1620645863820	1620645864008	OK	 
REQUEST		Add New User Redirect 1	1620645863818	1620645864017	OK	 
REQUEST		Add New User Redirect 1	1620645863612	1620645864039	OK	 
USER	Fixed Load Duration	START	1620645864041
REQUEST		Get Single Users	1620645864013	1620645864150	OK	 
REQUEST		Add New User Redirect 1	1620645863724	1620645864184	OK	 
REQUEST		Add New User Redirect 1	1620645864079	1620645864252	OK	 
REQUEST		Get all Users	1620645864041	1620645864286	OK	 
REQUEST		Add New User Redirect 1	1620645864105	1620645864298	OK	 
REQUEST		Get Single Users Redirect 1	1620645864151	1620645864298	OK	 
REQUEST		Get all Users Redirect 1	1620645863808	1620645864347	OK	 
REQUEST		Add New User Redirect 1	1620645864252	1620645864424	OK	 
REQUEST		Add New User Redirect 1	1620645864298	1620645864476	OK	 
REQUEST		Get all Users Redirect 1	1620645864347	1620645864495	OK	 
USER	Fixed Load Duration	START	1620645864541
REQUEST		Add New User Redirect 1	1620645864185	1620645864607	OK	 
REQUEST		Get Single Users	1620645864483	1620645864625	OK	 
REQUEST		Add New User Redirect 1	1620645864039	1620645864727	OK	 
REQUEST		Get Single Users Redirect 1	1620645864625	1620645864773	OK	 
REQUEST		Get all Users	1620645864541	1620645864786	OK	 
REQUEST		Get all Users Redirect 1	1620645864286	1620645864824	OK	 
REQUEST		Add New User Redirect 1	1620645864700	1620645864907	OK	 
REQUEST		Add New User	1620645864784	1620645864925	OK	 
REQUEST		Add New User Redirect 1	1620645864763	1620645864937	OK	 
REQUEST		Add New User Redirect 1	1620645864768	1620645864943	OK	 
REQUEST		Add New User Redirect 1	1620645864756	1620645864949	OK	 
REQUEST		Get all Users Redirect 1	1620645864825	1620645864979	OK	 
REQUEST		Add New User Redirect 1	1620645864811	1620645864993	OK	 
REQUEST		Add New User Redirect 1	1620645864879	1620645865058	OK	 
REQUEST		Add New User Redirect 1	1620645864925	1620645865068	OK	 
REQUEST		Add New User Redirect 1	1620645864907	1620645865075	OK	 
REQUEST		Add New User Redirect 1	1620645864937	1620645865111	OK	 
REQUEST		Add New User Redirect 1	1620645864943	1620645865123	OK	 
REQUEST		Add New User Redirect 1	1620645864950	1620645865130	OK	 
REQUEST		Add New User Redirect 1	1620645864993	1620645865197	OK	 
REQUEST		Add New User Redirect 1	1620645865013	1620645865199	OK	 
REQUEST		Add New User Redirect 1	1620645865029	1620645865207	OK	 
REQUEST		Add New User Redirect 1	1620645865005	1620645865223	OK	 
REQUEST		Add New User Redirect 1	1620645865047	1620645865228	OK	 
REQUEST		Add New User Redirect 1	1620645865058	1620645865236	OK	 
REQUEST		Add New User Redirect 1	1620645865068	1620645865249	OK	 
REQUEST		Add New User Redirect 1	1620645865118	1620645865316	OK	 
REQUEST		Get all Users Redirect 1	1620645864786	1620645865343	OK	 
REQUEST		Add New User Redirect 1	1620645865092	1620645865399	OK	 
REQUEST		Add New User Redirect 1	1620645865224	1620645865400	OK	 
REQUEST		Add New User Redirect 1	1620645865208	1620645865412	OK	 
REQUEST		Add New User Redirect 1	1620645865229	1620645865417	OK	 
REQUEST		Add New User	1620645865302	1620645865442	OK	 
REQUEST		Add New User Redirect 1	1620645865297	1620645865475	OK	 
REQUEST		Get all Users Redirect 1	1620645865344	1620645865489	OK	 
REQUEST		Get Single Users	1620645865354	1620645865501	OK	 
REQUEST		Add New User Redirect 1	1620645865199	1620645865506	OK	 
REQUEST		Add New User Redirect 1	1620645865333	1620645865523	OK	 
REQUEST		Add New User Redirect 1	1620645865354	1620645865539	OK	 
USER	Fixed Load Duration	START	1620645865541
REQUEST		Add New User Redirect 1	1620645865316	1620645865550	OK	 
REQUEST		Add New User Redirect 1	1620645865442	1620645865594	OK	 
REQUEST		Add New User Redirect 1	1620645865302	1620645865623	OK	 
REQUEST		Get Single Users Redirect 1	1620645865501	1620645865646	OK	 
REQUEST		Add New User Redirect 1	1620645865475	1620645865662	OK	 
REQUEST		Get Single Users	1620645865523	1620645865669	OK	 
REQUEST		Add New User Redirect 1	1620645865374	1620645865682	OK	 
REQUEST		Add New User Redirect 1	1620645865399	1620645865712	OK	 
REQUEST		Add New User Redirect 1	1620645865524	1620645865713	OK	 
REQUEST		Get Single Users Redirect 1	1620645865669	1620645865717	OK	 
REQUEST		Add New User Redirect 1	1620645865540	1620645865719	OK	 
REQUEST		Add New User Redirect 1	1620645865516	1620645865723	OK	 
REQUEST		Add New User	1620645865645	1620645865786	OK	 
REQUEST		Add New User Redirect 1	1620645865594	1620645865790	OK	 
REQUEST		Get all Users	1620645865541	1620645865793	OK	 
REQUEST		Add New User Redirect 1	1620645865723	1620645865898	OK	 
REQUEST		Add New User Redirect 1	1620645865624	1620645865929	OK	 
REQUEST		Add New User Redirect 1	1620645865762	1620645865945	OK	 
REQUEST		Add New User Redirect 1	1620645865786	1620645865945	OK	 
REQUEST		Add New User Redirect 1	1620645865682	1620645865986	OK	 
USER	Fixed Load Duration	START	1620645866041
REQUEST		Add New User Redirect 1	1620645865945	1620645866134	OK	 
REQUEST		Add New User Redirect 1	1620645865945	1620645866167	OK	 
REQUEST		Add New User Redirect 1	1620645865986	1620645866193	OK	 
REQUEST		Add New User Redirect 1	1620645866017	1620645866220	OK	 
REQUEST		Get all Users	1620645866042	1620645866293	OK	 
REQUEST		Get all Users Redirect 1	1620645865793	1620645866343	OK	 
REQUEST		Add New User Redirect 1	1620645866193	1620645866403	OK	 
REQUEST		Add New User Redirect 1	1620645866248	1620645866426	OK	 
REQUEST		Add New User Redirect 1	1620645866221	1620645866441	OK	 
REQUEST		Add New User	1620645866304	1620645866446	OK	 
REQUEST		Get all Users Redirect 1	1620645866293	1620645866500	OK	 
USER	Fixed Load Duration	START	1620645866540
REQUEST		Add New User Redirect 1	1620645866446	1620645866590	OK	 
REQUEST		Add New User Redirect 1	1620645866427	1620645866608	OK	 
REQUEST		Get Single Users	1620645866500	1620645866640	OK	 
REQUEST		Add New User Redirect 1	1620645866573	1620645866747	OK	 
REQUEST		Get all Users	1620645866541	1620645866791	OK	 
REQUEST		Get Single Users Redirect 1	1620645866640	1620645866793	OK	 
REQUEST		Add New User Redirect 1	1620645866591	1620645866801	OK	 
REQUEST		Add New User Redirect 1	1620645866645	1620645866827	OK	 
REQUEST		Add New User Redirect 1	1620645866637	1620645866861	OK	 
REQUEST		Add New User	1620645866779	1620645866920	OK	 
REQUEST		Add New User Redirect 1	1620645866748	1620645866947	OK	 
REQUEST		Add New User Redirect 1	1620645866827	1620645867037	OK	 
USER	Fixed Load Duration	START	1620645867042
REQUEST		Add New User Redirect 1	1620645866920	1620645867068	OK	 
REQUEST		Get Single Users	1620645866983	1620645867121	OK	 
REQUEST		Add New User Redirect 1	1620645866845	1620645867147	OK	 
REQUEST		Add New User Redirect 1	1620645866861	1620645867173	OK	 
REQUEST		Add New User Redirect 1	1620645867068	1620645867249	OK	 
REQUEST		Get Single Users Redirect 1	1620645867121	1620645867262	OK	 
REQUEST		Get all Users	1620645867042	1620645867284	OK	 
REQUEST		Add New User Redirect 1	1620645867123	1620645867327	OK	 
REQUEST		Get all Users Redirect 1	1620645866791	1620645867342	OK	 
REQUEST		Add New User Redirect 1	1620645867147	1620645867451	OK	 
REQUEST		Get all Users Redirect 1	1620645867342	1620645867490	OK	 
REQUEST		Add New User Redirect 1	1620645867327	1620645867506	OK	 
USER	Fixed Load Duration	START	1620645867542
REQUEST		Get Single Users	1620645867495	1620645867633	OK	 
REQUEST		Add New User Redirect 1	1620645867591	1620645867774	OK	 
REQUEST		Get Single Users Redirect 1	1620645867633	1620645867781	OK	 
REQUEST		Add New User Redirect 1	1620645867607	1620645867783	OK	 
REQUEST		Get all Users	1620645867542	1620645867792	OK	 
REQUEST		Add New User	1620645867652	1620645867793	OK	 
REQUEST		Get all Users Redirect 1	1620645867284	1620645867818	OK	 
REQUEST		Add New User Redirect 1	1620645867670	1620645867857	OK	 
REQUEST		Add New User Redirect 1	1620645867642	1620645867858	OK	 
REQUEST		Add New User	1620645867722	1620645867862	OK	 
REQUEST		Add New User Redirect 1	1620645867863	1620645867899	OK	 
REQUEST		Add New User Redirect 1	1620645867793	1620645867943	OK	 
REQUEST		Add New User Redirect 1	1620645867774	1620645867957	OK	 
REQUEST		Add New User Redirect 1	1620645867783	1620645867958	OK	 
REQUEST		Get all Users Redirect 1	1620645867818	1620645867962	OK	 
REQUEST		Add New User Redirect 1	1620645867707	1620645868010	OK	 
REQUEST		Add New User Redirect 1	1620645867857	1620645868069	OK	 
REQUEST		Add New User Redirect 1	1620645867858	1620645868079	OK	 
REQUEST		Add New User Redirect 1	1620645867943	1620645868136	OK	 
REQUEST		Add New User Redirect 1	1620645867466	1620645868175	OK	 
REQUEST		Add New User Redirect 1	1620645868018	1620645868204	OK	 
REQUEST		Add New User Redirect 1	1620645867895	1620645868206	OK	 
REQUEST		Add New User Redirect 1	1620645868010	1620645868207	OK	 
REQUEST		Add New User Redirect 1	1620645867899	1620645868209	OK	 
REQUEST		Add New User Redirect 1	1620645868024	1620645868211	OK	 
REQUEST		Add New User Redirect 1	1620645868204	1620645868393	OK	 
REQUEST		Add New User Redirect 1	1620645868211	1620645868418	OK	 
REQUEST		Get all Users Redirect 1	1620645867792	1620645868429	OK	 
REQUEST		Get Single Users	1620645868345	1620645868489	OK	 
REQUEST		Add New User Redirect 1	1620645868207	1620645868521	OK	 
USER	Fixed Load Duration	START	1620645868541
REQUEST		Add New User Redirect 1	1620645868433	1620645868605	OK	 
REQUEST		Get Single Users Redirect 1	1620645868489	1620645868633	OK	 
REQUEST		Get Single Users	1620645868502	1620645868642	OK	 
REQUEST		Add New User Redirect 1	1620645868483	1620645868670	OK	 
REQUEST		Get Single Users Redirect 1	1620645868642	1620645868677	OK	 
REQUEST		Add New User Redirect 1	1620645868605	1620645868777	OK	 
REQUEST		Get all Users	1620645868541	1620645868791	OK	 
REQUEST		Add New User Redirect 1	1620645868176	1620645868852	OK	 
REQUEST		Add New User Redirect 1	1620645868670	1620645868854	OK	 
REQUEST		Add New User	1620645868796	1620645868938	OK	 
USER	Fixed Load Duration	START	1620645869040
REQUEST		Add New User Redirect 1	1620645868938	1620645869089	OK	 
REQUEST		Add New User Redirect 1	1620645869083	1620645869252	OK	 
REQUEST		Add New User Redirect 1	1620645868619	1620645869274	OK	 
REQUEST		Add New User Redirect 1	1620645869089	1620645869275	OK	 
REQUEST		Get all Users	1620645869040	1620645869278	OK	 
REQUEST		Add New User Redirect 1	1620645869138	1620645869322	OK	 
REQUEST		Add New User Redirect 1	1620645869121	1620645869325	OK	 
REQUEST		Get all Users Redirect 1	1620645868791	1620645869334	OK	 
REQUEST		Add New User Redirect 1	1620645869134	1620645869364	OK	 
REQUEST		Add New User Redirect 1	1620645869208	1620645869390	OK	 
REQUEST		Add New User	1620645869266	1620645869405	OK	 
REQUEST		Add New User Redirect 1	1620645869245	1620645869421	OK	 
REQUEST		Add New User Redirect 1	1620645868736	1620645869422	OK	 
REQUEST		Add New User Redirect 1	1620645869253	1620645869430	OK	 
REQUEST		Add New User Redirect 1	1620645869253	1620645869459	OK	 
REQUEST		Add New User Redirect 1	1620645869325	1620645869504	OK	 
REQUEST		Add New User Redirect 1	1620645869322	1620645869538	OK	 
REQUEST		Add New User Redirect 1	1620645869364	1620645869540	OK	 
USER	Fixed Load Duration	START	1620645869541
REQUEST		Add New User Redirect 1	1620645869406	1620645869552	OK	 
REQUEST		Add New User Redirect 1	1620645869407	1620645869580	OK	 
REQUEST		Add New User Redirect 1	1620645869390	1620645869591	OK	 
REQUEST		Add New User Redirect 1	1620645869424	1620645869598	OK	 
REQUEST		Add New User Redirect 1	1620645869422	1620645869600	OK	 
REQUEST		Add New User Redirect 1	1620645869421	1620645869602	OK	 
REQUEST		Add New User Redirect 1	1620645869459	1620645869635	OK	 
REQUEST		Get Single Users	1620645869492	1620645869636	OK	 
REQUEST		Add New User Redirect 1	1620645869557	1620645869739	OK	 
REQUEST		Add New User Redirect 1	1620645869552	1620645869762	OK	 
REQUEST		Add New User Redirect 1	1620645869580	1620645869764	OK	 
REQUEST		Add New User Redirect 1	1620645869598	1620645869773	OK	 
REQUEST		Get all Users	1620645869541	1620645869779	OK	 
REQUEST		Get Single Users Redirect 1	1620645869636	1620645869780	OK	 
REQUEST		Add New User Redirect 1	1620645869602	1620645869812	OK	 
REQUEST		Add New User Redirect 1	1620645869514	1620645869820	OK	 
REQUEST		Get all Users Redirect 1	1620645869278	1620645869833	OK	 
REQUEST		Add New User Redirect 1	1620645869674	1620645869849	OK	 
REQUEST		Add New User Redirect 1	1620645869720	1620645869898	OK	 
REQUEST		Add New User Redirect 1	1620645869729	1620645869914	OK	 
REQUEST		Add New User Redirect 1	1620645869740	1620645869924	OK	 
REQUEST		Add New User	1620645869783	1620645869925	OK	 
REQUEST		Add New User Redirect 1	1620645869275	1620645869933	OK	 
REQUEST		Add New User Redirect 1	1620645869720	1620645869938	OK	 
REQUEST		Add New User Redirect 1	1620645869800	1620645869986	OK	 
REQUEST		Add New User Redirect 1	1620645869849	1620645870034	OK	 
USER	Fixed Load Duration	START	1620645870040
REQUEST		Add New User Redirect 1	1620645869925	1620645870071	OK	 
REQUEST		Add New User Redirect 1	1620645869903	1620645870098	OK	 
REQUEST		Add New User Redirect 1	1620645869914	1620645870107	OK	 
REQUEST		Get Single Users	1620645869967	1620645870109	OK	 
REQUEST		Add New User Redirect 1	1620645869422	1620645870117	OK	 
REQUEST		Add New User Redirect 1	1620645869938	1620645870121	OK	 
REQUEST		Add New User Redirect 1	1620645869820	1620645870148	OK	 
REQUEST		Add New User Redirect 1	1620645869993	1620645870164	OK	 
REQUEST		Add New User Redirect 1	1620645869986	1620645870168	OK	 
REQUEST		Add New User Redirect 1	1620645869899	1620645870225	OK	 
REQUEST		Add New User Redirect 1	1620645870072	1620645870250	OK	 
REQUEST		Get Single Users Redirect 1	1620645870109	1620645870250	OK	 
REQUEST		Add New User Redirect 1	1620645869939	1620645870258	OK	 
REQUEST		Add New User Redirect 1	1620645870098	1620645870275	OK	 
REQUEST		Get all Users	1620645870040	1620645870289	OK	 
REQUEST		Add New User Redirect 1	1620645870143	1620645870328	OK	 
REQUEST		Get all Users Redirect 1	1620645869779	1620645870336	OK	 
REQUEST		Add New User Redirect 1	1620645870176	1620645870358	OK	 
REQUEST		Add New User Redirect 1	1620645870164	1620645870475	OK	 
REQUEST		Get all Users Redirect 1	1620645870289	1620645870503	OK	 
REQUEST		Add New User Redirect 1	1620645870328	1620645870526	OK	 
REQUEST		Add New User Redirect 1	1620645870359	1620645870539	OK	 
USER	Fixed Load Duration	START	1620645870543
REQUEST		Add New User Redirect 1	1620645870258	1620645870565	OK	 
REQUEST		Get Single Users	1620645870435	1620645870575	OK	 
REQUEST		Get all Users Redirect 1	1620645870504	1620645870578	OK	 
REQUEST		Add New User Redirect 1	1620645870452	1620645870628	OK	 
REQUEST		Add New User Redirect 1	1620645870412	1620645870632	OK	 
REQUEST		Get Single Users Redirect 1	1620645870575	1620645870747	OK	 
REQUEST		Add New User	1620645870639	1620645870782	OK	 
REQUEST		Add New User Redirect 1	1620645870617	1620645870798	OK	 
REQUEST		Add New User Redirect 1	1620645870629	1620645870802	OK	 
REQUEST		Add New User Redirect 1	1620645870633	1620645870809	OK	 
REQUEST		Add New User	1620645870683	1620645870824	OK	 
REQUEST		Add New User Redirect 1	1620645870825	1620645870874	OK	 
REQUEST		Add New User Redirect 1	1620645870782	1620645870935	OK	 
REQUEST		Add New User Redirect 1	1620645870799	1620645870980	OK	 
REQUEST		Add New User Redirect 1	1620645870812	1620645871003	OK	 
REQUEST		Add New User Redirect 1	1620645870936	1620645871115	OK	 
REQUEST		Add New User Redirect 1	1620645870957	1620645871137	OK	 
REQUEST		Add New User Redirect 1	1620645871003	1620645871185	OK	 
REQUEST		Add New User Redirect 1	1620645870874	1620645871200	OK	 
REQUEST		Add New User Redirect 1	1620645871047	1620645871230	OK	 
REQUEST		Add New User Redirect 1	1620645871137	1620645871393	OK	 
REQUEST		Add New User Redirect 1	1620645871257	1620645871434	OK	 
REQUEST		Add New User Redirect 1	1620645871230	1620645871450	OK	 
REQUEST		Get Single Users	1620645871339	1620645871481	OK	 
REQUEST		Add New User Redirect 1	1620645871184	1620645871502	OK	 
REQUEST		Add New User Redirect 1	1620645871435	1620645871613	OK	 
REQUEST		Get Single Users Redirect 1	1620645871481	1620645871629	OK	 
REQUEST		Add New User Redirect 1	1620645871512	1620645871692	OK	 
REQUEST		Add New User Redirect 1	1620645871460	1620645871774	OK	 
REQUEST		Add New User Redirect 1	1620645871503	1620645871806	OK	 
REQUEST		Add New User Redirect 1	1620645871692	1620645871868	OK	 
REQUEST		Add New User	1620645871786	1620645871929	OK	 
REQUEST		Get Single Users	1620645871838	1620645871979	OK	 
REQUEST		Add New User Redirect 1	1620645871929	1620645872076	OK	 
REQUEST		Add New User Redirect 1	1620645871775	1620645872081	OK	 
REQUEST		Get Single Users Redirect 1	1620645871979	1620645872126	OK	 
REQUEST		Add New User Redirect 1	1620645871965	1620645872155	OK	 
REQUEST		Add New User Redirect 1	1620645871965	1620645872158	OK	 
REQUEST		Add New User Redirect 1	1620645872077	1620645872260	OK	 
REQUEST		Add New User Redirect 1	1620645872090	1620645872263	OK	 
REQUEST		Add New User Redirect 1	1620645872077	1620645872266	OK	 
REQUEST		Add New User Redirect 1	1620645872145	1620645872324	OK	 
REQUEST		Add New User Redirect 1	1620645872158	1620645872331	OK	 
REQUEST		Add New User Redirect 1	1620645872155	1620645872332	OK	 
REQUEST		Add New User	1620645872255	1620645872397	OK	 
REQUEST		Add New User Redirect 1	1620645872263	1620645872437	OK	 
REQUEST		Add New User Redirect 1	1620645872260	1620645872448	OK	 
REQUEST		Get Single Users	1620645872342	1620645872486	OK	 
REQUEST		Add New User Redirect 1	1620645872325	1620645872507	OK	 
REQUEST		Add New User Redirect 1	1620645872215	1620645872525	OK	 
REQUEST		Add New User Redirect 1	1620645872215	1620645872540	OK	 
REQUEST		Add New User Redirect 1	1620645872397	1620645872577	OK	 
REQUEST		Add New User Redirect 1	1620645872401	1620645872581	OK	 
REQUEST		Get Single Users Redirect 1	1620645872486	1620645872628	OK	 
REQUEST		Add New User Redirect 1	1620645872428	1620645872630	OK	 
REQUEST		Add New User Redirect 1	1620645872529	1620645872707	OK	 
REQUEST		Add New User Redirect 1	1620645872540	1620645872715	OK	 
REQUEST		Get Single Users	1620645872583	1620645872725	OK	 
REQUEST		Add New User Redirect 1	1620645872577	1620645872745	OK	 
REQUEST		Get Single Users Redirect 1	1620645872725	1620645872760	OK	 
REQUEST		Add New User Redirect 1	1620645872582	1620645872766	OK	 
REQUEST		Add New User Redirect 1	1620645872630	1620645872827	OK	 
REQUEST		Add New User Redirect 1	1620645872525	1620645872839	OK	 
REQUEST		Add New User Redirect 1	1620645872708	1620645872878	OK	 
REQUEST		Add New User	1620645872750	1620645872892	OK	 
REQUEST		Add New User Redirect 1	1620645872788	1620645872963	OK	 
REQUEST		Add New User Redirect 1	1620645872865	1620645873050	OK	 
REQUEST		Add New User Redirect 1	1620645872892	1620645873077	OK	 
REQUEST		Add New User Redirect 1	1620645872963	1620645873138	OK	 
REQUEST		Add New User Redirect 1	1620645873050	1620645873227	OK	 
REQUEST		Add New User Redirect 1	1620645872857	1620645873287	OK	 
REQUEST		Add New User Redirect 1	1620645873284	1620645873463	OK	 
REQUEST		Add New User Redirect 1	1620645873077	1620645873506	OK	 
REQUEST		Add New User Redirect 1	1620645873464	1620645873646	OK	 
REQUEST		Add New User Redirect 1	1620645873441	1620645873669	OK	 
REQUEST		Add New User Redirect 1	1620645873512	1620645873687	OK	 
REQUEST		Add New User Redirect 1	1620645873545	1620645873726	OK	 
REQUEST		Add New User Redirect 1	1620645873287	1620645873737	OK	 
REQUEST		Add New User Redirect 1	1620645873550	1620645873748	OK	 
REQUEST		Add New User	1620645873634	1620645873774	OK	 
REQUEST		Add New User Redirect 1	1620645873601	1620645873790	OK	 
REQUEST		Add New User Redirect 1	1620645873608	1620645873819	OK	 
REQUEST		Add New User Redirect 1	1620645873646	1620645873822	OK	 
REQUEST		Add New User Redirect 1	1620645873669	1620645873842	OK	 
REQUEST		Add New User Redirect 1	1620645873687	1620645873881	OK	 
REQUEST		Add New User Redirect 1	1620645873748	1620645873925	OK	 
REQUEST		Add New User Redirect 1	1620645873726	1620645873945	OK	 
REQUEST		Add New User Redirect 1	1620645873775	1620645873947	OK	 
REQUEST		Add New User Redirect 1	1620645873773	1620645873953	OK	 
REQUEST		Add New User Redirect 1	1620645873770	1620645873953	OK	 
REQUEST		Add New User Redirect 1	1620645873774	1620645873959	OK	 
REQUEST		Add New User Redirect 1	1620645873819	1620645874000	OK	 
REQUEST		Add New User Redirect 1	1620645873822	1620645874000	OK	 
REQUEST		Add New User Redirect 1	1620645873818	1620645874000	OK	 
REQUEST		Add New User Redirect 1	1620645873790	1620645874003	OK	 
REQUEST		Add New User Redirect 1	1620645873933	1620645874117	OK	 
REQUEST		Add New User Redirect 1	1620645873947	1620645874121	OK	 
REQUEST		Add New User Redirect 1	1620645873953	1620645874131	OK	 
REQUEST		Add New User Redirect 1	1620645873953	1620645874141	OK	 
REQUEST		Add New User Redirect 1	1620645873960	1620645874141	OK	 
REQUEST		Add New User Redirect 1	1620645874001	1620645874178	OK	 
REQUEST		Add New User Redirect 1	1620645874045	1620645874227	OK	 
REQUEST		Add New User	1620645874130	1620645874282	OK	 
REQUEST		Add New User Redirect 1	1620645874114	1620645874305	OK	 
REQUEST		Add New User Redirect 1	1620645874117	1620645874307	OK	 
REQUEST		Add New User Redirect 1	1620645874130	1620645874328	OK	 
REQUEST		Add New User Redirect 1	1620645874157	1620645874339	OK	 
REQUEST		Add New User Redirect 1	1620645874178	1620645874362	OK	 
REQUEST		Add New User Redirect 1	1620645873942	1620645874384	OK	 
REQUEST		Add New User Redirect 1	1620645874228	1620645874414	OK	 
REQUEST		Add New User Redirect 1	1620645874283	1620645874450	OK	 
REQUEST		Add New User Redirect 1	1620645874284	1620645874460	OK	 
REQUEST		Add New User Redirect 1	1620645874258	1620645874465	OK	 
REQUEST		Add New User Redirect 1	1620645874305	1620645874481	OK	 
REQUEST		Add New User Redirect 1	1620645874329	1620645874511	OK	 
REQUEST		Add New User Redirect 1	1620645874235	1620645874543	OK	 
REQUEST		Add New User Redirect 1	1620645874363	1620645874551	OK	 
REQUEST		Add New User Redirect 1	1620645874451	1620645874636	OK	 
REQUEST		Add New User Redirect 1	1620645874465	1620645874643	OK	 
REQUEST		Add New User Redirect 1	1620645874461	1620645874646	OK	 
REQUEST		Add New User Redirect 1	1620645874339	1620645874659	OK	 
REQUEST		Add New User Redirect 1	1620645874485	1620645874663	OK	 
REQUEST		Add New User Redirect 1	1620645874543	1620645874717	OK	 
REQUEST		Add New User Redirect 1	1620645874535	1620645874719	OK	 
REQUEST		Add New User Redirect 1	1620645874549	1620645874729	OK	 
REQUEST		Add New User	1620645874634	1620645874778	OK	 
REQUEST		Add New User Redirect 1	1620645874125	1620645874813	OK	 
REQUEST		Add New User Redirect 1	1620645874384	1620645874828	OK	 
REQUEST		Add New User Redirect 1	1620645874663	1620645874830	OK	 
REQUEST		Add New User Redirect 1	1620645874574	1620645874887	OK	 
REQUEST		Add New User Redirect 1	1620645874719	1620645874904	OK	 
REQUEST		Add New User	1620645874766	1620645874905	OK	 
REQUEST		Add New User Redirect 1	1620645874729	1620645874911	OK	 
REQUEST		Add New User Redirect 1	1620645874778	1620645874920	OK	 
REQUEST		Add New User Redirect 1	1620645874905	1620645874941	OK	 
REQUEST		Add New User Redirect 1	1620645874808	1620645874984	OK	 
REQUEST		Add New User Redirect 1	1620645874819	1620645874995	OK	 
REQUEST		Add New User Redirect 1	1620645874887	1620645875075	OK	 
REQUEST		Add New User Redirect 1	1620645874921	1620645875089	OK	 
REQUEST		Add New User Redirect 1	1620645874984	1620645875158	OK	 
REQUEST		Add New User Redirect 1	1620645874995	1620645875174	OK	 
REQUEST		Add New User Redirect 1	1620645874988	1620645875179	OK	 
REQUEST		Add New User Redirect 1	1620645874942	1620645875258	OK	 
REQUEST		Add New User Redirect 1	1620645875124	1620645875309	OK	 
REQUEST		Add New User Redirect 1	1620645875179	1620645875362	OK	 
REQUEST		Add New User Redirect 1	1620645875191	1620645875372	OK	 
REQUEST		Add New User Redirect 1	1620645875210	1620645875387	OK	 
REQUEST		Add New User Redirect 1	1620645874814	1620645875489	OK	 
REQUEST		Add New User Redirect 1	1620645875310	1620645875495	OK	 
REQUEST		Add New User Redirect 1	1620645875372	1620645875568	OK	 
REQUEST		Add New User Redirect 1	1620645875403	1620645875578	OK	 
REQUEST		Add New User Redirect 1	1620645875459	1620645875640	OK	 
REQUEST		Add New User Redirect 1	1620645875387	1620645875704	OK	 
REQUEST		Add New User Redirect 1	1620645875578	1620645875754	OK	 
REQUEST		Add New User Redirect 1	1620645875623	1620645875818	OK	 
REQUEST		Add New User Redirect 1	1620645875640	1620645875832	OK	 
REQUEST		Add New User Redirect 1	1620645875814	1620645875995	OK	 
REQUEST		Add New User Redirect 1	1620645875818	1620645875996	OK	 
REQUEST		Add New User Redirect 1	1620645875880	1620645876054	OK	 
REQUEST		Add New User Redirect 1	1620645875995	1620645876175	OK	 
REQUEST		Add New User Redirect 1	1620645876054	1620645876229	OK	 
REQUEST		Add New User Redirect 1	1620645876090	1620645876260	OK	 
REQUEST		Add New User Redirect 1	1620645876272	1620645876452	OK	 
REQUEST		Add New User Redirect 1	1620645876337	1620645876513	OK	 
REQUEST		Add New User Redirect 1	1620645876337	1620645876519	OK	 
REQUEST		Add New User Redirect 1	1620645876261	1620645876566	OK	 
REQUEST		Add New User Redirect 1	1620645876447	1620645876642	OK	 
REQUEST		Add New User Redirect 1	1620645876452	1620645876661	OK	 
REQUEST		Add New User Redirect 1	1620645876453	1620645876671	OK	 
REQUEST		Add New User Redirect 1	1620645876519	1620645876696	OK	 
REQUEST		Add New User Redirect 1	1620645876516	1620645876701	OK	 
REQUEST		Add New User Redirect 1	1620645876513	1620645876719	OK	 
REQUEST		Add New User Redirect 1	1620645876643	1620645876822	OK	 
REQUEST		Add New User Redirect 1	1620645876662	1620645876848	OK	 
REQUEST		Add New User Redirect 1	1620645876701	1620645876886	OK	 
REQUEST		Add New User Redirect 1	1620645876754	1620645876932	OK	 
REQUEST		Add New User Redirect 1	1620645876773	1620645876964	OK	 
REQUEST		Add New User Redirect 1	1620645876830	1620645877021	OK	 
REQUEST		Add New User Redirect 1	1620645876724	1620645877029	OK	 
REQUEST		Add New User Redirect 1	1620645876888	1620645877070	OK	 
REQUEST		Add New User Redirect 1	1620645876932	1620645877105	OK	 
REQUEST		Add New User Redirect 1	1620645876964	1620645877148	OK	 
REQUEST		Add New User Redirect 1	1620645876852	1620645877169	OK	 
REQUEST		Add New User Redirect 1	1620645877021	1620645877218	OK	 
REQUEST		Add New User Redirect 1	1620645877145	1620645877320	OK	 
REQUEST		Add New User Redirect 1	1620645877030	1620645877338	OK	 
REQUEST		Add New User Redirect 1	1620645877071	1620645877379	OK	 
REQUEST		Add New User Redirect 1	1620645877236	1620645877418	OK	 
REQUEST		Add New User Redirect 1	1620645877169	1620645877483	OK	 
REQUEST		Add New User Redirect 1	1620645877321	1620645877493	OK	 
REQUEST		Add New User Redirect 1	1620645877418	1620645877598	OK	 
REQUEST		Add New User Redirect 1	1620645877650	1620645877832	OK	 
REQUEST		Add New User Redirect 1	1620645877515	1620645877946	OK	 
REQUEST		Add New User Redirect 1	1620645877833	1620645878015	OK	 
REQUEST		Add New User Redirect 1	1620645877846	1620645878023	OK	 
REQUEST		Add New User Redirect 1	1620645877892	1620645878063	OK	 
REQUEST		Add New User Redirect 1	1620645877934	1620645878129	OK	 
REQUEST		Add New User Redirect 1	1620645877954	1620645878136	OK	 
REQUEST		Add New User Redirect 1	1620645877748	1620645878174	OK	 
REQUEST		Add New User Redirect 1	1620645878012	1620645878187	OK	 
REQUEST		Add New User Redirect 1	1620645878009	1620645878188	OK	 
REQUEST		Add New User Redirect 1	1620645878023	1620645878197	OK	 
REQUEST		Add New User Redirect 1	1620645878013	1620645878219	OK	 
REQUEST		Add New User Redirect 1	1620645878064	1620645878254	OK	 
REQUEST		Add New User Redirect 1	1620645878129	1620645878303	OK	 
REQUEST		Add New User Redirect 1	1620645878134	1620645878309	OK	 
REQUEST		Add New User Redirect 1	1620645878131	1620645878312	OK	 
REQUEST		Add New User Redirect 1	1620645878136	1620645878316	OK	 
REQUEST		Add New User Redirect 1	1620645878151	1620645878332	OK	 
REQUEST		Add New User Redirect 1	1620645878148	1620645878335	OK	 
REQUEST		Add New User Redirect 1	1620645877946	1620645878373	OK	 
REQUEST		Add New User Redirect 1	1620645878187	1620645878376	OK	 
REQUEST		Add New User Redirect 1	1620645878188	1620645878379	OK	 
REQUEST		Add New User Redirect 1	1620645878188	1620645878398	OK	 
REQUEST		Add New User Redirect 1	1620645878220	1620645878404	OK	 
REQUEST		Add New User Redirect 1	1620645878310	1620645878483	OK	 
REQUEST		Add New User Redirect 1	1620645878312	1620645878485	OK	 
REQUEST		Add New User Redirect 1	1620645878333	1620645878512	OK	 
REQUEST		Add New User Redirect 1	1620645878316	1620645878514	OK	 
REQUEST		Add New User Redirect 1	1620645878336	1620645878529	OK	 
REQUEST		Add New User Redirect 1	1620645878399	1620645878593	OK	 
REQUEST		Add New User Redirect 1	1620645878174	1620645878594	OK	 
REQUEST		Add New User Redirect 1	1620645878424	1620645878602	OK	 
REQUEST		Add New User Redirect 1	1620645878491	1620645878696	OK	 
REQUEST		Add New User Redirect 1	1620645878514	1620645878698	OK	 
REQUEST		Add New User Redirect 1	1620645878518	1620645878704	OK	 
REQUEST		Add New User Redirect 1	1620645878562	1620645878751	OK	 
REQUEST		Add New User Redirect 1	1620645878603	1620645878802	OK	 
REQUEST		Add New User Redirect 1	1620645878647	1620645878827	OK	 
REQUEST		Add New User Redirect 1	1620645878653	1620645878830	OK	 
REQUEST		Add New User Redirect 1	1620645878653	1620645878840	OK	 
REQUEST		Add New User Redirect 1	1620645878697	1620645878874	OK	 
REQUEST		Add New User Redirect 1	1620645878724	1620645878895	OK	 
REQUEST		Add New User Redirect 1	1620645878705	1620645878897	OK	 
REQUEST		Add New User Redirect 1	1620645878751	1620645878933	OK	 
REQUEST		Add New User Redirect 1	1620645878664	1620645878965	OK	 
REQUEST		Add New User Redirect 1	1620645878830	1620645879008	OK	 
REQUEST		Add New User Redirect 1	1620645878841	1620645879016	OK	 
REQUEST		Add New User Redirect 1	1620645878828	1620645879016	OK	 
REQUEST		Add New User Redirect 1	1620645878914	1620645879098	OK	 
REQUEST		Add New User Redirect 1	1620645878919	1620645879100	OK	 
REQUEST		Add New User Redirect 1	1620645878837	1620645879176	OK	 
REQUEST		Add New User Redirect 1	1620645878896	1620645879202	OK	 
REQUEST		Add New User Redirect 1	1620645878839	1620645879249	OK	 
REQUEST		Add New User Redirect 1	1620645879084	1620645879261	OK	 
REQUEST		Add New User Redirect 1	1620645878965	1620645879265	OK	 
REQUEST		Add New User Redirect 1	1620645879100	1620645879283	OK	 
REQUEST		Add New User Redirect 1	1620645879099	1620645879293	OK	 
REQUEST		Add New User Redirect 1	1620645879093	1620645879293	OK	 
REQUEST		Add New User Redirect 1	1620645879167	1620645879339	OK	 
REQUEST		Add New User Redirect 1	1620645879176	1620645879354	OK	 
REQUEST		Add New User Redirect 1	1620645879184	1620645879365	OK	 
REQUEST		Add New User Redirect 1	1620645879294	1620645879467	OK	 
REQUEST		Add New User Redirect 1	1620645879339	1620645879512	OK	 
REQUEST		Add New User Redirect 1	1620645879365	1620645879551	OK	 
REQUEST		Add New User Redirect 1	1620645879373	1620645879554	OK	 
REQUEST		Add New User Redirect 1	1620645879261	1620645879568	OK	 
REQUEST		Add New User Redirect 1	1620645879269	1620645879578	OK	 
REQUEST		Add New User Redirect 1	1620645879249	1620645879677	OK	 
REQUEST		Add New User Redirect 1	1620645879505	1620645879687	OK	 
REQUEST		Add New User Redirect 1	1620645879555	1620645879739	OK	 
REQUEST		Add New User Redirect 1	1620645879579	1620645879767	OK	 
REQUEST		Add New User Redirect 1	1620645879687	1620645879875	OK	 
REQUEST		Add New User Redirect 1	1620645879578	1620645879888	OK	 
REQUEST		Add New User Redirect 1	1620645879762	1620645879938	OK	 
REQUEST		Add New User Redirect 1	1620645879767	1620645879959	OK	 
REQUEST		Add New User Redirect 1	1620645879711	1620645880021	OK	 
REQUEST		Add New User Redirect 1	1620645879835	1620645880024	OK	 
REQUEST		Add New User Redirect 1	1620645879938	1620645880116	OK	 
REQUEST		Add New User Redirect 1	1620645879494	1620645880183	OK	 
REQUEST		Add New User Redirect 1	1620645880007	1620645880188	OK	 
REQUEST		Add New User Redirect 1	1620645880025	1620645880209	OK	 
REQUEST		Add New User Redirect 1	1620645880021	1620645880325	OK	 
REQUEST		Add New User Redirect 1	1620645880188	1620645880367	OK	 
REQUEST		Add New User Redirect 1	1620645880186	1620645880367	OK	 
REQUEST		Add New User Redirect 1	1620645880238	1620645880412	OK	 
REQUEST		Add New User Redirect 1	1620645880368	1620645880574	OK	 
REQUEST		Add New User Redirect 1	1620645880413	1620645880586	OK	 
REQUEST		Add New User Redirect 1	1620645880184	1620645880596	OK	 
REQUEST		Add New User Redirect 1	1620645880679	1620645880866	OK	 
REQUEST		Add New User Redirect 1	1620645880574	1620645880883	OK	 
REQUEST		Add New User Redirect 1	1620645880706	1620645880900	OK	 
REQUEST		Add New User Redirect 1	1620645880730	1620645880913	OK	 
REQUEST		Add New User Redirect 1	1620645880833	1620645881008	OK	 
REQUEST		Add New User Redirect 1	1620645880853	1620645881041	OK	 
REQUEST		Add New User Redirect 1	1620645880866	1620645881053	OK	 
REQUEST		Add New User Redirect 1	1620645880901	1620645881079	OK	 
REQUEST		Add New User Redirect 1	1620645880895	1620645881084	OK	 
REQUEST		Add New User Redirect 1	1620645880913	1620645881092	OK	 
REQUEST		Add New User Redirect 1	1620645881008	1620645881186	OK	 
REQUEST		Add New User Redirect 1	1620645880884	1620645881186	OK	 
REQUEST		Add New User Redirect 1	1620645881041	1620645881229	OK	 
REQUEST		Add New User Redirect 1	1620645881084	1620645881265	OK	 
REQUEST		Add New User Redirect 1	1620645881113	1620645881297	OK	 
REQUEST		Add New User Redirect 1	1620645881157	1620645881343	OK	 
REQUEST		Add New User Redirect 1	1620645881229	1620645881424	OK	 
REQUEST		Add New User Redirect 1	1620645881297	1620645881480	OK	 
REQUEST		Add New User Redirect 1	1620645881346	1620645881516	OK	 
REQUEST		Add New User Redirect 1	1620645881344	1620645881524	OK	 
REQUEST		Add New User Redirect 1	1620645881391	1620645881562	OK	 
REQUEST		Add New User Redirect 1	1620645881424	1620645881611	OK	 
REQUEST		Add New User Redirect 1	1620645881495	1620645881669	OK	 
REQUEST		Add New User Redirect 1	1620645881503	1620645881679	OK	 
REQUEST		Add New User Redirect 1	1620645881607	1620645881785	OK	 
REQUEST		Add New User Redirect 1	1620645881517	1620645881821	OK	 
REQUEST		Add New User Redirect 1	1620645881679	1620645881863	OK	 
REQUEST		Add New User Redirect 1	1620645881563	1620645881865	OK	 
REQUEST		Add New User Redirect 1	1620645881786	1620645881961	OK	 
REQUEST		Add New User Redirect 1	1620645881670	1620645881975	OK	 
REQUEST		Add New User Redirect 1	1620645882025	1620645882211	OK	 
REQUEST		Add New User Redirect 1	1620645882211	1620645882395	OK	 
REQUEST		Add New User Redirect 1	1620645882207	1620645882411	OK	 
REQUEST		Add New User Redirect 1	1620645882264	1620645882435	OK	 
REQUEST		Add New User Redirect 1	1620645882310	1620645882485	OK	 
REQUEST		Add New User Redirect 1	1620645882325	1620645882543	OK	 
REQUEST		Add New User Redirect 1	1620645882385	1620645882558	OK	 
REQUEST		Add New User Redirect 1	1620645882390	1620645882576	OK	 
REQUEST		Add New User Redirect 1	1620645882412	1620645882583	OK	 
REQUEST		Add New User Redirect 1	1620645882411	1620645882600	OK	 
REQUEST		Add New User Redirect 1	1620645882436	1620645882609	OK	 
REQUEST		Add New User Redirect 1	1620645882486	1620645882660	OK	 
REQUEST		Add New User Redirect 1	1620645882491	1620645882667	OK	 
REQUEST		Add New User Redirect 1	1620645882491	1620645882678	OK	 
REQUEST		Add New User Redirect 1	1620645882522	1620645882710	OK	 
REQUEST		Add New User Redirect 1	1620645882536	1620645882718	OK	 
REQUEST		Add New User Redirect 1	1620645882543	1620645882722	OK	 
REQUEST		Add New User Redirect 1	1620645882558	1620645882731	OK	 
REQUEST		Add New User Redirect 1	1620645882576	1620645882754	OK	 
REQUEST		Add New User Redirect 1	1620645882596	1620645882780	OK	 
REQUEST		Add New User Redirect 1	1620645882600	1620645882792	OK	 
REQUEST		Add New User Redirect 1	1620645882380	1620645882829	OK	 
REQUEST		Add New User Redirect 1	1620645882667	1620645882841	OK	 
REQUEST		Add New User Redirect 1	1620645882678	1620645882853	OK	 
REQUEST		Add New User Redirect 1	1620645882711	1620645882890	OK	 
REQUEST		Add New User Redirect 1	1620645882707	1620645882892	OK	 
REQUEST		Add New User Redirect 1	1620645882718	1620645882895	OK	 
REQUEST		Add New User Redirect 1	1620645882781	1620645882958	OK	 
REQUEST		Add New User Redirect 1	1620645882812	1620645882989	OK	 
REQUEST		Add New User Redirect 1	1620645882606	1620645883034	OK	 
REQUEST		Add New User Redirect 1	1620645882878	1620645883053	OK	 
REQUEST		Add New User Redirect 1	1620645882892	1620645883079	OK	 
REQUEST		Add New User Redirect 1	1620645882902	1620645883090	OK	 
REQUEST		Add New User Redirect 1	1620645882943	1620645883125	OK	 
REQUEST		Add New User Redirect 1	1620645882989	1620645883163	OK	 
REQUEST		Add New User Redirect 1	1620645883012	1620645883190	OK	 
REQUEST		Add New User Redirect 1	1620645883026	1620645883210	OK	 
REQUEST		Add New User Redirect 1	1620645883026	1620645883214	OK	 
REQUEST		Add New User Redirect 1	1620645883054	1620645883234	OK	 
REQUEST		Add New User Redirect 1	1620645882829	1620645883255	OK	 
REQUEST		Add New User Redirect 1	1620645883090	1620645883293	OK	 
REQUEST		Add New User Redirect 1	1620645883126	1620645883359	OK	 
REQUEST		Add New User Redirect 1	1620645883190	1620645883365	OK	 
REQUEST		Add New User Redirect 1	1620645883214	1620645883394	OK	 
REQUEST		Add New User Redirect 1	1620645883211	1620645883395	OK	 
REQUEST		Add New User Redirect 1	1620645883212	1620645883421	OK	 
REQUEST		Add New User Redirect 1	1620645883035	1620645883466	OK	 
REQUEST		Add New User Redirect 1	1620645883290	1620645883480	OK	 
REQUEST		Add New User Redirect 1	1620645883303	1620645883488	OK	 
REQUEST		Add New User Redirect 1	1620645883361	1620645883542	OK	 
REQUEST		Add New User Redirect 1	1620645883274	1620645883586	OK	 
REQUEST		Add New User Redirect 1	1620645883478	1620645883655	OK	 
REQUEST		Add New User Redirect 1	1620645883480	1620645883669	OK	 
REQUEST		Add New User Redirect 1	1620645883488	1620645883670	OK	 
REQUEST		Add New User Redirect 1	1620645883517	1620645883696	OK	 
REQUEST		Add New User Redirect 1	1620645883542	1620645883712	OK	 
REQUEST		Add New User Redirect 1	1620645883421	1620645883729	OK	 
REQUEST		Add New User Redirect 1	1620645883563	1620645883746	OK	 
REQUEST		Add New User Redirect 1	1620645883655	1620645883829	OK	 
REQUEST		Add New User Redirect 1	1620645883696	1620645883866	OK	 
REQUEST		Add New User Redirect 1	1620645883578	1620645883888	OK	 
REQUEST		Add New User Redirect 1	1620645883586	1620645883891	OK	 
REQUEST		Add New User Redirect 1	1620645883746	1620645883923	OK	 
REQUEST		Add New User Redirect 1	1620645883750	1620645883934	OK	 
REQUEST		Add New User Redirect 1	1620645883884	1620645884067	OK	 
REQUEST		Add New User Redirect 1	1620645883687	1620645884103	OK	 
REQUEST		Add New User Redirect 1	1620645883934	1620645884122	OK	 
REQUEST		Add New User Redirect 1	1620645883965	1620645884145	OK	 
REQUEST		Add New User Redirect 1	1620645883888	1620645884222	OK	 
REQUEST		Add New User Redirect 1	1620645883899	1620645884243	OK	 
REQUEST		Add New User Redirect 1	1620645884067	1620645884247	OK	 
REQUEST		Add New User Redirect 1	1620645884128	1620645884310	OK	 
REQUEST		Add New User Redirect 1	1620645884146	1620645884329	OK	 
REQUEST		Add New User Redirect 1	1620645884243	1620645884416	OK	 
REQUEST		Add New User Redirect 1	1620645884213	1620645884428	OK	 
REQUEST		Add New User Redirect 1	1620645884310	1620645884485	OK	 
REQUEST		Add New User Redirect 1	1620645884104	1620645884527	OK	 
REQUEST		Add New User Redirect 1	1620645884378	1620645884558	OK	 
REQUEST		Add New User Redirect 1	1620645884429	1620645884610	OK	 
REQUEST		Add New User Redirect 1	1620645884329	1620645884638	OK	 
REQUEST		Add New User Redirect 1	1620645884595	1620645884770	OK	 
REQUEST		Add New User Redirect 1	1620645884586	1620645884770	OK	 
REQUEST		Add New User Redirect 1	1620645884558	1620645884792	OK	 
REQUEST		Add New User Redirect 1	1620645884770	1620645884944	OK	 
REQUEST		Add New User Redirect 1	1620645884638	1620645884945	OK	 
REQUEST		Add New User Redirect 1	1620645884771	1620645884947	OK	 
REQUEST		Add New User Redirect 1	1620645884598	1620645885041	OK	 
REQUEST		Add New User Redirect 1	1620645885064	1620645885254	OK	 
REQUEST		Add New User Redirect 1	1620645885089	1620645885267	OK	 
REQUEST		Add New User Redirect 1	1620645885103	1620645885282	OK	 
REQUEST		Add New User Redirect 1	1620645885195	1620645885401	OK	 
REQUEST		Add New User Redirect 1	1620645885195	1620645885406	OK	 
REQUEST		Add New User Redirect 1	1620645885240	1620645885424	OK	 
REQUEST		Add New User Redirect 1	1620645885254	1620645885439	OK	 
REQUEST		Add New User Redirect 1	1620645885267	1620645885442	OK	 
REQUEST		Add New User Redirect 1	1620645885273	1620645885463	OK	 
REQUEST		Add New User Redirect 1	1620645885283	1620645885471	OK	 
REQUEST		Add New User Redirect 1	1620645885041	1620645885513	OK	 
REQUEST		Add New User Redirect 1	1620645885407	1620645885587	OK	 
REQUEST		Add New User Redirect 1	1620645885424	1620645885610	OK	 
REQUEST		Add New User Redirect 1	1620645885463	1620645885658	OK	 
REQUEST		Add New User Redirect 1	1620645885487	1620645885662	OK	 
REQUEST		Add New User Redirect 1	1620645885402	1620645885714	OK	 
REQUEST		Add New User Redirect 1	1620645885534	1620645885729	OK	 
REQUEST		Add New User Redirect 1	1620645885618	1620645885805	OK	 
REQUEST		Add New User Redirect 1	1620645885663	1620645885833	OK	 
REQUEST		Add New User Redirect 1	1620645885729	1620645885917	OK	 
REQUEST		Add New User Redirect 1	1620645885805	1620645885988	OK	 
REQUEST		Add New User Redirect 1	1620645885829	1620645885999	OK	 
REQUEST		Add New User Redirect 1	1620645885869	1620645886050	OK	 
REQUEST		Add New User Redirect 1	1620645885971	1620645886160	OK	 
REQUEST		Add New User Redirect 1	1620645885873	1620645886186	OK	 
REQUEST		Add New User Redirect 1	1620645886050	1620645886225	OK	 
REQUEST		Add New User Redirect 1	1620645885986	1620645886290	OK	 
REQUEST		Add New User Redirect 1	1620645885999	1620645886303	OK	 
REQUEST		Add New User Redirect 1	1620645886161	1620645886344	OK	 
REQUEST		Add New User Redirect 1	1620645886186	1620645886487	OK	 
REQUEST		Add New User Redirect 1	1620645886402	1620645886594	OK	 
REQUEST		Add New User Redirect 1	1620645886290	1620645886596	OK	 
REQUEST		Add New User Redirect 1	1620645886594	1620645886768	OK	 
REQUEST		Add New User Redirect 1	1620645886594	1620645886813	OK	 
REQUEST		Add New User Redirect 1	1620645886617	1620645886821	OK	 
REQUEST		Add New User Redirect 1	1620645886664	1620645886844	OK	 
REQUEST		Add New User Redirect 1	1620645886740	1620645886915	OK	 
REQUEST		Add New User Redirect 1	1620645886732	1620645886932	OK	 
REQUEST		Add New User Redirect 1	1620645886768	1620645886941	OK	 
REQUEST		Add New User Redirect 1	1620645886764	1620645886942	OK	 
REQUEST		Add New User Redirect 1	1620645886800	1620645886993	OK	 
REQUEST		Add New User Redirect 1	1620645886821	1620645886994	OK	 
REQUEST		Add New User Redirect 1	1620645886848	1620645887019	OK	 
REQUEST		Add New User Redirect 1	1620645886844	1620645887025	OK	 
REQUEST		Add New User Redirect 1	1620645886857	1620645887035	OK	 
REQUEST		Add New User Redirect 1	1620645886902	1620645887080	OK	 
REQUEST		Add New User Redirect 1	1620645886897	1620645887084	OK	 
REQUEST		Add New User Redirect 1	1620645886916	1620645887093	OK	 
REQUEST		Add New User Redirect 1	1620645886932	1620645887114	OK	 
REQUEST		Add New User Redirect 1	1620645886942	1620645887125	OK	 
REQUEST		Add New User Redirect 1	1620645886965	1620645887146	OK	 
REQUEST		Add New User Redirect 1	1620645886993	1620645887180	OK	 
REQUEST		Add New User Redirect 1	1620645887035	1620645887213	OK	 
REQUEST		Add New User Redirect 1	1620645887019	1620645887225	OK	 
REQUEST		Add New User Redirect 1	1620645887084	1620645887265	OK	 
REQUEST		Add New User Redirect 1	1620645887088	1620645887270	OK	 
REQUEST		Add New User Redirect 1	1620645887081	1620645887271	OK	 
REQUEST		Add New User Redirect 1	1620645887146	1620645887332	OK	 
REQUEST		Add New User Redirect 1	1620645887174	1620645887347	OK	 
REQUEST		Add New User Redirect 1	1620645887245	1620645887425	OK	 
REQUEST		Add New User Redirect 1	1620645887271	1620645887453	OK	 
REQUEST		Add New User Redirect 1	1620645887305	1620645887491	OK	 
REQUEST		Add New User Redirect 1	1620645887348	1620645887520	OK	 
REQUEST		Add New User Redirect 1	1620645887374	1620645887546	OK	 
REQUEST		Add New User Redirect 1	1620645887368	1620645887547	OK	 
REQUEST		Add New User Redirect 1	1620645887401	1620645887577	OK	 
REQUEST		Add New User Redirect 1	1620645887407	1620645887593	OK	 
REQUEST		Add New User Redirect 1	1620645887425	1620645887607	OK	 
REQUEST		Add New User Redirect 1	1620645887491	1620645887678	OK	 
REQUEST		Add New User Redirect 1	1620645887262	1620645887710	OK	 
REQUEST		Add New User Redirect 1	1620645887546	1620645887723	OK	 
REQUEST		Add New User Redirect 1	1620645887547	1620645887730	OK	 
REQUEST		Add New User Redirect 1	1620645887578	1620645887783	OK	 
REQUEST		Add New User Redirect 1	1620645887594	1620645887793	OK	 
REQUEST		Add New User Redirect 1	1620645887679	1620645887859	OK	 
REQUEST		Add New User Redirect 1	1620645887679	1620645887863	OK	 
REQUEST		Add New User Redirect 1	1620645887476	1620645887906	OK	 
REQUEST		Add New User Redirect 1	1620645887738	1620645887907	OK	 
REQUEST		Add New User Redirect 1	1620645887724	1620645888034	OK	 
REQUEST		Add New User Redirect 1	1620645887840	1620645888039	OK	 
REQUEST		Add New User Redirect 1	1620645887871	1620645888047	OK	 
REQUEST		Add New User Redirect 1	1620645887859	1620645888048	OK	 
REQUEST		Add New User Redirect 1	1620645887864	1620645888048	OK	 
REQUEST		Add New User Redirect 1	1620645887908	1620645888080	OK	 
REQUEST		Add New User Redirect 1	1620645887933	1620645888109	OK	 
REQUEST		Add New User Redirect 1	1620645887710	1620645888145	OK	 
REQUEST		Add New User Redirect 1	1620645887900	1620645888203	OK	 
REQUEST		Add New User Redirect 1	1620645888039	1620645888209	OK	 
REQUEST		Add New User Redirect 1	1620645888047	1620645888218	OK	 
REQUEST		Add New User Redirect 1	1620645888109	1620645888285	OK	 
REQUEST		Add New User Redirect 1	1620645888131	1620645888315	OK	 
REQUEST		Add New User Redirect 1	1620645888034	1620645888340	OK	 
REQUEST		Add New User Redirect 1	1620645887907	1620645888344	OK	 
REQUEST		Add New User Redirect 1	1620645888203	1620645888379	OK	 
REQUEST		Add New User Redirect 1	1620645888257	1620645888447	OK	 
REQUEST		Add New User Redirect 1	1620645888315	1620645888495	OK	 
REQUEST		Add New User Redirect 1	1620645888340	1620645888526	OK	 
REQUEST		Add New User Redirect 1	1620645888227	1620645888547	OK	 
REQUEST		Add New User Redirect 1	1620645888424	1620645888600	OK	 
REQUEST		Add New User Redirect 1	1620645888447	1620645888627	OK	 
REQUEST		Add New User Redirect 1	1620645888496	1620645888675	OK	 
REQUEST		Add New User Redirect 1	1620645888526	1620645888768	OK	 
REQUEST		Add New User Redirect 1	1620645888600	1620645888779	OK	 
REQUEST		Add New User Redirect 1	1620645888619	1620645888828	OK	 
REQUEST		Add New User Redirect 1	1620645888676	1620645888852	OK	 
REQUEST		Add New User Redirect 1	1620645888547	1620645888853	OK	 
REQUEST		Add New User Redirect 1	1620645888537	1620645888964	OK	 
REQUEST		Add New User Redirect 1	1620645888800	1620645888977	OK	 
REQUEST		Add New User Redirect 1	1620645888829	1620645889008	OK	 
REQUEST		Add New User Redirect 1	1620645888950	1620645889121	OK	 
REQUEST		Add New User Redirect 1	1620645888950	1620645889126	OK	 
REQUEST		Add New User Redirect 1	1620645888957	1620645889138	OK	 
REQUEST		Add New User Redirect 1	1620645888978	1620645889158	OK	 
REQUEST		Add New User Redirect 1	1620645889126	1620645889297	OK	 
REQUEST		Add New User Redirect 1	1620645889121	1620645889306	OK	 
REQUEST		Add New User Redirect 1	1620645889138	1620645889327	OK	 
REQUEST		Add New User Redirect 1	1620645888964	1620645889388	OK	 
REQUEST		Add New User Redirect 1	1620645889449	1620645889641	OK	 
REQUEST		Add New User Redirect 1	1620645889480	1620645889662	OK	 
REQUEST		Add New User Redirect 1	1620645889451	1620645889665	OK	 
REQUEST		Add New User Redirect 1	1620645889595	1620645889774	OK	 
REQUEST		Add New User Redirect 1	1620645889618	1620645889815	OK	 
REQUEST		Add New User Redirect 1	1620645889641	1620645889825	OK	 
REQUEST		Add New User Redirect 1	1620645889662	1620645889835	OK	 
REQUEST		Add New User Redirect 1	1620645889666	1620645889843	OK	 
REQUEST		Add New User Redirect 1	1620645889665	1620645889855	OK	 
REQUEST		Add New User Redirect 1	1620645889722	1620645889911	OK	 
REQUEST		Add New User Redirect 1	1620645889774	1620645889947	OK	 
REQUEST		Add New User Redirect 1	1620645889521	1620645889951	OK	 
REQUEST		Add New User Redirect 1	1620645889815	1620645890007	OK	 
REQUEST		Add New User Redirect 1	1620645889841	1620645890021	OK	 
REQUEST		Add New User Redirect 1	1620645889855	1620645890034	OK	 
REQUEST		Add New User Redirect 1	1620645889926	1620645890115	OK	 
REQUEST		Add New User Redirect 1	1620645889995	1620645890182	OK	 
REQUEST		Add New User Redirect 1	1620645890021	1620645890192	OK	 
REQUEST		Add New User Redirect 1	1620645889911	1620645890220	OK	 
REQUEST		Add New User Redirect 1	1620645890115	1620645890301	OK	 
REQUEST		Add New User Redirect 1	1620645889951	1620645890359	OK	 
REQUEST		Add New User Redirect 1	1620645890182	1620645890374	OK	 
REQUEST		Add New User Redirect 1	1620645890234	1620645890409	OK	 
REQUEST		Add New User Redirect 1	1620645890356	1620645890532	OK	 
REQUEST		Add New User Redirect 1	1620645890409	1620645890583	OK	 
REQUEST		Add New User Redirect 1	1620645890314	1620645890628	OK	 
REQUEST		Add New User Redirect 1	1620645890496	1620645890674	OK	 
REQUEST		Add New User Redirect 1	1620645890532	1620645890710	OK	 
REQUEST		Add New User Redirect 1	1620645890629	1620645890806	OK	 
REQUEST		Add New User Redirect 1	1620645890604	1620645890909	OK	 
REQUEST		Add New User Redirect 1	1620645890675	1620645890984	OK	 
REQUEST		Add New User Redirect 1	1620645890821	1620645891002	OK	 
REQUEST		Add New User Redirect 1	1620645890909	1620645891083	OK	 
REQUEST		Add New User Redirect 1	1620645890952	1620645891119	OK	 
REQUEST		Add New User Redirect 1	1620645891002	1620645891176	OK	 
REQUEST		Add New User Redirect 1	1620645891002	1620645891182	OK	 
REQUEST		Add New User Redirect 1	1620645891034	1620645891214	OK	 
REQUEST		Add New User Redirect 1	1620645891105	1620645891281	OK	 
REQUEST		Add New User Redirect 1	1620645891119	1620645891287	OK	 
REQUEST		Add New User Redirect 1	1620645891124	1620645891309	OK	 
REQUEST		Add New User Redirect 1	1620645891134	1620645891312	OK	 
REQUEST		Add New User Redirect 1	1620645891177	1620645891348	OK	 
REQUEST		Add New User Redirect 1	1620645891188	1620645891370	OK	 
REQUEST		Add New User Redirect 1	1620645891214	1620645891392	OK	 
REQUEST		Add New User Redirect 1	1620645891219	1620645891398	OK	 
REQUEST		Add New User Redirect 1	1620645891229	1620645891412	OK	 
REQUEST		Add New User Redirect 1	1620645891274	1620645891463	OK	 
REQUEST		Add New User Redirect 1	1620645891280	1620645891464	OK	 
REQUEST		Add New User Redirect 1	1620645891281	1620645891464	OK	 
REQUEST		Add New User Redirect 1	1620645891310	1620645891489	OK	 
REQUEST		Add New User Redirect 1	1620645891312	1620645891489	OK	 
REQUEST		Add New User Redirect 1	1620645891335	1620645891513	OK	 
REQUEST		Add New User Redirect 1	1620645891370	1620645891554	OK	 
REQUEST		Add New User Redirect 1	1620645891398	1620645891574	OK	 
REQUEST		Add New User Redirect 1	1620645891412	1620645891586	OK	 
REQUEST		Add New User Redirect 1	1620645891463	1620645891645	OK	 
REQUEST		Add New User Redirect 1	1620645891464	1620645891645	OK	 
REQUEST		Add New User Redirect 1	1620645891464	1620645891653	OK	 
REQUEST		Add New User Redirect 1	1620645891513	1620645891690	OK	 
REQUEST		Add New User Redirect 1	1620645891528	1620645891699	OK	 
REQUEST		Add New User Redirect 1	1620645891615	1620645891806	OK	 
REQUEST		Add New User Redirect 1	1620645891645	1620645891828	OK	 
REQUEST		Add New User Redirect 1	1620645891686	1620645891869	OK	 
REQUEST		Add New User Redirect 1	1620645891700	1620645891881	OK	 
REQUEST		Add New User Redirect 1	1620645891734	1620645891908	OK	 
REQUEST		Add New User Redirect 1	1620645891790	1620645892002	OK	 
REQUEST		Add New User Redirect 1	1620645891736	1620645892005	OK	 
REQUEST		Add New User Redirect 1	1620645891801	1620645892005	OK	 
REQUEST		Add New User Redirect 1	1620645891806	1620645892006	OK	 
REQUEST		Add New User Redirect 1	1620645891869	1620645892080	OK	 
REQUEST		Add New User Redirect 1	1620645891908	1620645892081	OK	 
REQUEST		Add New User Redirect 1	1620645892002	1620645892183	OK	 
REQUEST		Add New User Redirect 1	1620645892006	1620645892189	OK	 
REQUEST		Add New User Redirect 1	1620645892005	1620645892190	OK	 
REQUEST		Add New User Redirect 1	1620645892057	1620645892240	OK	 
REQUEST		Add New User Redirect 1	1620645892060	1620645892241	OK	 
REQUEST		Add New User Redirect 1	1620645892084	1620645892268	OK	 
REQUEST		Add New User Redirect 1	1620645892216	1620645892385	OK	 
REQUEST		Add New User Redirect 1	1620645892229	1620645892401	OK	 
REQUEST		Add New User Redirect 1	1620645892240	1620645892432	OK	 
REQUEST		Add New User Redirect 1	1620645892241	1620645892434	OK	 
REQUEST		Add New User Redirect 1	1620645892268	1620645892440	OK	 
REQUEST		Add New User Redirect 1	1620645892294	1620645892471	OK	 
REQUEST		Add New User Redirect 1	1620645892350	1620645892540	OK	 
REQUEST		Add New User Redirect 1	1620645892385	1620645892555	OK	 
REQUEST		Add New User Redirect 1	1620645892389	1620645892561	OK	 
REQUEST		Add New User Redirect 1	1620645892402	1620645892574	OK	 
REQUEST		Add New User Redirect 1	1620645892157	1620645892596	OK	 
REQUEST		Add New User Redirect 1	1620645892471	1620645892647	OK	 
REQUEST		Add New User Redirect 1	1620645892505	1620645892684	OK	 
REQUEST		Add New User Redirect 1	1620645892541	1620645892757	OK	 
REQUEST		Add New User Redirect 1	1620645892354	1620645892786	OK	 
REQUEST		Add New User Redirect 1	1620645892685	1620645892865	OK	 
REQUEST		Add New User Redirect 1	1620645892562	1620645892874	OK	 
REQUEST		Add New User Redirect 1	1620645892638	1620645892892	OK	 
REQUEST		Add New User Redirect 1	1620645892778	1620645892975	OK	 
REQUEST		Add New User Redirect 1	1620645892596	1620645893021	OK	 
REQUEST		Add New User Redirect 1	1620645892862	1620645893037	OK	 
REQUEST		Add New User Redirect 1	1620645892862	1620645893041	OK	 
REQUEST		Add New User Redirect 1	1620645892893	1620645893094	OK	 
REQUEST		Add New User Redirect 1	1620645892789	1620645893096	OK	 
REQUEST		Add New User Redirect 1	1620645892975	1620645893159	OK	 
REQUEST		Add New User Redirect 1	1620645893014	1620645893193	OK	 
REQUEST		Add New User Redirect 1	1620645892786	1620645893215	OK	 
REQUEST		Add New User Redirect 1	1620645893041	1620645893219	OK	 
REQUEST		Add New User Redirect 1	1620645893037	1620645893220	OK	 
REQUEST		Add New User Redirect 1	1620645893096	1620645893277	OK	 
REQUEST		Add New User Redirect 1	1620645893168	1620645893352	OK	 
REQUEST		Add New User Redirect 1	1620645893193	1620645893372	OK	 
REQUEST		Add New User Redirect 1	1620645893309	1620645893487	OK	 
REQUEST		Add New User Redirect 1	1620645893352	1620645893531	OK	 
REQUEST		Add New User Redirect 1	1620645893338	1620645893556	OK	 
REQUEST		Add New User Redirect 1	1620645893315	1620645893632	OK	 
REQUEST		Add New User Redirect 1	1620645893487	1620645893664	OK	 
REQUEST		Add New User Redirect 1	1620645893398	1620645893833	OK	 
REQUEST		Add New User Redirect 1	1620645893557	1620645893876	OK	 
REQUEST		Add New User Redirect 1	1620645893632	1620645893932	OK	 
REQUEST		Add New User Redirect 1	1620645893837	1620645894020	OK	 
REQUEST		Add New User Redirect 1	1620645893845	1620645894024	OK	 
REQUEST		Add New User Redirect 1	1620645893853	1620645894039	OK	 
REQUEST		Add New User Redirect 1	1620645893957	1620645894133	OK	 
REQUEST		Add New User Redirect 1	1620645894017	1620645894199	OK	 
REQUEST		Add New User Redirect 1	1620645894024	1620645894202	OK	 
REQUEST		Add New User Redirect 1	1620645894020	1620645894204	OK	 
REQUEST		Add New User Redirect 1	1620645894040	1620645894215	OK	 
REQUEST		Add New User Redirect 1	1620645894044	1620645894236	OK	 
REQUEST		Add New User Redirect 1	1620645894133	1620645894317	OK	 
REQUEST		Add New User Redirect 1	1620645894201	1620645894378	OK	 
REQUEST		Add New User Redirect 1	1620645894199	1620645894390	OK	 
REQUEST		Add New User Redirect 1	1620645894229	1620645894402	OK	 
REQUEST		Add New User Redirect 1	1620645894236	1620645894417	OK	 
REQUEST		Add New User Redirect 1	1620645894308	1620645894494	OK	 
REQUEST		Add New User Redirect 1	1620645893833	1620645894511	OK	 
REQUEST		Add New User Redirect 1	1620645894378	1620645894550	OK	 
REQUEST		Add New User Redirect 1	1620645894383	1620645894565	OK	 
REQUEST		Add New User Redirect 1	1620645894494	1620645894679	OK	 
REQUEST		Add New User Redirect 1	1620645894402	1620645894704	OK	 
REQUEST		Add New User Redirect 1	1620645894565	1620645894751	OK	 
REQUEST		Add New User Redirect 1	1620645894593	1620645894786	OK	 
REQUEST		Add New User Redirect 1	1620645894713	1620645894895	OK	 
REQUEST		Add New User Redirect 1	1620645894786	1620645894964	OK	 
REQUEST		Add New User Redirect 1	1620645894815	1620645894994	OK	 
REQUEST		Add New User Redirect 1	1620645894368	1620645895047	OK	 
REQUEST		Add New User Redirect 1	1620645894895	1620645895071	OK	 
REQUEST		Add New User Redirect 1	1620645894994	1620645895812	OK	 
REQUEST		Add New User Redirect 1	1620645895095	1620645895812	OK	 
REQUEST		Add New User Redirect 1	1620645894991	1620645895812	OK	 
REQUEST		Add New User Redirect 1	1620645895047	1620645895812	OK	 
REQUEST		Add New User Redirect 1	1620645895353	1620645895984	OK	 
REQUEST		Add New User Redirect 1	1620645895580	1620645895986	OK	 
REQUEST		Add New User Redirect 1	1620645895591	1620645895988	OK	 
REQUEST		Add New User Redirect 1	1620645895403	1620645895988	OK	 
REQUEST		Add New User Redirect 1	1620645895474	1620645895989	OK	 
REQUEST		Add New User Redirect 1	1620645895500	1620645895992	OK	 
REQUEST		Add New User Redirect 1	1620645895701	1620645895992	OK	 
REQUEST		Add New User Redirect 1	1620645895564	1620645895993	OK	 
REQUEST		Add New User Redirect 1	1620645895667	1620645896004	OK	 
REQUEST		Add New User Redirect 1	1620645895500	1620645896012	OK	 
REQUEST		Add New User Redirect 1	1620645895298	1620645896014	OK	 
REQUEST		Add New User Redirect 1	1620645895186	1620645896020	OK	 
REQUEST		Add New User Redirect 1	1620645895835	1620645896021	OK	 
REQUEST		Add New User Redirect 1	1620645895652	1620645896034	OK	 
REQUEST		Add New User Redirect 1	1620645895892	1620645896075	OK	 
REQUEST		Add New User Redirect 1	1620645895812	1620645896118	OK	 
REQUEST		Add New User Redirect 1	1620645895812	1620645896119	OK	 
REQUEST		Add New User Redirect 1	1620645895984	1620645896160	OK	 
REQUEST		Add New User Redirect 1	1620645895987	1620645896162	OK	 
REQUEST		Add New User Redirect 1	1620645895989	1620645896168	OK	 
REQUEST		Add New User Redirect 1	1620645895988	1620645896170	OK	 
REQUEST		Add New User Redirect 1	1620645895988	1620645896173	OK	 
REQUEST		Add New User Redirect 1	1620645895993	1620645896175	OK	 
REQUEST		Add New User Redirect 1	1620645895993	1620645896176	OK	 
REQUEST		Add New User Redirect 1	1620645895992	1620645896176	OK	 
REQUEST		Add New User Redirect 1	1620645896014	1620645896185	OK	 
REQUEST		Add New User Redirect 1	1620645896012	1620645896188	OK	 
REQUEST		Add New User Redirect 1	1620645896004	1620645896189	OK	 
REQUEST		Add New User Redirect 1	1620645896017	1620645896197	OK	 
REQUEST		Add New User Redirect 1	1620645896020	1620645896207	OK	 
REQUEST		Add New User Redirect 1	1620645896021	1620645896219	OK	 
REQUEST		Add New User Redirect 1	1620645896034	1620645896225	OK	 
REQUEST		Add New User Redirect 1	1620645896086	1620645896264	OK	 
REQUEST		Add New User Redirect 1	1620645896075	1620645896265	OK	 
REQUEST		Add New User Redirect 1	1620645896090	1620645896279	OK	 
REQUEST		Add New User Redirect 1	1620645896192	1620645896370	OK	 
REQUEST		Add New User Redirect 1	1620645896198	1620645896378	OK	 
REQUEST		Add New User Redirect 1	1620645896197	1620645896380	OK	 
REQUEST		Add New User Redirect 1	1620645896200	1620645896382	OK	 
REQUEST		Add New User Redirect 1	1620645896264	1620645896437	OK	 
REQUEST		Add New User Redirect 1	1620645896279	1620645896464	OK	 
