RUN	simulations.BasicLoadSimulationFiddler	basicloadsimulationfiddler	1620315680771	 	3.5.1
USER	Get Users with CSV Feeder	START	1620315687231
USER	Get Users with CSV Feeder	START	1620315687231
USER	Get Users with CSV Feeder	START	1620315687231
USER	Get Users with CSV Feeder	START	1620315687231
USER	Get Users with CSV Feeder	START	1620315687231
USER	Get Users with CSV Feeder	START	1620315687231
USER	Get Users with CSV Feeder	START	1620315687231
USER	Get Users with CSV Feeder	START	1620315687231
USER	Get Users with CSV Feeder	START	1620315687231
USER	Get Users with CSV Feeder	START	1620315687234
USER	Get Users with CSV Feeder	START	1620315687231
REQUEST		Get one user	1620315687311	1620315687671	OK	 
REQUEST		Get one user	1620315687310	1620315687671	OK	 
REQUEST		Get one user	1620315687311	1620315688096	OK	 
REQUEST		Get one user	1620315687311	1620315688097	OK	 
REQUEST		Get one user	1620315687311	1620315688099	OK	 
REQUEST		Get one user	1620315687311	1620315688107	OK	 
REQUEST		Get one user	1620315687311	1620315688107	OK	 
REQUEST		Get one user	1620315687311	1620315688114	OK	 
REQUEST		Get one user	1620315687311	1620315688115	OK	 
REQUEST		Get one user	1620315687310	1620315688125	OK	 
REQUEST		Get one user	1620315687311	1620315688172	OK	 
USER	Get Users with CSV Feeder	START	1620315688224
REQUEST		Get one user	1620315688228	1620315688544	OK	 
REQUEST		Get one user Redirect 1	1620315687686	1620315688587	OK	 
REQUEST		Get one user Redirect 1	1620315687686	1620315688650	OK	 
REQUEST		Get one user Redirect 1	1620315688100	1620315688703	OK	 
REQUEST		Get one user Redirect 1	1620315688098	1620315688769	OK	 
REQUEST		Get one user Redirect 1	1620315688108	1620315688835	OK	 
REQUEST		Get one user Redirect 1	1620315688097	1620315688905	OK	 
REQUEST		Get one user Redirect 1	1620315688108	1620315688962	OK	 
REQUEST		Get one user Redirect 1	1620315688126	1620315689034	OK	 
REQUEST		Get one user Redirect 1	1620315688173	1620315689101	OK	 
REQUEST		Get one user Redirect 1	1620315688115	1620315689185	OK	 
USER	Get Users with CSV Feeder	START	1620315689225
REQUEST		Get one user Redirect 1	1620315688116	1620315689238	OK	 
REQUEST		Get one user Redirect 1	1620315688544	1620315689304	OK	 
REQUEST		Get one user	1620315689226	1620315689393	OK	 
REQUEST		Get one user Redirect 1	1620315689394	1620315689838	OK	 
USER	Get Users with CSV Feeder	START	1620315690224
REQUEST		Get one user	1620315690225	1620315690387	OK	 
REQUEST		Get one user Redirect 1	1620315690387	1620315690878	OK	 
USER	Get Users with CSV Feeder	START	1620315691225
REQUEST		Get one user	1620315691226	1620315691392	OK	 
USER	Get Users with CSV Feeder	END	1620315691661
USER	Get Users with CSV Feeder	END	1620315691661
USER	Get Users with CSV Feeder	END	1620315691708
USER	Get Users with CSV Feeder	END	1620315691774
REQUEST		Get one user Redirect 1	1620315691393	1620315691830	OK	 
USER	Get Users with CSV Feeder	END	1620315691842
USER	Get Users with CSV Feeder	END	1620315691913
USER	Get Users with CSV Feeder	END	1620315691968
USER	Get Users with CSV Feeder	END	1620315692038
USER	Get Users with CSV Feeder	END	1620315692108
USER	Get Users with CSV Feeder	END	1620315692188
USER	Get Users with CSV Feeder	START	1620315692226
USER	Get Users with CSV Feeder	END	1620315692243
USER	Get Users with CSV Feeder	END	1620315692311
REQUEST		Get one user	1620315692227	1620315692394	OK	 
REQUEST		Get one user Redirect 1	1620315692394	1620315692838	OK	 
USER	Get Users with CSV Feeder	END	1620315692846
USER	Get Users with CSV Feeder	START	1620315693224
REQUEST		Get one user	1620315693225	1620315693388	OK	 
REQUEST		Get one user Redirect 1	1620315693389	1620315693847	OK	 
USER	Get Users with CSV Feeder	END	1620315693884
USER	Get Users with CSV Feeder	START	1620315694224
REQUEST		Get one user	1620315694225	1620315694387	OK	 
REQUEST		Get one user Redirect 1	1620315694388	1620315694835	OK	 
USER	Get Users with CSV Feeder	END	1620315694838
USER	Get Users with CSV Feeder	START	1620315695225
REQUEST		Get one user	1620315695226	1620315695388	OK	 
REQUEST		Get one user Redirect 1	1620315695389	1620315695825	OK	 
USER	Get Users with CSV Feeder	END	1620315695843
USER	Get Users with CSV Feeder	START	1620315696224
REQUEST		Get one user	1620315696225	1620315696389	OK	 
REQUEST		Get one user Redirect 1	1620315696389	1620315696798	OK	 
USER	Get Users with CSV Feeder	END	1620315696851
USER	Get Users with CSV Feeder	END	1620315697840
USER	Get Users with CSV Feeder	END	1620315698831
USER	Get Users with CSV Feeder	END	1620315699800
