RUN	simulations.RampUpLoadSimulation	rampuploadsimulation	1620644013826	 	3.5.1
USER	Ramp Up Get Users with CSV Feeder	START	1620644020782
USER	Ramp Up Get Users with CSV Feeder	START	1620644020877
USER	Ramp Up Get Users with CSV Feeder	START	1620644020978
USER	Ramp Up Get Users with CSV Feeder	START	1620644021081
REQUEST		Get one user	1620644020861	1620644021068	OK	 
REQUEST		Get one user	1620644020879	1620644021068	OK	 
REQUEST		Get one user	1620644020980	1620644021148	OK	 
USER	Ramp Up Get Users with CSV Feeder	START	1620644021180
REQUEST		Get one user	1620644021082	1620644021263	OK	 
USER	Ramp Up Get Users with CSV Feeder	START	1620644021281
REQUEST		Get one user	1620644021181	1620644021353	OK	 
USER	Ramp Up Get Users with CSV Feeder	START	1620644021384
REQUEST		Get one user	1620644021282	1620644021451	OK	 
USER	Ramp Up Get Users with CSV Feeder	START	1620644021482
REQUEST		Get one user Redirect 1	1620644021093	1620644021443	KO	jsonPath($.data.name).find.is(Ahalya Guneta), but actually found Anwesha Dwivedi
REQUEST		Get one user Redirect 1	1620644021093	1620644021528	KO	jsonPath($.data.name).find.is(Ahalya Guneta), but actually found Anwesha Dwivedi
USER	Ramp Up Get Users with CSV Feeder	END	1620644021532
USER	Ramp Up Get Users with CSV Feeder	END	1620644021533
REQUEST		Get one user	1620644021385	1620644021558	OK	 
REQUEST		Get one user Redirect 1	1620644021149	1620644021577	KO	jsonPath($.data.name).find.is(Ahalya Guneta), but actually found Anwesha Dwivedi
USER	Ramp Up Get Users with CSV Feeder	END	1620644021579
USER	Ramp Up Get Users with CSV Feeder	START	1620644021583
REQUEST		Get one user Redirect 1	1620644021264	1620644021647	KO	jsonPath($.data.name).find.is(Ahalya Guneta), but actually found Anwesha Dwivedi
USER	Ramp Up Get Users with CSV Feeder	END	1620644021649
REQUEST		Get one user	1620644021484	1620644021665	OK	 
USER	Ramp Up Get Users with CSV Feeder	START	1620644021683
REQUEST		Get one user Redirect 1	1620644021354	1620644021740	KO	jsonPath($.data.name).find.is(Ahalya Guneta), but actually found Anwesha Dwivedi
USER	Ramp Up Get Users with CSV Feeder	END	1620644021743
USER	Ramp Up Get Users with CSV Feeder	START	1620644021784
REQUEST		Get one user	1620644021588	1620644021795	OK	 
REQUEST		Get one user Redirect 1	1620644021452	1620644021815	KO	jsonPath($.data.name).find.is(Ahalya Guneta), but actually found Anwesha Dwivedi
USER	Ramp Up Get Users with CSV Feeder	END	1620644021817
USER	Ramp Up Get Users with CSV Feeder	START	1620644021877
REQUEST		Get one user	1620644021686	1620644021891	OK	 
USER	Ramp Up Get Users with CSV Feeder	START	1620644021979
REQUEST		Get one user	1620644021785	1620644021992	OK	 
REQUEST		Get one user Redirect 1	1620644021559	1620644021997	KO	jsonPath($.data.name).find.is(Ahalya Guneta), but actually found Anwesha Dwivedi
USER	Ramp Up Get Users with CSV Feeder	END	1620644022001
REQUEST		Get one user	1620644021878	1620644022069	OK	 
USER	Ramp Up Get Users with CSV Feeder	START	1620644022079
REQUEST		Get one user Redirect 1	1620644021665	1620644022086	KO	jsonPath($.data.name).find.is(Ahalya Guneta), but actually found Anwesha Dwivedi
USER	Ramp Up Get Users with CSV Feeder	END	1620644022089
REQUEST		Get one user	1620644021980	1620644022160	OK	 
REQUEST		Get one user Redirect 1	1620644021798	1620644022170	KO	jsonPath($.data.name).find.is(Ahalya Guneta), but actually found Anwesha Dwivedi
USER	Ramp Up Get Users with CSV Feeder	END	1620644022172
USER	Ramp Up Get Users with CSV Feeder	START	1620644022179
REQUEST		Get one user	1620644022080	1620644022246	OK	 
USER	Ramp Up Get Users with CSV Feeder	START	1620644022279
REQUEST		Get one user Redirect 1	1620644021892	1620644022287	KO	jsonPath($.data.name).find.is(Ahalya Guneta), but actually found Anwesha Dwivedi
USER	Ramp Up Get Users with CSV Feeder	END	1620644022289
REQUEST		Get one user	1620644022183	1620644022374	OK	 
REQUEST		Get one user Redirect 1	1620644021993	1620644022374	KO	jsonPath($.data.name).find.is(Ahalya Guneta), but actually found Anwesha Dwivedi
USER	Ramp Up Get Users with CSV Feeder	END	1620644022377
USER	Ramp Up Get Users with CSV Feeder	START	1620644022379
REQUEST		Get one user Redirect 1	1620644022070	1620644022428	KO	jsonPath($.data.name).find.is(Ahalya Guneta), but actually found Anwesha Dwivedi
USER	Ramp Up Get Users with CSV Feeder	END	1620644022431
REQUEST		Get one user	1620644022280	1620644022466	OK	 
USER	Ramp Up Get Users with CSV Feeder	START	1620644022479
REQUEST		Get one user Redirect 1	1620644022160	1620644022519	KO	jsonPath($.data.name).find.is(Ahalya Guneta), but actually found Anwesha Dwivedi
USER	Ramp Up Get Users with CSV Feeder	END	1620644022522
REQUEST		Get one user	1620644022381	1620644022546	OK	 
USER	Ramp Up Get Users with CSV Feeder	START	1620644022579
REQUEST		Get one user Redirect 1	1620644022246	1620644022613	KO	jsonPath($.data.name).find.is(Ahalya Guneta), but actually found Anwesha Dwivedi
USER	Ramp Up Get Users with CSV Feeder	END	1620644022615
REQUEST		Get one user	1620644022480	1620644022648	OK	 
USER	Ramp Up Get Users with CSV Feeder	START	1620644022677
REQUEST		Get one user Redirect 1	1620644022375	1620644022714	KO	jsonPath($.data.name).find.is(Ahalya Guneta), but actually found Anwesha Dwivedi
USER	Ramp Up Get Users with CSV Feeder	END	1620644022716
REQUEST		Get one user	1620644022580	1620644022758	OK	 
USER	Ramp Up Get Users with CSV Feeder	START	1620644022780
REQUEST		Get one user Redirect 1	1620644022468	1620644022839	KO	jsonPath($.data.name).find.is(Ahalya Guneta), but actually found Anwesha Dwivedi
USER	Ramp Up Get Users with CSV Feeder	END	1620644022842
REQUEST		Get one user	1620644022678	1620644022855	OK	 
USER	Ramp Up Get Users with CSV Feeder	START	1620644022878
REQUEST		Get one user Redirect 1	1620644022547	1620644022903	KO	jsonPath($.data.name).find.is(Ahalya Guneta), but actually found Anwesha Dwivedi
USER	Ramp Up Get Users with CSV Feeder	END	1620644022905
REQUEST		Get one user	1620644022782	1620644022957	OK	 
USER	Ramp Up Get Users with CSV Feeder	START	1620644022978
REQUEST		Get one user Redirect 1	1620644022649	1620644023008	KO	jsonPath($.data.name).find.is(Ahalya Guneta), but actually found Anwesha Dwivedi
USER	Ramp Up Get Users with CSV Feeder	END	1620644023010
REQUEST		Get one user	1620644022880	1620644023043	OK	 
USER	Ramp Up Get Users with CSV Feeder	START	1620644023078
REQUEST		Get one user Redirect 1	1620644022759	1620644023098	KO	jsonPath($.data.name).find.is(Ahalya Guneta), but actually found Anwesha Dwivedi
USER	Ramp Up Get Users with CSV Feeder	END	1620644023100
REQUEST		Get one user	1620644022979	1620644023150	OK	 
USER	Ramp Up Get Users with CSV Feeder	START	1620644023178
REQUEST		Get one user Redirect 1	1620644022855	1620644023231	KO	jsonPath($.data.name).find.is(Ahalya Guneta), but actually found Anwesha Dwivedi
USER	Ramp Up Get Users with CSV Feeder	END	1620644023234
REQUEST		Get one user	1620644023079	1620644023257	OK	 
USER	Ramp Up Get Users with CSV Feeder	START	1620644023279
REQUEST		Get one user Redirect 1	1620644022960	1620644023303	KO	jsonPath($.data.name).find.is(Ahalya Guneta), but actually found Anwesha Dwivedi
USER	Ramp Up Get Users with CSV Feeder	END	1620644023304
REQUEST		Get one user	1620644023180	1620644023357	OK	 
USER	Ramp Up Get Users with CSV Feeder	START	1620644023379
REQUEST		Get one user Redirect 1	1620644023043	1620644023394	KO	jsonPath($.data.name).find.is(Ahalya Guneta), but actually found Anwesha Dwivedi
USER	Ramp Up Get Users with CSV Feeder	END	1620644023396
REQUEST		Get one user	1620644023280	1620644023455	OK	 
USER	Ramp Up Get Users with CSV Feeder	START	1620644023479
REQUEST		Get one user Redirect 1	1620644023151	1620644023532	KO	jsonPath($.data.name).find.is(Ahalya Guneta), but actually found Anwesha Dwivedi
USER	Ramp Up Get Users with CSV Feeder	END	1620644023534
REQUEST		Get one user	1620644023380	1620644023551	OK	 
USER	Ramp Up Get Users with CSV Feeder	START	1620644023576
REQUEST		Get one user Redirect 1	1620644023257	1620644023639	KO	jsonPath($.data.name).find.is(Ahalya Guneta), but actually found Anwesha Dwivedi
USER	Ramp Up Get Users with CSV Feeder	END	1620644023640
REQUEST		Get one user	1620644023480	1620644023646	OK	 
USER	Ramp Up Get Users with CSV Feeder	START	1620644023679
REQUEST		Get one user Redirect 1	1620644023358	1620644023721	KO	jsonPath($.data.name).find.is(Ahalya Guneta), but actually found Anwesha Dwivedi
USER	Ramp Up Get Users with CSV Feeder	END	1620644023723
REQUEST		Get one user	1620644023577	1620644023756	OK	 
USER	Ramp Up Get Users with CSV Feeder	START	1620644023780
REQUEST		Get one user Redirect 1	1620644023455	1620644023811	KO	jsonPath($.data.name).find.is(Ahalya Guneta), but actually found Anwesha Dwivedi
USER	Ramp Up Get Users with CSV Feeder	END	1620644023814
REQUEST		Get one user	1620644023680	1620644023853	OK	 
USER	Ramp Up Get Users with CSV Feeder	START	1620644023876
REQUEST		Get one user Redirect 1	1620644023552	1620644023912	KO	jsonPath($.data.name).find.is(Ahalya Guneta), but actually found Anwesha Dwivedi
USER	Ramp Up Get Users with CSV Feeder	END	1620644023914
REQUEST		Get one user	1620644023781	1620644023952	OK	 
USER	Ramp Up Get Users with CSV Feeder	START	1620644023977
REQUEST		Get one user Redirect 1	1620644023646	1620644024002	KO	jsonPath($.data.name).find.is(Ahalya Guneta), but actually found Anwesha Dwivedi
USER	Ramp Up Get Users with CSV Feeder	END	1620644024004
REQUEST		Get one user	1620644023877	1620644024042	OK	 
USER	Ramp Up Get Users with CSV Feeder	START	1620644024078
REQUEST		Get one user Redirect 1	1620644023757	1620644024126	KO	jsonPath($.data.name).find.is(Ahalya Guneta), but actually found Anwesha Dwivedi
USER	Ramp Up Get Users with CSV Feeder	END	1620644024129
REQUEST		Get one user	1620644023978	1620644024146	OK	 
USER	Ramp Up Get Users with CSV Feeder	START	1620644024174
REQUEST		Get one user Redirect 1	1620644023854	1620644024225	KO	jsonPath($.data.name).find.is(Ahalya Guneta), but actually found Anwesha Dwivedi
USER	Ramp Up Get Users with CSV Feeder	END	1620644024227
REQUEST		Get one user	1620644024079	1620644024252	OK	 
USER	Ramp Up Get Users with CSV Feeder	START	1620644024277
REQUEST		Get one user Redirect 1	1620644023953	1620644024310	KO	jsonPath($.data.name).find.is(Ahalya Guneta), but actually found Anwesha Dwivedi
USER	Ramp Up Get Users with CSV Feeder	END	1620644024313
REQUEST		Get one user	1620644024175	1620644024348	OK	 
USER	Ramp Up Get Users with CSV Feeder	START	1620644024377
REQUEST		Get one user Redirect 1	1620644024043	1620644024403	KO	jsonPath($.data.name).find.is(Ahalya Guneta), but actually found Anwesha Dwivedi
USER	Ramp Up Get Users with CSV Feeder	END	1620644024405
REQUEST		Get one user	1620644024278	1620644024443	OK	 
USER	Ramp Up Get Users with CSV Feeder	START	1620644024477
REQUEST		Get one user Redirect 1	1620644024147	1620644024505	KO	jsonPath($.data.name).find.is(Ahalya Guneta), but actually found Anwesha Dwivedi
USER	Ramp Up Get Users with CSV Feeder	END	1620644024509
REQUEST		Get one user	1620644024378	1620644024566	OK	 
USER	Ramp Up Get Users with CSV Feeder	START	1620644024579
REQUEST		Get one user Redirect 1	1620644024254	1620644024598	KO	jsonPath($.data.name).find.is(Ahalya Guneta), but actually found Anwesha Dwivedi
USER	Ramp Up Get Users with CSV Feeder	END	1620644024601
REQUEST		Get one user	1620644024478	1620644024650	OK	 
USER	Ramp Up Get Users with CSV Feeder	START	1620644024677
REQUEST		Get one user Redirect 1	1620644024349	1620644024720	KO	jsonPath($.data.name).find.is(Ahalya Guneta), but actually found Anwesha Dwivedi
USER	Ramp Up Get Users with CSV Feeder	END	1620644024723
REQUEST		Get one user	1620644024580	1620644024752	OK	 
USER	Ramp Up Get Users with CSV Feeder	START	1620644024778
REQUEST		Get one user Redirect 1	1620644024444	1620644024805	KO	jsonPath($.data.name).find.is(Ahalya Guneta), but actually found Anwesha Dwivedi
USER	Ramp Up Get Users with CSV Feeder	END	1620644024807
REQUEST		Get one user	1620644024678	1620644024854	OK	 
USER	Ramp Up Get Users with CSV Feeder	START	1620644024877
REQUEST		Get one user Redirect 1	1620644024567	1620644024951	KO	jsonPath($.data.name).find.is(Ahalya Guneta), but actually found Anwesha Dwivedi
USER	Ramp Up Get Users with CSV Feeder	END	1620644024953
REQUEST		Get one user	1620644024779	1620644024955	OK	 
USER	Ramp Up Get Users with CSV Feeder	START	1620644024979
REQUEST		Get one user Redirect 1	1620644024650	1620644025012	KO	jsonPath($.data.name).find.is(Ahalya Guneta), but actually found Anwesha Dwivedi
USER	Ramp Up Get Users with CSV Feeder	END	1620644025014
REQUEST		Get one user	1620644024878	1620644025054	OK	 
USER	Ramp Up Get Users with CSV Feeder	START	1620644025078
REQUEST		Get one user	1620644024980	1620644025155	OK	 
REQUEST		Get one user Redirect 1	1620644024753	1620644025168	KO	jsonPath($.data.name).find.is(Ahalya Guneta), but actually found Anwesha Dwivedi
USER	Ramp Up Get Users with CSV Feeder	END	1620644025170
USER	Ramp Up Get Users with CSV Feeder	START	1620644025179
REQUEST		Get one user	1620644025079	1620644025257	OK	 
REQUEST		Get one user Redirect 1	1620644024856	1620644025266	KO	jsonPath($.data.name).find.is(Ahalya Guneta), but actually found Anwesha Dwivedi
USER	Ramp Up Get Users with CSV Feeder	END	1620644025269
USER	Ramp Up Get Users with CSV Feeder	START	1620644025277
REQUEST		Get one user Redirect 1	1620644024955	1620644025347	KO	jsonPath($.data.name).find.is(Ahalya Guneta), but actually found Anwesha Dwivedi
USER	Ramp Up Get Users with CSV Feeder	END	1620644025349
REQUEST		Get one user	1620644025180	1620644025350	OK	 
USER	Ramp Up Get Users with CSV Feeder	START	1620644025377
REQUEST		Get one user Redirect 1	1620644025054	1620644025426	KO	jsonPath($.data.name).find.is(Ahalya Guneta), but actually found Anwesha Dwivedi
USER	Ramp Up Get Users with CSV Feeder	END	1620644025428
REQUEST		Get one user	1620644025278	1620644025466	OK	 
USER	Ramp Up Get Users with CSV Feeder	START	1620644025479
REQUEST		Get one user Redirect 1	1620644025157	1620644025509	KO	jsonPath($.data.name).find.is(Ahalya Guneta), but actually found Anwesha Dwivedi
USER	Ramp Up Get Users with CSV Feeder	END	1620644025511
REQUEST		Get one user	1620644025378	1620644025568	OK	 
USER	Ramp Up Get Users with CSV Feeder	START	1620644025579
REQUEST		Get one user Redirect 1	1620644025258	1620644025594	KO	jsonPath($.data.name).find.is(Ahalya Guneta), but actually found Anwesha Dwivedi
USER	Ramp Up Get Users with CSV Feeder	END	1620644025596
USER	Ramp Up Get Users with CSV Feeder	START	1620644025678
REQUEST		Get one user	1620644025479	1620644025690	OK	 
USER	Ramp Up Get Users with CSV Feeder	START	1620644025776
REQUEST		Get one user Redirect 1	1620644025351	1620644025777	KO	jsonPath($.data.name).find.is(Ahalya Guneta), but actually found Anwesha Dwivedi
REQUEST		Get one user	1620644025581	1620644025779	OK	 
USER	Ramp Up Get Users with CSV Feeder	END	1620644025780
REQUEST		Get one user Redirect 1	1620644025466	1620644025858	KO	jsonPath($.data.name).find.is(Ahalya Guneta), but actually found Anwesha Dwivedi
USER	Ramp Up Get Users with CSV Feeder	END	1620644025860
REQUEST		Get one user	1620644025679	1620644025872	OK	 
USER	Ramp Up Get Users with CSV Feeder	START	1620644025878
REQUEST		Get one user Redirect 1	1620644025569	1620644025933	KO	jsonPath($.data.name).find.is(Ahalya Guneta), but actually found Anwesha Dwivedi
USER	Ramp Up Get Users with CSV Feeder	END	1620644025935
REQUEST		Get one user	1620644025779	1620644025955	OK	 
USER	Ramp Up Get Users with CSV Feeder	START	1620644025978
REQUEST		Get one user	1620644025879	1620644026057	OK	 
REQUEST		Get one user Redirect 1	1620644025691	1620644026077	KO	jsonPath($.data.name).find.is(Ahalya Guneta), but actually found Anwesha Dwivedi
USER	Ramp Up Get Users with CSV Feeder	START	1620644026078
USER	Ramp Up Get Users with CSV Feeder	END	1620644026080
REQUEST		Get one user	1620644025979	1620644026147	OK	 
REQUEST		Get one user Redirect 1	1620644025779	1620644026153	KO	jsonPath($.data.name).find.is(Ahalya Guneta), but actually found Anwesha Dwivedi
USER	Ramp Up Get Users with CSV Feeder	END	1620644026155
USER	Ramp Up Get Users with CSV Feeder	START	1620644026178
REQUEST		Get one user Redirect 1	1620644025873	1620644026231	KO	jsonPath($.data.name).find.is(Ahalya Guneta), but actually found Anwesha Dwivedi
USER	Ramp Up Get Users with CSV Feeder	END	1620644026234
REQUEST		Get one user	1620644026079	1620644026250	OK	 
USER	Ramp Up Get Users with CSV Feeder	START	1620644026278
REQUEST		Get one user Redirect 1	1620644025956	1620644026329	KO	jsonPath($.data.name).find.is(Ahalya Guneta), but actually found Anwesha Dwivedi
USER	Ramp Up Get Users with CSV Feeder	END	1620644026331
REQUEST		Get one user	1620644026179	1620644026347	OK	 
USER	Ramp Up Get Users with CSV Feeder	START	1620644026378
REQUEST		Get one user Redirect 1	1620644026058	1620644026412	KO	jsonPath($.data.name).find.is(Ahalya Guneta), but actually found Anwesha Dwivedi
USER	Ramp Up Get Users with CSV Feeder	END	1620644026415
REQUEST		Get one user	1620644026279	1620644026449	OK	 
USER	Ramp Up Get Users with CSV Feeder	START	1620644026478
REQUEST		Get one user Redirect 1	1620644026147	1620644026492	KO	jsonPath($.data.name).find.is(Ahalya Guneta), but actually found Anwesha Dwivedi
USER	Ramp Up Get Users with CSV Feeder	END	1620644026495
REQUEST		Get one user	1620644026379	1620644026556	OK	 
USER	Ramp Up Get Users with CSV Feeder	START	1620644026578
REQUEST		Get one user Redirect 1	1620644026250	1620644026598	KO	jsonPath($.data.name).find.is(Ahalya Guneta), but actually found Anwesha Dwivedi
USER	Ramp Up Get Users with CSV Feeder	END	1620644026600
REQUEST		Get one user	1620644026480	1620644026646	OK	 
USER	Ramp Up Get Users with CSV Feeder	START	1620644026677
REQUEST		Get one user Redirect 1	1620644026348	1620644026703	KO	jsonPath($.data.name).find.is(Ahalya Guneta), but actually found Anwesha Dwivedi
USER	Ramp Up Get Users with CSV Feeder	END	1620644026705
REQUEST		Get one user	1620644026579	1620644026762	OK	 
USER	Ramp Up Get Users with CSV Feeder	START	1620644026779
REQUEST		Get one user Redirect 1	1620644026449	1620644026811	KO	jsonPath($.data.name).find.is(Ahalya Guneta), but actually found Anwesha Dwivedi
USER	Ramp Up Get Users with CSV Feeder	END	1620644026813
REQUEST		Get one user	1620644026677	1620644026847	OK	 
USER	Ramp Up Get Users with CSV Feeder	START	1620644026878
REQUEST		Get one user Redirect 1	1620644026558	1620644026901	KO	jsonPath($.data.name).find.is(Ahalya Guneta), but actually found Anwesha Dwivedi
USER	Ramp Up Get Users with CSV Feeder	END	1620644026903
REQUEST		Get one user	1620644026781	1620644026946	OK	 
USER	Ramp Up Get Users with CSV Feeder	START	1620644026976
REQUEST		Get one user Redirect 1	1620644026646	1620644027004	KO	jsonPath($.data.name).find.is(Ahalya Guneta), but actually found Anwesha Dwivedi
USER	Ramp Up Get Users with CSV Feeder	END	1620644027007
REQUEST		Get one user	1620644026879	1620644027051	OK	 
USER	Ramp Up Get Users with CSV Feeder	START	1620644027077
REQUEST		Get one user Redirect 1	1620644026763	1620644027122	KO	jsonPath($.data.name).find.is(Ahalya Guneta), but actually found Anwesha Dwivedi
USER	Ramp Up Get Users with CSV Feeder	END	1620644027124
REQUEST		Get one user	1620644026977	1620644027140	OK	 
USER	Ramp Up Get Users with CSV Feeder	START	1620644027178
REQUEST		Get one user Redirect 1	1620644026848	1620644027232	KO	jsonPath($.data.name).find.is(Ahalya Guneta), but actually found Anwesha Dwivedi
USER	Ramp Up Get Users with CSV Feeder	END	1620644027234
REQUEST		Get one user	1620644027078	1620644027245	OK	 
USER	Ramp Up Get Users with CSV Feeder	START	1620644027278
REQUEST		Get one user Redirect 1	1620644026946	1620644027305	KO	jsonPath($.data.name).find.is(Ahalya Guneta), but actually found Anwesha Dwivedi
USER	Ramp Up Get Users with CSV Feeder	END	1620644027307
REQUEST		Get one user	1620644027179	1620644027349	OK	 
USER	Ramp Up Get Users with CSV Feeder	START	1620644027377
REQUEST		Get one user Redirect 1	1620644027052	1620644027397	KO	jsonPath($.data.name).find.is(Ahalya Guneta), but actually found Anwesha Dwivedi
USER	Ramp Up Get Users with CSV Feeder	END	1620644027400
REQUEST		Get one user	1620644027279	1620644027455	OK	 
USER	Ramp Up Get Users with CSV Feeder	START	1620644027477
REQUEST		Get one user Redirect 1	1620644027140	1620644027496	KO	jsonPath($.data.name).find.is(Ahalya Guneta), but actually found Anwesha Dwivedi
USER	Ramp Up Get Users with CSV Feeder	END	1620644027499
REQUEST		Get one user	1620644027380	1620644027562	OK	 
USER	Ramp Up Get Users with CSV Feeder	START	1620644027578
REQUEST		Get one user Redirect 1	1620644027246	1620644027600	KO	jsonPath($.data.name).find.is(Ahalya Guneta), but actually found Anwesha Dwivedi
USER	Ramp Up Get Users with CSV Feeder	END	1620644027603
REQUEST		Get one user	1620644027478	1620644027648	OK	 
USER	Ramp Up Get Users with CSV Feeder	START	1620644027678
REQUEST		Get one user Redirect 1	1620644027350	1620644027703	KO	jsonPath($.data.name).find.is(Ahalya Guneta), but actually found Anwesha Dwivedi
USER	Ramp Up Get Users with CSV Feeder	END	1620644027705
REQUEST		Get one user	1620644027580	1620644027752	OK	 
USER	Ramp Up Get Users with CSV Feeder	START	1620644027779
REQUEST		Get one user Redirect 1	1620644027456	1620644027804	KO	jsonPath($.data.name).find.is(Ahalya Guneta), but actually found Anwesha Dwivedi
USER	Ramp Up Get Users with CSV Feeder	END	1620644027806
REQUEST		Get one user	1620644027679	1620644027853	OK	 
USER	Ramp Up Get Users with CSV Feeder	START	1620644027878
REQUEST		Get one user Redirect 1	1620644027564	1620644027939	KO	jsonPath($.data.name).find.is(Ahalya Guneta), but actually found Anwesha Dwivedi
USER	Ramp Up Get Users with CSV Feeder	END	1620644027941
REQUEST		Get one user	1620644027780	1620644027956	OK	 
USER	Ramp Up Get Users with CSV Feeder	START	1620644027977
REQUEST		Get one user Redirect 1	1620644027650	1620644028035	KO	jsonPath($.data.name).find.is(Ahalya Guneta), but actually found Anwesha Dwivedi
USER	Ramp Up Get Users with CSV Feeder	END	1620644028039
REQUEST		Get one user	1620644027879	1620644028052	OK	 
USER	Ramp Up Get Users with CSV Feeder	START	1620644028079
REQUEST		Get one user Redirect 1	1620644027752	1620644028126	KO	jsonPath($.data.name).find.is(Ahalya Guneta), but actually found Anwesha Dwivedi
USER	Ramp Up Get Users with CSV Feeder	END	1620644028128
REQUEST		Get one user	1620644027977	1620644028148	OK	 
USER	Ramp Up Get Users with CSV Feeder	START	1620644028178
REQUEST		Get one user Redirect 1	1620644027854	1620644028216	KO	jsonPath($.data.name).find.is(Ahalya Guneta), but actually found Anwesha Dwivedi
USER	Ramp Up Get Users with CSV Feeder	END	1620644028218
REQUEST		Get one user	1620644028080	1620644028243	OK	 
USER	Ramp Up Get Users with CSV Feeder	START	1620644028279
REQUEST		Get one user Redirect 1	1620644027956	1620644028319	KO	jsonPath($.data.name).find.is(Ahalya Guneta), but actually found Anwesha Dwivedi
USER	Ramp Up Get Users with CSV Feeder	END	1620644028320
REQUEST		Get one user	1620644028180	1620644028358	OK	 
USER	Ramp Up Get Users with CSV Feeder	START	1620644028379
REQUEST		Get one user Redirect 1	1620644028052	1620644028395	KO	jsonPath($.data.name).find.is(Ahalya Guneta), but actually found Anwesha Dwivedi
USER	Ramp Up Get Users with CSV Feeder	END	1620644028397
REQUEST		Get one user	1620644028281	1620644028452	OK	 
USER	Ramp Up Get Users with CSV Feeder	START	1620644028479
REQUEST		Get one user Redirect 1	1620644028149	1620644028491	KO	jsonPath($.data.name).find.is(Ahalya Guneta), but actually found Anwesha Dwivedi
USER	Ramp Up Get Users with CSV Feeder	END	1620644028497
REQUEST		Get one user	1620644028381	1620644028550	OK	 
USER	Ramp Up Get Users with CSV Feeder	START	1620644028578
REQUEST		Get one user Redirect 1	1620644028243	1620644028584	KO	jsonPath($.data.name).find.is(Ahalya Guneta), but actually found Anwesha Dwivedi
USER	Ramp Up Get Users with CSV Feeder	END	1620644028586
REQUEST		Get one user	1620644028480	1620644028653	OK	 
USER	Ramp Up Get Users with CSV Feeder	START	1620644028679
REQUEST		Get one user Redirect 1	1620644028358	1620644028729	KO	jsonPath($.data.name).find.is(Ahalya Guneta), but actually found Anwesha Dwivedi
USER	Ramp Up Get Users with CSV Feeder	END	1620644028731
REQUEST		Get one user	1620644028579	1620644028752	OK	 
USER	Ramp Up Get Users with CSV Feeder	START	1620644028778
REQUEST		Get one user Redirect 1	1620644028453	1620644028859	KO	jsonPath($.data.name).find.is(Ahalya Guneta), but actually found Anwesha Dwivedi
USER	Ramp Up Get Users with CSV Feeder	END	1620644028861
REQUEST		Get one user	1620644028680	1620644028862	OK	 
USER	Ramp Up Get Users with CSV Feeder	START	1620644028878
REQUEST		Get one user Redirect 1	1620644028550	1620644028956	KO	jsonPath($.data.name).find.is(Ahalya Guneta), but actually found Anwesha Dwivedi
USER	Ramp Up Get Users with CSV Feeder	END	1620644028958
REQUEST		Get one user	1620644028779	1620644028970	OK	 
USER	Ramp Up Get Users with CSV Feeder	START	1620644028977
REQUEST		Get one user Redirect 1	1620644028654	1620644029033	KO	jsonPath($.data.name).find.is(Ahalya Guneta), but actually found Anwesha Dwivedi
USER	Ramp Up Get Users with CSV Feeder	END	1620644029036
USER	Ramp Up Get Users with CSV Feeder	START	1620644029078
REQUEST		Get one user	1620644028879	1620644029083	OK	 
REQUEST		Get one user	1620644028977	1620644029170	OK	 
USER	Ramp Up Get Users with CSV Feeder	START	1620644029178
REQUEST		Get one user Redirect 1	1620644028752	1620644029184	KO	jsonPath($.data.name).find.is(Ahalya Guneta), but actually found Anwesha Dwivedi
USER	Ramp Up Get Users with CSV Feeder	END	1620644029186
REQUEST		Get one user	1620644029080	1620644029251	OK	 
USER	Ramp Up Get Users with CSV Feeder	START	1620644029279
REQUEST		Get one user Redirect 1	1620644028862	1620644029279	KO	jsonPath($.data.name).find.is(Ahalya Guneta), but actually found Anwesha Dwivedi
USER	Ramp Up Get Users with CSV Feeder	END	1620644029282
REQUEST		Get one user	1620644029179	1620644029353	OK	 
REQUEST		Get one user Redirect 1	1620644028970	1620644029357	KO	jsonPath($.data.name).find.is(Ahalya Guneta), but actually found Anwesha Dwivedi
USER	Ramp Up Get Users with CSV Feeder	END	1620644029359
USER	Ramp Up Get Users with CSV Feeder	START	1620644029377
REQUEST		Get one user Redirect 1	1620644029084	1620644029419	KO	jsonPath($.data.name).find.is(Ahalya Guneta), but actually found Anwesha Dwivedi
USER	Ramp Up Get Users with CSV Feeder	END	1620644029421
REQUEST		Get one user	1620644029279	1620644029456	OK	 
USER	Ramp Up Get Users with CSV Feeder	START	1620644029479
REQUEST		Get one user Redirect 1	1620644029170	1620644029518	KO	jsonPath($.data.name).find.is(Ahalya Guneta), but actually found Anwesha Dwivedi
USER	Ramp Up Get Users with CSV Feeder	END	1620644029523
REQUEST		Get one user	1620644029378	1620644029538	OK	 
USER	Ramp Up Get Users with CSV Feeder	START	1620644029577
REQUEST		Get one user Redirect 1	1620644029251	1620644029600	KO	jsonPath($.data.name).find.is(Ahalya Guneta), but actually found Anwesha Dwivedi
USER	Ramp Up Get Users with CSV Feeder	END	1620644029602
REQUEST		Get one user	1620644029479	1620644029656	OK	 
USER	Ramp Up Get Users with CSV Feeder	START	1620644029678
REQUEST		Get one user Redirect 1	1620644029353	1620644029707	KO	jsonPath($.data.name).find.is(Ahalya Guneta), but actually found Anwesha Dwivedi
USER	Ramp Up Get Users with CSV Feeder	END	1620644029710
REQUEST		Get one user	1620644029578	1620644029753	OK	 
USER	Ramp Up Get Users with CSV Feeder	START	1620644029779
REQUEST		Get one user Redirect 1	1620644029456	1620644029845	KO	jsonPath($.data.name).find.is(Ahalya Guneta), but actually found Anwesha Dwivedi
USER	Ramp Up Get Users with CSV Feeder	END	1620644029847
REQUEST		Get one user	1620644029679	1620644029852	OK	 
USER	Ramp Up Get Users with CSV Feeder	START	1620644029878
REQUEST		Get one user Redirect 1	1620644029540	1620644029908	KO	jsonPath($.data.name).find.is(Ahalya Guneta), but actually found Anwesha Dwivedi
USER	Ramp Up Get Users with CSV Feeder	END	1620644029912
REQUEST		Get one user	1620644029780	1620644029943	OK	 
USER	Ramp Up Get Users with CSV Feeder	START	1620644029977
REQUEST		Get one user Redirect 1	1620644029656	1620644030008	KO	jsonPath($.data.name).find.is(Ahalya Guneta), but actually found Anwesha Dwivedi
USER	Ramp Up Get Users with CSV Feeder	END	1620644030010
REQUEST		Get one user	1620644029879	1620644030050	OK	 
USER	Ramp Up Get Users with CSV Feeder	START	1620644030078
REQUEST		Get one user Redirect 1	1620644029753	1620644030106	KO	jsonPath($.data.name).find.is(Ahalya Guneta), but actually found Anwesha Dwivedi
USER	Ramp Up Get Users with CSV Feeder	END	1620644030107
REQUEST		Get one user	1620644029978	1620644030140	OK	 
USER	Ramp Up Get Users with CSV Feeder	START	1620644030177
REQUEST		Get one user Redirect 1	1620644029852	1620644030232	KO	jsonPath($.data.name).find.is(Ahalya Guneta), but actually found Anwesha Dwivedi
USER	Ramp Up Get Users with CSV Feeder	END	1620644030234
REQUEST		Get one user	1620644030079	1620644030253	OK	 
REQUEST		Get one user Redirect 1	1620644029944	1620644030274	KO	jsonPath($.data.name).find.is(Ahalya Guneta), but actually found Anwesha Dwivedi
USER	Ramp Up Get Users with CSV Feeder	END	1620644030277
USER	Ramp Up Get Users with CSV Feeder	START	1620644030279
REQUEST		Get one user	1620644030177	1620644030360	OK	 
USER	Ramp Up Get Users with CSV Feeder	START	1620644030380
REQUEST		Get one user Redirect 1	1620644030050	1620644030402	KO	jsonPath($.data.name).find.is(Ahalya Guneta), but actually found Anwesha Dwivedi
USER	Ramp Up Get Users with CSV Feeder	END	1620644030403
REQUEST		Get one user	1620644030279	1620644030447	OK	 
USER	Ramp Up Get Users with CSV Feeder	START	1620644030478
REQUEST		Get one user Redirect 1	1620644030141	1620644030492	KO	jsonPath($.data.name).find.is(Ahalya Guneta), but actually found Anwesha Dwivedi
USER	Ramp Up Get Users with CSV Feeder	END	1620644030495
REQUEST		Get one user	1620644030381	1620644030570	OK	 
USER	Ramp Up Get Users with CSV Feeder	START	1620644030579
REQUEST		Get one user Redirect 1	1620644030254	1620644030609	KO	jsonPath($.data.name).find.is(Ahalya Guneta), but actually found Anwesha Dwivedi
USER	Ramp Up Get Users with CSV Feeder	END	1620644030611
REQUEST		Get one user	1620644030479	1620644030657	OK	 
USER	Ramp Up Get Users with CSV Feeder	START	1620644030679
REQUEST		Get one user Redirect 1	1620644030362	1620644030707	KO	jsonPath($.data.name).find.is(Ahalya Guneta), but actually found Anwesha Dwivedi
USER	Ramp Up Get Users with CSV Feeder	END	1620644030709
REQUEST		Get one user	1620644030580	1620644030757	OK	 
USER	Ramp Up Get Users with CSV Feeder	START	1620644030780
REQUEST		Get one user Redirect 1	1620644030448	1620644030790	KO	jsonPath($.data.name).find.is(Ahalya Guneta), but actually found Anwesha Dwivedi
USER	Ramp Up Get Users with CSV Feeder	END	1620644030793
REQUEST		Get one user	1620644030680	1620644030846	OK	 
REQUEST		Get one user Redirect 1	1620644030570	1620644030933	KO	jsonPath($.data.name).find.is(Ahalya Guneta), but actually found Anwesha Dwivedi
USER	Ramp Up Get Users with CSV Feeder	END	1620644030935
REQUEST		Get one user	1620644030781	1620644030951	OK	 
REQUEST		Get one user Redirect 1	1620644030658	1620644030991	KO	jsonPath($.data.name).find.is(Ahalya Guneta), but actually found Anwesha Dwivedi
USER	Ramp Up Get Users with CSV Feeder	END	1620644030993
REQUEST		Get one user Redirect 1	1620644030757	1620644031111	KO	jsonPath($.data.name).find.is(Ahalya Guneta), but actually found Anwesha Dwivedi
USER	Ramp Up Get Users with CSV Feeder	END	1620644031113
REQUEST		Get one user Redirect 1	1620644030847	1620644031226	KO	jsonPath($.data.name).find.is(Ahalya Guneta), but actually found Anwesha Dwivedi
USER	Ramp Up Get Users with CSV Feeder	END	1620644031227
REQUEST		Get one user Redirect 1	1620644030952	1620644031317	KO	jsonPath($.data.name).find.is(Ahalya Guneta), but actually found Anwesha Dwivedi
USER	Ramp Up Get Users with CSV Feeder	END	1620644031319
USER	Ramp Up Get Users with CSV Feeder	START	1620644031777
REQUEST		Get one user	1620644031779	1620644031952	OK	 
REQUEST		Get one user Redirect 1	1620644031952	1620644032314	KO	jsonPath($.data.name).find.is(Ahalya Guneta), but actually found Anwesha Dwivedi
USER	Ramp Up Get Users with CSV Feeder	END	1620644032318
USER	Ramp Up Get Users with CSV Feeder	START	1620644032779
REQUEST		Get one user	1620644032780	1620644033039	OK	 
REQUEST		Get one user Redirect 1	1620644033039	1620644033397	KO	jsonPath($.data.name).find.is(Ahalya Guneta), but actually found Anwesha Dwivedi
USER	Ramp Up Get Users with CSV Feeder	END	1620644033399
USER	Ramp Up Get Users with CSV Feeder	START	1620644033776
REQUEST		Get one user	1620644033777	1620644033941	OK	 
USER	Ramp Up Get Users with CSV Feeder	START	1620644034278
REQUEST		Get one user Redirect 1	1620644033942	1620644034307	KO	jsonPath($.data.name).find.is(Ahalya Guneta), but actually found Anwesha Dwivedi
USER	Ramp Up Get Users with CSV Feeder	END	1620644034308
REQUEST		Get one user	1620644034279	1620644034453	OK	 
USER	Ramp Up Get Users with CSV Feeder	START	1620644034778
REQUEST		Get one user Redirect 1	1620644034453	1620644034800	KO	jsonPath($.data.name).find.is(Ahalya Guneta), but actually found Anwesha Dwivedi
USER	Ramp Up Get Users with CSV Feeder	END	1620644034805
REQUEST		Get one user	1620644034779	1620644034944	OK	 
USER	Ramp Up Get Users with CSV Feeder	START	1620644035277
REQUEST		Get one user Redirect 1	1620644034944	1620644035308	KO	jsonPath($.data.name).find.is(Ahalya Guneta), but actually found Anwesha Dwivedi
USER	Ramp Up Get Users with CSV Feeder	END	1620644035310
REQUEST		Get one user	1620644035278	1620644035452	OK	 
USER	Ramp Up Get Users with CSV Feeder	START	1620644035778
REQUEST		Get one user Redirect 1	1620644035452	1620644035836	KO	jsonPath($.data.name).find.is(Ahalya Guneta), but actually found Anwesha Dwivedi
USER	Ramp Up Get Users with CSV Feeder	END	1620644035838
REQUEST		Get one user	1620644035779	1620644035968	OK	 
USER	Ramp Up Get Users with CSV Feeder	START	1620644036278
REQUEST		Get one user Redirect 1	1620644035969	1620644036329	KO	jsonPath($.data.name).find.is(Ahalya Guneta), but actually found Anwesha Dwivedi
USER	Ramp Up Get Users with CSV Feeder	END	1620644036331
REQUEST		Get one user	1620644036279	1620644036459	OK	 
USER	Ramp Up Get Users with CSV Feeder	START	1620644036779
REQUEST		Get one user Redirect 1	1620644036460	1620644036813	KO	jsonPath($.data.name).find.is(Ahalya Guneta), but actually found Anwesha Dwivedi
USER	Ramp Up Get Users with CSV Feeder	END	1620644036815
REQUEST		Get one user	1620644036779	1620644036962	OK	 
USER	Ramp Up Get Users with CSV Feeder	START	1620644037277
REQUEST		Get one user Redirect 1	1620644036963	1620644037329	KO	jsonPath($.data.name).find.is(Ahalya Guneta), but actually found Anwesha Dwivedi
USER	Ramp Up Get Users with CSV Feeder	END	1620644037330
REQUEST		Get one user	1620644037278	1620644037455	OK	 
USER	Ramp Up Get Users with CSV Feeder	START	1620644037779
REQUEST		Get one user Redirect 1	1620644037455	1620644037829	KO	jsonPath($.data.name).find.is(Ahalya Guneta), but actually found Anwesha Dwivedi
USER	Ramp Up Get Users with CSV Feeder	END	1620644037831
REQUEST		Get one user	1620644037781	1620644037959	OK	 
USER	Ramp Up Get Users with CSV Feeder	START	1620644038112
REQUEST		Get one user	1620644038112	1620644038288	OK	 
REQUEST		Get one user Redirect 1	1620644037960	1620644038351	KO	jsonPath($.data.name).find.is(Ahalya Guneta), but actually found Anwesha Dwivedi
USER	Ramp Up Get Users with CSV Feeder	END	1620644038352
USER	Ramp Up Get Users with CSV Feeder	START	1620644038445
REQUEST		Get one user	1620644038446	1620644038659	OK	 
REQUEST		Get one user Redirect 1	1620644038289	1620644038695	KO	jsonPath($.data.name).find.is(Ahalya Guneta), but actually found Anwesha Dwivedi
USER	Ramp Up Get Users with CSV Feeder	END	1620644038696
USER	Ramp Up Get Users with CSV Feeder	START	1620644038780
REQUEST		Get one user	1620644038781	1620644038974	OK	 
REQUEST		Get one user Redirect 1	1620644038660	1620644039076	KO	jsonPath($.data.name).find.is(Ahalya Guneta), but actually found Anwesha Dwivedi
USER	Ramp Up Get Users with CSV Feeder	END	1620644039078
USER	Ramp Up Get Users with CSV Feeder	START	1620644039110
REQUEST		Get one user	1620644039111	1620644039275	OK	 
REQUEST		Get one user Redirect 1	1620644038974	1620644039358	KO	jsonPath($.data.name).find.is(Ahalya Guneta), but actually found Anwesha Dwivedi
USER	Ramp Up Get Users with CSV Feeder	END	1620644039361
USER	Ramp Up Get Users with CSV Feeder	START	1620644039441
REQUEST		Get one user	1620644039442	1620644039606	OK	 
REQUEST		Get one user Redirect 1	1620644039275	1620644039614	KO	jsonPath($.data.name).find.is(Ahalya Guneta), but actually found Anwesha Dwivedi
USER	Ramp Up Get Users with CSV Feeder	END	1620644039616
USER	Ramp Up Get Users with CSV Feeder	START	1620644039776
REQUEST		Get one user	1620644039779	1620644039971	OK	 
REQUEST		Get one user Redirect 1	1620644039606	1620644039978	KO	jsonPath($.data.name).find.is(Ahalya Guneta), but actually found Anwesha Dwivedi
USER	Ramp Up Get Users with CSV Feeder	END	1620644039980
USER	Ramp Up Get Users with CSV Feeder	START	1620644040109
REQUEST		Get one user	1620644040110	1620644040285	OK	 
REQUEST		Get one user Redirect 1	1620644039971	1620644040318	KO	jsonPath($.data.name).find.is(Ahalya Guneta), but actually found Anwesha Dwivedi
USER	Ramp Up Get Users with CSV Feeder	END	1620644040320
USER	Ramp Up Get Users with CSV Feeder	START	1620644040443
REQUEST		Get one user	1620644040444	1620644040617	OK	 
REQUEST		Get one user Redirect 1	1620644040285	1620644040656	KO	jsonPath($.data.name).find.is(Ahalya Guneta), but actually found Anwesha Dwivedi
USER	Ramp Up Get Users with CSV Feeder	END	1620644040658
USER	Ramp Up Get Users with CSV Feeder	START	1620644040778
REQUEST		Get one user	1620644040779	1620644040943	OK	 
REQUEST		Get one user Redirect 1	1620644040617	1620644040973	KO	jsonPath($.data.name).find.is(Ahalya Guneta), but actually found Anwesha Dwivedi
USER	Ramp Up Get Users with CSV Feeder	END	1620644040974
USER	Ramp Up Get Users with CSV Feeder	START	1620644041111
REQUEST		Get one user	1620644041112	1620644041284	OK	 
REQUEST		Get one user Redirect 1	1620644040944	1620644041293	KO	jsonPath($.data.name).find.is(Ahalya Guneta), but actually found Anwesha Dwivedi
USER	Ramp Up Get Users with CSV Feeder	END	1620644041295
USER	Ramp Up Get Users with CSV Feeder	START	1620644041445
REQUEST		Get one user	1620644041446	1620644041609	OK	 
REQUEST		Get one user Redirect 1	1620644041285	1620644041650	KO	jsonPath($.data.name).find.is(Ahalya Guneta), but actually found Anwesha Dwivedi
USER	Ramp Up Get Users with CSV Feeder	END	1620644041652
USER	Ramp Up Get Users with CSV Feeder	START	1620644041779
REQUEST		Get one user	1620644041779	1620644041952	OK	 
REQUEST		Get one user Redirect 1	1620644041609	1620644041963	KO	jsonPath($.data.name).find.is(Ahalya Guneta), but actually found Anwesha Dwivedi
USER	Ramp Up Get Users with CSV Feeder	END	1620644041965
USER	Ramp Up Get Users with CSV Feeder	START	1620644042111
REQUEST		Get one user	1620644042112	1620644042298	OK	 
REQUEST		Get one user Redirect 1	1620644041952	1620644042359	KO	jsonPath($.data.name).find.is(Ahalya Guneta), but actually found Anwesha Dwivedi
USER	Ramp Up Get Users with CSV Feeder	END	1620644042360
USER	Ramp Up Get Users with CSV Feeder	START	1620644042445
REQUEST		Get one user	1620644042446	1620644042611	OK	 
REQUEST		Get one user Redirect 1	1620644042299	1620644042673	KO	jsonPath($.data.name).find.is(Ahalya Guneta), but actually found Anwesha Dwivedi
USER	Ramp Up Get Users with CSV Feeder	END	1620644042674
USER	Ramp Up Get Users with CSV Feeder	START	1620644042779
REQUEST		Get one user	1620644042780	1620644042949	OK	 
REQUEST		Get one user Redirect 1	1620644042612	1620644042971	KO	jsonPath($.data.name).find.is(Ahalya Guneta), but actually found Anwesha Dwivedi
USER	Ramp Up Get Users with CSV Feeder	END	1620644042973
USER	Ramp Up Get Users with CSV Feeder	START	1620644043111
REQUEST		Get one user	1620644043112	1620644043284	OK	 
REQUEST		Get one user Redirect 1	1620644042949	1620644043303	KO	jsonPath($.data.name).find.is(Ahalya Guneta), but actually found Anwesha Dwivedi
USER	Ramp Up Get Users with CSV Feeder	END	1620644043306
USER	Ramp Up Get Users with CSV Feeder	START	1620644043445
REQUEST		Get one user	1620644043447	1620644043622	OK	 
REQUEST		Get one user Redirect 1	1620644043284	1620644043663	KO	jsonPath($.data.name).find.is(Ahalya Guneta), but actually found Anwesha Dwivedi
USER	Ramp Up Get Users with CSV Feeder	END	1620644043666
USER	Ramp Up Get Users with CSV Feeder	START	1620644043778
REQUEST		Get one user	1620644043778	1620644043947	OK	 
REQUEST		Get one user Redirect 1	1620644043623	1620644044009	KO	jsonPath($.data.name).find.is(Ahalya Guneta), but actually found Anwesha Dwivedi
USER	Ramp Up Get Users with CSV Feeder	END	1620644044010
USER	Ramp Up Get Users with CSV Feeder	START	1620644044027
REQUEST		Get one user	1620644044028	1620644044211	OK	 
USER	Ramp Up Get Users with CSV Feeder	START	1620644044278
REQUEST		Get one user Redirect 1	1620644043948	1620644044316	KO	jsonPath($.data.name).find.is(Ahalya Guneta), but actually found Anwesha Dwivedi
USER	Ramp Up Get Users with CSV Feeder	END	1620644044317
REQUEST		Get one user	1620644044279	1620644044452	OK	 
USER	Ramp Up Get Users with CSV Feeder	START	1620644044528
REQUEST		Get one user Redirect 1	1620644044212	1620644044586	KO	jsonPath($.data.name).find.is(Ahalya Guneta), but actually found Anwesha Dwivedi
USER	Ramp Up Get Users with CSV Feeder	END	1620644044588
REQUEST		Get one user	1620644044529	1620644044702	OK	 
USER	Ramp Up Get Users with CSV Feeder	START	1620644044778
REQUEST		Get one user Redirect 1	1620644044453	1620644044817	KO	jsonPath($.data.name).find.is(Ahalya Guneta), but actually found Anwesha Dwivedi
USER	Ramp Up Get Users with CSV Feeder	END	1620644044819
REQUEST		Get one user	1620644044778	1620644044991	OK	 
USER	Ramp Up Get Users with CSV Feeder	START	1620644045028
REQUEST		Get one user Redirect 1	1620644044703	1620644045076	KO	jsonPath($.data.name).find.is(Ahalya Guneta), but actually found Anwesha Dwivedi
USER	Ramp Up Get Users with CSV Feeder	END	1620644045078
REQUEST		Get one user	1620644045029	1620644045202	OK	 
USER	Ramp Up Get Users with CSV Feeder	START	1620644045279
REQUEST		Get one user Redirect 1	1620644044992	1620644045359	KO	jsonPath($.data.name).find.is(Ahalya Guneta), but actually found Anwesha Dwivedi
USER	Ramp Up Get Users with CSV Feeder	END	1620644045361
REQUEST		Get one user	1620644045279	1620644045450	OK	 
USER	Ramp Up Get Users with CSV Feeder	START	1620644045528
REQUEST		Get one user Redirect 1	1620644045203	1620644045557	KO	jsonPath($.data.name).find.is(Ahalya Guneta), but actually found Anwesha Dwivedi
USER	Ramp Up Get Users with CSV Feeder	END	1620644045559
REQUEST		Get one user	1620644045529	1620644045754	OK	 
USER	Ramp Up Get Users with CSV Feeder	START	1620644045778
REQUEST		Get one user Redirect 1	1620644045451	1620644045871	KO	jsonPath($.data.name).find.is(Ahalya Guneta), but actually found Anwesha Dwivedi
USER	Ramp Up Get Users with CSV Feeder	END	1620644045872
REQUEST		Get one user	1620644045779	1620644045955	OK	 
USER	Ramp Up Get Users with CSV Feeder	START	1620644046028
REQUEST		Get one user Redirect 1	1620644045755	1620644046143	KO	jsonPath($.data.name).find.is(Ahalya Guneta), but actually found Anwesha Dwivedi
USER	Ramp Up Get Users with CSV Feeder	END	1620644046147
REQUEST		Get one user	1620644046029	1620644046212	OK	 
USER	Ramp Up Get Users with CSV Feeder	START	1620644046277
REQUEST		Get one user Redirect 1	1620644045955	1620644046323	KO	jsonPath($.data.name).find.is(Ahalya Guneta), but actually found Anwesha Dwivedi
USER	Ramp Up Get Users with CSV Feeder	END	1620644046325
REQUEST		Get one user	1620644046278	1620644046458	OK	 
USER	Ramp Up Get Users with CSV Feeder	START	1620644046527
REQUEST		Get one user Redirect 1	1620644046213	1620644046615	KO	jsonPath($.data.name).find.is(Ahalya Guneta), but actually found Anwesha Dwivedi
USER	Ramp Up Get Users with CSV Feeder	END	1620644046617
REQUEST		Get one user	1620644046527	1620644046760	OK	 
USER	Ramp Up Get Users with CSV Feeder	START	1620644046779
REQUEST		Get one user Redirect 1	1620644046459	1620644046863	KO	jsonPath($.data.name).find.is(Ahalya Guneta), but actually found Anwesha Dwivedi
USER	Ramp Up Get Users with CSV Feeder	END	1620644046865
REQUEST		Get one user	1620644046779	1620644046948	OK	 
USER	Ramp Up Get Users with CSV Feeder	START	1620644047026
REQUEST		Get one user Redirect 1	1620644046760	1620644047116	KO	jsonPath($.data.name).find.is(Ahalya Guneta), but actually found Anwesha Dwivedi
USER	Ramp Up Get Users with CSV Feeder	END	1620644047117
REQUEST		Get one user	1620644047027	1620644047198	OK	 
USER	Ramp Up Get Users with CSV Feeder	START	1620644047278
REQUEST		Get one user Redirect 1	1620644046948	1620644047304	KO	jsonPath($.data.name).find.is(Ahalya Guneta), but actually found Anwesha Dwivedi
USER	Ramp Up Get Users with CSV Feeder	END	1620644047308
REQUEST		Get one user	1620644047278	1620644047439	OK	 
USER	Ramp Up Get Users with CSV Feeder	START	1620644047528
REQUEST		Get one user Redirect 1	1620644047198	1620644047566	KO	jsonPath($.data.name).find.is(Ahalya Guneta), but actually found Anwesha Dwivedi
USER	Ramp Up Get Users with CSV Feeder	END	1620644047568
REQUEST		Get one user	1620644047529	1620644047700	OK	 
USER	Ramp Up Get Users with CSV Feeder	START	1620644047777
REQUEST		Get one user Redirect 1	1620644047439	1620644047797	KO	jsonPath($.data.name).find.is(Ahalya Guneta), but actually found Anwesha Dwivedi
USER	Ramp Up Get Users with CSV Feeder	END	1620644047801
REQUEST		Get one user	1620644047778	1620644047957	OK	 
USER	Ramp Up Get Users with CSV Feeder	START	1620644047976
REQUEST		Get one user Redirect 1	1620644047701	1620644048035	KO	jsonPath($.data.name).find.is(Ahalya Guneta), but actually found Anwesha Dwivedi
USER	Ramp Up Get Users with CSV Feeder	END	1620644048037
REQUEST		Get one user	1620644047977	1620644048166	OK	 
USER	Ramp Up Get Users with CSV Feeder	START	1620644048174
REQUEST		Get one user Redirect 1	1620644047958	1620644048306	KO	jsonPath($.data.name).find.is(Ahalya Guneta), but actually found Anwesha Dwivedi
USER	Ramp Up Get Users with CSV Feeder	END	1620644048310
USER	Ramp Up Get Users with CSV Feeder	START	1620644048379
REQUEST		Get one user	1620644048175	1620644048380	OK	 
REQUEST		Get one user	1620644048379	1620644048546	OK	 
REQUEST		Get one user Redirect 1	1620644048167	1620644048545	KO	jsonPath($.data.name).find.is(Ahalya Guneta), but actually found Anwesha Dwivedi
USER	Ramp Up Get Users with CSV Feeder	END	1620644048547
USER	Ramp Up Get Users with CSV Feeder	START	1620644048578
REQUEST		Get one user Redirect 1	1620644048381	1620644048746	KO	jsonPath($.data.name).find.is(Ahalya Guneta), but actually found Anwesha Dwivedi
USER	Ramp Up Get Users with CSV Feeder	END	1620644048747
REQUEST		Get one user	1620644048579	1620644048751	OK	 
USER	Ramp Up Get Users with CSV Feeder	START	1620644048777
REQUEST		Get one user Redirect 1	1620644048546	1620644048898	KO	jsonPath($.data.name).find.is(Ahalya Guneta), but actually found Anwesha Dwivedi
USER	Ramp Up Get Users with CSV Feeder	END	1620644048900
REQUEST		Get one user	1620644048779	1620644048938	OK	 
USER	Ramp Up Get Users with CSV Feeder	START	1620644048978
REQUEST		Get one user Redirect 1	1620644048751	1620644049132	KO	jsonPath($.data.name).find.is(Ahalya Guneta), but actually found Anwesha Dwivedi
USER	Ramp Up Get Users with CSV Feeder	END	1620644049134
REQUEST		Get one user	1620644048979	1620644049151	OK	 
USER	Ramp Up Get Users with CSV Feeder	START	1620644049177
REQUEST		Get one user Redirect 1	1620644048940	1620644049327	KO	jsonPath($.data.name).find.is(Ahalya Guneta), but actually found Anwesha Dwivedi
USER	Ramp Up Get Users with CSV Feeder	END	1620644049329
REQUEST		Get one user	1620644049178	1620644049351	OK	 
USER	Ramp Up Get Users with CSV Feeder	START	1620644049377
REQUEST		Get one user Redirect 1	1620644049152	1620644049501	KO	jsonPath($.data.name).find.is(Ahalya Guneta), but actually found Anwesha Dwivedi
USER	Ramp Up Get Users with CSV Feeder	END	1620644049503
REQUEST		Get one user	1620644049378	1620644049539	OK	 
USER	Ramp Up Get Users with CSV Feeder	START	1620644049577
REQUEST		Get one user Redirect 1	1620644049352	1620644049706	KO	jsonPath($.data.name).find.is(Ahalya Guneta), but actually found Anwesha Dwivedi
USER	Ramp Up Get Users with CSV Feeder	END	1620644049707
REQUEST		Get one user	1620644049578	1620644049746	OK	 
USER	Ramp Up Get Users with CSV Feeder	START	1620644049777
REQUEST		Get one user Redirect 1	1620644049539	1620644049877	KO	jsonPath($.data.name).find.is(Ahalya Guneta), but actually found Anwesha Dwivedi
USER	Ramp Up Get Users with CSV Feeder	END	1620644049879
REQUEST		Get one user	1620644049778	1620644049941	OK	 
USER	Ramp Up Get Users with CSV Feeder	START	1620644049978
REQUEST		Get one user Redirect 1	1620644049747	1620644050116	KO	jsonPath($.data.name).find.is(Ahalya Guneta), but actually found Anwesha Dwivedi
USER	Ramp Up Get Users with CSV Feeder	END	1620644050118
USER	Ramp Up Get Users with CSV Feeder	START	1620644050178
REQUEST		Get one user	1620644049978	1620644050190	OK	 
REQUEST		Get one user Redirect 1	1620644049941	1620644050331	KO	jsonPath($.data.name).find.is(Ahalya Guneta), but actually found Anwesha Dwivedi
USER	Ramp Up Get Users with CSV Feeder	END	1620644050332
REQUEST		Get one user	1620644050179	1620644050346	OK	 
USER	Ramp Up Get Users with CSV Feeder	START	1620644050378
REQUEST		Get one user Redirect 1	1620644050191	1620644050539	KO	jsonPath($.data.name).find.is(Ahalya Guneta), but actually found Anwesha Dwivedi
USER	Ramp Up Get Users with CSV Feeder	END	1620644050542
REQUEST		Get one user	1620644050379	1620644050550	OK	 
USER	Ramp Up Get Users with CSV Feeder	START	1620644050576
REQUEST		Get one user Redirect 1	1620644050346	1620644050703	KO	jsonPath($.data.name).find.is(Ahalya Guneta), but actually found Anwesha Dwivedi
USER	Ramp Up Get Users with CSV Feeder	END	1620644050705
REQUEST		Get one user	1620644050576	1620644050750	OK	 
REQUEST		Get one user Redirect 1	1620644050551	1620644050899	KO	jsonPath($.data.name).find.is(Ahalya Guneta), but actually found Anwesha Dwivedi
USER	Ramp Up Get Users with CSV Feeder	END	1620644050903
REQUEST		Get one user Redirect 1	1620644050751	1620644051097	KO	jsonPath($.data.name).find.is(Ahalya Guneta), but actually found Anwesha Dwivedi
USER	Ramp Up Get Users with CSV Feeder	END	1620644051099
