RUN	simulations.RampUpLoadSimulation	rampuploadsimulation	1620318635548	 	3.5.1
USER	Ramp Up Get Users with CSV Feeder	START	1620318642045
USER	Ramp Up Get Users with CSV Feeder	START	1620318642142
USER	Ramp Up Get Users with CSV Feeder	START	1620318642243
REQUEST		Get one user	1620318642109	1620318642286	OK	 
REQUEST		Get one user	1620318642143	1620318642323	OK	 
USER	Ramp Up Get Users with CSV Feeder	START	1620318642343
REQUEST		Get one user	1620318642245	1620318642419	OK	 
USER	Ramp Up Get Users with CSV Feeder	START	1620318642446
REQUEST		Get one user	1620318642344	1620318642513	OK	 
USER	Ramp Up Get Users with CSV Feeder	START	1620318642547
REQUEST		Get one user	1620318642447	1620318642609	OK	 
USER	Ramp Up Get Users with CSV Feeder	START	1620318642647
REQUEST		Get one user	1620318642547	1620318642722	OK	 
USER	Ramp Up Get Users with CSV Feeder	START	1620318642747
REQUEST		Get one user Redirect 1	1620318642301	1620318642687	OK	 
USER	Ramp Up Get Users with CSV Feeder	END	1620318642752
REQUEST		Get one user Redirect 1	1620318642324	1620318642755	OK	 
USER	Ramp Up Get Users with CSV Feeder	END	1620318642758
REQUEST		Get one user Redirect 1	1620318642420	1620318642799	OK	 
USER	Ramp Up Get Users with CSV Feeder	END	1620318642800
REQUEST		Get one user	1620318642648	1620318642821	OK	 
USER	Ramp Up Get Users with CSV Feeder	START	1620318642847
REQUEST		Get one user Redirect 1	1620318642514	1620318642859	OK	 
USER	Ramp Up Get Users with CSV Feeder	END	1620318642861
REQUEST		Get one user	1620318642748	1620318642911	OK	 
USER	Ramp Up Get Users with CSV Feeder	START	1620318642947
REQUEST		Get one user Redirect 1	1620318642609	1620318642969	OK	 
USER	Ramp Up Get Users with CSV Feeder	END	1620318642971
REQUEST		Get one user	1620318642848	1620318643026	OK	 
USER	Ramp Up Get Users with CSV Feeder	START	1620318643047
REQUEST		Get one user Redirect 1	1620318642722	1620318643065	OK	 
USER	Ramp Up Get Users with CSV Feeder	END	1620318643067
REQUEST		Get one user	1620318642948	1620318643117	OK	 
USER	Ramp Up Get Users with CSV Feeder	START	1620318643143
REQUEST		Get one user Redirect 1	1620318642821	1620318643184	OK	 
USER	Ramp Up Get Users with CSV Feeder	END	1620318643186
REQUEST		Get one user	1620318643048	1620318643225	OK	 
USER	Ramp Up Get Users with CSV Feeder	START	1620318643242
REQUEST		Get one user Redirect 1	1620318642911	1620318643285	OK	 
USER	Ramp Up Get Users with CSV Feeder	END	1620318643287
REQUEST		Get one user	1620318643144	1620318643312	OK	 
USER	Ramp Up Get Users with CSV Feeder	START	1620318643343
REQUEST		Get one user Redirect 1	1620318643027	1620318643388	OK	 
USER	Ramp Up Get Users with CSV Feeder	END	1620318643390
REQUEST		Get one user	1620318643243	1620318643416	OK	 
USER	Ramp Up Get Users with CSV Feeder	START	1620318643441
REQUEST		Get one user Redirect 1	1620318643118	1620318643487	OK	 
USER	Ramp Up Get Users with CSV Feeder	END	1620318643489
REQUEST		Get one user	1620318643344	1620318643517	OK	 
USER	Ramp Up Get Users with CSV Feeder	START	1620318643543
REQUEST		Get one user Redirect 1	1620318643226	1620318643595	OK	 
USER	Ramp Up Get Users with CSV Feeder	END	1620318643597
REQUEST		Get one user	1620318643442	1620318643614	OK	 
USER	Ramp Up Get Users with CSV Feeder	START	1620318643643
REQUEST		Get one user Redirect 1	1620318643312	1620318643692	OK	 
USER	Ramp Up Get Users with CSV Feeder	END	1620318643693
REQUEST		Get one user	1620318643545	1620318643707	OK	 
USER	Ramp Up Get Users with CSV Feeder	START	1620318643741
REQUEST		Get one user Redirect 1	1620318643417	1620318643794	OK	 
USER	Ramp Up Get Users with CSV Feeder	END	1620318643796
REQUEST		Get one user	1620318643645	1620318643807	OK	 
USER	Ramp Up Get Users with CSV Feeder	START	1620318643841
REQUEST		Get one user Redirect 1	1620318643518	1620318643880	OK	 
USER	Ramp Up Get Users with CSV Feeder	END	1620318643882
REQUEST		Get one user	1620318643742	1620318643911	OK	 
USER	Ramp Up Get Users with CSV Feeder	START	1620318643942
REQUEST		Get one user Redirect 1	1620318643614	1620318643988	OK	 
USER	Ramp Up Get Users with CSV Feeder	END	1620318643989
REQUEST		Get one user	1620318643842	1620318644019	OK	 
USER	Ramp Up Get Users with CSV Feeder	START	1620318644043
REQUEST		Get one user Redirect 1	1620318643707	1620318644091	OK	 
USER	Ramp Up Get Users with CSV Feeder	END	1620318644093
REQUEST		Get one user	1620318643943	1620318644119	OK	 
USER	Ramp Up Get Users with CSV Feeder	START	1620318644142
REQUEST		Get one user Redirect 1	1620318643808	1620318644197	OK	 
USER	Ramp Up Get Users with CSV Feeder	END	1620318644198
REQUEST		Get one user	1620318644044	1620318644212	OK	 
USER	Ramp Up Get Users with CSV Feeder	START	1620318644241
REQUEST		Get one user Redirect 1	1620318643912	1620318644273	OK	 
USER	Ramp Up Get Users with CSV Feeder	END	1620318644275
REQUEST		Get one user	1620318644143	1620318644310	OK	 
USER	Ramp Up Get Users with CSV Feeder	START	1620318644341
REQUEST		Get one user	1620318644242	1620318644412	OK	 
REQUEST		Get one user Redirect 1	1620318644019	1620318644413	OK	 
USER	Ramp Up Get Users with CSV Feeder	END	1620318644414
USER	Ramp Up Get Users with CSV Feeder	START	1620318644442
REQUEST		Get one user Redirect 1	1620318644120	1620318644510	OK	 
USER	Ramp Up Get Users with CSV Feeder	END	1620318644512
REQUEST		Get one user	1620318644342	1620318644514	OK	 
USER	Ramp Up Get Users with CSV Feeder	START	1620318644541
REQUEST		Get one user Redirect 1	1620318644212	1620318644594	OK	 
USER	Ramp Up Get Users with CSV Feeder	END	1620318644595
REQUEST		Get one user	1620318644444	1620318644613	OK	 
USER	Ramp Up Get Users with CSV Feeder	START	1620318644641
REQUEST		Get one user Redirect 1	1620318644311	1620318644673	OK	 
USER	Ramp Up Get Users with CSV Feeder	END	1620318644676
REQUEST		Get one user	1620318644542	1620318644716	OK	 
USER	Ramp Up Get Users with CSV Feeder	START	1620318644742
REQUEST		Get one user Redirect 1	1620318644413	1620318644826	OK	 
USER	Ramp Up Get Users with CSV Feeder	END	1620318644828
REQUEST		Get one user	1620318644642	1620318644834	OK	 
USER	Ramp Up Get Users with CSV Feeder	START	1620318644843
REQUEST		Get one user Redirect 1	1620318644515	1620318644864	OK	 
USER	Ramp Up Get Users with CSV Feeder	END	1620318644867
REQUEST		Get one user	1620318644743	1620318644932	OK	 
USER	Ramp Up Get Users with CSV Feeder	START	1620318644943
REQUEST		Get one user Redirect 1	1620318644614	1620318644996	OK	 
USER	Ramp Up Get Users with CSV Feeder	END	1620318644997
REQUEST		Get one user	1620318644844	1620318645023	OK	 
USER	Ramp Up Get Users with CSV Feeder	START	1620318645041
REQUEST		Get one user	1620318644943	1620318645106	OK	 
REQUEST		Get one user Redirect 1	1620318644717	1620318645119	OK	 
USER	Ramp Up Get Users with CSV Feeder	END	1620318645120
USER	Ramp Up Get Users with CSV Feeder	START	1620318645141
REQUEST		Get one user	1620318645042	1620318645217	OK	 
REQUEST		Get one user Redirect 1	1620318644834	1620318645221	OK	 
USER	Ramp Up Get Users with CSV Feeder	END	1620318645222
USER	Ramp Up Get Users with CSV Feeder	START	1620318645241
REQUEST		Get one user Redirect 1	1620318644933	1620318645303	OK	 
USER	Ramp Up Get Users with CSV Feeder	END	1620318645304
REQUEST		Get one user	1620318645142	1620318645318	OK	 
USER	Ramp Up Get Users with CSV Feeder	START	1620318645343
REQUEST		Get one user Redirect 1	1620318645024	1620318645364	OK	 
USER	Ramp Up Get Users with CSV Feeder	END	1620318645366
REQUEST		Get one user	1620318645242	1620318645415	OK	 
USER	Ramp Up Get Users with CSV Feeder	START	1620318645442
REQUEST		Get one user Redirect 1	1620318645107	1620318645461	OK	 
USER	Ramp Up Get Users with CSV Feeder	END	1620318645463
REQUEST		Get one user	1620318645343	1620318645521	OK	 
USER	Ramp Up Get Users with CSV Feeder	START	1620318645541
REQUEST		Get one user Redirect 1	1620318645218	1620318645566	OK	 
USER	Ramp Up Get Users with CSV Feeder	END	1620318645568
REQUEST		Get one user	1620318645443	1620318645625	OK	 
USER	Ramp Up Get Users with CSV Feeder	START	1620318645641
REQUEST		Get one user Redirect 1	1620318645319	1620318645690	OK	 
USER	Ramp Up Get Users with CSV Feeder	END	1620318645692
REQUEST		Get one user	1620318645542	1620318645711	OK	 
USER	Ramp Up Get Users with CSV Feeder	START	1620318645743
REQUEST		Get one user Redirect 1	1620318645415	1620318645774	OK	 
USER	Ramp Up Get Users with CSV Feeder	END	1620318645775
REQUEST		Get one user	1620318645642	1620318645808	OK	 
USER	Ramp Up Get Users with CSV Feeder	START	1620318645843
REQUEST		Get one user Redirect 1	1620318645521	1620318645867	OK	 
USER	Ramp Up Get Users with CSV Feeder	END	1620318645869
USER	Ramp Up Get Users with CSV Feeder	START	1620318645943
REQUEST		Get one user Redirect 1	1620318645626	1620318645985	OK	 
USER	Ramp Up Get Users with CSV Feeder	END	1620318645986
REQUEST		Get one user	1620318645844	1620318646005	OK	 
USER	Ramp Up Get Users with CSV Feeder	START	1620318646041
REQUEST		Get one user Redirect 1	1620318645712	1620318646076	OK	 
USER	Ramp Up Get Users with CSV Feeder	END	1620318646077
REQUEST		Get one user	1620318645944	1620318646121	OK	 
USER	Ramp Up Get Users with CSV Feeder	START	1620318646142
REQUEST		Get one user Redirect 1	1620318645808	1620318646157	OK	 
USER	Ramp Up Get Users with CSV Feeder	END	1620318646159
REQUEST		Get one user	1620318646042	1620318646219	OK	 
REQUEST		Get one user	1620318645743	1620318646224	OK	 
USER	Ramp Up Get Users with CSV Feeder	START	1620318646244
REQUEST		Get one user	1620318646143	1620318646308	OK	 
USER	Ramp Up Get Users with CSV Feeder	START	1620318646341
REQUEST		Get one user Redirect 1	1620318646006	1620318646357	OK	 
USER	Ramp Up Get Users with CSV Feeder	END	1620318646359
REQUEST		Get one user	1620318646245	1620318646419	OK	 
USER	Ramp Up Get Users with CSV Feeder	START	1620318646441
REQUEST		Get one user Redirect 1	1620318646122	1620318646469	OK	 
USER	Ramp Up Get Users with CSV Feeder	END	1620318646471
REQUEST		Get one user	1620318646342	1620318646516	OK	 
USER	Ramp Up Get Users with CSV Feeder	START	1620318646541
REQUEST		Get one user Redirect 1	1620318646220	1620318646563	OK	 
USER	Ramp Up Get Users with CSV Feeder	END	1620318646564
REQUEST		Get one user	1620318646442	1620318646615	OK	 
REQUEST		Get one user Redirect 1	1620318646224	1620318646629	OK	 
USER	Ramp Up Get Users with CSV Feeder	END	1620318646630
USER	Ramp Up Get Users with CSV Feeder	START	1620318646644
REQUEST		Get one user Redirect 1	1620318646308	1620318646693	OK	 
USER	Ramp Up Get Users with CSV Feeder	END	1620318646695
REQUEST		Get one user	1620318646542	1620318646715	OK	 
USER	Ramp Up Get Users with CSV Feeder	START	1620318646743
REQUEST		Get one user Redirect 1	1620318646420	1620318646763	OK	 
USER	Ramp Up Get Users with CSV Feeder	END	1620318646765
REQUEST		Get one user	1620318646644	1620318646811	OK	 
USER	Ramp Up Get Users with CSV Feeder	START	1620318646842
REQUEST		Get one user Redirect 1	1620318646517	1620318646878	OK	 
USER	Ramp Up Get Users with CSV Feeder	END	1620318646880
REQUEST		Get one user	1620318646743	1620318646916	OK	 
USER	Ramp Up Get Users with CSV Feeder	START	1620318646941
REQUEST		Get one user Redirect 1	1620318646616	1620318646965	OK	 
USER	Ramp Up Get Users with CSV Feeder	END	1620318646967
REQUEST		Get one user	1620318646843	1620318647002	OK	 
USER	Ramp Up Get Users with CSV Feeder	START	1620318647044
REQUEST		Get one user Redirect 1	1620318646716	1620318647064	OK	 
USER	Ramp Up Get Users with CSV Feeder	END	1620318647066
REQUEST		Get one user	1620318646942	1620318647114	OK	 
USER	Ramp Up Get Users with CSV Feeder	START	1620318647141
REQUEST		Get one user Redirect 1	1620318646811	1620318647179	OK	 
USER	Ramp Up Get Users with CSV Feeder	END	1620318647180
REQUEST		Get one user	1620318647045	1620318647216	OK	 
USER	Ramp Up Get Users with CSV Feeder	START	1620318647242
REQUEST		Get one user Redirect 1	1620318646917	1620318647269	OK	 
USER	Ramp Up Get Users with CSV Feeder	END	1620318647271
REQUEST		Get one user	1620318647142	1620318647312	OK	 
USER	Ramp Up Get Users with CSV Feeder	START	1620318647342
REQUEST		Get one user Redirect 1	1620318647002	1620318647345	OK	 
USER	Ramp Up Get Users with CSV Feeder	END	1620318647346
REQUEST		Get one user	1620318647243	1620318647412	OK	 
USER	Ramp Up Get Users with CSV Feeder	START	1620318647441
REQUEST		Get one user Redirect 1	1620318647115	1620318647454	OK	 
USER	Ramp Up Get Users with CSV Feeder	END	1620318647456
REQUEST		Get one user	1620318647342	1620318647510	OK	 
USER	Ramp Up Get Users with CSV Feeder	START	1620318647541
REQUEST		Get one user Redirect 1	1620318647217	1620318647561	OK	 
USER	Ramp Up Get Users with CSV Feeder	END	1620318647563
REQUEST		Get one user	1620318647442	1620318647620	OK	 
USER	Ramp Up Get Users with CSV Feeder	START	1620318647642
REQUEST		Get one user Redirect 1	1620318647312	1620318647669	OK	 
USER	Ramp Up Get Users with CSV Feeder	END	1620318647670
REQUEST		Get one user	1620318647542	1620318647712	OK	 
USER	Ramp Up Get Users with CSV Feeder	START	1620318647741
REQUEST		Get one user Redirect 1	1620318647413	1620318647757	OK	 
USER	Ramp Up Get Users with CSV Feeder	END	1620318647759
REQUEST		Get one user	1620318647643	1620318647817	OK	 
USER	Ramp Up Get Users with CSV Feeder	START	1620318647841
REQUEST		Get one user Redirect 1	1620318647510	1620318647865	OK	 
USER	Ramp Up Get Users with CSV Feeder	END	1620318647867
REQUEST		Get one user	1620318647742	1620318647907	OK	 
USER	Ramp Up Get Users with CSV Feeder	START	1620318647941
REQUEST		Get one user Redirect 1	1620318647621	1620318647954	OK	 
USER	Ramp Up Get Users with CSV Feeder	END	1620318647956
REQUEST		Get one user	1620318647842	1620318648010	OK	 
USER	Ramp Up Get Users with CSV Feeder	START	1620318648043
REQUEST		Get one user Redirect 1	1620318647712	1620318648084	OK	 
USER	Ramp Up Get Users with CSV Feeder	END	1620318648086
REQUEST		Get one user	1620318647942	1620318648114	OK	 
USER	Ramp Up Get Users with CSV Feeder	START	1620318648142
REQUEST		Get one user Redirect 1	1620318647818	1620318648196	OK	 
USER	Ramp Up Get Users with CSV Feeder	END	1620318648198
REQUEST		Get one user	1620318648043	1620318648218	OK	 
USER	Ramp Up Get Users with CSV Feeder	START	1620318648241
REQUEST		Get one user Redirect 1	1620318647908	1620318648254	OK	 
USER	Ramp Up Get Users with CSV Feeder	END	1620318648256
REQUEST		Get one user	1620318648143	1620318648311	OK	 
USER	Ramp Up Get Users with CSV Feeder	START	1620318648342
REQUEST		Get one user Redirect 1	1620318648010	1620318648349	OK	 
USER	Ramp Up Get Users with CSV Feeder	END	1620318648350
REQUEST		Get one user	1620318648242	1620318648405	OK	 
USER	Ramp Up Get Users with CSV Feeder	START	1620318648442
REQUEST		Get one user Redirect 1	1620318648115	1620318648477	OK	 
USER	Ramp Up Get Users with CSV Feeder	END	1620318648478
REQUEST		Get one user	1620318648343	1620318648516	OK	 
USER	Ramp Up Get Users with CSV Feeder	START	1620318648542
REQUEST		Get one user Redirect 1	1620318648219	1620318648571	OK	 
USER	Ramp Up Get Users with CSV Feeder	END	1620318648572
REQUEST		Get one user	1620318648443	1620318648612	OK	 
USER	Ramp Up Get Users with CSV Feeder	START	1620318648642
REQUEST		Get one user Redirect 1	1620318648311	1620318648666	OK	 
USER	Ramp Up Get Users with CSV Feeder	END	1620318648668
REQUEST		Get one user	1620318648543	1620318648717	OK	 
REQUEST		Get one user Redirect 1	1620318648406	1620318648737	OK	 
USER	Ramp Up Get Users with CSV Feeder	END	1620318648739
USER	Ramp Up Get Users with CSV Feeder	START	1620318648741
REQUEST		Get one user	1620318648643	1620318648811	OK	 
USER	Ramp Up Get Users with CSV Feeder	START	1620318648845
REQUEST		Get one user Redirect 1	1620318648517	1620318648862	OK	 
USER	Ramp Up Get Users with CSV Feeder	END	1620318648863
REQUEST		Get one user	1620318648741	1620318648914	OK	 
USER	Ramp Up Get Users with CSV Feeder	START	1620318648943
REQUEST		Get one user Redirect 1	1620318648613	1620318648981	OK	 
USER	Ramp Up Get Users with CSV Feeder	END	1620318648982
REQUEST		Get one user	1620318648845	1620318649015	OK	 
USER	Ramp Up Get Users with CSV Feeder	START	1620318649041
REQUEST		Get one user Redirect 1	1620318648718	1620318649076	OK	 
USER	Ramp Up Get Users with CSV Feeder	END	1620318649077
REQUEST		Get one user	1620318648943	1620318649104	OK	 
USER	Ramp Up Get Users with CSV Feeder	START	1620318649141
REQUEST		Get one user Redirect 1	1620318648811	1620318649187	OK	 
USER	Ramp Up Get Users with CSV Feeder	END	1620318649188
REQUEST		Get one user	1620318649042	1620318649205	OK	 
USER	Ramp Up Get Users with CSV Feeder	START	1620318649242
REQUEST		Get one user Redirect 1	1620318648914	1620318649257	OK	 
USER	Ramp Up Get Users with CSV Feeder	END	1620318649259
REQUEST		Get one user	1620318649142	1620318649323	OK	 
USER	Ramp Up Get Users with CSV Feeder	START	1620318649341
REQUEST		Get one user Redirect 1	1620318649016	1620318649361	OK	 
USER	Ramp Up Get Users with CSV Feeder	END	1620318649363
REQUEST		Get one user	1620318649243	1620318649408	OK	 
USER	Ramp Up Get Users with CSV Feeder	START	1620318649442
REQUEST		Get one user Redirect 1	1620318649104	1620318649475	OK	 
USER	Ramp Up Get Users with CSV Feeder	END	1620318649477
REQUEST		Get one user	1620318649342	1620318649504	OK	 
USER	Ramp Up Get Users with CSV Feeder	START	1620318649541
REQUEST		Get one user Redirect 1	1620318649205	1620318649559	OK	 
USER	Ramp Up Get Users with CSV Feeder	END	1620318649560
REQUEST		Get one user	1620318649442	1620318649618	OK	 
USER	Ramp Up Get Users with CSV Feeder	START	1620318649641
REQUEST		Get one user Redirect 1	1620318649324	1620318649675	OK	 
USER	Ramp Up Get Users with CSV Feeder	END	1620318649677
REQUEST		Get one user	1620318649542	1620318649713	OK	 
REQUEST		Get one user Redirect 1	1620318649408	1620318649737	OK	 
USER	Ramp Up Get Users with CSV Feeder	END	1620318649739
USER	Ramp Up Get Users with CSV Feeder	START	1620318649742
REQUEST		Get one user	1620318649642	1620318649821	OK	 
USER	Ramp Up Get Users with CSV Feeder	START	1620318649842
REQUEST		Get one user Redirect 1	1620318649505	1620318649859	OK	 
USER	Ramp Up Get Users with CSV Feeder	END	1620318649860
USER	Ramp Up Get Users with CSV Feeder	START	1620318649942
REQUEST		Get one user	1620318649743	1620318649943	OK	 
REQUEST		Get one user Redirect 1	1620318649618	1620318649956	OK	 
USER	Ramp Up Get Users with CSV Feeder	END	1620318649957
USER	Ramp Up Get Users with CSV Feeder	START	1620318650041
REQUEST		Get one user	1620318649843	1620318650043	OK	 
REQUEST		Get one user Redirect 1	1620318649714	1620318650089	OK	 
USER	Ramp Up Get Users with CSV Feeder	END	1620318650090
REQUEST		Get one user	1620318649943	1620318650131	OK	 
USER	Ramp Up Get Users with CSV Feeder	START	1620318650141
REQUEST		Get one user Redirect 1	1620318649822	1620318650190	OK	 
USER	Ramp Up Get Users with CSV Feeder	END	1620318650192
USER	Ramp Up Get Users with CSV Feeder	START	1620318650242
REQUEST		Get one user	1620318650042	1620318650249	OK	 
REQUEST		Get one user	1620318650142	1620318650337	OK	 
USER	Ramp Up Get Users with CSV Feeder	START	1620318650342
REQUEST		Get one user Redirect 1	1620318649943	1620318650351	OK	 
USER	Ramp Up Get Users with CSV Feeder	END	1620318650353
REQUEST		Get one user	1620318650242	1620318650411	OK	 
REQUEST		Get one user Redirect 1	1620318650044	1620318650436	OK	 
USER	Ramp Up Get Users with CSV Feeder	END	1620318650437
USER	Ramp Up Get Users with CSV Feeder	START	1620318650441
REQUEST		Get one user	1620318650343	1620318650525	OK	 
USER	Ramp Up Get Users with CSV Feeder	START	1620318650538
REQUEST		Get one user Redirect 1	1620318650131	1620318650539	OK	 
USER	Ramp Up Get Users with CSV Feeder	END	1620318650541
REQUEST		Get one user	1620318650441	1620318650619	OK	 
REQUEST		Get one user Redirect 1	1620318650250	1620318650628	OK	 
USER	Ramp Up Get Users with CSV Feeder	END	1620318650630
USER	Ramp Up Get Users with CSV Feeder	START	1620318650642
REQUEST		Get one user	1620318650539	1620318650700	OK	 
REQUEST		Get one user Redirect 1	1620318650338	1620318650709	OK	 
USER	Ramp Up Get Users with CSV Feeder	END	1620318650711
USER	Ramp Up Get Users with CSV Feeder	START	1620318650742
REQUEST		Get one user Redirect 1	1620318650412	1620318650791	OK	 
USER	Ramp Up Get Users with CSV Feeder	END	1620318650793
REQUEST		Get one user	1620318650643	1620318650812	OK	 
USER	Ramp Up Get Users with CSV Feeder	START	1620318650841
REQUEST		Get one user Redirect 1	1620318650526	1620318650889	OK	 
USER	Ramp Up Get Users with CSV Feeder	END	1620318650890
USER	Ramp Up Get Users with CSV Feeder	START	1620318650941
REQUEST		Get one user	1620318650743	1620318650978	OK	 
REQUEST		Get one user Redirect 1	1620318650619	1620318650988	OK	 
USER	Ramp Up Get Users with CSV Feeder	END	1620318650989
REQUEST		Get one user	1620318650842	1620318651024	OK	 
USER	Ramp Up Get Users with CSV Feeder	START	1620318651042
REQUEST		Get one user Redirect 1	1620318650700	1620318651069	OK	 
USER	Ramp Up Get Users with CSV Feeder	END	1620318651071
USER	Ramp Up Get Users with CSV Feeder	START	1620318651142
REQUEST		Get one user	1620318650941	1620318651175	OK	 
REQUEST		Get one user	1620318651043	1620318651208	OK	 
REQUEST		Get one user Redirect 1	1620318650812	1620318651218	OK	 
USER	Ramp Up Get Users with CSV Feeder	END	1620318651220
USER	Ramp Up Get Users with CSV Feeder	START	1620318651242
USER	Ramp Up Get Users with CSV Feeder	START	1620318651342
REQUEST		Get one user	1620318651143	1620318651372	OK	 
REQUEST		Get one user Redirect 1	1620318650978	1620318651381	OK	 
USER	Ramp Up Get Users with CSV Feeder	END	1620318651382
USER	Ramp Up Get Users with CSV Feeder	START	1620318651441
REQUEST		Get one user	1620318651243	1620318651447	OK	 
REQUEST		Get one user Redirect 1	1620318651024	1620318651447	OK	 
USER	Ramp Up Get Users with CSV Feeder	END	1620318651448
REQUEST		Get one user	1620318651343	1620318651531	OK	 
REQUEST		Get one user Redirect 1	1620318651175	1620318651532	OK	 
USER	Ramp Up Get Users with CSV Feeder	END	1620318651533
USER	Ramp Up Get Users with CSV Feeder	START	1620318651542
REQUEST		Get one user Redirect 1	1620318651208	1620318651604	OK	 
USER	Ramp Up Get Users with CSV Feeder	END	1620318651605
REQUEST		Get one user	1620318651442	1620318651611	OK	 
USER	Ramp Up Get Users with CSV Feeder	START	1620318651642
REQUEST		Get one user	1620318651543	1620318651717	OK	 
REQUEST		Get one user Redirect 1	1620318651372	1620318651717	OK	 
USER	Ramp Up Get Users with CSV Feeder	END	1620318651718
USER	Ramp Up Get Users with CSV Feeder	START	1620318651743
REQUEST		Get one user	1620318651642	1620318651810	OK	 
REQUEST		Get one user Redirect 1	1620318651447	1620318651815	OK	 
USER	Ramp Up Get Users with CSV Feeder	END	1620318651816
USER	Ramp Up Get Users with CSV Feeder	START	1620318651841
REQUEST		Get one user	1620318651743	1620318651919	OK	 
REQUEST		Get one user Redirect 1	1620318651532	1620318651919	OK	 
USER	Ramp Up Get Users with CSV Feeder	END	1620318651920
USER	Ramp Up Get Users with CSV Feeder	START	1620318651944
REQUEST		Get one user	1620318651841	1620318652009	OK	 
REQUEST		Get one user Redirect 1	1620318651612	1620318652012	OK	 
USER	Ramp Up Get Users with CSV Feeder	END	1620318652013
USER	Ramp Up Get Users with CSV Feeder	START	1620318652043
REQUEST		Get one user	1620318651945	1620318652127	OK	 
REQUEST		Get one user Redirect 1	1620318651717	1620318652127	OK	 
USER	Ramp Up Get Users with CSV Feeder	END	1620318652128
REQUEST		Get one user Redirect 1	1620318651811	1620318652209	OK	 
USER	Ramp Up Get Users with CSV Feeder	END	1620318652210
REQUEST		Get one user	1620318652044	1620318652215	OK	 
REQUEST		Get one user Redirect 1	1620318651920	1620318652272	OK	 
USER	Ramp Up Get Users with CSV Feeder	END	1620318652273
REQUEST		Get one user Redirect 1	1620318652009	1620318652417	OK	 
USER	Ramp Up Get Users with CSV Feeder	END	1620318652418
REQUEST		Get one user Redirect 1	1620318652127	1620318652481	OK	 
USER	Ramp Up Get Users with CSV Feeder	END	1620318652482
REQUEST		Get one user Redirect 1	1620318652215	1620318652572	OK	 
USER	Ramp Up Get Users with CSV Feeder	END	1620318652574
USER	Ramp Up Get Users with CSV Feeder	START	1620318653041
REQUEST		Get one user	1620318653042	1620318653208	OK	 
REQUEST		Get one user Redirect 1	1620318653209	1620318653593	OK	 
USER	Ramp Up Get Users with CSV Feeder	END	1620318653594
USER	Ramp Up Get Users with CSV Feeder	START	1620318654042
REQUEST		Get one user	1620318654042	1620318654290	OK	 
USER	Ramp Up Get Users with CSV Feeder	START	1620318654542
REQUEST		Get one user Redirect 1	1620318654290	1620318654654	OK	 
USER	Ramp Up Get Users with CSV Feeder	END	1620318654655
REQUEST		Get one user	1620318654543	1620318654712	OK	 
USER	Ramp Up Get Users with CSV Feeder	START	1620318655042
REQUEST		Get one user Redirect 1	1620318654713	1620318655109	OK	 
USER	Ramp Up Get Users with CSV Feeder	END	1620318655111
REQUEST		Get one user	1620318655043	1620318655211	OK	 
USER	Ramp Up Get Users with CSV Feeder	START	1620318655375
REQUEST		Get one user	1620318655376	1620318655574	OK	 
REQUEST		Get one user Redirect 1	1620318655212	1620318655574	OK	 
USER	Ramp Up Get Users with CSV Feeder	END	1620318655575
USER	Ramp Up Get Users with CSV Feeder	START	1620318655709
REQUEST		Get one user	1620318655710	1620318655892	OK	 
REQUEST		Get one user Redirect 1	1620318655574	1620318655902	OK	 
USER	Ramp Up Get Users with CSV Feeder	END	1620318655904
USER	Ramp Up Get Users with CSV Feeder	START	1620318656043
REQUEST		Get one user	1620318656043	1620318656241	OK	 
REQUEST		Get one user Redirect 1	1620318655893	1620318656306	OK	 
USER	Ramp Up Get Users with CSV Feeder	END	1620318656308
USER	Ramp Up Get Users with CSV Feeder	START	1620318656375
REQUEST		Get one user	1620318656376	1620318656535	OK	 
REQUEST		Get one user Redirect 1	1620318656241	1620318656600	OK	 
USER	Ramp Up Get Users with CSV Feeder	END	1620318656601
USER	Ramp Up Get Users with CSV Feeder	START	1620318656707
REQUEST		Get one user Redirect 1	1620318656535	1620318656885	OK	 
USER	Ramp Up Get Users with CSV Feeder	END	1620318656886
REQUEST		Get one user	1620318656708	1620318656905	OK	 
USER	Ramp Up Get Users with CSV Feeder	START	1620318657043
REQUEST		Get one user	1620318657043	1620318657213	OK	 
REQUEST		Get one user Redirect 1	1620318656906	1620318657254	OK	 
USER	Ramp Up Get Users with CSV Feeder	END	1620318657255
USER	Ramp Up Get Users with CSV Feeder	START	1620318657374
REQUEST		Get one user	1620318657375	1620318657545	OK	 
REQUEST		Get one user Redirect 1	1620318657214	1620318657596	OK	 
USER	Ramp Up Get Users with CSV Feeder	END	1620318657597
USER	Ramp Up Get Users with CSV Feeder	START	1620318657707
REQUEST		Get one user	1620318657708	1620318657878	OK	 
REQUEST		Get one user Redirect 1	1620318657546	1620318657912	OK	 
USER	Ramp Up Get Users with CSV Feeder	END	1620318657913
USER	Ramp Up Get Users with CSV Feeder	START	1620318658041
REQUEST		Get one user	1620318658042	1620318658239	OK	 
REQUEST		Get one user Redirect 1	1620318657878	1620318658244	OK	 
USER	Ramp Up Get Users with CSV Feeder	END	1620318658245
USER	Ramp Up Get Users with CSV Feeder	START	1620318658375
REQUEST		Get one user	1620318658376	1620318658549	OK	 
REQUEST		Get one user Redirect 1	1620318658239	1620318658624	OK	 
USER	Ramp Up Get Users with CSV Feeder	END	1620318658626
USER	Ramp Up Get Users with CSV Feeder	START	1620318658709
REQUEST		Get one user	1620318658709	1620318658876	OK	 
REQUEST		Get one user Redirect 1	1620318658549	1620318658890	OK	 
USER	Ramp Up Get Users with CSV Feeder	END	1620318658892
USER	Ramp Up Get Users with CSV Feeder	START	1620318659043
REQUEST		Get one user	1620318659044	1620318659226	OK	 
REQUEST		Get one user Redirect 1	1620318658876	1620318659245	OK	 
USER	Ramp Up Get Users with CSV Feeder	END	1620318659246
USER	Ramp Up Get Users with CSV Feeder	START	1620318659292
REQUEST		Get one user	1620318659292	1620318659469	OK	 
USER	Ramp Up Get Users with CSV Feeder	START	1620318659542
REQUEST		Get one user Redirect 1	1620318659226	1620318659594	OK	 
USER	Ramp Up Get Users with CSV Feeder	END	1620318659595
REQUEST		Get one user	1620318659543	1620318659754	OK	 
USER	Ramp Up Get Users with CSV Feeder	START	1620318659792
REQUEST		Get one user Redirect 1	1620318659469	1620318659847	OK	 
USER	Ramp Up Get Users with CSV Feeder	END	1620318659849
REQUEST		Get one user	1620318659793	1620318659966	OK	 
USER	Ramp Up Get Users with CSV Feeder	START	1620318660042
REQUEST		Get one user Redirect 1	1620318659755	1620318660105	OK	 
USER	Ramp Up Get Users with CSV Feeder	END	1620318660107
REQUEST		Get one user	1620318660042	1620318660224	OK	 
USER	Ramp Up Get Users with CSV Feeder	START	1620318660241
REQUEST		Get one user Redirect 1	1620318659967	1620318660350	OK	 
USER	Ramp Up Get Users with CSV Feeder	END	1620318660351
REQUEST		Get one user	1620318660241	1620318660410	OK	 
USER	Ramp Up Get Users with CSV Feeder	START	1620318660443
REQUEST		Get one user Redirect 1	1620318660224	1620318660588	OK	 
USER	Ramp Up Get Users with CSV Feeder	END	1620318660590
REQUEST		Get one user	1620318660443	1620318660614	OK	 
USER	Ramp Up Get Users with CSV Feeder	START	1620318660641
REQUEST		Get one user Redirect 1	1620318660410	1620318660776	OK	 
USER	Ramp Up Get Users with CSV Feeder	END	1620318660778
REQUEST		Get one user	1620318660642	1620318660817	OK	 
USER	Ramp Up Get Users with CSV Feeder	START	1620318660843
REQUEST		Get one user Redirect 1	1620318660615	1620318661010	OK	 
USER	Ramp Up Get Users with CSV Feeder	END	1620318661012
REQUEST		Get one user	1620318660843	1620318661019	OK	 
USER	Ramp Up Get Users with CSV Feeder	START	1620318661044
REQUEST		Get one user Redirect 1	1620318660818	1620318661177	OK	 
USER	Ramp Up Get Users with CSV Feeder	END	1620318661178
REQUEST		Get one user	1620318661045	1620318661218	OK	 
USER	Ramp Up Get Users with CSV Feeder	START	1620318661241
REQUEST		Get one user Redirect 1	1620318661020	1620318661381	OK	 
USER	Ramp Up Get Users with CSV Feeder	END	1620318661382
REQUEST		Get one user	1620318661242	1620318661417	OK	 
USER	Ramp Up Get Users with CSV Feeder	START	1620318661442
REQUEST		Get one user Redirect 1	1620318661218	1620318661572	OK	 
USER	Ramp Up Get Users with CSV Feeder	END	1620318661573
REQUEST		Get one user	1620318661443	1620318661611	OK	 
USER	Ramp Up Get Users with CSV Feeder	START	1620318661641
REQUEST		Get one user Redirect 1	1620318661418	1620318661763	OK	 
USER	Ramp Up Get Users with CSV Feeder	END	1620318661764
USER	Ramp Up Get Users with CSV Feeder	START	1620318661841
REQUEST		Get one user	1620318661642	1620318661842	OK	 
REQUEST		Get one user Redirect 1	1620318661611	1620318661966	OK	 
USER	Ramp Up Get Users with CSV Feeder	END	1620318661968
REQUEST		Get one user	1620318661842	1620318662026	OK	 
REQUEST		Get one user Redirect 1	1620318661843	1620318662201	OK	 
USER	Ramp Up Get Users with CSV Feeder	END	1620318662202
REQUEST		Get one user Redirect 1	1620318662026	1620318662411	OK	 
USER	Ramp Up Get Users with CSV Feeder	END	1620318662412
