RUN	simulations.BasicLoadSimulation	basicloadsimulation	1620315415366	 	3.5.1
USER	Get Users with CSV Feeder	START	1620315422359
USER	Get Users with CSV Feeder	START	1620315422359
USER	Get Users with CSV Feeder	START	1620315422360
USER	Get Users with CSV Feeder	START	1620315422359
USER	Get Users with CSV Feeder	START	1620315422359
USER	Get Users with CSV Feeder	START	1620315422359
USER	Get Users with CSV Feeder	START	1620315422359
USER	Get Users with CSV Feeder	START	1620315422359
USER	Get Users with CSV Feeder	START	1620315422359
USER	Get Users with CSV Feeder	START	1620315422359
USER	Get Users with CSV Feeder	START	1620315422359
REQUEST		Get one user	1620315422438	1620315422629	OK	 
REQUEST		Get one user	1620315422440	1620315422629	OK	 
REQUEST		Get one user	1620315422439	1620315422629	OK	 
REQUEST		Get one user	1620315422439	1620315422629	OK	 
REQUEST		Get one user	1620315422438	1620315422632	OK	 
REQUEST		Get one user	1620315422438	1620315422633	OK	 
REQUEST		Get one user	1620315422438	1620315422629	OK	 
REQUEST		Get one user	1620315422438	1620315422629	OK	 
REQUEST		Get one user	1620315422438	1620315422629	OK	 
REQUEST		Get one user	1620315422438	1620315422630	OK	 
REQUEST		Get one user	1620315422438	1620315422629	OK	 
REQUEST		Get one user Redirect 1	1620315422648	1620315423005	OK	 
REQUEST		Get one user Redirect 1	1620315422649	1620315423067	OK	 
REQUEST		Get one user Redirect 1	1620315422647	1620315423137	OK	 
REQUEST		Get one user Redirect 1	1620315422648	1620315423189	OK	 
REQUEST		Get one user Redirect 1	1620315422647	1620315423256	OK	 
REQUEST		Get one user Redirect 1	1620315422649	1620315423321	OK	 
USER	Get Users with CSV Feeder	START	1620315423349
REQUEST		Get one user Redirect 1	1620315422649	1620315423389	OK	 
REQUEST		Get one user Redirect 1	1620315422648	1620315423457	OK	 
REQUEST		Get one user Redirect 1	1620315422648	1620315423523	OK	 
REQUEST		Get one user	1620315423351	1620315423528	OK	 
REQUEST		Get one user Redirect 1	1620315422649	1620315423590	OK	 
REQUEST		Get one user Redirect 1	1620315422648	1620315423659	OK	 
REQUEST		Get one user Redirect 1	1620315423529	1620315423879	OK	 
USER	Get Users with CSV Feeder	START	1620315424352
REQUEST		Get one user	1620315424353	1620315424518	OK	 
REQUEST		Get one user Redirect 1	1620315424518	1620315424877	OK	 
USER	Get Users with CSV Feeder	START	1620315425350
REQUEST		Get one user	1620315425351	1620315425532	OK	 
REQUEST		Get one user Redirect 1	1620315425532	1620315425918	OK	 
USER	Get Users with CSV Feeder	END	1620315426070
USER	Get Users with CSV Feeder	END	1620315426072
USER	Get Users with CSV Feeder	END	1620315426147
USER	Get Users with CSV Feeder	END	1620315426193
USER	Get Users with CSV Feeder	END	1620315426260
USER	Get Users with CSV Feeder	END	1620315426326
USER	Get Users with CSV Feeder	START	1620315426351
USER	Get Users with CSV Feeder	END	1620315426396
USER	Get Users with CSV Feeder	END	1620315426462
USER	Get Users with CSV Feeder	END	1620315426529
REQUEST		Get one user	1620315426352	1620315426535	OK	 
USER	Get Users with CSV Feeder	END	1620315426593
USER	Get Users with CSV Feeder	END	1620315426666
USER	Get Users with CSV Feeder	END	1620315426882
REQUEST		Get one user Redirect 1	1620315426535	1620315426923	OK	 
USER	Get Users with CSV Feeder	START	1620315427347
REQUEST		Get one user	1620315427348	1620315427515	OK	 
USER	Get Users with CSV Feeder	END	1620315427881
REQUEST		Get one user Redirect 1	1620315427516	1620315427883	OK	 
USER	Get Users with CSV Feeder	START	1620315428351
REQUEST		Get one user	1620315428353	1620315428562	OK	 
USER	Get Users with CSV Feeder	END	1620315428924
REQUEST		Get one user Redirect 1	1620315428562	1620315428994	OK	 
USER	Get Users with CSV Feeder	START	1620315429348
REQUEST		Get one user	1620315429349	1620315429522	OK	 
REQUEST		Get one user Redirect 1	1620315429523	1620315429886	OK	 
USER	Get Users with CSV Feeder	END	1620315429933
USER	Get Users with CSV Feeder	START	1620315430348
REQUEST		Get one user	1620315430349	1620315430532	OK	 
USER	Get Users with CSV Feeder	END	1620315430891
REQUEST		Get one user Redirect 1	1620315430533	1620315430903	OK	 
USER	Get Users with CSV Feeder	START	1620315431349
REQUEST		Get one user	1620315431350	1620315431520	OK	 
REQUEST		Get one user Redirect 1	1620315431521	1620315431890	OK	 
USER	Get Users with CSV Feeder	END	1620315431998
USER	Get Users with CSV Feeder	END	1620315432894
USER	Get Users with CSV Feeder	END	1620315433911
USER	Get Users with CSV Feeder	END	1620315434895
